<?xml version="1.0" encoding="UTF-8" ?>
<testsuite errors="0" failures="0" hostname="爱学习的孩子" name="ServiceTest.PostsServiceTest" skipped="0" tests="6" time="2.592" timestamp="2019-03-06T09:32:22">
  <properties>
    <property name="java.vendor" value="Oracle Corporation" />
    <property name="env.USERDOMAIN_ROAMINGPROFILE" value="爱学习的孩子" />
    <property name="sun.java.launcher" value="SUN_STANDARD" />
    <property name="eclipse.pdebuild.templates" value="E:\eclipse-jee-2018-09-win32-x86_64\eclipse\plugins\org.eclipse.pde.build_3.10.100.v20180828-1915\templates" />
    <property name="sun.management.compiler" value="HotSpot 64-Bit Tiered Compilers" />
    <property name="env.CURR_DIR" value="E:\HP\LoadRunner\dat\Setup\LoadRunner\MSBuild\..\..\..\.." />
    <property name="env.PROMPT" value="$P$G" />
    <property name="env.LSERVRC" value="C:\ProgramData\HP\Functional testing\License\lservrc" />
    <property name="os.name" value="Windows 10" />
    <property name="sun.boot.class.path" value="E:\Java\jdk1.8.0_121\jre\lib\resources.jar;E:\Java\jdk1.8.0_121\jre\lib\rt.jar;E:\Java\jdk1.8.0_121\jre\lib\sunrsasign.jar;E:\Java\jdk1.8.0_121\jre\lib\jsse.jar;E:\Java\jdk1.8.0_121\jre\lib\jce.jar;E:\Java\jdk1.8.0_121\jre\lib\charsets.jar;E:\Java\jdk1.8.0_121\jre\lib\jfr.jar;E:\Java\jdk1.8.0_121\jre\classes" />
    <property name="env.COMPUTERNAME" value="爱学习的孩子" />
    <property name="env.CommonProgramW6432" value="C:\Program Files\Common Files" />
    <property name="env.ALLUSERSPROFILE" value="C:\ProgramData" />
    <property name="sun.desktop" value="windows" />
    <property name="java.vm.specification.vendor" value="Oracle Corporation" />
    <property name="ant.home" value="E:\eclipse-jee-2018-09-win32-x86_64\eclipse\plugins\org.apache.ant_1.10.5.v20180808-0324" />
    <property name="java.runtime.version" value="1.8.0_121-b13" />
    <property name="env.HOMEPATH" value="\Users\Administrator" />
    <property name="user.name" value="Grik" />
    <property name="user.language" value="zh" />
    <property name="sun.boot.library.path" value="E:\Java\jdk1.8.0_121\jre\bin" />
    <property name="env.LR_PATH" value="E:\HP\LoadRunner\" />
    <property name="ant.project.default-target" value="build" />
    <property name="ant.project.name" value="Childcare_sys" />
    <property name="java.version" value="1.8.0_121" />
    <property name="env.PROCESSOR_IDENTIFIER" value="Intel64 Family 6 Model 60 Stepping 3, GenuineIntel" />
    <property name="user.timezone" value="" />
    <property name="env.asl.log" value="Destination=file" />
    <property name="env.TEMP" value="C:\Users\ADMINI~1\AppData\Local\Temp" />
    <property name="sun.arch.data.model" value="64" />
    <property name="java.endorsed.dirs" value="E:\Java\jdk1.8.0_121\jre\lib\endorsed" />
    <property name="sun.cpu.isalist" value="amd64" />
    <property name="env.HOMEDRIVE" value="C:" />
    <property name="sun.jnu.encoding" value="GBK" />
    <property name="file.encoding.pkg" value="sun.io" />
    <property name="ECLIPSE_HOME" value="../../" />
    <property name="file.separator" value="\" />
    <property name="java.specification.name" value="Java Platform API Specification" />
    <property name="java.class.version" value="52.0" />
    <property name="user.country" value="CN" />
    <property name="java.home" value="E:\Java\jdk1.8.0_121\jre" />
    <property name="env.PSModulePath" value="C:\Program Files\WindowsPowerShell\Modules;C:\Windows\system32\WindowsPowerShell\v1.0\Modules" />
    <property name="env.ANDROID_HOME" value="E:\AndroidSdk\sdk\platform-tools" />
    <property name="env.APPDATA" value="C:\Users\Administrator\AppData\Roaming" />
    <property name="env.PUBLIC" value="C:\Users\Public" />
    <property name="java.vm.info" value="mixed mode" />
    <property name="env.ComSpec" value="C:\Windows\system32\cmd.exe" />
    <property name="env.OS" value="Windows_NT" />
    <property name="env.CommonProgramFiles" value="C:\Program Files\Common Files" />
    <property name="ant.file" value="E:\eclipse-jee-2018-09-win32-x86_64\eclipse\workspace\Childcare_sys\build.xml" />
    <property name="os.version" value="10.0" />
    <property name="env.ProgramW6432" value="C:\Program Files" />
    <property name="env.EXTRACTPATH" value="E:\HP\LoadRunner\dat\Setup\LoadRunner\MSBuild\..\..\..\.." />
    <property name="path.separator" value=";" />
    <property name="ant.file.Childcare_sys" value="E:\eclipse-jee-2018-09-win32-x86_64\eclipse\workspace\Childcare_sys\build.xml" />
    <property name="java.vm.version" value="25.121-b13" />
    <property name="env.VUGEN_PATH" value="E:\HP\LoadRunner\" />
    <property name="env.USERPROFILE" value="C:\Users\Administrator" />
    <property name="user.variant" value="" />
    <property name="ant.library.dir" value="E:\eclipse-jee-2018-09-win32-x86_64\eclipse\plugins\org.apache.ant_1.10.5.v20180808-0324\lib" />
    <property name="junit.output.dir" value="junit" />
    <property name="env.JAVA_HOME" value="E:\Java\jdk1.8.0_121" />
    <property name="java.awt.printerjob" value="sun.awt.windows.WPrinterJob" />
    <property name="env.TERM" value="dumb" />
    <property name="env.TMP" value="C:\Users\ADMINI~1\AppData\Local\Temp" />
    <property name="env.FPS_BROWSER_USER_PROFILE_STRING" value="Default" />
    <property name="sun.io.unicode.encoding" value="UnicodeLittle" />
    <property name="ant.file.type.Childcare_sys" value="file" />
    <property name="env.LG_PATH" value="E:\HP\LoadRunner\" />
    <property name="awt.toolkit" value="sun.awt.windows.WToolkit" />
    <property name="user.script" value="" />
    <property name="eclipse.pdebuild.scripts" value="E:\eclipse-jee-2018-09-win32-x86_64\eclipse\plugins\org.eclipse.pde.build_3.10.100.v20180828-1915\scripts" />
    <property name="target" value="1.8" />
    <property name="user.home" value="C:\Users\Administrator" />
    <property name="env.FTP_PASSIVE" value="1" />
    <property name="env.ProgramData" value="C:\ProgramData" />
    <property name="env.ProgramFiles(x86)" value="C:\Program Files (x86)" />
    <property name="env.SESSIONNAME" value="Console" />
    <property name="java.specification.vendor" value="Oracle Corporation" />
    <property name="java.vendor.url" value="http://java.oracle.com/" />
    <property name="java.library.path" value="E:\Java\jdk1.8.0_121\jre\bin;C:\Windows\Sun\Java\bin;C:\Windows\system32;C:\Windows;E:/Java/jdk1.8.0_121/bin/../jre/bin/server;E:/Java/jdk1.8.0_121/bin/../jre/bin;E:/Java/jdk1.8.0_121/bin/../jre/lib/amd64;C:\Program Files (x86)\NVIDIA Corporation\PhysX\Common;E:\Java\jdk1.8.0_121/bin;C:\Windows\system32;C:\Windows;C:\Windows\System32\Wbem;C:\Windows\System32\WindowsPowerShell\v1.0\;E:\Rational\common;C:\strawberry\c\bin;C:\strawberry\perl\bin;E:\AndroidSdk\sdk\platform-tools;E:\HP\Unified Functional Testing\bin;E:\Python\Python37;E:\Python\Python37\Scripts;E:\HP\LoadRunner\strawberry-perl\perl\bin;E:\Python\Python37\Scripts\;E:\Python\Python37\;C:\Users\Administrator\AppData\Local\Microsoft\WindowsApps;C:\Users\Administrator\AppData\Local\Programs\Fiddler;C:\Users\Administrator\AppData\Local\GitHubDesktop\bin;E:\eclipse-jee-2018-09-win32-x86_64\eclipse;;." />
    <property name="env.NUMBER_OF_PROCESSORS" value="4" />
    <property name="java.vm.vendor" value="Oracle Corporation" />
    <property name="java.runtime.name" value="Java(TM) SE Runtime Environment" />
    <property name="ant.version" value="Apache Ant(TM) version 1.10.5 compiled on July 10 2018" />
    <property name="java.class.path" value="E:\eclipse-jee-2018-09-win32-x86_64\eclipse\workspace\Childcare_sys\WebRoot\WEB-INF\classes;E:\eclipse-jee-2018-09-win32-x86_64\eclipse\workspace\Childcare_sys\WebRoot\WEB-INF\lib\aopalliance-1.0.jar;E:\eclipse-jee-2018-09-win32-x86_64\eclipse\workspace\Childcare_sys\WebRoot\WEB-INF\lib\asm-3.3.1.jar;E:\eclipse-jee-2018-09-win32-x86_64\eclipse\workspace\Childcare_sys\WebRoot\WEB-INF\lib\aspectjweaver-1.6.11.jar;E:\eclipse-jee-2018-09-win32-x86_64\eclipse\workspace\Childcare_sys\WebRoot\WEB-INF\lib\cglib-2.2.2.jar;E:\eclipse-jee-2018-09-win32-x86_64\eclipse\workspace\Childcare_sys\WebRoot\WEB-INF\lib\commons-dbcp-1.2.2.jar;E:\eclipse-jee-2018-09-win32-x86_64\eclipse\workspace\Childcare_sys\WebRoot\WEB-INF\lib\commons-fileupload-1.2.2.jar;E:\eclipse-jee-2018-09-win32-x86_64\eclipse\workspace\Childcare_sys\WebRoot\WEB-INF\lib\commons-io-2.4.jar;E:\eclipse-jee-2018-09-win32-x86_64\eclipse\workspace\Childcare_sys\WebRoot\WEB-INF\lib\commons-logging-1.1.1.jar;E:\eclipse-jee-2018-09-win32-x86_64\eclipse\workspace\Childcare_sys\WebRoot\WEB-INF\lib\commons-pool-1.3.jar;E:\eclipse-jee-2018-09-win32-x86_64\eclipse\workspace\Childcare_sys\WebRoot\WEB-INF\lib\fastjson-1.2.2-sources.jar;E:\eclipse-jee-2018-09-win32-x86_64\eclipse\workspace\Childcare_sys\WebRoot\WEB-INF\lib\fastjson-1.2.2.jar;E:\eclipse-jee-2018-09-win32-x86_64\eclipse\workspace\Childcare_sys\WebRoot\WEB-INF\lib\jackson-annotations-2.6.0.jar;E:\eclipse-jee-2018-09-win32-x86_64\eclipse\workspace\Childcare_sys\WebRoot\WEB-INF\lib\jackson-annotations-2.9.7.jar;E:\eclipse-jee-2018-09-win32-x86_64\eclipse\workspace\Childcare_sys\WebRoot\WEB-INF\lib\jackson-core-2.6.0.jar;E:\eclipse-jee-2018-09-win32-x86_64\eclipse\workspace\Childcare_sys\WebRoot\WEB-INF\lib\jackson-core-2.9.7.jar;E:\eclipse-jee-2018-09-win32-x86_64\eclipse\workspace\Childcare_sys\WebRoot\WEB-INF\lib\jackson-core-asl-1.9.11.jar;E:\eclipse-jee-2018-09-win32-x86_64\eclipse\workspace\Childcare_sys\WebRoot\WEB-INF\lib\jackson-databind-2.6.0.jar;E:\eclipse-jee-2018-09-win32-x86_64\eclipse\workspace\Childcare_sys\WebRoot\WEB-INF\lib\jackson-databind-2.9.7.jar;E:\eclipse-jee-2018-09-win32-x86_64\eclipse\workspace\Childcare_sys\WebRoot\WEB-INF\lib\jackson-mapper-asl-1.9.11.jar;E:\eclipse-jee-2018-09-win32-x86_64\eclipse\workspace\Childcare_sys\WebRoot\WEB-INF\lib\javassist-3.17.1-GA.jar;E:\eclipse-jee-2018-09-win32-x86_64\eclipse\workspace\Childcare_sys\WebRoot\WEB-INF\lib\jsqlparser-0.9.4.jar;E:\eclipse-jee-2018-09-win32-x86_64\eclipse\workspace\Childcare_sys\WebRoot\WEB-INF\lib\jstl-1.2.jar;E:\eclipse-jee-2018-09-win32-x86_64\eclipse\workspace\Childcare_sys\WebRoot\WEB-INF\lib\junit-4.9.jar;E:\eclipse-jee-2018-09-win32-x86_64\eclipse\workspace\Childcare_sys\WebRoot\WEB-INF\lib\log4j-1.2.17.jar;E:\eclipse-jee-2018-09-win32-x86_64\eclipse\workspace\Childcare_sys\WebRoot\WEB-INF\lib\log4j-api-2.0-rc1.jar;E:\eclipse-jee-2018-09-win32-x86_64\eclipse\workspace\Childcare_sys\WebRoot\WEB-INF\lib\log4j-core-2.0-rc1.jar;E:\eclipse-jee-2018-09-win32-x86_64\eclipse\workspace\Childcare_sys\WebRoot\WEB-INF\lib\mybatis-3.2.7.jar;E:\eclipse-jee-2018-09-win32-x86_64\eclipse\workspace\Childcare_sys\WebRoot\WEB-INF\lib\mybatis-spring-1.2.2.jar;E:\eclipse-jee-2018-09-win32-x86_64\eclipse\workspace\Childcare_sys\WebRoot\WEB-INF\lib\mysql-connector-java-5.1.7-bin.jar;E:\eclipse-jee-2018-09-win32-x86_64\eclipse\workspace\Childcare_sys\WebRoot\WEB-INF\lib\pagehelper-5.0.0.jar;E:\eclipse-jee-2018-09-win32-x86_64\eclipse\workspace\Childcare_sys\WebRoot\WEB-INF\lib\slf4j-api-1.7.5.jar;E:\eclipse-jee-2018-09-win32-x86_64\eclipse\workspace\Childcare_sys\WebRoot\WEB-INF\lib\slf4j-log4j12-1.7.5.jar;E:\eclipse-jee-2018-09-win32-x86_64\eclipse\workspace\Childcare_sys\WebRoot\WEB-INF\lib\spring-aop-4.0.2.RELEASE-javadoc.jar;E:\eclipse-jee-2018-09-win32-x86_64\eclipse\workspace\Childcare_sys\WebRoot\WEB-INF\lib\spring-aop-4.0.2.RELEASE-sources.jar;E:\eclipse-jee-2018-09-win32-x86_64\eclipse\workspace\Childcare_sys\WebRoot\WEB-INF\lib\spring-aop-4.0.2.RELEASE.jar;E:\eclipse-jee-2018-09-win32-x86_64\eclipse\workspace\Childcare_sys\WebRoot\WEB-INF\lib\spring-aspects-4.0.2.RELEASE-javadoc.jar;E:\eclipse-jee-2018-09-win32-x86_64\eclipse\workspace\Childcare_sys\WebRoot\WEB-INF\lib\spring-aspects-4.0.2.RELEASE-sources.jar;E:\eclipse-jee-2018-09-win32-x86_64\eclipse\workspace\Childcare_sys\WebRoot\WEB-INF\lib\spring-aspects-4.0.2.RELEASE.jar;E:\eclipse-jee-2018-09-win32-x86_64\eclipse\workspace\Childcare_sys\WebRoot\WEB-INF\lib\spring-beans-4.0.2.RELEASE-javadoc.jar;E:\eclipse-jee-2018-09-win32-x86_64\eclipse\workspace\Childcare_sys\WebRoot\WEB-INF\lib\spring-beans-4.0.2.RELEASE-sources.jar;E:\eclipse-jee-2018-09-win32-x86_64\eclipse\workspace\Childcare_sys\WebRoot\WEB-INF\lib\spring-beans-4.0.2.RELEASE.jar;E:\eclipse-jee-2018-09-win32-x86_64\eclipse\workspace\Childcare_sys\WebRoot\WEB-INF\lib\spring-build-src-4.0.2.RELEASE.jar;E:\eclipse-jee-2018-09-win32-x86_64\eclipse\workspace\Childcare_sys\WebRoot\WEB-INF\lib\spring-context-4.0.2.RELEASE-javadoc.jar;E:\eclipse-jee-2018-09-win32-x86_64\eclipse\workspace\Childcare_sys\WebRoot\WEB-INF\lib\spring-context-4.0.2.RELEASE-sources.jar;E:\eclipse-jee-2018-09-win32-x86_64\eclipse\workspace\Childcare_sys\WebRoot\WEB-INF\lib\spring-context-4.0.2.RELEASE.jar;E:\eclipse-jee-2018-09-win32-x86_64\eclipse\workspace\Childcare_sys\WebRoot\WEB-INF\lib\spring-context-support-4.0.2.RELEASE-javadoc.jar;E:\eclipse-jee-2018-09-win32-x86_64\eclipse\workspace\Childcare_sys\WebRoot\WEB-INF\lib\spring-context-support-4.0.2.RELEASE-sources.jar;E:\eclipse-jee-2018-09-win32-x86_64\eclipse\workspace\Childcare_sys\WebRoot\WEB-INF\lib\spring-context-support-4.0.2.RELEASE.jar;E:\eclipse-jee-2018-09-win32-x86_64\eclipse\workspace\Childcare_sys\WebRoot\WEB-INF\lib\spring-core-4.0.2.RELEASE-javadoc.jar;E:\eclipse-jee-2018-09-win32-x86_64\eclipse\workspace\Childcare_sys\WebRoot\WEB-INF\lib\spring-core-4.0.2.RELEASE-sources.jar;E:\eclipse-jee-2018-09-win32-x86_64\eclipse\workspace\Childcare_sys\WebRoot\WEB-INF\lib\spring-core-4.0.2.RELEASE.jar;E:\eclipse-jee-2018-09-win32-x86_64\eclipse\workspace\Childcare_sys\WebRoot\WEB-INF\lib\spring-expression-4.0.2.RELEASE-javadoc.jar;E:\eclipse-jee-2018-09-win32-x86_64\eclipse\workspace\Childcare_sys\WebRoot\WEB-INF\lib\spring-expression-4.0.2.RELEASE-sources.jar;E:\eclipse-jee-2018-09-win32-x86_64\eclipse\workspace\Childcare_sys\WebRoot\WEB-INF\lib\spring-expression-4.0.2.RELEASE.jar;E:\eclipse-jee-2018-09-win32-x86_64\eclipse\workspace\Childcare_sys\WebRoot\WEB-INF\lib\spring-framework-bom-4.0.2.RELEASE-javadoc.jar;E:\eclipse-jee-2018-09-win32-x86_64\eclipse\workspace\Childcare_sys\WebRoot\WEB-INF\lib\spring-framework-bom-4.0.2.RELEASE-sources.jar;E:\eclipse-jee-2018-09-win32-x86_64\eclipse\workspace\Childcare_sys\WebRoot\WEB-INF\lib\spring-framework-bom-4.0.2.RELEASE.jar;E:\eclipse-jee-2018-09-win32-x86_64\eclipse\workspace\Childcare_sys\WebRoot\WEB-INF\lib\spring-instrument-4.0.2.RELEASE-javadoc.jar;E:\eclipse-jee-2018-09-win32-x86_64\eclipse\workspace\Childcare_sys\WebRoot\WEB-INF\lib\spring-instrument-4.0.2.RELEASE-sources.jar;E:\eclipse-jee-2018-09-win32-x86_64\eclipse\workspace\Childcare_sys\WebRoot\WEB-INF\lib\spring-instrument-4.0.2.RELEASE.jar;E:\eclipse-jee-2018-09-win32-x86_64\eclipse\workspace\Childcare_sys\WebRoot\WEB-INF\lib\spring-instrument-tomcat-4.0.2.RELEASE-javadoc.jar;E:\eclipse-jee-2018-09-win32-x86_64\eclipse\workspace\Childcare_sys\WebRoot\WEB-INF\lib\spring-instrument-tomcat-4.0.2.RELEASE-sources.jar;E:\eclipse-jee-2018-09-win32-x86_64\eclipse\workspace\Childcare_sys\WebRoot\WEB-INF\lib\spring-instrument-tomcat-4.0.2.RELEASE.jar;E:\eclipse-jee-2018-09-win32-x86_64\eclipse\workspace\Childcare_sys\WebRoot\WEB-INF\lib\spring-jdbc-4.0.2.RELEASE-javadoc.jar;E:\eclipse-jee-2018-09-win32-x86_64\eclipse\workspace\Childcare_sys\WebRoot\WEB-INF\lib\spring-jdbc-4.0.2.RELEASE-sources.jar;E:\eclipse-jee-2018-09-win32-x86_64\eclipse\workspace\Childcare_sys\WebRoot\WEB-INF\lib\spring-jdbc-4.0.2.RELEASE.jar;E:\eclipse-jee-2018-09-win32-x86_64\eclipse\workspace\Childcare_sys\WebRoot\WEB-INF\lib\spring-jms-4.0.2.RELEASE-javadoc.jar;E:\eclipse-jee-2018-09-win32-x86_64\eclipse\workspace\Childcare_sys\WebRoot\WEB-INF\lib\spring-jms-4.0.2.RELEASE-sources.jar;E:\eclipse-jee-2018-09-win32-x86_64\eclipse\workspace\Childcare_sys\WebRoot\WEB-INF\lib\spring-jms-4.0.2.RELEASE.jar;E:\eclipse-jee-2018-09-win32-x86_64\eclipse\workspace\Childcare_sys\WebRoot\WEB-INF\lib\spring-messaging-4.0.2.RELEASE-javadoc.jar;E:\eclipse-jee-2018-09-win32-x86_64\eclipse\workspace\Childcare_sys\WebRoot\WEB-INF\lib\spring-messaging-4.0.2.RELEASE-sources.jar;E:\eclipse-jee-2018-09-win32-x86_64\eclipse\workspace\Childcare_sys\WebRoot\WEB-INF\lib\spring-messaging-4.0.2.RELEASE.jar;E:\eclipse-jee-2018-09-win32-x86_64\eclipse\workspace\Childcare_sys\WebRoot\WEB-INF\lib\spring-orm-4.0.2.RELEASE-javadoc.jar;E:\eclipse-jee-2018-09-win32-x86_64\eclipse\workspace\Childcare_sys\WebRoot\WEB-INF\lib\spring-orm-4.0.2.RELEASE-sources.jar;E:\eclipse-jee-2018-09-win32-x86_64\eclipse\workspace\Childcare_sys\WebRoot\WEB-INF\lib\spring-orm-4.0.2.RELEASE.jar;E:\eclipse-jee-2018-09-win32-x86_64\eclipse\workspace\Childcare_sys\WebRoot\WEB-INF\lib\spring-oxm-4.0.2.RELEASE-javadoc.jar;E:\eclipse-jee-2018-09-win32-x86_64\eclipse\workspace\Childcare_sys\WebRoot\WEB-INF\lib\spring-oxm-4.0.2.RELEASE-sources.jar;E:\eclipse-jee-2018-09-win32-x86_64\eclipse\workspace\Childcare_sys\WebRoot\WEB-INF\lib\spring-oxm-4.0.2.RELEASE.jar;E:\eclipse-jee-2018-09-win32-x86_64\eclipse\workspace\Childcare_sys\WebRoot\WEB-INF\lib\spring-test-4.0.2.RELEASE-javadoc.jar;E:\eclipse-jee-2018-09-win32-x86_64\eclipse\workspace\Childcare_sys\WebRoot\WEB-INF\lib\spring-test-4.0.2.RELEASE-sources.jar;E:\eclipse-jee-2018-09-win32-x86_64\eclipse\workspace\Childcare_sys\WebRoot\WEB-INF\lib\spring-test-4.0.2.RELEASE.jar;E:\eclipse-jee-2018-09-win32-x86_64\eclipse\workspace\Childcare_sys\WebRoot\WEB-INF\lib\spring-tx-4.0.2.RELEASE-javadoc.jar;E:\eclipse-jee-2018-09-win32-x86_64\eclipse\workspace\Childcare_sys\WebRoot\WEB-INF\lib\spring-tx-4.0.2.RELEASE-sources.jar;E:\eclipse-jee-2018-09-win32-x86_64\eclipse\workspace\Childcare_sys\WebRoot\WEB-INF\lib\spring-tx-4.0.2.RELEASE.jar;E:\eclipse-jee-2018-09-win32-x86_64\eclipse\workspace\Childcare_sys\WebRoot\WEB-INF\lib\spring-web-4.0.2.RELEASE-javadoc.jar;E:\eclipse-jee-2018-09-win32-x86_64\eclipse\workspace\Childcare_sys\WebRoot\WEB-INF\lib\spring-web-4.0.2.RELEASE-sources.jar;E:\eclipse-jee-2018-09-win32-x86_64\eclipse\workspace\Childcare_sys\WebRoot\WEB-INF\lib\spring-web-4.0.2.RELEASE.jar;E:\eclipse-jee-2018-09-win32-x86_64\eclipse\workspace\Childcare_sys\WebRoot\WEB-INF\lib\spring-webmvc-4.0.2.RELEASE-javadoc.jar;E:\eclipse-jee-2018-09-win32-x86_64\eclipse\workspace\Childcare_sys\WebRoot\WEB-INF\lib\spring-webmvc-4.0.2.RELEASE-sources.jar;E:\eclipse-jee-2018-09-win32-x86_64\eclipse\workspace\Childcare_sys\WebRoot\WEB-INF\lib\spring-webmvc-4.0.2.RELEASE.jar;E:\eclipse-jee-2018-09-win32-x86_64\eclipse\workspace\Childcare_sys\WebRoot\WEB-INF\lib\spring-webmvc-portlet-4.0.2.RELEASE-javadoc.jar;E:\eclipse-jee-2018-09-win32-x86_64\eclipse\workspace\Childcare_sys\WebRoot\WEB-INF\lib\spring-webmvc-portlet-4.0.2.RELEASE-sources.jar;E:\eclipse-jee-2018-09-win32-x86_64\eclipse\workspace\Childcare_sys\WebRoot\WEB-INF\lib\spring-webmvc-portlet-4.0.2.RELEASE.jar;E:\eclipse-jee-2018-09-win32-x86_64\eclipse\workspace\Childcare_sys\WebRoot\WEB-INF\lib\spring-websocket-4.0.2.RELEASE-javadoc.jar;E:\eclipse-jee-2018-09-win32-x86_64\eclipse\workspace\Childcare_sys\WebRoot\WEB-INF\lib\spring-websocket-4.0.2.RELEASE-sources.jar;E:\eclipse-jee-2018-09-win32-x86_64\eclipse\workspace\Childcare_sys\WebRoot\WEB-INF\lib\spring-websocket-4.0.2.RELEASE.jar;E:\tomcat\apache-tomcat-8.0.50\lib\annotations-api.jar;E:\tomcat\apache-tomcat-8.0.50\lib\catalina-ant.jar;E:\tomcat\apache-tomcat-8.0.50\lib\catalina-ha.jar;E:\tomcat\apache-tomcat-8.0.50\lib\catalina-storeconfig.jar;E:\tomcat\apache-tomcat-8.0.50\lib\catalina-tribes.jar;E:\tomcat\apache-tomcat-8.0.50\lib\catalina.jar;E:\tomcat\apache-tomcat-8.0.50\lib\ecj-4.6.3.jar;E:\tomcat\apache-tomcat-8.0.50\lib\el-api.jar;E:\tomcat\apache-tomcat-8.0.50\lib\jasper-el.jar;E:\tomcat\apache-tomcat-8.0.50\lib\jasper.jar;E:\tomcat\apache-tomcat-8.0.50\lib\jsp-api.jar;E:\tomcat\apache-tomcat-8.0.50\lib\servlet-api.jar;E:\tomcat\apache-tomcat-8.0.50\lib\tomcat-api.jar;E:\tomcat\apache-tomcat-8.0.50\lib\tomcat-coyote.jar;E:\tomcat\apache-tomcat-8.0.50\lib\tomcat-dbcp.jar;E:\tomcat\apache-tomcat-8.0.50\lib\tomcat-i18n-es.jar;E:\tomcat\apache-tomcat-8.0.50\lib\tomcat-i18n-fr.jar;E:\tomcat\apache-tomcat-8.0.50\lib\tomcat-i18n-ja.jar;E:\tomcat\apache-tomcat-8.0.50\lib\tomcat-jdbc.jar;E:\tomcat\apache-tomcat-8.0.50\lib\tomcat-jni.jar;E:\tomcat\apache-tomcat-8.0.50\lib\tomcat-util-scan.jar;E:\tomcat\apache-tomcat-8.0.50\lib\tomcat-util.jar;E:\tomcat\apache-tomcat-8.0.50\lib\tomcat-websocket.jar;E:\tomcat\apache-tomcat-8.0.50\lib\websocket-api.jar;E:\eclipse-jee-2018-09-win32-x86_64\eclipse\plugins\org.apache.ant_1.10.5.v20180808-0324\lib\ant-launcher.jar;E:\eclipse-jee-2018-09-win32-x86_64\eclipse\plugins\org.apache.ant_1.10.5.v20180808-0324\lib\ant.jar;E:\eclipse-jee-2018-09-win32-x86_64\eclipse\plugins\org.apache.ant_1.10.5.v20180808-0324\lib\ant-junit.jar;E:\eclipse-jee-2018-09-win32-x86_64\eclipse\plugins\org.apache.ant_1.10.5.v20180808-0324\lib\ant-junit4.jar" />
    <property name="sun.java.command" value="org.apache.tools.ant.taskdefs.optional.junit.JUnitTestRunner ServiceTest.PostsServiceTest skipNonTests=false filtertrace=true haltOnError=false haltOnFailure=false formatter=org.apache.tools.ant.taskdefs.optional.junit.OutErrSummaryJUnitResultFormatter showoutput=false outputtoformatters=true logfailedtests=true threadid=0 logtestlistenerevents=false formatter=org.apache.tools.ant.taskdefs.optional.junit.XMLJUnitResultFormatter,E:\eclipse-jee-2018-09-win32-x86_64\eclipse\workspace\Childcare_sys\junit\TEST-ServiceTest.PostsServiceTest.xml crashfile=E:\eclipse-jee-2018-09-win32-x86_64\eclipse\workspace\Childcare_sys\junitvmwatcher905983889344125549.properties propsfile=E:\eclipse-jee-2018-09-win32-x86_64\eclipse\workspace\Childcare_sys\junit4015068324500988243.properties" />
    <property name="java.vm.specification.name" value="Java Virtual Machine Specification" />
    <property name="env.ST_INSTALL_PATH" value="E:\HP\Unified Functional Testing\" />
    <property name="env.windir" value="C:\Windows" />
    <property name="env.LOGONSERVER" value="\\爱学习的孩子" />
    <property name="env.PROCESSOR_ARCHITECTURE" value="AMD64" />
    <property name="java.vm.specification.version" value="1.8" />
    <property name="sun.os.patch.level" value="" />
    <property name="sun.cpu.endian" value="little" />
    <property name="debuglevel" value="source,lines,vars" />
    <property name="env.SHIM_MCCOMPAT" value="0x810000001" />
    <property name="env.ProgramFiles" value="C:\Program Files" />
    <property name="env.ANT_HOME" value="E:\eclipse-jee-2018-09-win32-x86_64\eclipse\plugins\org.apache.ant_1.10.5.v20180808-0324" />
    <property name="java.io.tmpdir" value="C:\Users\ADMINI~1\AppData\Local\Temp\" />
    <property name="env.PROCESSOR_REVISION" value="3c03" />
    <property name="eclipse.pdebuild.home" value="E:\eclipse-jee-2018-09-win32-x86_64\eclipse\plugins\org.eclipse.pde.build_3.10.100.v20180828-1915\." />
    <property name="env.CommonProgramFiles(x86)" value="C:\Program Files (x86)\Common Files" />
    <property name="java.vendor.url.bug" value="http://bugreport.sun.com/bugreport/" />
    <property name="env.SystemRoot" value="C:\Windows" />
    <property name="env.FPS_BROWSER_APP_PROFILE_STRING" value="Internet Explorer" />
    <property name="java.awt.graphicsenv" value="sun.awt.Win32GraphicsEnvironment" />
    <property name="os.arch" value="amd64" />
    <property name="java.ext.dirs" value="E:\Java\jdk1.8.0_121\jre\lib\ext;C:\Windows\Sun\Java\lib\ext" />
    <property name="user.dir" value="E:\eclipse-jee-2018-09-win32-x86_64\eclipse\workspace\Childcare_sys" />
    <property name="env.LOCALAPPDATA" value="C:\Users\Administrator\AppData\Local" />
    <property name="line.separator" value="&#xd;&#xa;" />
    <property name="java.vm.name" value="Java HotSpot(TM) 64-Bit Server VM" />
    <property name="env.NVIDIAWHITELISTED" value="0x01" />
    <property name="env.PATHEXT" value=".COM;.EXE;.BAT;.CMD;.VBS;.VBE;.JS;.JSE;.WSF;.WSH;.MSC" />
    <property name="env.Path" value="E:/Java/jdk1.8.0_121/bin/../jre/bin/server;E:/Java/jdk1.8.0_121/bin/../jre/bin;E:/Java/jdk1.8.0_121/bin/../jre/lib/amd64;C:\Program Files (x86)\NVIDIA Corporation\PhysX\Common;E:\Java\jdk1.8.0_121/bin;C:\Windows\system32;C:\Windows;C:\Windows\System32\Wbem;C:\Windows\System32\WindowsPowerShell\v1.0\;E:\Rational\common;C:\strawberry\c\bin;C:\strawberry\perl\bin;E:\AndroidSdk\sdk\platform-tools;E:\HP\Unified Functional Testing\bin;E:\Python\Python37;E:\Python\Python37\Scripts;E:\HP\LoadRunner\strawberry-perl\perl\bin;E:\Python\Python37\Scripts\;E:\Python\Python37\;C:\Users\Administrator\AppData\Local\Microsoft\WindowsApps;C:\Users\Administrator\AppData\Local\Programs\Fiddler;C:\Users\Administrator\AppData\Local\GitHubDesktop\bin;E:\eclipse-jee-2018-09-win32-x86_64\eclipse;" />
    <property name="basedir" value="E:\eclipse-jee-2018-09-win32-x86_64\eclipse\workspace\Childcare_sys" />
    <property name="ant.java.version" value="1.8" />
    <property name="ant.core.lib" value="E:\eclipse-jee-2018-09-win32-x86_64\eclipse\plugins\org.apache.ant_1.10.5.v20180808-0324\lib\ant.jar" />
    <property name="env.USERNAME" value="Grik" />
    <property name="source" value="1.8" />
    <property name="env.SystemDrive" value="C:" />
    <property name="file.encoding" value="GBK" />
    <property name="env.USERDOMAIN" value="爱学习的孩子" />
    <property name="java.specification.version" value="1.8" />
    <property name="ant.project.invoked-targets" value="MemberControllerTest,MemberMapperTest,MemberServiceTest,ParentingControllerTest,ParentingMapperTest,ParentingServiceTest,PostsControllerTest,PostsMapperTest,PostsServiceTest,RepostsControllerTest,RepostsMapperTest.addtest,RepostsMapperTest,RepostsServiceTest,UserControllerTest,UserMapperTest (1),UserMapperTest.CheckLoginAndPwd0Test,UserServiceTest,junitreport" />
    <property name="env.ANALYSIS_PATH" value="E:\HP\LoadRunner\" />
    <property name="env.TARGETDIR" value="E:\HP\LoadRunner\dat\Setup\LoadRunner\MSBuild\..\..\..\.." />
    <property name="env.LOG_FILE" value="C:\Users\ADMINI~1\AppData\Local\Temp\\ihp_custom_batches.log" />
    <property name="env.PROCESSOR_LEVEL" value="6" />
  </properties>
  <testcase classname="ServiceTest.PostsServiceTest" name="updtest" time="2.004" />
  <testcase classname="ServiceTest.PostsServiceTest" name="findSameAgeTest" time="0.009" />
  <testcase classname="ServiceTest.PostsServiceTest" name="deltest" time="0.192" />
  <testcase classname="ServiceTest.PostsServiceTest" name="findAllTest" time="0.008" />
  <testcase classname="ServiceTest.PostsServiceTest" name="findSameCityTest" time="0.007" />
  <testcase classname="ServiceTest.PostsServiceTest" name="addtest" time="0.308" />
  <system-out><![CDATA[DEBUG [main] - SpringJUnit4ClassRunner constructor called with [class ServiceTest.PostsServiceTest].
DEBUG [main] - Delegating to GenericXmlContextLoader to process context configuration [ContextConfigurationAttributes@3c0ecd4b declaringClass = 'Base.BaseTest', locations = '{file:config/spring/applicationContext.xml}', classes = '{}', inheritLocations = true, initializers = '{}', inheritInitializers = true, name = [null], contextLoaderClass = 'org.springframework.test.context.ContextLoader'].
DEBUG [main] - Could not find an 'annotation declaring class' for annotation type [org.springframework.test.context.ActiveProfiles] and class [ServiceTest.PostsServiceTest]
DEBUG [main] - @TestExecutionListeners is not present for class [class ServiceTest.PostsServiceTest]: using defaults.
DEBUG [main] - Retrieved @ProfileValueSourceConfiguration [null] for test class [ServiceTest.PostsServiceTest]
DEBUG [main] - Retrieved ProfileValueSource type [class org.springframework.test.annotation.SystemProfileValueSource] for class [ServiceTest.PostsServiceTest]
DEBUG [main] - Retrieved @ProfileValueSourceConfiguration [null] for test class [ServiceTest.PostsServiceTest]
DEBUG [main] - Retrieved ProfileValueSource type [class org.springframework.test.annotation.SystemProfileValueSource] for class [ServiceTest.PostsServiceTest]
DEBUG [main] - Retrieved @ProfileValueSourceConfiguration [null] for test class [ServiceTest.PostsServiceTest]
DEBUG [main] - Retrieved ProfileValueSource type [class org.springframework.test.annotation.SystemProfileValueSource] for class [ServiceTest.PostsServiceTest]
DEBUG [main] - Retrieved @ProfileValueSourceConfiguration [null] for test class [ServiceTest.PostsServiceTest]
DEBUG [main] - Retrieved ProfileValueSource type [class org.springframework.test.annotation.SystemProfileValueSource] for class [ServiceTest.PostsServiceTest]
DEBUG [main] - Performing dependency injection for test context [[DefaultTestContext@551aa95a testClass = PostsServiceTest, testInstance = ServiceTest.PostsServiceTest@35d176f7, testMethod = [null], testException = [null], mergedContextConfiguration = [MergedContextConfiguration@1dfe2924 testClass = PostsServiceTest, locations = '{file:config/spring/applicationContext.xml}', classes = '{}', contextInitializerClasses = '[]', activeProfiles = '{}', contextLoader = 'org.springframework.test.context.support.DelegatingSmartContextLoader', parent = [null]]]].
DEBUG [main] - Delegating to GenericXmlContextLoader to load context from [MergedContextConfiguration@1dfe2924 testClass = PostsServiceTest, locations = '{file:config/spring/applicationContext.xml}', classes = '{}', contextInitializerClasses = '[]', activeProfiles = '{}', contextLoader = 'org.springframework.test.context.support.DelegatingSmartContextLoader', parent = [null]].
DEBUG [main] - Loading ApplicationContext for merged context configuration [[MergedContextConfiguration@1dfe2924 testClass = PostsServiceTest, locations = '{file:config/spring/applicationContext.xml}', classes = '{}', contextInitializerClasses = '[]', activeProfiles = '{}', contextLoader = 'org.springframework.test.context.support.DelegatingSmartContextLoader', parent = [null]]].
DEBUG [main] - Adding [systemProperties] PropertySource with lowest search precedence
DEBUG [main] - Adding [systemEnvironment] PropertySource with lowest search precedence
DEBUG [main] - Initialized StandardEnvironment with PropertySources [systemProperties,systemEnvironment]
 INFO [main] - Loading XML bean definitions from URL [file:config/spring/applicationContext.xml]
DEBUG [main] - Using JAXP provider [com.sun.org.apache.xerces.internal.jaxp.DocumentBuilderFactoryImpl]
DEBUG [main] - Loading schema mappings from [META-INF/spring.schemas]
DEBUG [main] - Loaded schema mappings: {http://www.springframework.org/schema/tx/spring-tx-2.5.xsd=org/springframework/transaction/config/spring-tx-2.5.xsd, http://www.springframework.org/schema/context/spring-context-3.1.xsd=org/springframework/context/config/spring-context-3.1.xsd, http://www.springframework.org/schema/jms/spring-jms-2.5.xsd=org/springframework/jms/config/spring-jms-2.5.xsd, http://www.springframework.org/schema/util/spring-util-3.0.xsd=org/springframework/beans/factory/xml/spring-util-3.0.xsd, http://www.springframework.org/schema/tool/spring-tool.xsd=org/springframework/beans/factory/xml/spring-tool-4.0.xsd, http://www.springframework.org/schema/aop/spring-aop-3.2.xsd=org/springframework/aop/config/spring-aop-3.2.xsd, http://mybatis.org/schema/mybatis-spring-1.2.xsd=org/mybatis/spring/config/mybatis-spring-1.2.xsd, http://www.springframework.org/schema/context/spring-context-4.0.xsd=org/springframework/context/config/spring-context-4.0.xsd, http://www.springframework.org/schema/mvc/spring-mvc-3.2.xsd=org/springframework/web/servlet/config/spring-mvc-3.2.xsd, http://www.springframework.org/schema/oxm/spring-oxm-3.0.xsd=org/springframework/oxm/config/spring-oxm-3.0.xsd, http://www.springframework.org/schema/lang/spring-lang-3.2.xsd=org/springframework/scripting/config/spring-lang-3.2.xsd, http://www.springframework.org/schema/cache/spring-cache-3.2.xsd=org/springframework/cache/config/spring-cache-3.2.xsd, http://www.springframework.org/schema/jdbc/spring-jdbc-3.1.xsd=org/springframework/jdbc/config/spring-jdbc-3.1.xsd, http://www.springframework.org/schema/util/spring-util-2.0.xsd=org/springframework/beans/factory/xml/spring-util-2.0.xsd, http://www.springframework.org/schema/tool/spring-tool-3.2.xsd=org/springframework/beans/factory/xml/spring-tool-3.2.xsd, http://www.springframework.org/schema/context/spring-context.xsd=org/springframework/context/config/spring-context-4.0.xsd, http://www.springframework.org/schema/aop/spring-aop-4.0.xsd=org/springframework/aop/config/spring-aop-4.0.xsd, http://www.springframework.org/schema/jee/spring-jee-3.2.xsd=org/springframework/ejb/config/spring-jee-3.2.xsd, http://www.springframework.org/schema/context/spring-context-3.0.xsd=org/springframework/context/config/spring-context-3.0.xsd, http://www.springframework.org/schema/jdbc/spring-jdbc-4.0.xsd=org/springframework/jdbc/config/spring-jdbc-4.0.xsd, http://www.springframework.org/schema/mvc/spring-mvc-4.0.xsd=org/springframework/web/servlet/config/spring-mvc-4.0.xsd, http://www.springframework.org/schema/util/spring-util-2.5.xsd=org/springframework/beans/factory/xml/spring-util-2.5.xsd, http://www.springframework.org/schema/beans/spring-beans-3.2.xsd=org/springframework/beans/factory/xml/spring-beans-3.2.xsd, http://www.springframework.org/schema/aop/spring-aop-3.1.xsd=org/springframework/aop/config/spring-aop-3.1.xsd, http://www.springframework.org/schema/lang/spring-lang-4.0.xsd=org/springframework/scripting/config/spring-lang-4.0.xsd, http://www.springframework.org/schema/mvc/spring-mvc.xsd=org/springframework/web/servlet/config/spring-mvc-4.0.xsd, http://www.springframework.org/schema/mvc/spring-mvc-3.1.xsd=org/springframework/web/servlet/config/spring-mvc-3.1.xsd, http://www.springframework.org/schema/tool/spring-tool-4.0.xsd=org/springframework/beans/factory/xml/spring-tool-4.0.xsd, http://www.springframework.org/schema/tx/spring-tx-3.2.xsd=org/springframework/transaction/config/spring-tx-3.2.xsd, http://www.springframework.org/schema/lang/spring-lang-3.1.xsd=org/springframework/scripting/config/spring-lang-3.1.xsd, http://www.springframework.org/schema/cache/spring-cache-3.1.xsd=org/springframework/cache/config/spring-cache-3.1.xsd, http://www.springframework.org/schema/jee/spring-jee-4.0.xsd=org/springframework/ejb/config/spring-jee-4.0.xsd, http://www.springframework.org/schema/jdbc/spring-jdbc-3.0.xsd=org/springframework/jdbc/config/spring-jdbc-3.0.xsd, http://www.springframework.org/schema/jdbc/spring-jdbc.xsd=org/springframework/jdbc/config/spring-jdbc-4.0.xsd, http://www.springframework.org/schema/tool/spring-tool-3.1.xsd=org/springframework/beans/factory/xml/spring-tool-3.1.xsd, http://www.springframework.org/schema/cache/spring-cache-4.0.xsd=org/springframework/cache/config/spring-cache-4.0.xsd, http://www.springframework.org/schema/jee/spring-jee-3.1.xsd=org/springframework/ejb/config/spring-jee-3.1.xsd, http://www.springframework.org/schema/task/spring-task-3.2.xsd=org/springframework/scheduling/config/spring-task-3.2.xsd, http://www.springframework.org/schema/beans/spring-beans-3.1.xsd=org/springframework/beans/factory/xml/spring-beans-3.1.xsd, http://www.springframework.org/schema/util/spring-util.xsd=org/springframework/beans/factory/xml/spring-util-4.0.xsd, http://www.springframework.org/schema/aop/spring-aop-3.0.xsd=org/springframework/aop/config/spring-aop-3.0.xsd, http://www.springframework.org/schema/jms/spring-jms-3.2.xsd=org/springframework/jms/config/spring-jms-3.2.xsd, http://www.springframework.org/schema/mvc/spring-mvc-3.0.xsd=org/springframework/web/servlet/config/spring-mvc-3.0.xsd, http://www.springframework.org/schema/beans/spring-beans-4.0.xsd=org/springframework/beans/factory/xml/spring-beans-4.0.xsd, http://www.springframework.org/schema/beans/spring-beans.xsd=org/springframework/beans/factory/xml/spring-beans-4.0.xsd, http://www.springframework.org/schema/tx/spring-tx-3.1.xsd=org/springframework/transaction/config/spring-tx-3.1.xsd, http://www.springframework.org/schema/lang/spring-lang-3.0.xsd=org/springframework/scripting/config/spring-lang-3.0.xsd, http://mybatis.org/schema/mybatis-spring.xsd=org/mybatis/spring/config/mybatis-spring-1.2.xsd, http://www.springframework.org/schema/context/spring-context-2.5.xsd=org/springframework/context/config/spring-context-2.5.xsd, http://www.springframework.org/schema/task/spring-task-4.0.xsd=org/springframework/scheduling/config/spring-task-4.0.xsd, http://www.springframework.org/schema/tool/spring-tool-3.0.xsd=org/springframework/beans/factory/xml/spring-tool-3.0.xsd, http://www.springframework.org/schema/tx/spring-tx-4.0.xsd=org/springframework/transaction/config/spring-tx-4.0.xsd, http://www.springframework.org/schema/aop/spring-aop-2.0.xsd=org/springframework/aop/config/spring-aop-2.0.xsd, http://www.springframework.org/schema/jee/spring-jee-3.0.xsd=org/springframework/ejb/config/spring-jee-3.0.xsd, http://www.springframework.org/schema/task/spring-task-3.1.xsd=org/springframework/scheduling/config/spring-task-3.1.xsd, http://www.springframework.org/schema/beans/spring-beans-3.0.xsd=org/springframework/beans/factory/xml/spring-beans-3.0.xsd, http://www.springframework.org/schema/websocket/spring-websocket.xsd=org/springframework/web/socket/config/spring-websocket-4.0.xsd, http://www.springframework.org/schema/jee/spring-jee.xsd=org/springframework/ejb/config/spring-jee-4.0.xsd, http://www.springframework.org/schema/aop/spring-aop-2.5.xsd=org/springframework/aop/config/spring-aop-2.5.xsd, http://www.springframework.org/schema/jms/spring-jms.xsd=org/springframework/jms/config/spring-jms-4.0.xsd, http://www.springframework.org/schema/lang/spring-lang-2.0.xsd=org/springframework/scripting/config/spring-lang-2.0.xsd, http://www.springframework.org/schema/oxm/spring-oxm.xsd=org/springframework/oxm/config/spring-oxm-4.0.xsd, http://www.springframework.org/schema/jms/spring-jms-3.1.xsd=org/springframework/jms/config/spring-jms-3.1.xsd, http://www.springframework.org/schema/util/spring-util-3.2.xsd=org/springframework/beans/factory/xml/spring-util-3.2.xsd, http://www.springframework.org/schema/task/spring-task.xsd=org/springframework/scheduling/config/spring-task-4.0.xsd, http://www.springframework.org/schema/tool/spring-tool-2.0.xsd=org/springframework/beans/factory/xml/spring-tool-2.0.xsd, http://www.springframework.org/schema/tx/spring-tx-3.0.xsd=org/springframework/transaction/config/spring-tx-3.0.xsd, http://www.springframework.org/schema/lang/spring-lang-2.5.xsd=org/springframework/scripting/config/spring-lang-2.5.xsd, http://www.springframework.org/schema/jee/spring-jee-2.0.xsd=org/springframework/ejb/config/spring-jee-2.0.xsd, http://www.springframework.org/schema/jms/spring-jms-4.0.xsd=org/springframework/jms/config/spring-jms-4.0.xsd, http://www.springframework.org/schema/oxm/spring-oxm-3.2.xsd=org/springframework/oxm/config/spring-oxm-3.2.xsd, http://www.springframework.org/schema/tool/spring-tool-2.5.xsd=org/springframework/beans/factory/xml/spring-tool-2.5.xsd, http://www.springframework.org/schema/jee/spring-jee-2.5.xsd=org/springframework/ejb/config/spring-jee-2.5.xsd, http://www.springframework.org/schema/util/spring-util-4.0.xsd=org/springframework/beans/factory/xml/spring-util-4.0.xsd, http://www.springframework.org/schema/task/spring-task-3.0.xsd=org/springframework/scheduling/config/spring-task-3.0.xsd, http://www.springframework.org/schema/lang/spring-lang.xsd=org/springframework/scripting/config/spring-lang-4.0.xsd, http://www.springframework.org/schema/context/spring-context-3.2.xsd=org/springframework/context/config/spring-context-3.2.xsd, http://www.springframework.org/schema/jms/spring-jms-3.0.xsd=org/springframework/jms/config/spring-jms-3.0.xsd, http://www.springframework.org/schema/util/spring-util-3.1.xsd=org/springframework/beans/factory/xml/spring-util-3.1.xsd, http://www.springframework.org/schema/beans/spring-beans-2.0.xsd=org/springframework/beans/factory/xml/spring-beans-2.0.xsd, http://www.springframework.org/schema/oxm/spring-oxm-4.0.xsd=org/springframework/oxm/config/spring-oxm-4.0.xsd, http://www.springframework.org/schema/cache/spring-cache.xsd=org/springframework/cache/config/spring-cache-4.0.xsd, http://www.springframework.org/schema/tx/spring-tx.xsd=org/springframework/transaction/config/spring-tx-4.0.xsd, http://www.springframework.org/schema/beans/spring-beans-2.5.xsd=org/springframework/beans/factory/xml/spring-beans-2.5.xsd, http://www.springframework.org/schema/oxm/spring-oxm-3.1.xsd=org/springframework/oxm/config/spring-oxm-3.1.xsd, http://www.springframework.org/schema/tx/spring-tx-2.0.xsd=org/springframework/transaction/config/spring-tx-2.0.xsd, http://www.springframework.org/schema/jdbc/spring-jdbc-3.2.xsd=org/springframework/jdbc/config/spring-jdbc-3.2.xsd, http://www.springframework.org/schema/aop/spring-aop.xsd=org/springframework/aop/config/spring-aop-4.0.xsd, http://www.springframework.org/schema/websocket/spring-websocket-4.0.xsd=org/springframework/web/socket/config/spring-websocket-4.0.xsd}
DEBUG [main] - Found XML schema [http://www.springframework.org/schema/beans/spring-beans-3.2.xsd] in classpath: org/springframework/beans/factory/xml/spring-beans-3.2.xsd
DEBUG [main] - Found XML schema [http://www.springframework.org/schema/context/spring-context-3.2.xsd] in classpath: org/springframework/context/config/spring-context-3.2.xsd
DEBUG [main] - Found XML schema [http://www.springframework.org/schema/tool/spring-tool-3.2.xsd] in classpath: org/springframework/beans/factory/xml/spring-tool-3.2.xsd
DEBUG [main] - Found XML schema [http://www.springframework.org/schema/tx/spring-tx.xsd] in classpath: org/springframework/transaction/config/spring-tx-4.0.xsd
DEBUG [main] - Found XML schema [http://www.springframework.org/schema/aop/spring-aop-3.2.xsd] in classpath: org/springframework/aop/config/spring-aop-3.2.xsd
DEBUG [main] - Loading bean definitions
DEBUG [main] - Loaded NamespaceHandler mappings: {http://www.springframework.org/schema/p=org.springframework.beans.factory.xml.SimplePropertyNamespaceHandler, http://www.springframework.org/schema/mvc=org.springframework.web.servlet.config.MvcNamespaceHandler, http://www.springframework.org/schema/util=org.springframework.beans.factory.xml.UtilNamespaceHandler, http://www.springframework.org/schema/jee=org.springframework.ejb.config.JeeNamespaceHandler, http://www.springframework.org/schema/websocket=org.springframework.web.socket.config.WebSocketNamespaceHandler, http://www.springframework.org/schema/aop=org.springframework.aop.config.AopNamespaceHandler, http://www.springframework.org/schema/oxm=org.springframework.oxm.config.OxmNamespaceHandler, http://www.springframework.org/schema/jdbc=org.springframework.jdbc.config.JdbcNamespaceHandler, http://www.springframework.org/schema/cache=org.springframework.cache.config.CacheNamespaceHandler, http://mybatis.org/schema/mybatis-spring=org.mybatis.spring.config.NamespaceHandler, http://www.springframework.org/schema/c=org.springframework.beans.factory.xml.SimpleConstructorNamespaceHandler, http://www.springframework.org/schema/tx=org.springframework.transaction.config.TxNamespaceHandler, http://www.springframework.org/schema/jms=org.springframework.jms.config.JmsNamespaceHandler, http://www.springframework.org/schema/task=org.springframework.scheduling.config.TaskNamespaceHandler, http://www.springframework.org/schema/lang=org.springframework.scripting.config.LangNamespaceHandler, http://www.springframework.org/schema/context=org.springframework.context.config.ContextNamespaceHandler}
DEBUG [main] - JSR-250 'javax.annotation.ManagedBean' found and supported for component scanning
DEBUG [main] - Looking for matching resources in directory tree [E:\eclipse-jee-2018-09-win32-x86_64\eclipse\workspace\Childcare_sys\WebRoot\WEB-INF\classes\com\aaa]
DEBUG [main] - Searching directory [E:\eclipse-jee-2018-09-win32-x86_64\eclipse\workspace\Childcare_sys\WebRoot\WEB-INF\classes\com\aaa] for files matching pattern [E:/eclipse-jee-2018-09-win32-x86_64/eclipse/workspace/Childcare_sys/WebRoot/WEB-INF/classes/com/aaa/**/*.class]
DEBUG [main] - Searching directory [E:\eclipse-jee-2018-09-win32-x86_64\eclipse\workspace\Childcare_sys\WebRoot\WEB-INF\classes\com\aaa\biz] for files matching pattern [E:/eclipse-jee-2018-09-win32-x86_64/eclipse/workspace/Childcare_sys/WebRoot/WEB-INF/classes/com/aaa/**/*.class]
DEBUG [main] - Searching directory [E:\eclipse-jee-2018-09-win32-x86_64\eclipse\workspace\Childcare_sys\WebRoot\WEB-INF\classes\com\aaa\biz\impl] for files matching pattern [E:/eclipse-jee-2018-09-win32-x86_64/eclipse/workspace/Childcare_sys/WebRoot/WEB-INF/classes/com/aaa/**/*.class]
DEBUG [main] - Searching directory [E:\eclipse-jee-2018-09-win32-x86_64\eclipse\workspace\Childcare_sys\WebRoot\WEB-INF\classes\com\aaa\controller] for files matching pattern [E:/eclipse-jee-2018-09-win32-x86_64/eclipse/workspace/Childcare_sys/WebRoot/WEB-INF/classes/com/aaa/**/*.class]
DEBUG [main] - Searching directory [E:\eclipse-jee-2018-09-win32-x86_64\eclipse\workspace\Childcare_sys\WebRoot\WEB-INF\classes\com\aaa\converter] for files matching pattern [E:/eclipse-jee-2018-09-win32-x86_64/eclipse/workspace/Childcare_sys/WebRoot/WEB-INF/classes/com/aaa/**/*.class]
DEBUG [main] - Searching directory [E:\eclipse-jee-2018-09-win32-x86_64\eclipse\workspace\Childcare_sys\WebRoot\WEB-INF\classes\com\aaa\entity] for files matching pattern [E:/eclipse-jee-2018-09-win32-x86_64/eclipse/workspace/Childcare_sys/WebRoot/WEB-INF/classes/com/aaa/**/*.class]
DEBUG [main] - Searching directory [E:\eclipse-jee-2018-09-win32-x86_64\eclipse\workspace\Childcare_sys\WebRoot\WEB-INF\classes\com\aaa\inteceptor] for files matching pattern [E:/eclipse-jee-2018-09-win32-x86_64/eclipse/workspace/Childcare_sys/WebRoot/WEB-INF/classes/com/aaa/**/*.class]
DEBUG [main] - Searching directory [E:\eclipse-jee-2018-09-win32-x86_64\eclipse\workspace\Childcare_sys\WebRoot\WEB-INF\classes\com\aaa\mapper] for files matching pattern [E:/eclipse-jee-2018-09-win32-x86_64/eclipse/workspace/Childcare_sys/WebRoot/WEB-INF/classes/com/aaa/**/*.class]
DEBUG [main] - Resolved location pattern [classpath*:com/aaa/**/*.class] to resources [file [E:\eclipse-jee-2018-09-win32-x86_64\eclipse\workspace\Childcare_sys\WebRoot\WEB-INF\classes\com\aaa\biz\impl\MemberBizImpl.class], file [E:\eclipse-jee-2018-09-win32-x86_64\eclipse\workspace\Childcare_sys\WebRoot\WEB-INF\classes\com\aaa\biz\impl\ParentingBizImpl.class], file [E:\eclipse-jee-2018-09-win32-x86_64\eclipse\workspace\Childcare_sys\WebRoot\WEB-INF\classes\com\aaa\biz\impl\PostsBizImpl.class], file [E:\eclipse-jee-2018-09-win32-x86_64\eclipse\workspace\Childcare_sys\WebRoot\WEB-INF\classes\com\aaa\biz\impl\RepostsBizImpl.class], file [E:\eclipse-jee-2018-09-win32-x86_64\eclipse\workspace\Childcare_sys\WebRoot\WEB-INF\classes\com\aaa\biz\impl\UserBizImpl.class], file [E:\eclipse-jee-2018-09-win32-x86_64\eclipse\workspace\Childcare_sys\WebRoot\WEB-INF\classes\com\aaa\biz\MemberBiz.class], file [E:\eclipse-jee-2018-09-win32-x86_64\eclipse\workspace\Childcare_sys\WebRoot\WEB-INF\classes\com\aaa\biz\ParentingBiz.class], file [E:\eclipse-jee-2018-09-win32-x86_64\eclipse\workspace\Childcare_sys\WebRoot\WEB-INF\classes\com\aaa\biz\PostsBiz.class], file [E:\eclipse-jee-2018-09-win32-x86_64\eclipse\workspace\Childcare_sys\WebRoot\WEB-INF\classes\com\aaa\biz\RepostsBiz.class], file [E:\eclipse-jee-2018-09-win32-x86_64\eclipse\workspace\Childcare_sys\WebRoot\WEB-INF\classes\com\aaa\biz\UserBiz.class], file [E:\eclipse-jee-2018-09-win32-x86_64\eclipse\workspace\Childcare_sys\WebRoot\WEB-INF\classes\com\aaa\controller\MemberController.class], file [E:\eclipse-jee-2018-09-win32-x86_64\eclipse\workspace\Childcare_sys\WebRoot\WEB-INF\classes\com\aaa\controller\ParentingController.class], file [E:\eclipse-jee-2018-09-win32-x86_64\eclipse\workspace\Childcare_sys\WebRoot\WEB-INF\classes\com\aaa\controller\PostsController.class], file [E:\eclipse-jee-2018-09-win32-x86_64\eclipse\workspace\Childcare_sys\WebRoot\WEB-INF\classes\com\aaa\controller\RepostsController.class], file [E:\eclipse-jee-2018-09-win32-x86_64\eclipse\workspace\Childcare_sys\WebRoot\WEB-INF\classes\com\aaa\controller\UserController.class], file [E:\eclipse-jee-2018-09-win32-x86_64\eclipse\workspace\Childcare_sys\WebRoot\WEB-INF\classes\com\aaa\converter\DateConverter.class], file [E:\eclipse-jee-2018-09-win32-x86_64\eclipse\workspace\Childcare_sys\WebRoot\WEB-INF\classes\com\aaa\entity\Member.class], file [E:\eclipse-jee-2018-09-win32-x86_64\eclipse\workspace\Childcare_sys\WebRoot\WEB-INF\classes\com\aaa\entity\Parenting.class], file [E:\eclipse-jee-2018-09-win32-x86_64\eclipse\workspace\Childcare_sys\WebRoot\WEB-INF\classes\com\aaa\entity\Posts.class], file [E:\eclipse-jee-2018-09-win32-x86_64\eclipse\workspace\Childcare_sys\WebRoot\WEB-INF\classes\com\aaa\entity\Reposts.class], file [E:\eclipse-jee-2018-09-win32-x86_64\eclipse\workspace\Childcare_sys\WebRoot\WEB-INF\classes\com\aaa\entity\User.class], file [E:\eclipse-jee-2018-09-win32-x86_64\eclipse\workspace\Childcare_sys\WebRoot\WEB-INF\classes\com\aaa\inteceptor\LoginIncetepor.class], file [E:\eclipse-jee-2018-09-win32-x86_64\eclipse\workspace\Childcare_sys\WebRoot\WEB-INF\classes\com\aaa\mapper\MemberDaoMapper.class], file [E:\eclipse-jee-2018-09-win32-x86_64\eclipse\workspace\Childcare_sys\WebRoot\WEB-INF\classes\com\aaa\mapper\ParentingDaoMapper.class], file [E:\eclipse-jee-2018-09-win32-x86_64\eclipse\workspace\Childcare_sys\WebRoot\WEB-INF\classes\com\aaa\mapper\PostsDaoMapper.class], file [E:\eclipse-jee-2018-09-win32-x86_64\eclipse\workspace\Childcare_sys\WebRoot\WEB-INF\classes\com\aaa\mapper\RepostsDaoMapper.class], file [E:\eclipse-jee-2018-09-win32-x86_64\eclipse\workspace\Childcare_sys\WebRoot\WEB-INF\classes\com\aaa\mapper\UserMapper.class]]
DEBUG [main] - Identified candidate component class: file [E:\eclipse-jee-2018-09-win32-x86_64\eclipse\workspace\Childcare_sys\WebRoot\WEB-INF\classes\com\aaa\biz\impl\MemberBizImpl.class]
DEBUG [main] - Identified candidate component class: file [E:\eclipse-jee-2018-09-win32-x86_64\eclipse\workspace\Childcare_sys\WebRoot\WEB-INF\classes\com\aaa\biz\impl\ParentingBizImpl.class]
DEBUG [main] - Identified candidate component class: file [E:\eclipse-jee-2018-09-win32-x86_64\eclipse\workspace\Childcare_sys\WebRoot\WEB-INF\classes\com\aaa\biz\impl\PostsBizImpl.class]
DEBUG [main] - Identified candidate component class: file [E:\eclipse-jee-2018-09-win32-x86_64\eclipse\workspace\Childcare_sys\WebRoot\WEB-INF\classes\com\aaa\biz\impl\RepostsBizImpl.class]
DEBUG [main] - Identified candidate component class: file [E:\eclipse-jee-2018-09-win32-x86_64\eclipse\workspace\Childcare_sys\WebRoot\WEB-INF\classes\com\aaa\biz\impl\UserBizImpl.class]
DEBUG [main] - Identified candidate component class: file [E:\eclipse-jee-2018-09-win32-x86_64\eclipse\workspace\Childcare_sys\WebRoot\WEB-INF\classes\com\aaa\controller\MemberController.class]
DEBUG [main] - Identified candidate component class: file [E:\eclipse-jee-2018-09-win32-x86_64\eclipse\workspace\Childcare_sys\WebRoot\WEB-INF\classes\com\aaa\controller\ParentingController.class]
DEBUG [main] - Identified candidate component class: file [E:\eclipse-jee-2018-09-win32-x86_64\eclipse\workspace\Childcare_sys\WebRoot\WEB-INF\classes\com\aaa\controller\PostsController.class]
DEBUG [main] - Identified candidate component class: file [E:\eclipse-jee-2018-09-win32-x86_64\eclipse\workspace\Childcare_sys\WebRoot\WEB-INF\classes\com\aaa\controller\RepostsController.class]
DEBUG [main] - Identified candidate component class: file [E:\eclipse-jee-2018-09-win32-x86_64\eclipse\workspace\Childcare_sys\WebRoot\WEB-INF\classes\com\aaa\controller\UserController.class]
DEBUG [main] - Neither XML 'id' nor 'name' specified - using generated bean name [org.mybatis.spring.mapper.MapperScannerConfigurer#0]
DEBUG [main] - Loaded 26 bean definitions from location pattern [file:config/spring/applicationContext.xml]
 INFO [main] - Refreshing org.springframework.context.support.GenericApplicationContext@1f7030a6: startup date [Wed Mar 06 17:32:22 CST 2019]; root of context hierarchy
DEBUG [main] - Bean factory for org.springframework.context.support.GenericApplicationContext@1f7030a6: org.springframework.beans.factory.support.DefaultListableBeanFactory@76508ed1: defining beans [memberBizImpl,parentingBizImpl,postsBizImpl,repostsBizImpl,userBizImpl,memberController,parentingController,postsController,repostsController,userController,org.springframework.context.annotation.internalConfigurationAnnotationProcessor,org.springframework.context.annotation.internalAutowiredAnnotationProcessor,org.springframework.context.annotation.internalRequiredAnnotationProcessor,org.springframework.context.annotation.internalCommonAnnotationProcessor,org.springframework.context.support.PropertySourcesPlaceholderConfigurer#0,dataSource,sqlSessionFactory,org.mybatis.spring.mapper.MapperScannerConfigurer#0,transactionManager,org.springframework.aop.config.internalAutoProxyCreator,org.springframework.transaction.annotation.AnnotationTransactionAttributeSource#0,org.springframework.transaction.interceptor.TransactionInterceptor#0,org.springframework.transaction.config.internalTransactionAdvisor,txadvice,points,org.springframework.aop.support.DefaultBeanFactoryPointcutAdvisor#0]; root of factory hierarchy
DEBUG [main] - Creating shared instance of singleton bean 'org.springframework.context.annotation.internalConfigurationAnnotationProcessor'
DEBUG [main] - Creating instance of bean 'org.springframework.context.annotation.internalConfigurationAnnotationProcessor'
DEBUG [main] - Eagerly caching bean 'org.springframework.context.annotation.internalConfigurationAnnotationProcessor' to allow for resolving potential circular references
DEBUG [main] - Finished creating instance of bean 'org.springframework.context.annotation.internalConfigurationAnnotationProcessor'
DEBUG [main] - Creating shared instance of singleton bean 'org.mybatis.spring.mapper.MapperScannerConfigurer#0'
DEBUG [main] - Creating instance of bean 'org.mybatis.spring.mapper.MapperScannerConfigurer#0'
DEBUG [main] - Eagerly caching bean 'org.mybatis.spring.mapper.MapperScannerConfigurer#0' to allow for resolving potential circular references
DEBUG [main] - Invoking afterPropertiesSet() on bean with name 'org.mybatis.spring.mapper.MapperScannerConfigurer#0'
DEBUG [main] - Finished creating instance of bean 'org.mybatis.spring.mapper.MapperScannerConfigurer#0'
DEBUG [main] - Adding [systemProperties] PropertySource with lowest search precedence
DEBUG [main] - Adding [systemEnvironment] PropertySource with lowest search precedence
DEBUG [main] - Initialized StandardEnvironment with PropertySources [systemProperties,systemEnvironment]
DEBUG [main] - Looking for matching resources in directory tree [E:\eclipse-jee-2018-09-win32-x86_64\eclipse\workspace\Childcare_sys\WebRoot\WEB-INF\classes\com\aaa\mapper]
DEBUG [main] - Searching directory [E:\eclipse-jee-2018-09-win32-x86_64\eclipse\workspace\Childcare_sys\WebRoot\WEB-INF\classes\com\aaa\mapper] for files matching pattern [E:/eclipse-jee-2018-09-win32-x86_64/eclipse/workspace/Childcare_sys/WebRoot/WEB-INF/classes/com/aaa/mapper/**/*.class]
DEBUG [main] - Resolved location pattern [classpath*:com/aaa/mapper/**/*.class] to resources [file [E:\eclipse-jee-2018-09-win32-x86_64\eclipse\workspace\Childcare_sys\WebRoot\WEB-INF\classes\com\aaa\mapper\MemberDaoMapper.class], file [E:\eclipse-jee-2018-09-win32-x86_64\eclipse\workspace\Childcare_sys\WebRoot\WEB-INF\classes\com\aaa\mapper\ParentingDaoMapper.class], file [E:\eclipse-jee-2018-09-win32-x86_64\eclipse\workspace\Childcare_sys\WebRoot\WEB-INF\classes\com\aaa\mapper\PostsDaoMapper.class], file [E:\eclipse-jee-2018-09-win32-x86_64\eclipse\workspace\Childcare_sys\WebRoot\WEB-INF\classes\com\aaa\mapper\RepostsDaoMapper.class], file [E:\eclipse-jee-2018-09-win32-x86_64\eclipse\workspace\Childcare_sys\WebRoot\WEB-INF\classes\com\aaa\mapper\UserMapper.class]]
DEBUG [main] - Identified candidate component class: file [E:\eclipse-jee-2018-09-win32-x86_64\eclipse\workspace\Childcare_sys\WebRoot\WEB-INF\classes\com\aaa\mapper\MemberDaoMapper.class]
DEBUG [main] - Identified candidate component class: file [E:\eclipse-jee-2018-09-win32-x86_64\eclipse\workspace\Childcare_sys\WebRoot\WEB-INF\classes\com\aaa\mapper\ParentingDaoMapper.class]
DEBUG [main] - Identified candidate component class: file [E:\eclipse-jee-2018-09-win32-x86_64\eclipse\workspace\Childcare_sys\WebRoot\WEB-INF\classes\com\aaa\mapper\PostsDaoMapper.class]
DEBUG [main] - Identified candidate component class: file [E:\eclipse-jee-2018-09-win32-x86_64\eclipse\workspace\Childcare_sys\WebRoot\WEB-INF\classes\com\aaa\mapper\RepostsDaoMapper.class]
DEBUG [main] - Identified candidate component class: file [E:\eclipse-jee-2018-09-win32-x86_64\eclipse\workspace\Childcare_sys\WebRoot\WEB-INF\classes\com\aaa\mapper\UserMapper.class]
DEBUG [main] - Creating MapperFactoryBean with name 'memberDaoMapper' and 'com.aaa.mapper.MemberDaoMapper' mapperInterface
DEBUG [main] - Creating MapperFactoryBean with name 'parentingDaoMapper' and 'com.aaa.mapper.ParentingDaoMapper' mapperInterface
DEBUG [main] - Creating MapperFactoryBean with name 'postsDaoMapper' and 'com.aaa.mapper.PostsDaoMapper' mapperInterface
DEBUG [main] - Creating MapperFactoryBean with name 'repostsDaoMapper' and 'com.aaa.mapper.RepostsDaoMapper' mapperInterface
DEBUG [main] - Creating MapperFactoryBean with name 'userMapper' and 'com.aaa.mapper.UserMapper' mapperInterface
DEBUG [main] - Creating shared instance of singleton bean 'org.springframework.context.support.PropertySourcesPlaceholderConfigurer#0'
DEBUG [main] - Creating instance of bean 'org.springframework.context.support.PropertySourcesPlaceholderConfigurer#0'
DEBUG [main] - Eagerly caching bean 'org.springframework.context.support.PropertySourcesPlaceholderConfigurer#0' to allow for resolving potential circular references
DEBUG [main] - Finished creating instance of bean 'org.springframework.context.support.PropertySourcesPlaceholderConfigurer#0'
DEBUG [main] - Adding [environmentProperties] PropertySource with lowest search precedence
 INFO [main] - Loading properties file from class path resource [db.properties]
DEBUG [main] - Adding [localProperties] PropertySource with lowest search precedence
DEBUG [main] - Searching for key 'jdbc.url' in [environmentProperties]
DEBUG [main] - Searching for key 'jdbc.url' in [systemProperties]
DEBUG [main] - Searching for key 'jdbc.url' in [systemEnvironment]
DEBUG [main] - Could not find key 'jdbc.url' in any property source. Returning [null]
DEBUG [main] - Searching for key 'jdbc.url' in [localProperties]
DEBUG [main] - Found key 'jdbc.url' in [localProperties] with type [String] and value 'jdbc:mysql://127.0.0.1:3306/childcare_system?useUnicode=true&amp;characterEncoding=utf8'
DEBUG [main] - Searching for key 'jdbc.driver' in [environmentProperties]
DEBUG [main] - Searching for key 'jdbc.driver' in [systemProperties]
DEBUG [main] - Searching for key 'jdbc.driver' in [systemEnvironment]
DEBUG [main] - Could not find key 'jdbc.driver' in any property source. Returning [null]
DEBUG [main] - Searching for key 'jdbc.driver' in [localProperties]
DEBUG [main] - Found key 'jdbc.driver' in [localProperties] with type [String] and value 'com.mysql.jdbc.Driver'
DEBUG [main] - Searching for key 'jdbc.username' in [environmentProperties]
DEBUG [main] - Searching for key 'jdbc.username' in [systemProperties]
DEBUG [main] - Searching for key 'jdbc.username' in [systemEnvironment]
DEBUG [main] - Could not find key 'jdbc.username' in any property source. Returning [null]
DEBUG [main] - Searching for key 'jdbc.username' in [localProperties]
DEBUG [main] - Found key 'jdbc.username' in [localProperties] with type [String] and value 'root'
DEBUG [main] - Searching for key 'jdbc.password' in [environmentProperties]
DEBUG [main] - Searching for key 'jdbc.password' in [systemProperties]
DEBUG [main] - Searching for key 'jdbc.password' in [systemEnvironment]
DEBUG [main] - Could not find key 'jdbc.password' in any property source. Returning [null]
DEBUG [main] - Searching for key 'jdbc.password' in [localProperties]
DEBUG [main] - Found key 'jdbc.password' in [localProperties] with type [String] and value 'root'
DEBUG [main] - Creating shared instance of singleton bean 'org.springframework.context.annotation.internalAutowiredAnnotationProcessor'
DEBUG [main] - Creating instance of bean 'org.springframework.context.annotation.internalAutowiredAnnotationProcessor'
DEBUG [main] - Eagerly caching bean 'org.springframework.context.annotation.internalAutowiredAnnotationProcessor' to allow for resolving potential circular references
DEBUG [main] - Finished creating instance of bean 'org.springframework.context.annotation.internalAutowiredAnnotationProcessor'
DEBUG [main] - Creating shared instance of singleton bean 'org.springframework.context.annotation.internalRequiredAnnotationProcessor'
DEBUG [main] - Creating instance of bean 'org.springframework.context.annotation.internalRequiredAnnotationProcessor'
DEBUG [main] - Eagerly caching bean 'org.springframework.context.annotation.internalRequiredAnnotationProcessor' to allow for resolving potential circular references
DEBUG [main] - Finished creating instance of bean 'org.springframework.context.annotation.internalRequiredAnnotationProcessor'
DEBUG [main] - Creating shared instance of singleton bean 'org.springframework.context.annotation.internalCommonAnnotationProcessor'
DEBUG [main] - Creating instance of bean 'org.springframework.context.annotation.internalCommonAnnotationProcessor'
DEBUG [main] - Eagerly caching bean 'org.springframework.context.annotation.internalCommonAnnotationProcessor' to allow for resolving potential circular references
DEBUG [main] - Finished creating instance of bean 'org.springframework.context.annotation.internalCommonAnnotationProcessor'
DEBUG [main] - Creating shared instance of singleton bean 'org.springframework.context.annotation.ConfigurationClassPostProcessor.importAwareProcessor'
DEBUG [main] - Creating instance of bean 'org.springframework.context.annotation.ConfigurationClassPostProcessor.importAwareProcessor'
DEBUG [main] - Eagerly caching bean 'org.springframework.context.annotation.ConfigurationClassPostProcessor.importAwareProcessor' to allow for resolving potential circular references
DEBUG [main] - Finished creating instance of bean 'org.springframework.context.annotation.ConfigurationClassPostProcessor.importAwareProcessor'
DEBUG [main] - Creating shared instance of singleton bean 'org.springframework.context.annotation.ConfigurationClassPostProcessor.enhancedConfigurationProcessor'
DEBUG [main] - Creating instance of bean 'org.springframework.context.annotation.ConfigurationClassPostProcessor.enhancedConfigurationProcessor'
DEBUG [main] - Eagerly caching bean 'org.springframework.context.annotation.ConfigurationClassPostProcessor.enhancedConfigurationProcessor' to allow for resolving potential circular references
DEBUG [main] - Finished creating instance of bean 'org.springframework.context.annotation.ConfigurationClassPostProcessor.enhancedConfigurationProcessor'
DEBUG [main] - Creating shared instance of singleton bean 'org.springframework.aop.config.internalAutoProxyCreator'
DEBUG [main] - Creating instance of bean 'org.springframework.aop.config.internalAutoProxyCreator'
DEBUG [main] - Eagerly caching bean 'org.springframework.aop.config.internalAutoProxyCreator' to allow for resolving potential circular references
DEBUG [main] - Finished creating instance of bean 'org.springframework.aop.config.internalAutoProxyCreator'
DEBUG [main] - Unable to locate MessageSource with name 'messageSource': using default [org.springframework.context.support.DelegatingMessageSource@2a266d09]
DEBUG [main] - Unable to locate ApplicationEventMulticaster with name 'applicationEventMulticaster': using default [org.springframework.context.event.SimpleApplicationEventMulticaster@ba54932]
DEBUG [main] - Pre-instantiating singletons in org.springframework.beans.factory.support.DefaultListableBeanFactory@76508ed1: defining beans [memberBizImpl,parentingBizImpl,postsBizImpl,repostsBizImpl,userBizImpl,memberController,parentingController,postsController,repostsController,userController,org.springframework.context.annotation.internalConfigurationAnnotationProcessor,org.springframework.context.annotation.internalAutowiredAnnotationProcessor,org.springframework.context.annotation.internalRequiredAnnotationProcessor,org.springframework.context.annotation.internalCommonAnnotationProcessor,org.springframework.context.support.PropertySourcesPlaceholderConfigurer#0,dataSource,sqlSessionFactory,org.mybatis.spring.mapper.MapperScannerConfigurer#0,transactionManager,org.springframework.aop.config.internalAutoProxyCreator,org.springframework.transaction.annotation.AnnotationTransactionAttributeSource#0,org.springframework.transaction.interceptor.TransactionInterceptor#0,org.springframework.transaction.config.internalTransactionAdvisor,txadvice,points,org.springframework.aop.support.DefaultBeanFactoryPointcutAdvisor#0,org.springframework.context.annotation.ConfigurationClassPostProcessor.importAwareProcessor,org.springframework.context.annotation.ConfigurationClassPostProcessor.enhancedConfigurationProcessor,memberDaoMapper,parentingDaoMapper,postsDaoMapper,repostsDaoMapper,userMapper]; root of factory hierarchy
DEBUG [main] - Creating shared instance of singleton bean 'memberBizImpl'
DEBUG [main] - Creating instance of bean 'memberBizImpl'
DEBUG [main] - Creating shared instance of singleton bean 'org.springframework.transaction.config.internalTransactionAdvisor'
DEBUG [main] - Creating instance of bean 'org.springframework.transaction.config.internalTransactionAdvisor'
DEBUG [main] - Eagerly caching bean 'org.springframework.transaction.config.internalTransactionAdvisor' to allow for resolving potential circular references
DEBUG [main] - Creating shared instance of singleton bean 'org.springframework.transaction.annotation.AnnotationTransactionAttributeSource#0'
DEBUG [main] - Creating instance of bean 'org.springframework.transaction.annotation.AnnotationTransactionAttributeSource#0'
DEBUG [main] - Skipping currently created advisor 'org.springframework.transaction.config.internalTransactionAdvisor'
DEBUG [main] - Creating shared instance of singleton bean 'org.springframework.aop.support.DefaultBeanFactoryPointcutAdvisor#0'
DEBUG [main] - Creating instance of bean 'org.springframework.aop.support.DefaultBeanFactoryPointcutAdvisor#0'
DEBUG [main] - Eagerly caching bean 'org.springframework.aop.support.DefaultBeanFactoryPointcutAdvisor#0' to allow for resolving potential circular references
DEBUG [main] - Creating instance of bean 'points'
DEBUG [main] - Finished creating instance of bean 'points'
DEBUG [main] - Finished creating instance of bean 'org.springframework.aop.support.DefaultBeanFactoryPointcutAdvisor#0'
DEBUG [main] - Eagerly caching bean 'org.springframework.transaction.annotation.AnnotationTransactionAttributeSource#0' to allow for resolving potential circular references
DEBUG [main] - Skipping currently created advisor 'org.springframework.transaction.config.internalTransactionAdvisor'
DEBUG [main] - Returning cached instance of singleton bean 'org.springframework.aop.support.DefaultBeanFactoryPointcutAdvisor#0'
DEBUG [main] - Skipping currently created advisor 'org.springframework.transaction.config.internalTransactionAdvisor'
DEBUG [main] - Returning cached instance of singleton bean 'org.springframework.aop.support.DefaultBeanFactoryPointcutAdvisor#0'
DEBUG [main] - Finished creating instance of bean 'org.springframework.transaction.annotation.AnnotationTransactionAttributeSource#0'
DEBUG [main] - Finished creating instance of bean 'org.springframework.transaction.config.internalTransactionAdvisor'
DEBUG [main] - Returning cached instance of singleton bean 'org.springframework.aop.support.DefaultBeanFactoryPointcutAdvisor#0'
DEBUG [main] - Registered injected element on class [com.aaa.biz.impl.MemberBizImpl]: AutowiredFieldElement for private com.aaa.mapper.MemberDaoMapper com.aaa.biz.impl.MemberBizImpl.memberDaoMapper
DEBUG [main] - Eagerly caching bean 'memberBizImpl' to allow for resolving potential circular references
DEBUG [main] - Processing injected method of bean 'memberBizImpl': AutowiredFieldElement for private com.aaa.mapper.MemberDaoMapper com.aaa.biz.impl.MemberBizImpl.memberDaoMapper
DEBUG [main] - Returning cached instance of singleton bean 'org.springframework.transaction.config.internalTransactionAdvisor'
DEBUG [main] - Returning cached instance of singleton bean 'org.springframework.aop.support.DefaultBeanFactoryPointcutAdvisor#0'
DEBUG [main] - Logging initialized using 'class org.apache.ibatis.logging.slf4j.Slf4jImpl' adapter.
DEBUG [main] - Returning cached instance of singleton bean 'org.springframework.transaction.config.internalTransactionAdvisor'
DEBUG [main] - Returning cached instance of singleton bean 'org.springframework.aop.support.DefaultBeanFactoryPointcutAdvisor#0'
DEBUG [main] - Creating shared instance of singleton bean 'memberDaoMapper'
DEBUG [main] - Creating instance of bean 'memberDaoMapper'
DEBUG [main] - Eagerly caching bean 'memberDaoMapper' to allow for resolving potential circular references
DEBUG [main] - Creating shared instance of singleton bean 'sqlSessionFactory'
DEBUG [main] - Creating instance of bean 'sqlSessionFactory'
DEBUG [main] - Eagerly caching bean 'sqlSessionFactory' to allow for resolving potential circular references
DEBUG [main] - Creating shared instance of singleton bean 'dataSource'
DEBUG [main] - Creating instance of bean 'dataSource'
DEBUG [main] - Returning cached instance of singleton bean 'org.springframework.transaction.config.internalTransactionAdvisor'
DEBUG [main] - Returning cached instance of singleton bean 'org.springframework.aop.support.DefaultBeanFactoryPointcutAdvisor#0'
DEBUG [main] - Eagerly caching bean 'dataSource' to allow for resolving potential circular references
DEBUG [main] - Returning cached instance of singleton bean 'org.springframework.transaction.config.internalTransactionAdvisor'
DEBUG [main] - Returning cached instance of singleton bean 'org.springframework.aop.support.DefaultBeanFactoryPointcutAdvisor#0'
DEBUG [main] - Returning cached instance of singleton bean 'org.springframework.transaction.config.internalTransactionAdvisor'
DEBUG [main] - Returning cached instance of singleton bean 'org.springframework.aop.support.DefaultBeanFactoryPointcutAdvisor#0'
DEBUG [main] - Finished creating instance of bean 'dataSource'
DEBUG [main] - Invoking afterPropertiesSet() on bean with name 'sqlSessionFactory'
DEBUG [main] - Class not found: org.jboss.vfs.VFS
DEBUG [main] - JBoss 6 VFS API is not available in this environment.
DEBUG [main] - Class not found: org.jboss.vfs.VirtualFile
DEBUG [main] - VFS implementation org.apache.ibatis.io.JBoss6VFS is not valid in this environment.
DEBUG [main] - Using VFS adapter org.apache.ibatis.io.DefaultVFS
DEBUG [main] - Find JAR URL: file:/E:/eclipse-jee-2018-09-win32-x86_64/eclipse/workspace/Childcare_sys/WebRoot/WEB-INF/classes/com/aaa/entity
DEBUG [main] - Not a JAR: file:/E:/eclipse-jee-2018-09-win32-x86_64/eclipse/workspace/Childcare_sys/WebRoot/WEB-INF/classes/com/aaa/entity
DEBUG [main] - Reader entry: Member.class
DEBUG [main] - Reader entry: Parenting.class
DEBUG [main] - Reader entry: Posts.class
DEBUG [main] - Reader entry: Reposts.class
DEBUG [main] - Reader entry: User.class
DEBUG [main] - Listing file:/E:/eclipse-jee-2018-09-win32-x86_64/eclipse/workspace/Childcare_sys/WebRoot/WEB-INF/classes/com/aaa/entity
DEBUG [main] - Find JAR URL: file:/E:/eclipse-jee-2018-09-win32-x86_64/eclipse/workspace/Childcare_sys/WebRoot/WEB-INF/classes/com/aaa/entity/Member.class
DEBUG [main] - Not a JAR: file:/E:/eclipse-jee-2018-09-win32-x86_64/eclipse/workspace/Childcare_sys/WebRoot/WEB-INF/classes/com/aaa/entity/Member.class
DEBUG [main] - Reader entry: 漱壕4Vcom/aaa/entity/Memberjava/lang/ObjectidLjava/lang/Integer;usernameLjava/lang/String;reasonstateI
DEBUG [main] - Find JAR URL: file:/E:/eclipse-jee-2018-09-win32-x86_64/eclipse/workspace/Childcare_sys/WebRoot/WEB-INF/classes/com/aaa/entity/Parenting.class
DEBUG [main] - Not a JAR: file:/E:/eclipse-jee-2018-09-win32-x86_64/eclipse/workspace/Childcare_sys/WebRoot/WEB-INF/classes/com/aaa/entity/Parenting.class
DEBUG [main] - Reader entry: 漱壕4Mcom/aaa/entity/Parentingjava/lang/ObjectidLjava/lang/Integer;textLjava/lang/String;timeLjava/util/Date;authorgetId()Ljava/lang/Integer;Code	LineNumberTableLocalVariableTablethisLcom/aaa/entity/Parenting;setId(Ljava/lang/Integer;)VgetText()Ljava/lang/String;	setText(Ljava/lang/String;)VgetTime()Ljava/util/Date;	 	
DEBUG [main] - Find JAR URL: file:/E:/eclipse-jee-2018-09-win32-x86_64/eclipse/workspace/Childcare_sys/WebRoot/WEB-INF/classes/com/aaa/entity/Posts.class
DEBUG [main] - Not a JAR: file:/E:/eclipse-jee-2018-09-win32-x86_64/eclipse/workspace/Childcare_sys/WebRoot/WEB-INF/classes/com/aaa/entity/Posts.class
DEBUG [main] - Reader entry: 漱壕4Tcom/aaa/entity/Postsjava/lang/ObjectidLjava/lang/Integer;nameLjava/lang/String;texttimeLjava/util/Date;authorgetId()Ljava/lang/Integer;Code	LineNumberTableLocalVariableTablethisLcom/aaa/entity/Posts;setId(Ljava/lang/Integer;)VgetName()Ljava/lang/String;	setName(Ljava/lang/String;)VgetText	 	setTextgetTime()Ljava/util/Date;	%
DEBUG [main] - Find JAR URL: file:/E:/eclipse-jee-2018-09-win32-x86_64/eclipse/workspace/Childcare_sys/WebRoot/WEB-INF/classes/com/aaa/entity/Reposts.class
DEBUG [main] - Not a JAR: file:/E:/eclipse-jee-2018-09-win32-x86_64/eclipse/workspace/Childcare_sys/WebRoot/WEB-INF/classes/com/aaa/entity/Reposts.class
DEBUG [main] - Reader entry: 漱壕4[com/aaa/entity/Repostsjava/lang/ObjectidLjava/lang/Integer;	repost_idtextLjava/lang/String;repost_usertimeLjava/util/Date;namegetId()Ljava/lang/Integer;Code	LineNumberTableLocalVariableTablethisLcom/aaa/entity/Reposts;setId(Ljava/lang/Integer;)VgetRepost_id	setRepost_idgetRepost_user()Ljava/lang/String;	 
DEBUG [main] - Find JAR URL: file:/E:/eclipse-jee-2018-09-win32-x86_64/eclipse/workspace/Childcare_sys/WebRoot/WEB-INF/classes/com/aaa/entity/User.class
DEBUG [main] - Not a JAR: file:/E:/eclipse-jee-2018-09-win32-x86_64/eclipse/workspace/Childcare_sys/WebRoot/WEB-INF/classes/com/aaa/entity/User.class
DEBUG [main] - Reader entry: 漱壕4ecom/aaa/entity/Userjava/lang/ObjectidIusernameLjava/lang/String;passwordaddressstateperareaprovince
DEBUG [main] - Checking to see if class com.aaa.entity.Member matches criteria [is assignable to Object]
DEBUG [main] - Checking to see if class com.aaa.entity.Parenting matches criteria [is assignable to Object]
DEBUG [main] - Checking to see if class com.aaa.entity.Posts matches criteria [is assignable to Object]
DEBUG [main] - Checking to see if class com.aaa.entity.Reposts matches criteria [is assignable to Object]
DEBUG [main] - Checking to see if class com.aaa.entity.User matches criteria [is assignable to Object]
DEBUG [main] - Logging initialized using 'class org.apache.ibatis.logging.log4j.Log4jImpl' adapter.
DEBUG [main] - Parsed configuration file: 'class path resource [mybatis/mybatis-config.xml]'
DEBUG [main] - Property 'mapperLocations' was not specified or no matching resources found
DEBUG [main] - Returning cached instance of singleton bean 'org.springframework.transaction.config.internalTransactionAdvisor'
DEBUG [main] - Returning cached instance of singleton bean 'org.springframework.aop.support.DefaultBeanFactoryPointcutAdvisor#0'
DEBUG [main] - Returning cached instance of singleton bean 'org.springframework.transaction.config.internalTransactionAdvisor'
DEBUG [main] - Returning cached instance of singleton bean 'org.springframework.aop.support.DefaultBeanFactoryPointcutAdvisor#0'
DEBUG [main] - Finished creating instance of bean 'sqlSessionFactory'
DEBUG [main] - Returning cached instance of singleton bean 'org.springframework.transaction.config.internalTransactionAdvisor'
DEBUG [main] - Returning cached instance of singleton bean 'org.springframework.aop.support.DefaultBeanFactoryPointcutAdvisor#0'
DEBUG [main] - Returning cached instance of singleton bean 'org.springframework.transaction.config.internalTransactionAdvisor'
DEBUG [main] - Returning cached instance of singleton bean 'org.springframework.aop.support.DefaultBeanFactoryPointcutAdvisor#0'
DEBUG [main] - Invoking afterPropertiesSet() on bean with name 'memberDaoMapper'
DEBUG [main] - Returning cached instance of singleton bean 'org.springframework.transaction.config.internalTransactionAdvisor'
DEBUG [main] - Returning cached instance of singleton bean 'org.springframework.aop.support.DefaultBeanFactoryPointcutAdvisor#0'
DEBUG [main] - Returning cached instance of singleton bean 'org.springframework.transaction.config.internalTransactionAdvisor'
DEBUG [main] - Returning cached instance of singleton bean 'org.springframework.aop.support.DefaultBeanFactoryPointcutAdvisor#0'
DEBUG [main] - Finished creating instance of bean 'memberDaoMapper'
DEBUG [main] - Returning cached instance of singleton bean 'org.springframework.transaction.config.internalTransactionAdvisor'
DEBUG [main] - Returning cached instance of singleton bean 'org.springframework.aop.support.DefaultBeanFactoryPointcutAdvisor#0'
DEBUG [main] - Creating shared instance of singleton bean 'parentingDaoMapper'
DEBUG [main] - Creating instance of bean 'parentingDaoMapper'
DEBUG [main] - Eagerly caching bean 'parentingDaoMapper' to allow for resolving potential circular references
DEBUG [main] - Returning cached instance of singleton bean 'sqlSessionFactory'
DEBUG [main] - Invoking afterPropertiesSet() on bean with name 'parentingDaoMapper'
DEBUG [main] - Returning cached instance of singleton bean 'org.springframework.transaction.config.internalTransactionAdvisor'
DEBUG [main] - Returning cached instance of singleton bean 'org.springframework.aop.support.DefaultBeanFactoryPointcutAdvisor#0'
DEBUG [main] - Returning cached instance of singleton bean 'org.springframework.transaction.config.internalTransactionAdvisor'
DEBUG [main] - Returning cached instance of singleton bean 'org.springframework.aop.support.DefaultBeanFactoryPointcutAdvisor#0'
DEBUG [main] - Finished creating instance of bean 'parentingDaoMapper'
DEBUG [main] - Returning cached instance of singleton bean 'org.springframework.transaction.config.internalTransactionAdvisor'
DEBUG [main] - Returning cached instance of singleton bean 'org.springframework.aop.support.DefaultBeanFactoryPointcutAdvisor#0'
DEBUG [main] - Creating shared instance of singleton bean 'postsDaoMapper'
DEBUG [main] - Creating instance of bean 'postsDaoMapper'
DEBUG [main] - Eagerly caching bean 'postsDaoMapper' to allow for resolving potential circular references
DEBUG [main] - Returning cached instance of singleton bean 'sqlSessionFactory'
DEBUG [main] - Invoking afterPropertiesSet() on bean with name 'postsDaoMapper'
DEBUG [main] - Returning cached instance of singleton bean 'org.springframework.transaction.config.internalTransactionAdvisor'
DEBUG [main] - Returning cached instance of singleton bean 'org.springframework.aop.support.DefaultBeanFactoryPointcutAdvisor#0'
DEBUG [main] - Returning cached instance of singleton bean 'org.springframework.transaction.config.internalTransactionAdvisor'
DEBUG [main] - Returning cached instance of singleton bean 'org.springframework.aop.support.DefaultBeanFactoryPointcutAdvisor#0'
DEBUG [main] - Finished creating instance of bean 'postsDaoMapper'
DEBUG [main] - Returning cached instance of singleton bean 'org.springframework.transaction.config.internalTransactionAdvisor'
DEBUG [main] - Returning cached instance of singleton bean 'org.springframework.aop.support.DefaultBeanFactoryPointcutAdvisor#0'
DEBUG [main] - Creating shared instance of singleton bean 'repostsDaoMapper'
DEBUG [main] - Creating instance of bean 'repostsDaoMapper'
DEBUG [main] - Eagerly caching bean 'repostsDaoMapper' to allow for resolving potential circular references
DEBUG [main] - Returning cached instance of singleton bean 'sqlSessionFactory'
DEBUG [main] - Invoking afterPropertiesSet() on bean with name 'repostsDaoMapper'
DEBUG [main] - Returning cached instance of singleton bean 'org.springframework.transaction.config.internalTransactionAdvisor'
DEBUG [main] - Returning cached instance of singleton bean 'org.springframework.aop.support.DefaultBeanFactoryPointcutAdvisor#0'
DEBUG [main] - Returning cached instance of singleton bean 'org.springframework.transaction.config.internalTransactionAdvisor'
DEBUG [main] - Returning cached instance of singleton bean 'org.springframework.aop.support.DefaultBeanFactoryPointcutAdvisor#0'
DEBUG [main] - Finished creating instance of bean 'repostsDaoMapper'
DEBUG [main] - Returning cached instance of singleton bean 'org.springframework.transaction.config.internalTransactionAdvisor'
DEBUG [main] - Returning cached instance of singleton bean 'org.springframework.aop.support.DefaultBeanFactoryPointcutAdvisor#0'
DEBUG [main] - Creating shared instance of singleton bean 'userMapper'
DEBUG [main] - Creating instance of bean 'userMapper'
DEBUG [main] - Eagerly caching bean 'userMapper' to allow for resolving potential circular references
DEBUG [main] - Returning cached instance of singleton bean 'sqlSessionFactory'
DEBUG [main] - Invoking afterPropertiesSet() on bean with name 'userMapper'
DEBUG [main] - Returning cached instance of singleton bean 'org.springframework.transaction.config.internalTransactionAdvisor'
DEBUG [main] - Returning cached instance of singleton bean 'org.springframework.aop.support.DefaultBeanFactoryPointcutAdvisor#0'
DEBUG [main] - Returning cached instance of singleton bean 'org.springframework.transaction.config.internalTransactionAdvisor'
DEBUG [main] - Returning cached instance of singleton bean 'org.springframework.aop.support.DefaultBeanFactoryPointcutAdvisor#0'
DEBUG [main] - Finished creating instance of bean 'userMapper'
DEBUG [main] - Returning cached instance of singleton bean 'memberDaoMapper'
DEBUG [main] - Returning cached instance of singleton bean 'org.springframework.transaction.config.internalTransactionAdvisor'
DEBUG [main] - Returning cached instance of singleton bean 'org.springframework.aop.support.DefaultBeanFactoryPointcutAdvisor#0'
DEBUG [main] - Returning cached instance of singleton bean 'org.springframework.transaction.config.internalTransactionAdvisor'
DEBUG [main] - Returning cached instance of singleton bean 'org.springframework.aop.support.DefaultBeanFactoryPointcutAdvisor#0'
DEBUG [main] - Autowiring by type from bean name 'memberBizImpl' to bean named 'memberDaoMapper'
DEBUG [main] - Returning cached instance of singleton bean 'org.springframework.transaction.config.internalTransactionAdvisor'
DEBUG [main] - Returning cached instance of singleton bean 'org.springframework.aop.support.DefaultBeanFactoryPointcutAdvisor#0'
DEBUG [main] - Returning cached instance of singleton bean 'org.springframework.transaction.config.internalTransactionAdvisor'
DEBUG [main] - Returning cached instance of singleton bean 'org.springframework.aop.support.DefaultBeanFactoryPointcutAdvisor#0'
DEBUG [main] - Creating shared instance of singleton bean 'txadvice'
DEBUG [main] - Creating instance of bean 'txadvice'
DEBUG [main] - Eagerly caching bean 'txadvice' to allow for resolving potential circular references
DEBUG [main] - Creating shared instance of singleton bean 'transactionManager'
DEBUG [main] - Creating instance of bean 'transactionManager'
DEBUG [main] - Returning cached instance of singleton bean 'org.springframework.transaction.config.internalTransactionAdvisor'
DEBUG [main] - Returning cached instance of singleton bean 'org.springframework.aop.support.DefaultBeanFactoryPointcutAdvisor#0'
DEBUG [main] - Eagerly caching bean 'transactionManager' to allow for resolving potential circular references
DEBUG [main] - Returning cached instance of singleton bean 'dataSource'
DEBUG [main] - Invoking afterPropertiesSet() on bean with name 'transactionManager'
DEBUG [main] - Returning cached instance of singleton bean 'org.springframework.transaction.config.internalTransactionAdvisor'
DEBUG [main] - Returning cached instance of singleton bean 'org.springframework.aop.support.DefaultBeanFactoryPointcutAdvisor#0'
DEBUG [main] - Returning cached instance of singleton bean 'org.springframework.transaction.config.internalTransactionAdvisor'
DEBUG [main] - Returning cached instance of singleton bean 'org.springframework.aop.support.DefaultBeanFactoryPointcutAdvisor#0'
DEBUG [main] - Finished creating instance of bean 'transactionManager'
DEBUG [main] - Creating instance of bean '(inner bean)'
DEBUG [main] - Returning cached instance of singleton bean 'org.springframework.transaction.config.internalTransactionAdvisor'
DEBUG [main] - Returning cached instance of singleton bean 'org.springframework.aop.support.DefaultBeanFactoryPointcutAdvisor#0'
DEBUG [main] - Adding transactional method [*] with attribute [PROPAGATION_REQUIRED,ISOLATION_DEFAULT]
DEBUG [main] - Returning cached instance of singleton bean 'org.springframework.transaction.config.internalTransactionAdvisor'
DEBUG [main] - Returning cached instance of singleton bean 'org.springframework.aop.support.DefaultBeanFactoryPointcutAdvisor#0'
DEBUG [main] - Returning cached instance of singleton bean 'org.springframework.transaction.config.internalTransactionAdvisor'
DEBUG [main] - Returning cached instance of singleton bean 'org.springframework.aop.support.DefaultBeanFactoryPointcutAdvisor#0'
DEBUG [main] - Finished creating instance of bean '(inner bean)'
DEBUG [main] - Invoking afterPropertiesSet() on bean with name 'txadvice'
DEBUG [main] - Finished creating instance of bean 'txadvice'
DEBUG [main] - Creating implicit proxy for bean 'memberBizImpl' with 0 common interceptors and 2 specific interceptors
DEBUG [main] - Creating JDK dynamic proxy: target source is SingletonTargetSource for target object [com.aaa.biz.impl.MemberBizImpl@31add175]
DEBUG [main] - Finished creating instance of bean 'memberBizImpl'
DEBUG [main] - Creating shared instance of singleton bean 'parentingBizImpl'
DEBUG [main] - Creating instance of bean 'parentingBizImpl'
DEBUG [main] - Returning cached instance of singleton bean 'org.springframework.transaction.config.internalTransactionAdvisor'
DEBUG [main] - Returning cached instance of singleton bean 'org.springframework.aop.support.DefaultBeanFactoryPointcutAdvisor#0'
DEBUG [main] - Registered injected element on class [com.aaa.biz.impl.ParentingBizImpl]: AutowiredFieldElement for private com.aaa.mapper.ParentingDaoMapper com.aaa.biz.impl.ParentingBizImpl.parentingDaoMapper
DEBUG [main] - Eagerly caching bean 'parentingBizImpl' to allow for resolving potential circular references
DEBUG [main] - Processing injected method of bean 'parentingBizImpl': AutowiredFieldElement for private com.aaa.mapper.ParentingDaoMapper com.aaa.biz.impl.ParentingBizImpl.parentingDaoMapper
DEBUG [main] - Returning cached instance of singleton bean 'parentingDaoMapper'
DEBUG [main] - Returning cached instance of singleton bean 'org.springframework.transaction.config.internalTransactionAdvisor'
DEBUG [main] - Returning cached instance of singleton bean 'org.springframework.aop.support.DefaultBeanFactoryPointcutAdvisor#0'
DEBUG [main] - Returning cached instance of singleton bean 'org.springframework.transaction.config.internalTransactionAdvisor'
DEBUG [main] - Returning cached instance of singleton bean 'org.springframework.aop.support.DefaultBeanFactoryPointcutAdvisor#0'
DEBUG [main] - Autowiring by type from bean name 'parentingBizImpl' to bean named 'parentingDaoMapper'
DEBUG [main] - Returning cached instance of singleton bean 'org.springframework.transaction.config.internalTransactionAdvisor'
DEBUG [main] - Returning cached instance of singleton bean 'org.springframework.aop.support.DefaultBeanFactoryPointcutAdvisor#0'
DEBUG [main] - Returning cached instance of singleton bean 'org.springframework.transaction.config.internalTransactionAdvisor'
DEBUG [main] - Returning cached instance of singleton bean 'org.springframework.aop.support.DefaultBeanFactoryPointcutAdvisor#0'
DEBUG [main] - Creating implicit proxy for bean 'parentingBizImpl' with 0 common interceptors and 2 specific interceptors
DEBUG [main] - Creating JDK dynamic proxy: target source is SingletonTargetSource for target object [com.aaa.biz.impl.ParentingBizImpl@1b75c2e3]
DEBUG [main] - Finished creating instance of bean 'parentingBizImpl'
DEBUG [main] - Creating shared instance of singleton bean 'postsBizImpl'
DEBUG [main] - Creating instance of bean 'postsBizImpl'
DEBUG [main] - Returning cached instance of singleton bean 'org.springframework.transaction.config.internalTransactionAdvisor'
DEBUG [main] - Returning cached instance of singleton bean 'org.springframework.aop.support.DefaultBeanFactoryPointcutAdvisor#0'
DEBUG [main] - Registered injected element on class [com.aaa.biz.impl.PostsBizImpl]: AutowiredFieldElement for private com.aaa.mapper.PostsDaoMapper com.aaa.biz.impl.PostsBizImpl.postsDaoMapper
DEBUG [main] - Eagerly caching bean 'postsBizImpl' to allow for resolving potential circular references
DEBUG [main] - Processing injected method of bean 'postsBizImpl': AutowiredFieldElement for private com.aaa.mapper.PostsDaoMapper com.aaa.biz.impl.PostsBizImpl.postsDaoMapper
DEBUG [main] - Returning cached instance of singleton bean 'postsDaoMapper'
DEBUG [main] - Returning cached instance of singleton bean 'org.springframework.transaction.config.internalTransactionAdvisor'
DEBUG [main] - Returning cached instance of singleton bean 'org.springframework.aop.support.DefaultBeanFactoryPointcutAdvisor#0'
DEBUG [main] - Returning cached instance of singleton bean 'org.springframework.transaction.config.internalTransactionAdvisor'
DEBUG [main] - Returning cached instance of singleton bean 'org.springframework.aop.support.DefaultBeanFactoryPointcutAdvisor#0'
DEBUG [main] - Autowiring by type from bean name 'postsBizImpl' to bean named 'postsDaoMapper'
DEBUG [main] - Returning cached instance of singleton bean 'org.springframework.transaction.config.internalTransactionAdvisor'
DEBUG [main] - Returning cached instance of singleton bean 'org.springframework.aop.support.DefaultBeanFactoryPointcutAdvisor#0'
DEBUG [main] - Returning cached instance of singleton bean 'org.springframework.transaction.config.internalTransactionAdvisor'
DEBUG [main] - Returning cached instance of singleton bean 'org.springframework.aop.support.DefaultBeanFactoryPointcutAdvisor#0'
DEBUG [main] - Creating implicit proxy for bean 'postsBizImpl' with 0 common interceptors and 2 specific interceptors
DEBUG [main] - Creating JDK dynamic proxy: target source is SingletonTargetSource for target object [com.aaa.biz.impl.PostsBizImpl@49c66ade]
DEBUG [main] - Finished creating instance of bean 'postsBizImpl'
DEBUG [main] - Creating shared instance of singleton bean 'repostsBizImpl'
DEBUG [main] - Creating instance of bean 'repostsBizImpl'
DEBUG [main] - Returning cached instance of singleton bean 'org.springframework.transaction.config.internalTransactionAdvisor'
DEBUG [main] - Returning cached instance of singleton bean 'org.springframework.aop.support.DefaultBeanFactoryPointcutAdvisor#0'
DEBUG [main] - Registered injected element on class [com.aaa.biz.impl.RepostsBizImpl]: AutowiredFieldElement for private com.aaa.mapper.RepostsDaoMapper com.aaa.biz.impl.RepostsBizImpl.repostsDaoMapper
DEBUG [main] - Eagerly caching bean 'repostsBizImpl' to allow for resolving potential circular references
DEBUG [main] - Processing injected method of bean 'repostsBizImpl': AutowiredFieldElement for private com.aaa.mapper.RepostsDaoMapper com.aaa.biz.impl.RepostsBizImpl.repostsDaoMapper
DEBUG [main] - Returning cached instance of singleton bean 'repostsDaoMapper'
DEBUG [main] - Returning cached instance of singleton bean 'org.springframework.transaction.config.internalTransactionAdvisor'
DEBUG [main] - Returning cached instance of singleton bean 'org.springframework.aop.support.DefaultBeanFactoryPointcutAdvisor#0'
DEBUG [main] - Returning cached instance of singleton bean 'org.springframework.transaction.config.internalTransactionAdvisor'
DEBUG [main] - Returning cached instance of singleton bean 'org.springframework.aop.support.DefaultBeanFactoryPointcutAdvisor#0'
DEBUG [main] - Autowiring by type from bean name 'repostsBizImpl' to bean named 'repostsDaoMapper'
DEBUG [main] - Returning cached instance of singleton bean 'org.springframework.transaction.config.internalTransactionAdvisor'
DEBUG [main] - Returning cached instance of singleton bean 'org.springframework.aop.support.DefaultBeanFactoryPointcutAdvisor#0'
DEBUG [main] - Returning cached instance of singleton bean 'org.springframework.transaction.config.internalTransactionAdvisor'
DEBUG [main] - Returning cached instance of singleton bean 'org.springframework.aop.support.DefaultBeanFactoryPointcutAdvisor#0'
DEBUG [main] - Creating implicit proxy for bean 'repostsBizImpl' with 0 common interceptors and 2 specific interceptors
DEBUG [main] - Creating JDK dynamic proxy: target source is SingletonTargetSource for target object [com.aaa.biz.impl.RepostsBizImpl@60129b9a]
DEBUG [main] - Finished creating instance of bean 'repostsBizImpl'
DEBUG [main] - Creating shared instance of singleton bean 'userBizImpl'
DEBUG [main] - Creating instance of bean 'userBizImpl'
DEBUG [main] - Returning cached instance of singleton bean 'org.springframework.transaction.config.internalTransactionAdvisor'
DEBUG [main] - Returning cached instance of singleton bean 'org.springframework.aop.support.DefaultBeanFactoryPointcutAdvisor#0'
DEBUG [main] - Registered injected element on class [com.aaa.biz.impl.UserBizImpl]: AutowiredFieldElement for private com.aaa.mapper.UserMapper com.aaa.biz.impl.UserBizImpl.userMapper
DEBUG [main] - Eagerly caching bean 'userBizImpl' to allow for resolving potential circular references
DEBUG [main] - Processing injected method of bean 'userBizImpl': AutowiredFieldElement for private com.aaa.mapper.UserMapper com.aaa.biz.impl.UserBizImpl.userMapper
DEBUG [main] - Returning cached instance of singleton bean 'userMapper'
DEBUG [main] - Returning cached instance of singleton bean 'org.springframework.transaction.config.internalTransactionAdvisor'
DEBUG [main] - Returning cached instance of singleton bean 'org.springframework.aop.support.DefaultBeanFactoryPointcutAdvisor#0'
DEBUG [main] - Returning cached instance of singleton bean 'org.springframework.transaction.config.internalTransactionAdvisor'
DEBUG [main] - Returning cached instance of singleton bean 'org.springframework.aop.support.DefaultBeanFactoryPointcutAdvisor#0'
DEBUG [main] - Autowiring by type from bean name 'userBizImpl' to bean named 'userMapper'
DEBUG [main] - Returning cached instance of singleton bean 'org.springframework.transaction.config.internalTransactionAdvisor'
DEBUG [main] - Returning cached instance of singleton bean 'org.springframework.aop.support.DefaultBeanFactoryPointcutAdvisor#0'
DEBUG [main] - Returning cached instance of singleton bean 'org.springframework.transaction.config.internalTransactionAdvisor'
DEBUG [main] - Returning cached instance of singleton bean 'org.springframework.aop.support.DefaultBeanFactoryPointcutAdvisor#0'
DEBUG [main] - Creating implicit proxy for bean 'userBizImpl' with 0 common interceptors and 2 specific interceptors
DEBUG [main] - Creating JDK dynamic proxy: target source is SingletonTargetSource for target object [com.aaa.biz.impl.UserBizImpl@6af9fcb2]
DEBUG [main] - Finished creating instance of bean 'userBizImpl'
DEBUG [main] - Creating shared instance of singleton bean 'memberController'
DEBUG [main] - Creating instance of bean 'memberController'
DEBUG [main] - Returning cached instance of singleton bean 'org.springframework.transaction.config.internalTransactionAdvisor'
DEBUG [main] - Returning cached instance of singleton bean 'org.springframework.aop.support.DefaultBeanFactoryPointcutAdvisor#0'
DEBUG [main] - Registered injected element on class [com.aaa.controller.MemberController]: AutowiredFieldElement for private com.aaa.biz.MemberBiz com.aaa.controller.MemberController.memberBiz
DEBUG [main] - Eagerly caching bean 'memberController' to allow for resolving potential circular references
DEBUG [main] - Processing injected method of bean 'memberController': AutowiredFieldElement for private com.aaa.biz.MemberBiz com.aaa.controller.MemberController.memberBiz
DEBUG [main] - Returning cached instance of singleton bean 'memberBizImpl'
DEBUG [main] - Autowiring by type from bean name 'memberController' to bean named 'memberBizImpl'
DEBUG [main] - Returning cached instance of singleton bean 'org.springframework.transaction.config.internalTransactionAdvisor'
DEBUG [main] - Returning cached instance of singleton bean 'org.springframework.aop.support.DefaultBeanFactoryPointcutAdvisor#0'
DEBUG [main] - Returning cached instance of singleton bean 'org.springframework.transaction.config.internalTransactionAdvisor'
DEBUG [main] - Returning cached instance of singleton bean 'org.springframework.aop.support.DefaultBeanFactoryPointcutAdvisor#0'
DEBUG [main] - Finished creating instance of bean 'memberController'
DEBUG [main] - Creating shared instance of singleton bean 'parentingController'
DEBUG [main] - Creating instance of bean 'parentingController'
DEBUG [main] - Returning cached instance of singleton bean 'org.springframework.transaction.config.internalTransactionAdvisor'
DEBUG [main] - Returning cached instance of singleton bean 'org.springframework.aop.support.DefaultBeanFactoryPointcutAdvisor#0'
DEBUG [main] - Registered injected element on class [com.aaa.controller.ParentingController]: AutowiredFieldElement for private com.aaa.biz.ParentingBiz com.aaa.controller.ParentingController.parentingBiz
DEBUG [main] - Eagerly caching bean 'parentingController' to allow for resolving potential circular references
DEBUG [main] - Processing injected method of bean 'parentingController': AutowiredFieldElement for private com.aaa.biz.ParentingBiz com.aaa.controller.ParentingController.parentingBiz
DEBUG [main] - Returning cached instance of singleton bean 'parentingBizImpl'
DEBUG [main] - Autowiring by type from bean name 'parentingController' to bean named 'parentingBizImpl'
DEBUG [main] - Returning cached instance of singleton bean 'org.springframework.transaction.config.internalTransactionAdvisor'
DEBUG [main] - Returning cached instance of singleton bean 'org.springframework.aop.support.DefaultBeanFactoryPointcutAdvisor#0'
DEBUG [main] - Returning cached instance of singleton bean 'org.springframework.transaction.config.internalTransactionAdvisor'
DEBUG [main] - Returning cached instance of singleton bean 'org.springframework.aop.support.DefaultBeanFactoryPointcutAdvisor#0'
DEBUG [main] - Finished creating instance of bean 'parentingController'
DEBUG [main] - Creating shared instance of singleton bean 'postsController'
DEBUG [main] - Creating instance of bean 'postsController'
DEBUG [main] - Returning cached instance of singleton bean 'org.springframework.transaction.config.internalTransactionAdvisor'
DEBUG [main] - Returning cached instance of singleton bean 'org.springframework.aop.support.DefaultBeanFactoryPointcutAdvisor#0'
DEBUG [main] - Registered injected element on class [com.aaa.controller.PostsController]: AutowiredFieldElement for private com.aaa.biz.PostsBiz com.aaa.controller.PostsController.postsBiz
DEBUG [main] - Eagerly caching bean 'postsController' to allow for resolving potential circular references
DEBUG [main] - Processing injected method of bean 'postsController': AutowiredFieldElement for private com.aaa.biz.PostsBiz com.aaa.controller.PostsController.postsBiz
DEBUG [main] - Returning cached instance of singleton bean 'postsBizImpl'
DEBUG [main] - Autowiring by type from bean name 'postsController' to bean named 'postsBizImpl'
DEBUG [main] - Returning cached instance of singleton bean 'org.springframework.transaction.config.internalTransactionAdvisor'
DEBUG [main] - Returning cached instance of singleton bean 'org.springframework.aop.support.DefaultBeanFactoryPointcutAdvisor#0'
DEBUG [main] - Returning cached instance of singleton bean 'org.springframework.transaction.config.internalTransactionAdvisor'
DEBUG [main] - Returning cached instance of singleton bean 'org.springframework.aop.support.DefaultBeanFactoryPointcutAdvisor#0'
DEBUG [main] - Finished creating instance of bean 'postsController'
DEBUG [main] - Creating shared instance of singleton bean 'repostsController'
DEBUG [main] - Creating instance of bean 'repostsController'
DEBUG [main] - Returning cached instance of singleton bean 'org.springframework.transaction.config.internalTransactionAdvisor'
DEBUG [main] - Returning cached instance of singleton bean 'org.springframework.aop.support.DefaultBeanFactoryPointcutAdvisor#0'
DEBUG [main] - Registered injected element on class [com.aaa.controller.RepostsController]: AutowiredFieldElement for private com.aaa.biz.RepostsBiz com.aaa.controller.RepostsController.repostsBiz
DEBUG [main] - Eagerly caching bean 'repostsController' to allow for resolving potential circular references
DEBUG [main] - Processing injected method of bean 'repostsController': AutowiredFieldElement for private com.aaa.biz.RepostsBiz com.aaa.controller.RepostsController.repostsBiz
DEBUG [main] - Returning cached instance of singleton bean 'repostsBizImpl'
DEBUG [main] - Autowiring by type from bean name 'repostsController' to bean named 'repostsBizImpl'
DEBUG [main] - Returning cached instance of singleton bean 'org.springframework.transaction.config.internalTransactionAdvisor'
DEBUG [main] - Returning cached instance of singleton bean 'org.springframework.aop.support.DefaultBeanFactoryPointcutAdvisor#0'
DEBUG [main] - Returning cached instance of singleton bean 'org.springframework.transaction.config.internalTransactionAdvisor'
DEBUG [main] - Returning cached instance of singleton bean 'org.springframework.aop.support.DefaultBeanFactoryPointcutAdvisor#0'
DEBUG [main] - Finished creating instance of bean 'repostsController'
DEBUG [main] - Creating shared instance of singleton bean 'userController'
DEBUG [main] - Creating instance of bean 'userController'
DEBUG [main] - Returning cached instance of singleton bean 'org.springframework.transaction.config.internalTransactionAdvisor'
DEBUG [main] - Returning cached instance of singleton bean 'org.springframework.aop.support.DefaultBeanFactoryPointcutAdvisor#0'
DEBUG [main] - Registered injected element on class [com.aaa.controller.UserController]: AutowiredFieldElement for private com.aaa.biz.UserBiz com.aaa.controller.UserController.userBiz
DEBUG [main] - Eagerly caching bean 'userController' to allow for resolving potential circular references
DEBUG [main] - Processing injected method of bean 'userController': AutowiredFieldElement for private com.aaa.biz.UserBiz com.aaa.controller.UserController.userBiz
DEBUG [main] - Returning cached instance of singleton bean 'userBizImpl'
DEBUG [main] - Autowiring by type from bean name 'userController' to bean named 'userBizImpl'
DEBUG [main] - Returning cached instance of singleton bean 'org.springframework.transaction.config.internalTransactionAdvisor'
DEBUG [main] - Returning cached instance of singleton bean 'org.springframework.aop.support.DefaultBeanFactoryPointcutAdvisor#0'
DEBUG [main] - Returning cached instance of singleton bean 'org.springframework.transaction.config.internalTransactionAdvisor'
DEBUG [main] - Returning cached instance of singleton bean 'org.springframework.aop.support.DefaultBeanFactoryPointcutAdvisor#0'
DEBUG [main] - Finished creating instance of bean 'userController'
DEBUG [main] - Returning cached instance of singleton bean 'org.springframework.context.annotation.internalConfigurationAnnotationProcessor'
DEBUG [main] - Returning cached instance of singleton bean 'org.springframework.context.annotation.internalAutowiredAnnotationProcessor'
DEBUG [main] - Returning cached instance of singleton bean 'org.springframework.context.annotation.internalRequiredAnnotationProcessor'
DEBUG [main] - Returning cached instance of singleton bean 'org.springframework.context.annotation.internalCommonAnnotationProcessor'
DEBUG [main] - Returning cached instance of singleton bean 'org.springframework.context.support.PropertySourcesPlaceholderConfigurer#0'
DEBUG [main] - Returning cached instance of singleton bean 'dataSource'
DEBUG [main] - Returning cached instance of singleton bean 'sqlSessionFactory'
DEBUG [main] - Returning cached instance of singleton bean 'org.mybatis.spring.mapper.MapperScannerConfigurer#0'
DEBUG [main] - Returning cached instance of singleton bean 'transactionManager'
DEBUG [main] - Returning cached instance of singleton bean 'org.springframework.aop.config.internalAutoProxyCreator'
DEBUG [main] - Returning cached instance of singleton bean 'org.springframework.transaction.annotation.AnnotationTransactionAttributeSource#0'
DEBUG [main] - Creating shared instance of singleton bean 'org.springframework.transaction.interceptor.TransactionInterceptor#0'
DEBUG [main] - Creating instance of bean 'org.springframework.transaction.interceptor.TransactionInterceptor#0'
DEBUG [main] - Eagerly caching bean 'org.springframework.transaction.interceptor.TransactionInterceptor#0' to allow for resolving potential circular references
DEBUG [main] - Returning cached instance of singleton bean 'org.springframework.transaction.annotation.AnnotationTransactionAttributeSource#0'
DEBUG [main] - Invoking afterPropertiesSet() on bean with name 'org.springframework.transaction.interceptor.TransactionInterceptor#0'
DEBUG [main] - Finished creating instance of bean 'org.springframework.transaction.interceptor.TransactionInterceptor#0'
DEBUG [main] - Returning cached instance of singleton bean 'org.springframework.transaction.config.internalTransactionAdvisor'
DEBUG [main] - Returning cached instance of singleton bean 'txadvice'
DEBUG [main] - Returning cached instance of singleton bean 'org.springframework.aop.support.DefaultBeanFactoryPointcutAdvisor#0'
DEBUG [main] - Returning cached instance of singleton bean 'org.springframework.context.annotation.ConfigurationClassPostProcessor.importAwareProcessor'
DEBUG [main] - Returning cached instance of singleton bean 'org.springframework.context.annotation.ConfigurationClassPostProcessor.enhancedConfigurationProcessor'
DEBUG [main] - Returning cached instance of singleton bean 'memberDaoMapper'
DEBUG [main] - Returning cached instance of singleton bean 'parentingDaoMapper'
DEBUG [main] - Returning cached instance of singleton bean 'postsDaoMapper'
DEBUG [main] - Returning cached instance of singleton bean 'repostsDaoMapper'
DEBUG [main] - Returning cached instance of singleton bean 'userMapper'
DEBUG [main] - Unable to locate LifecycleProcessor with name 'lifecycleProcessor': using default [org.springframework.context.support.DefaultLifecycleProcessor@764faa6]
DEBUG [main] - Returning cached instance of singleton bean 'lifecycleProcessor'
DEBUG [main] - Returning cached instance of singleton bean 'sqlSessionFactory'
DEBUG [main] - Searching for key 'spring.liveBeansView.mbeanDomain' in [systemProperties]
DEBUG [main] - Searching for key 'spring.liveBeansView.mbeanDomain' in [systemEnvironment]
DEBUG [main] - Could not find key 'spring.liveBeansView.mbeanDomain' in any property source. Returning [null]
DEBUG [main] - Storing ApplicationContext in cache under key [[MergedContextConfiguration@1dfe2924 testClass = PostsServiceTest, locations = '{file:config/spring/applicationContext.xml}', classes = '{}', contextInitializerClasses = '[]', activeProfiles = '{}', contextLoader = 'org.springframework.test.context.support.DelegatingSmartContextLoader', parent = [null]]].
DEBUG [main] - Processing injected method of bean 'ServiceTest.PostsServiceTest': AutowiredFieldElement for private com.aaa.biz.PostsBiz ServiceTest.PostsServiceTest.postsBiz
DEBUG [main] - Returning cached instance of singleton bean 'postsBizImpl'
DEBUG [main] - Autowiring by type from bean name 'ServiceTest.PostsServiceTest' to bean named 'postsBizImpl'
DEBUG [main] - Returning cached instance of singleton bean 'org.springframework.transaction.config.internalTransactionAdvisor'
DEBUG [main] - Returning cached instance of singleton bean 'org.springframework.aop.support.DefaultBeanFactoryPointcutAdvisor#0'
DEBUG [main] - Returning cached instance of singleton bean 'org.springframework.transaction.config.internalTransactionAdvisor'
DEBUG [main] - Returning cached instance of singleton bean 'org.springframework.aop.support.DefaultBeanFactoryPointcutAdvisor#0'
DEBUG [main] - Adding transactional method 'PostsServiceTest.updtest' with attribute: PROPAGATION_REQUIRED,ISOLATION_DEFAULT; ''
DEBUG [main] - Returning cached instance of singleton bean 'org.springframework.transaction.interceptor.TransactionInterceptor#0'
DEBUG [main] - Creating implicit proxy for bean 'ServiceTest.PostsServiceTest' with 0 common interceptors and 1 specific interceptors
DEBUG [main] - Creating CGLIB proxy: target source is SingletonTargetSource for target object [ServiceTest.PostsServiceTest@35d176f7]
DEBUG [main] - Unable to apply any optimisations to advised method: public void ServiceTest.PostsServiceTest.updtest()
DEBUG [main] - Unable to apply any optimisations to advised method: public void ServiceTest.PostsServiceTest.setUp() throws java.lang.Exception
DEBUG [main] - Adding transactional method 'PostsServiceTest.findSameAgeTest' with attribute: PROPAGATION_REQUIRED,ISOLATION_DEFAULT; ''
DEBUG [main] - Unable to apply any optimisations to advised method: public void ServiceTest.PostsServiceTest.findSameAgeTest()
DEBUG [main] - Adding transactional method 'PostsServiceTest.deltest' with attribute: PROPAGATION_REQUIRED,ISOLATION_DEFAULT; ''
DEBUG [main] - Unable to apply any optimisations to advised method: public void ServiceTest.PostsServiceTest.deltest()
DEBUG [main] - Adding transactional method 'PostsServiceTest.findAllTest' with attribute: PROPAGATION_REQUIRED,ISOLATION_DEFAULT; ''
DEBUG [main] - Unable to apply any optimisations to advised method: public void ServiceTest.PostsServiceTest.findAllTest()
DEBUG [main] - Adding transactional method 'PostsServiceTest.findSameCityTest' with attribute: PROPAGATION_REQUIRED,ISOLATION_DEFAULT; ''
DEBUG [main] - Unable to apply any optimisations to advised method: public void ServiceTest.PostsServiceTest.findSameCityTest()
DEBUG [main] - Adding transactional method 'PostsServiceTest.addtest' with attribute: PROPAGATION_REQUIRED,ISOLATION_DEFAULT; ''
DEBUG [main] - Unable to apply any optimisations to advised method: public void ServiceTest.PostsServiceTest.addtest()
DEBUG [main] - Found finalize() method - using NO_OVERRIDE
DEBUG [main] - Found 'equals' method: public boolean java.lang.Object.equals(java.lang.Object)
DEBUG [main] - Unable to apply any optimisations to advised method: public java.lang.String java.lang.Object.toString()
DEBUG [main] - Found 'hashCode' method: public native int java.lang.Object.hashCode()
DEBUG [main] - Unable to apply any optimisations to advised method: protected native java.lang.Object java.lang.Object.clone() throws java.lang.CloneNotSupportedException
DEBUG [main] - Method is declared on Advised interface: public abstract int org.springframework.aop.framework.Advised.indexOf(org.springframework.aop.Advisor)
DEBUG [main] - Method is declared on Advised interface: public abstract int org.springframework.aop.framework.Advised.indexOf(org.aopalliance.aop.Advice)
DEBUG [main] - Method is declared on Advised interface: public abstract boolean org.springframework.aop.framework.Advised.isFrozen()
DEBUG [main] - Method is declared on Advised interface: public abstract java.lang.String org.springframework.aop.framework.Advised.toProxyConfigString()
DEBUG [main] - Method is declared on Advised interface: public abstract java.lang.Class[] org.springframework.aop.framework.Advised.getProxiedInterfaces()
DEBUG [main] - Method is declared on Advised interface: public abstract boolean org.springframework.aop.framework.Advised.isInterfaceProxied(java.lang.Class)
DEBUG [main] - Method is declared on Advised interface: public abstract boolean org.springframework.aop.framework.Advised.replaceAdvisor(org.springframework.aop.Advisor,org.springframework.aop.Advisor) throws org.springframework.aop.framework.AopConfigException
DEBUG [main] - Method is declared on Advised interface: public abstract void org.springframework.aop.framework.Advised.removeAdvisor(int) throws org.springframework.aop.framework.AopConfigException
DEBUG [main] - Method is declared on Advised interface: public abstract boolean org.springframework.aop.framework.Advised.removeAdvisor(org.springframework.aop.Advisor)
DEBUG [main] - Method is declared on Advised interface: public abstract void org.springframework.aop.framework.Advised.addAdvice(org.aopalliance.aop.Advice) throws org.springframework.aop.framework.AopConfigException
DEBUG [main] - Method is declared on Advised interface: public abstract void org.springframework.aop.framework.Advised.addAdvice(int,org.aopalliance.aop.Advice) throws org.springframework.aop.framework.AopConfigException
DEBUG [main] - Method is declared on Advised interface: public abstract org.springframework.aop.Advisor[] org.springframework.aop.framework.Advised.getAdvisors()
DEBUG [main] - Method is declared on Advised interface: public abstract boolean org.springframework.aop.framework.Advised.isPreFiltered()
DEBUG [main] - Method is declared on Advised interface: public abstract boolean org.springframework.aop.framework.Advised.removeAdvice(org.aopalliance.aop.Advice)
DEBUG [main] - Method is declared on Advised interface: public abstract void org.springframework.aop.framework.Advised.setTargetSource(org.springframework.aop.TargetSource)
DEBUG [main] - Method is declared on Advised interface: public abstract org.springframework.aop.TargetSource org.springframework.aop.framework.Advised.getTargetSource()
DEBUG [main] - Method is declared on Advised interface: public abstract void org.springframework.aop.framework.Advised.addAdvisor(org.springframework.aop.Advisor) throws org.springframework.aop.framework.AopConfigException
DEBUG [main] - Method is declared on Advised interface: public abstract void org.springframework.aop.framework.Advised.addAdvisor(int,org.springframework.aop.Advisor) throws org.springframework.aop.framework.AopConfigException
DEBUG [main] - Method is declared on Advised interface: public abstract void org.springframework.aop.framework.Advised.setExposeProxy(boolean)
DEBUG [main] - Method is declared on Advised interface: public abstract boolean org.springframework.aop.framework.Advised.isExposeProxy()
DEBUG [main] - Method is declared on Advised interface: public abstract void org.springframework.aop.framework.Advised.setPreFiltered(boolean)
DEBUG [main] - Method is declared on Advised interface: public abstract boolean org.springframework.aop.framework.Advised.isProxyTargetClass()
DEBUG [main] - Method is declared on Advised interface: public abstract java.lang.Class org.springframework.aop.TargetClassAware.getTargetClass()
DEBUG [main] - Adding transactional method 'PostsServiceTest.updtest' with attribute: PROPAGATION_REQUIRED,ISOLATION_DEFAULT; ''
DEBUG [main] - Explicit transaction definition [PROPAGATION_REQUIRED,ISOLATION_DEFAULT; ''] found for test context [DefaultTestContext@551aa95a testClass = PostsServiceTest, testInstance = ServiceTest.PostsServiceTest@35d176f7, testMethod = updtest@PostsServiceTest, testException = [null], mergedContextConfiguration = [MergedContextConfiguration@1dfe2924 testClass = PostsServiceTest, locations = '{file:config/spring/applicationContext.xml}', classes = '{}', contextInitializerClasses = '[]', activeProfiles = '{}', contextLoader = 'org.springframework.test.context.support.DelegatingSmartContextLoader', parent = [null]]]
DEBUG [main] - Retrieved ApplicationContext from cache with key [[MergedContextConfiguration@1dfe2924 testClass = PostsServiceTest, locations = '{file:config/spring/applicationContext.xml}', classes = '{}', contextInitializerClasses = '[]', activeProfiles = '{}', contextLoader = 'org.springframework.test.context.support.DelegatingSmartContextLoader', parent = [null]]].
DEBUG [main] - Retrieved @TransactionConfiguration attributes [null] for test class [class ServiceTest.PostsServiceTest].
DEBUG [main] - Retrieved TransactionConfigurationAttributes [TransactionConfigurationAttributes@74eb909f transactionManagerName = 'transactionManager', defaultRollback = true] for class [class ServiceTest.PostsServiceTest].
DEBUG [main] - Returning cached instance of singleton bean 'transactionManager'
DEBUG [main] - Creating new transaction with name [updtest]: PROPAGATION_REQUIRED,ISOLATION_DEFAULT; ''
DEBUG [main] - Acquired Connection [jdbc:mysql://127.0.0.1:3306/childcare_system?useUnicode=true&amp;characterEncoding=utf8?useUnicode=true&characterEncoding=utf8, UserName=root@localhost, MySQL-AB JDBC Driver] for JDBC transaction
DEBUG [main] - Switching JDBC Connection [jdbc:mysql://127.0.0.1:3306/childcare_system?useUnicode=true&amp;characterEncoding=utf8?useUnicode=true&characterEncoding=utf8, UserName=root@localhost, MySQL-AB JDBC Driver] to manual commit
DEBUG [main] - No method-level @Rollback override: using default rollback [true] for test context [DefaultTestContext@551aa95a testClass = PostsServiceTest, testInstance = ServiceTest.PostsServiceTest@35d176f7, testMethod = updtest@PostsServiceTest, testException = [null], mergedContextConfiguration = [MergedContextConfiguration@1dfe2924 testClass = PostsServiceTest, locations = '{file:config/spring/applicationContext.xml}', classes = '{}', contextInitializerClasses = '[]', activeProfiles = '{}', contextLoader = 'org.springframework.test.context.support.DelegatingSmartContextLoader', parent = [null]]].
 INFO [main] - Began transaction (1) for test context [DefaultTestContext@551aa95a testClass = PostsServiceTest, testInstance = ServiceTest.PostsServiceTest@35d176f7, testMethod = updtest@PostsServiceTest, testException = [null], mergedContextConfiguration = [MergedContextConfiguration@1dfe2924 testClass = PostsServiceTest, locations = '{file:config/spring/applicationContext.xml}', classes = '{}', contextInitializerClasses = '[]', activeProfiles = '{}', contextLoader = 'org.springframework.test.context.support.DelegatingSmartContextLoader', parent = [null]]]; transaction manager [org.springframework.jdbc.datasource.DataSourceTransactionManager@13518f37]; rollback [true]
DEBUG [main] - Participating in existing transaction
DEBUG [main] - Creating a new SqlSession
DEBUG [main] - Registering transaction synchronization for SqlSession [org.apache.ibatis.session.defaults.DefaultSqlSession@4bff64c2]
DEBUG [main] - JDBC Connection [jdbc:mysql://127.0.0.1:3306/childcare_system?useUnicode=true&amp;characterEncoding=utf8?useUnicode=true&characterEncoding=utf8, UserName=root@localhost, MySQL-AB JDBC Driver] will be managed by Spring
DEBUG [main] - ==>  Preparing: insert into posts values(default,?,?,?,?) 
DEBUG [main] - ==> Parameters: 测试标题(String), 我是一条很长的正文(String), 2019-03-06 17:32:23.957(Timestamp), 测试作者(String)
DEBUG [main] - <==    Updates: 1
DEBUG [main] - Releasing transactional SqlSession [org.apache.ibatis.session.defaults.DefaultSqlSession@4bff64c2]
Posts [id=156, name=测试标题, text=我是一条很长的正文, time=Wed Mar 06 17:32:23 CST 2019, author=测试作者]
DEBUG [main] - Participating in existing transaction
DEBUG [main] - Fetched SqlSession [org.apache.ibatis.session.defaults.DefaultSqlSession@4bff64c2] from current transaction
DEBUG [main] - ==>  Preparing: update posts set name=?,text=?,time=?,author=? where id =? 
DEBUG [main] - ==> Parameters: 测试标题2(String), 我是一条很长的正文2(String), 2019-03-06 17:32:24.178(Timestamp), 测试作者2(String), 156(Integer)
DEBUG [main] - <==    Updates: 1
DEBUG [main] - Releasing transactional SqlSession [org.apache.ibatis.session.defaults.DefaultSqlSession@4bff64c2]
Posts [id=156, name=测试标题2, text=我是一条很长的正文2, time=Wed Mar 06 17:32:24 CST 2019, author=测试作者2]
DEBUG [main] - Participating in existing transaction
DEBUG [main] - Fetched SqlSession [org.apache.ibatis.session.defaults.DefaultSqlSession@4bff64c2] from current transaction
DEBUG [main] - ==>  Preparing: select * from posts where id=? 
DEBUG [main] - ==> Parameters: 156(Integer)
DEBUG [main] - <==      Total: 1
DEBUG [main] - Releasing transactional SqlSession [org.apache.ibatis.session.defaults.DefaultSqlSession@4bff64c2]
DEBUG [main] - No method-level @Rollback override: using default rollback [true] for test context [DefaultTestContext@551aa95a testClass = PostsServiceTest, testInstance = ServiceTest.PostsServiceTest@35d176f7, testMethod = updtest@PostsServiceTest, testException = [null], mergedContextConfiguration = [MergedContextConfiguration@1dfe2924 testClass = PostsServiceTest, locations = '{file:config/spring/applicationContext.xml}', classes = '{}', contextInitializerClasses = '[]', activeProfiles = '{}', contextLoader = 'org.springframework.test.context.support.DelegatingSmartContextLoader', parent = [null]]].
DEBUG [main] - Transaction synchronization deregistering SqlSession [org.apache.ibatis.session.defaults.DefaultSqlSession@4bff64c2]
DEBUG [main] - Transaction synchronization closing SqlSession [org.apache.ibatis.session.defaults.DefaultSqlSession@4bff64c2]
DEBUG [main] - Initiating transaction rollback
DEBUG [main] - Rolling back JDBC transaction on Connection [jdbc:mysql://127.0.0.1:3306/childcare_system?useUnicode=true&amp;characterEncoding=utf8?useUnicode=true&characterEncoding=utf8, UserName=root@localhost, MySQL-AB JDBC Driver]
DEBUG [main] - Releasing JDBC Connection [jdbc:mysql://127.0.0.1:3306/childcare_system?useUnicode=true&amp;characterEncoding=utf8?useUnicode=true&characterEncoding=utf8, UserName=root@localhost, MySQL-AB JDBC Driver] after transaction
DEBUG [main] - Returning JDBC Connection to DataSource
 INFO [main] - Rolled back transaction after test execution for test context [DefaultTestContext@551aa95a testClass = PostsServiceTest, testInstance = ServiceTest.PostsServiceTest@35d176f7, testMethod = updtest@PostsServiceTest, testException = [null], mergedContextConfiguration = [MergedContextConfiguration@1dfe2924 testClass = PostsServiceTest, locations = '{file:config/spring/applicationContext.xml}', classes = '{}', contextInitializerClasses = '[]', activeProfiles = '{}', contextLoader = 'org.springframework.test.context.support.DelegatingSmartContextLoader', parent = [null]]]
DEBUG [main] - After test method: context [DefaultTestContext@551aa95a testClass = PostsServiceTest, testInstance = ServiceTest.PostsServiceTest@35d176f7, testMethod = updtest@PostsServiceTest, testException = [null], mergedContextConfiguration = [MergedContextConfiguration@1dfe2924 testClass = PostsServiceTest, locations = '{file:config/spring/applicationContext.xml}', classes = '{}', contextInitializerClasses = '[]', activeProfiles = '{}', contextLoader = 'org.springframework.test.context.support.DelegatingSmartContextLoader', parent = [null]]], class dirties context [false], class mode [null], method dirties context [false].
DEBUG [main] - Retrieved @ProfileValueSourceConfiguration [null] for test class [ServiceTest.PostsServiceTest]
DEBUG [main] - Retrieved ProfileValueSource type [class org.springframework.test.annotation.SystemProfileValueSource] for class [ServiceTest.PostsServiceTest]
DEBUG [main] - Performing dependency injection for test context [[DefaultTestContext@551aa95a testClass = PostsServiceTest, testInstance = ServiceTest.PostsServiceTest@7ac2e39b, testMethod = [null], testException = [null], mergedContextConfiguration = [MergedContextConfiguration@1dfe2924 testClass = PostsServiceTest, locations = '{file:config/spring/applicationContext.xml}', classes = '{}', contextInitializerClasses = '[]', activeProfiles = '{}', contextLoader = 'org.springframework.test.context.support.DelegatingSmartContextLoader', parent = [null]]]].
DEBUG [main] - Retrieved ApplicationContext from cache with key [[MergedContextConfiguration@1dfe2924 testClass = PostsServiceTest, locations = '{file:config/spring/applicationContext.xml}', classes = '{}', contextInitializerClasses = '[]', activeProfiles = '{}', contextLoader = 'org.springframework.test.context.support.DelegatingSmartContextLoader', parent = [null]]].
DEBUG [main] - Processing injected method of bean 'ServiceTest.PostsServiceTest': AutowiredFieldElement for private com.aaa.biz.PostsBiz ServiceTest.PostsServiceTest.postsBiz
DEBUG [main] - Returning cached instance of singleton bean 'postsBizImpl'
DEBUG [main] - Returning cached instance of singleton bean 'org.springframework.transaction.config.internalTransactionAdvisor'
DEBUG [main] - Returning cached instance of singleton bean 'org.springframework.aop.support.DefaultBeanFactoryPointcutAdvisor#0'
DEBUG [main] - Returning cached instance of singleton bean 'org.springframework.transaction.config.internalTransactionAdvisor'
DEBUG [main] - Returning cached instance of singleton bean 'org.springframework.aop.support.DefaultBeanFactoryPointcutAdvisor#0'
DEBUG [main] - Creating implicit proxy for bean 'ServiceTest.PostsServiceTest' with 0 common interceptors and 1 specific interceptors
DEBUG [main] - Creating CGLIB proxy: target source is SingletonTargetSource for target object [ServiceTest.PostsServiceTest@7ac2e39b]
DEBUG [main] - Adding transactional method 'PostsServiceTest.findSameAgeTest' with attribute: PROPAGATION_REQUIRED,ISOLATION_DEFAULT; ''
DEBUG [main] - Explicit transaction definition [PROPAGATION_REQUIRED,ISOLATION_DEFAULT; ''] found for test context [DefaultTestContext@551aa95a testClass = PostsServiceTest, testInstance = ServiceTest.PostsServiceTest@7ac2e39b, testMethod = findSameAgeTest@PostsServiceTest, testException = [null], mergedContextConfiguration = [MergedContextConfiguration@1dfe2924 testClass = PostsServiceTest, locations = '{file:config/spring/applicationContext.xml}', classes = '{}', contextInitializerClasses = '[]', activeProfiles = '{}', contextLoader = 'org.springframework.test.context.support.DelegatingSmartContextLoader', parent = [null]]]
DEBUG [main] - Retrieved ApplicationContext from cache with key [[MergedContextConfiguration@1dfe2924 testClass = PostsServiceTest, locations = '{file:config/spring/applicationContext.xml}', classes = '{}', contextInitializerClasses = '[]', activeProfiles = '{}', contextLoader = 'org.springframework.test.context.support.DelegatingSmartContextLoader', parent = [null]]].
DEBUG [main] - Returning cached instance of singleton bean 'transactionManager'
DEBUG [main] - Creating new transaction with name [findSameAgeTest]: PROPAGATION_REQUIRED,ISOLATION_DEFAULT; ''
DEBUG [main] - Acquired Connection [jdbc:mysql://127.0.0.1:3306/childcare_system?useUnicode=true&amp;characterEncoding=utf8?useUnicode=true&characterEncoding=utf8, UserName=root@localhost, MySQL-AB JDBC Driver] for JDBC transaction
DEBUG [main] - Switching JDBC Connection [jdbc:mysql://127.0.0.1:3306/childcare_system?useUnicode=true&amp;characterEncoding=utf8?useUnicode=true&characterEncoding=utf8, UserName=root@localhost, MySQL-AB JDBC Driver] to manual commit
DEBUG [main] - No method-level @Rollback override: using default rollback [true] for test context [DefaultTestContext@551aa95a testClass = PostsServiceTest, testInstance = ServiceTest.PostsServiceTest@7ac2e39b, testMethod = findSameAgeTest@PostsServiceTest, testException = [null], mergedContextConfiguration = [MergedContextConfiguration@1dfe2924 testClass = PostsServiceTest, locations = '{file:config/spring/applicationContext.xml}', classes = '{}', contextInitializerClasses = '[]', activeProfiles = '{}', contextLoader = 'org.springframework.test.context.support.DelegatingSmartContextLoader', parent = [null]]].
 INFO [main] - Began transaction (2) for test context [DefaultTestContext@551aa95a testClass = PostsServiceTest, testInstance = ServiceTest.PostsServiceTest@7ac2e39b, testMethod = findSameAgeTest@PostsServiceTest, testException = [null], mergedContextConfiguration = [MergedContextConfiguration@1dfe2924 testClass = PostsServiceTest, locations = '{file:config/spring/applicationContext.xml}', classes = '{}', contextInitializerClasses = '[]', activeProfiles = '{}', contextLoader = 'org.springframework.test.context.support.DelegatingSmartContextLoader', parent = [null]]]; transaction manager [org.springframework.jdbc.datasource.DataSourceTransactionManager@13518f37]; rollback [true]
DEBUG [main] - Participating in existing transaction
DEBUG [main] - Creating a new SqlSession
DEBUG [main] - Registering transaction synchronization for SqlSession [org.apache.ibatis.session.defaults.DefaultSqlSession@18c5069b]
DEBUG [main] - JDBC Connection [jdbc:mysql://127.0.0.1:3306/childcare_system?useUnicode=true&amp;characterEncoding=utf8?useUnicode=true&characterEncoding=utf8, UserName=root@localhost, MySQL-AB JDBC Driver] will be managed by Spring
DEBUG [main] - ==>  Preparing: SELECT * FROM posts WHERE author IN( SELECT USER.username FROM USER WHERE USER.state IN( SELECT USER.state FROM USER WHERE USER.username = ? ) ) 
DEBUG [main] - ==> Parameters: 测试作者(String)
DEBUG [main] - <==      Total: 0
DEBUG [main] - Releasing transactional SqlSession [org.apache.ibatis.session.defaults.DefaultSqlSession@18c5069b]
[]
DEBUG [main] - No method-level @Rollback override: using default rollback [true] for test context [DefaultTestContext@551aa95a testClass = PostsServiceTest, testInstance = ServiceTest.PostsServiceTest@7ac2e39b, testMethod = findSameAgeTest@PostsServiceTest, testException = [null], mergedContextConfiguration = [MergedContextConfiguration@1dfe2924 testClass = PostsServiceTest, locations = '{file:config/spring/applicationContext.xml}', classes = '{}', contextInitializerClasses = '[]', activeProfiles = '{}', contextLoader = 'org.springframework.test.context.support.DelegatingSmartContextLoader', parent = [null]]].
DEBUG [main] - Transaction synchronization deregistering SqlSession [org.apache.ibatis.session.defaults.DefaultSqlSession@18c5069b]
DEBUG [main] - Transaction synchronization closing SqlSession [org.apache.ibatis.session.defaults.DefaultSqlSession@18c5069b]
DEBUG [main] - Initiating transaction rollback
DEBUG [main] - Rolling back JDBC transaction on Connection [jdbc:mysql://127.0.0.1:3306/childcare_system?useUnicode=true&amp;characterEncoding=utf8?useUnicode=true&characterEncoding=utf8, UserName=root@localhost, MySQL-AB JDBC Driver]
DEBUG [main] - Releasing JDBC Connection [jdbc:mysql://127.0.0.1:3306/childcare_system?useUnicode=true&amp;characterEncoding=utf8?useUnicode=true&characterEncoding=utf8, UserName=root@localhost, MySQL-AB JDBC Driver] after transaction
DEBUG [main] - Returning JDBC Connection to DataSource
 INFO [main] - Rolled back transaction after test execution for test context [DefaultTestContext@551aa95a testClass = PostsServiceTest, testInstance = ServiceTest.PostsServiceTest@7ac2e39b, testMethod = findSameAgeTest@PostsServiceTest, testException = [null], mergedContextConfiguration = [MergedContextConfiguration@1dfe2924 testClass = PostsServiceTest, locations = '{file:config/spring/applicationContext.xml}', classes = '{}', contextInitializerClasses = '[]', activeProfiles = '{}', contextLoader = 'org.springframework.test.context.support.DelegatingSmartContextLoader', parent = [null]]]
DEBUG [main] - After test method: context [DefaultTestContext@551aa95a testClass = PostsServiceTest, testInstance = ServiceTest.PostsServiceTest@7ac2e39b, testMethod = findSameAgeTest@PostsServiceTest, testException = [null], mergedContextConfiguration = [MergedContextConfiguration@1dfe2924 testClass = PostsServiceTest, locations = '{file:config/spring/applicationContext.xml}', classes = '{}', contextInitializerClasses = '[]', activeProfiles = '{}', contextLoader = 'org.springframework.test.context.support.DelegatingSmartContextLoader', parent = [null]]], class dirties context [false], class mode [null], method dirties context [false].
DEBUG [main] - Retrieved @ProfileValueSourceConfiguration [null] for test class [ServiceTest.PostsServiceTest]
DEBUG [main] - Retrieved ProfileValueSource type [class org.springframework.test.annotation.SystemProfileValueSource] for class [ServiceTest.PostsServiceTest]
DEBUG [main] - Performing dependency injection for test context [[DefaultTestContext@551aa95a testClass = PostsServiceTest, testInstance = ServiceTest.PostsServiceTest@1755e85b, testMethod = [null], testException = [null], mergedContextConfiguration = [MergedContextConfiguration@1dfe2924 testClass = PostsServiceTest, locations = '{file:config/spring/applicationContext.xml}', classes = '{}', contextInitializerClasses = '[]', activeProfiles = '{}', contextLoader = 'org.springframework.test.context.support.DelegatingSmartContextLoader', parent = [null]]]].
DEBUG [main] - Retrieved ApplicationContext from cache with key [[MergedContextConfiguration@1dfe2924 testClass = PostsServiceTest, locations = '{file:config/spring/applicationContext.xml}', classes = '{}', contextInitializerClasses = '[]', activeProfiles = '{}', contextLoader = 'org.springframework.test.context.support.DelegatingSmartContextLoader', parent = [null]]].
DEBUG [main] - Processing injected method of bean 'ServiceTest.PostsServiceTest': AutowiredFieldElement for private com.aaa.biz.PostsBiz ServiceTest.PostsServiceTest.postsBiz
DEBUG [main] - Returning cached instance of singleton bean 'postsBizImpl'
DEBUG [main] - Returning cached instance of singleton bean 'org.springframework.transaction.config.internalTransactionAdvisor'
DEBUG [main] - Returning cached instance of singleton bean 'org.springframework.aop.support.DefaultBeanFactoryPointcutAdvisor#0'
DEBUG [main] - Returning cached instance of singleton bean 'org.springframework.transaction.config.internalTransactionAdvisor'
DEBUG [main] - Returning cached instance of singleton bean 'org.springframework.aop.support.DefaultBeanFactoryPointcutAdvisor#0'
DEBUG [main] - Creating implicit proxy for bean 'ServiceTest.PostsServiceTest' with 0 common interceptors and 1 specific interceptors
DEBUG [main] - Creating CGLIB proxy: target source is SingletonTargetSource for target object [ServiceTest.PostsServiceTest@1755e85b]
DEBUG [main] - Adding transactional method 'PostsServiceTest.deltest' with attribute: PROPAGATION_REQUIRED,ISOLATION_DEFAULT; ''
DEBUG [main] - Explicit transaction definition [PROPAGATION_REQUIRED,ISOLATION_DEFAULT; ''] found for test context [DefaultTestContext@551aa95a testClass = PostsServiceTest, testInstance = ServiceTest.PostsServiceTest@1755e85b, testMethod = deltest@PostsServiceTest, testException = [null], mergedContextConfiguration = [MergedContextConfiguration@1dfe2924 testClass = PostsServiceTest, locations = '{file:config/spring/applicationContext.xml}', classes = '{}', contextInitializerClasses = '[]', activeProfiles = '{}', contextLoader = 'org.springframework.test.context.support.DelegatingSmartContextLoader', parent = [null]]]
DEBUG [main] - Retrieved ApplicationContext from cache with key [[MergedContextConfiguration@1dfe2924 testClass = PostsServiceTest, locations = '{file:config/spring/applicationContext.xml}', classes = '{}', contextInitializerClasses = '[]', activeProfiles = '{}', contextLoader = 'org.springframework.test.context.support.DelegatingSmartContextLoader', parent = [null]]].
DEBUG [main] - Returning cached instance of singleton bean 'transactionManager'
DEBUG [main] - Creating new transaction with name [deltest]: PROPAGATION_REQUIRED,ISOLATION_DEFAULT; ''
DEBUG [main] - Acquired Connection [jdbc:mysql://127.0.0.1:3306/childcare_system?useUnicode=true&amp;characterEncoding=utf8?useUnicode=true&characterEncoding=utf8, UserName=root@localhost, MySQL-AB JDBC Driver] for JDBC transaction
DEBUG [main] - Switching JDBC Connection [jdbc:mysql://127.0.0.1:3306/childcare_system?useUnicode=true&amp;characterEncoding=utf8?useUnicode=true&characterEncoding=utf8, UserName=root@localhost, MySQL-AB JDBC Driver] to manual commit
DEBUG [main] - No method-level @Rollback override: using default rollback [true] for test context [DefaultTestContext@551aa95a testClass = PostsServiceTest, testInstance = ServiceTest.PostsServiceTest@1755e85b, testMethod = deltest@PostsServiceTest, testException = [null], mergedContextConfiguration = [MergedContextConfiguration@1dfe2924 testClass = PostsServiceTest, locations = '{file:config/spring/applicationContext.xml}', classes = '{}', contextInitializerClasses = '[]', activeProfiles = '{}', contextLoader = 'org.springframework.test.context.support.DelegatingSmartContextLoader', parent = [null]]].
 INFO [main] - Began transaction (3) for test context [DefaultTestContext@551aa95a testClass = PostsServiceTest, testInstance = ServiceTest.PostsServiceTest@1755e85b, testMethod = deltest@PostsServiceTest, testException = [null], mergedContextConfiguration = [MergedContextConfiguration@1dfe2924 testClass = PostsServiceTest, locations = '{file:config/spring/applicationContext.xml}', classes = '{}', contextInitializerClasses = '[]', activeProfiles = '{}', contextLoader = 'org.springframework.test.context.support.DelegatingSmartContextLoader', parent = [null]]]; transaction manager [org.springframework.jdbc.datasource.DataSourceTransactionManager@13518f37]; rollback [true]
DEBUG [main] - Participating in existing transaction
DEBUG [main] - Creating a new SqlSession
DEBUG [main] - Registering transaction synchronization for SqlSession [org.apache.ibatis.session.defaults.DefaultSqlSession@63fdab07]
DEBUG [main] - JDBC Connection [jdbc:mysql://127.0.0.1:3306/childcare_system?useUnicode=true&amp;characterEncoding=utf8?useUnicode=true&characterEncoding=utf8, UserName=root@localhost, MySQL-AB JDBC Driver] will be managed by Spring
DEBUG [main] - ==>  Preparing: insert into posts values(default,?,?,?,?) 
DEBUG [main] - ==> Parameters: 测试标题(String), 我是一条很长的正文(String), 2019-03-06 17:32:24.397(Timestamp), 测试作者(String)
DEBUG [main] - <==    Updates: 1
DEBUG [main] - Releasing transactional SqlSession [org.apache.ibatis.session.defaults.DefaultSqlSession@63fdab07]
Posts [id=157, name=测试标题, text=我是一条很长的正文, time=Wed Mar 06 17:32:24 CST 2019, author=测试作者]
DEBUG [main] - Participating in existing transaction
DEBUG [main] - Fetched SqlSession [org.apache.ibatis.session.defaults.DefaultSqlSession@63fdab07] from current transaction
DEBUG [main] - ==>  Preparing: delete from posts where id=? 
DEBUG [main] - ==> Parameters: 157(Integer)
DEBUG [main] - <==    Updates: 1
DEBUG [main] - Releasing transactional SqlSession [org.apache.ibatis.session.defaults.DefaultSqlSession@63fdab07]
DEBUG [main] - Participating in existing transaction
DEBUG [main] - Fetched SqlSession [org.apache.ibatis.session.defaults.DefaultSqlSession@63fdab07] from current transaction
DEBUG [main] - ==>  Preparing: select * from posts where id=? 
DEBUG [main] - ==> Parameters: 157(Integer)
DEBUG [main] - <==      Total: 0
DEBUG [main] - Releasing transactional SqlSession [org.apache.ibatis.session.defaults.DefaultSqlSession@63fdab07]
DEBUG [main] - No method-level @Rollback override: using default rollback [true] for test context [DefaultTestContext@551aa95a testClass = PostsServiceTest, testInstance = ServiceTest.PostsServiceTest@1755e85b, testMethod = deltest@PostsServiceTest, testException = [null], mergedContextConfiguration = [MergedContextConfiguration@1dfe2924 testClass = PostsServiceTest, locations = '{file:config/spring/applicationContext.xml}', classes = '{}', contextInitializerClasses = '[]', activeProfiles = '{}', contextLoader = 'org.springframework.test.context.support.DelegatingSmartContextLoader', parent = [null]]].
DEBUG [main] - Transaction synchronization deregistering SqlSession [org.apache.ibatis.session.defaults.DefaultSqlSession@63fdab07]
DEBUG [main] - Transaction synchronization closing SqlSession [org.apache.ibatis.session.defaults.DefaultSqlSession@63fdab07]
DEBUG [main] - Initiating transaction rollback
DEBUG [main] - Rolling back JDBC transaction on Connection [jdbc:mysql://127.0.0.1:3306/childcare_system?useUnicode=true&amp;characterEncoding=utf8?useUnicode=true&characterEncoding=utf8, UserName=root@localhost, MySQL-AB JDBC Driver]
DEBUG [main] - Releasing JDBC Connection [jdbc:mysql://127.0.0.1:3306/childcare_system?useUnicode=true&amp;characterEncoding=utf8?useUnicode=true&characterEncoding=utf8, UserName=root@localhost, MySQL-AB JDBC Driver] after transaction
DEBUG [main] - Returning JDBC Connection to DataSource
 INFO [main] - Rolled back transaction after test execution for test context [DefaultTestContext@551aa95a testClass = PostsServiceTest, testInstance = ServiceTest.PostsServiceTest@1755e85b, testMethod = deltest@PostsServiceTest, testException = [null], mergedContextConfiguration = [MergedContextConfiguration@1dfe2924 testClass = PostsServiceTest, locations = '{file:config/spring/applicationContext.xml}', classes = '{}', contextInitializerClasses = '[]', activeProfiles = '{}', contextLoader = 'org.springframework.test.context.support.DelegatingSmartContextLoader', parent = [null]]]
DEBUG [main] - After test method: context [DefaultTestContext@551aa95a testClass = PostsServiceTest, testInstance = ServiceTest.PostsServiceTest@1755e85b, testMethod = deltest@PostsServiceTest, testException = [null], mergedContextConfiguration = [MergedContextConfiguration@1dfe2924 testClass = PostsServiceTest, locations = '{file:config/spring/applicationContext.xml}', classes = '{}', contextInitializerClasses = '[]', activeProfiles = '{}', contextLoader = 'org.springframework.test.context.support.DelegatingSmartContextLoader', parent = [null]]], class dirties context [false], class mode [null], method dirties context [false].
DEBUG [main] - Retrieved @ProfileValueSourceConfiguration [null] for test class [ServiceTest.PostsServiceTest]
DEBUG [main] - Retrieved ProfileValueSource type [class org.springframework.test.annotation.SystemProfileValueSource] for class [ServiceTest.PostsServiceTest]
DEBUG [main] - Performing dependency injection for test context [[DefaultTestContext@551aa95a testClass = PostsServiceTest, testInstance = ServiceTest.PostsServiceTest@1506f20f, testMethod = [null], testException = [null], mergedContextConfiguration = [MergedContextConfiguration@1dfe2924 testClass = PostsServiceTest, locations = '{file:config/spring/applicationContext.xml}', classes = '{}', contextInitializerClasses = '[]', activeProfiles = '{}', contextLoader = 'org.springframework.test.context.support.DelegatingSmartContextLoader', parent = [null]]]].
DEBUG [main] - Retrieved ApplicationContext from cache with key [[MergedContextConfiguration@1dfe2924 testClass = PostsServiceTest, locations = '{file:config/spring/applicationContext.xml}', classes = '{}', contextInitializerClasses = '[]', activeProfiles = '{}', contextLoader = 'org.springframework.test.context.support.DelegatingSmartContextLoader', parent = [null]]].
DEBUG [main] - Processing injected method of bean 'ServiceTest.PostsServiceTest': AutowiredFieldElement for private com.aaa.biz.PostsBiz ServiceTest.PostsServiceTest.postsBiz
DEBUG [main] - Returning cached instance of singleton bean 'postsBizImpl'
DEBUG [main] - Returning cached instance of singleton bean 'org.springframework.transaction.config.internalTransactionAdvisor'
DEBUG [main] - Returning cached instance of singleton bean 'org.springframework.aop.support.DefaultBeanFactoryPointcutAdvisor#0'
DEBUG [main] - Returning cached instance of singleton bean 'org.springframework.transaction.config.internalTransactionAdvisor'
DEBUG [main] - Returning cached instance of singleton bean 'org.springframework.aop.support.DefaultBeanFactoryPointcutAdvisor#0'
DEBUG [main] - Creating implicit proxy for bean 'ServiceTest.PostsServiceTest' with 0 common interceptors and 1 specific interceptors
DEBUG [main] - Creating CGLIB proxy: target source is SingletonTargetSource for target object [ServiceTest.PostsServiceTest@1506f20f]
DEBUG [main] - Adding transactional method 'PostsServiceTest.findAllTest' with attribute: PROPAGATION_REQUIRED,ISOLATION_DEFAULT; ''
DEBUG [main] - Explicit transaction definition [PROPAGATION_REQUIRED,ISOLATION_DEFAULT; ''] found for test context [DefaultTestContext@551aa95a testClass = PostsServiceTest, testInstance = ServiceTest.PostsServiceTest@1506f20f, testMethod = findAllTest@PostsServiceTest, testException = [null], mergedContextConfiguration = [MergedContextConfiguration@1dfe2924 testClass = PostsServiceTest, locations = '{file:config/spring/applicationContext.xml}', classes = '{}', contextInitializerClasses = '[]', activeProfiles = '{}', contextLoader = 'org.springframework.test.context.support.DelegatingSmartContextLoader', parent = [null]]]
DEBUG [main] - Retrieved ApplicationContext from cache with key [[MergedContextConfiguration@1dfe2924 testClass = PostsServiceTest, locations = '{file:config/spring/applicationContext.xml}', classes = '{}', contextInitializerClasses = '[]', activeProfiles = '{}', contextLoader = 'org.springframework.test.context.support.DelegatingSmartContextLoader', parent = [null]]].
DEBUG [main] - Returning cached instance of singleton bean 'transactionManager'
DEBUG [main] - Creating new transaction with name [findAllTest]: PROPAGATION_REQUIRED,ISOLATION_DEFAULT; ''
DEBUG [main] - Acquired Connection [jdbc:mysql://127.0.0.1:3306/childcare_system?useUnicode=true&amp;characterEncoding=utf8?useUnicode=true&characterEncoding=utf8, UserName=root@localhost, MySQL-AB JDBC Driver] for JDBC transaction
DEBUG [main] - Switching JDBC Connection [jdbc:mysql://127.0.0.1:3306/childcare_system?useUnicode=true&amp;characterEncoding=utf8?useUnicode=true&characterEncoding=utf8, UserName=root@localhost, MySQL-AB JDBC Driver] to manual commit
DEBUG [main] - No method-level @Rollback override: using default rollback [true] for test context [DefaultTestContext@551aa95a testClass = PostsServiceTest, testInstance = ServiceTest.PostsServiceTest@1506f20f, testMethod = findAllTest@PostsServiceTest, testException = [null], mergedContextConfiguration = [MergedContextConfiguration@1dfe2924 testClass = PostsServiceTest, locations = '{file:config/spring/applicationContext.xml}', classes = '{}', contextInitializerClasses = '[]', activeProfiles = '{}', contextLoader = 'org.springframework.test.context.support.DelegatingSmartContextLoader', parent = [null]]].
 INFO [main] - Began transaction (4) for test context [DefaultTestContext@551aa95a testClass = PostsServiceTest, testInstance = ServiceTest.PostsServiceTest@1506f20f, testMethod = findAllTest@PostsServiceTest, testException = [null], mergedContextConfiguration = [MergedContextConfiguration@1dfe2924 testClass = PostsServiceTest, locations = '{file:config/spring/applicationContext.xml}', classes = '{}', contextInitializerClasses = '[]', activeProfiles = '{}', contextLoader = 'org.springframework.test.context.support.DelegatingSmartContextLoader', parent = [null]]]; transaction manager [org.springframework.jdbc.datasource.DataSourceTransactionManager@13518f37]; rollback [true]
DEBUG [main] - Participating in existing transaction
DEBUG [main] - Creating a new SqlSession
DEBUG [main] - Registering transaction synchronization for SqlSession [org.apache.ibatis.session.defaults.DefaultSqlSession@38f116f6]
DEBUG [main] - JDBC Connection [jdbc:mysql://127.0.0.1:3306/childcare_system?useUnicode=true&amp;characterEncoding=utf8?useUnicode=true&characterEncoding=utf8, UserName=root@localhost, MySQL-AB JDBC Driver] will be managed by Spring
DEBUG [main] - ==>  Preparing: SELECT * FROM posts ORDER BY time DESC 
DEBUG [main] - ==> Parameters: 
DEBUG [main] - <==      Total: 8
DEBUG [main] - Releasing transactional SqlSession [org.apache.ibatis.session.defaults.DefaultSqlSession@38f116f6]
[Posts [id=4, name=标题5, text=asdfasdfaasdfa, time=Thu Feb 14 00:00:00 CST 2019, author=test], Posts [id=6, name=azxv, text=zvxc, time=Thu Feb 14 00:00:00 CST 2019, author=zxcvzxcv], Posts [id=3, name=标题6, text=正文1, time=Tue Feb 05 14:00:02 CST 2019, author=admin], Posts [id=5, name=标题3, text=正文2, time=Sun Feb 03 00:12:33 CST 2019, author=test], Posts [id=2, name=标题2, text=正文2, time=Sat Feb 02 00:00:00 CST 2019, author=test], Posts [id=9, name=111, text=111, time=Sat Feb 02 00:00:00 CST 2019, author=111], Posts [id=1, name=标题1, text=正文1, time=Fri Feb 01 00:00:00 CST 2019, author=admin], Posts [id=7, name=123, text=qweqwe, time=Fri Feb 01 00:00:00 CST 2019, author=qwe]]
DEBUG [main] - No method-level @Rollback override: using default rollback [true] for test context [DefaultTestContext@551aa95a testClass = PostsServiceTest, testInstance = ServiceTest.PostsServiceTest@1506f20f, testMethod = findAllTest@PostsServiceTest, testException = [null], mergedContextConfiguration = [MergedContextConfiguration@1dfe2924 testClass = PostsServiceTest, locations = '{file:config/spring/applicationContext.xml}', classes = '{}', contextInitializerClasses = '[]', activeProfiles = '{}', contextLoader = 'org.springframework.test.context.support.DelegatingSmartContextLoader', parent = [null]]].
DEBUG [main] - Transaction synchronization deregistering SqlSession [org.apache.ibatis.session.defaults.DefaultSqlSession@38f116f6]
DEBUG [main] - Transaction synchronization closing SqlSession [org.apache.ibatis.session.defaults.DefaultSqlSession@38f116f6]
DEBUG [main] - Initiating transaction rollback
DEBUG [main] - Rolling back JDBC transaction on Connection [jdbc:mysql://127.0.0.1:3306/childcare_system?useUnicode=true&amp;characterEncoding=utf8?useUnicode=true&characterEncoding=utf8, UserName=root@localhost, MySQL-AB JDBC Driver]
DEBUG [main] - Releasing JDBC Connection [jdbc:mysql://127.0.0.1:3306/childcare_system?useUnicode=true&amp;characterEncoding=utf8?useUnicode=true&characterEncoding=utf8, UserName=root@localhost, MySQL-AB JDBC Driver] after transaction
DEBUG [main] - Returning JDBC Connection to DataSource
 INFO [main] - Rolled back transaction after test execution for test context [DefaultTestContext@551aa95a testClass = PostsServiceTest, testInstance = ServiceTest.PostsServiceTest@1506f20f, testMethod = findAllTest@PostsServiceTest, testException = [null], mergedContextConfiguration = [MergedContextConfiguration@1dfe2924 testClass = PostsServiceTest, locations = '{file:config/spring/applicationContext.xml}', classes = '{}', contextInitializerClasses = '[]', activeProfiles = '{}', contextLoader = 'org.springframework.test.context.support.DelegatingSmartContextLoader', parent = [null]]]
DEBUG [main] - After test method: context [DefaultTestContext@551aa95a testClass = PostsServiceTest, testInstance = ServiceTest.PostsServiceTest@1506f20f, testMethod = findAllTest@PostsServiceTest, testException = [null], mergedContextConfiguration = [MergedContextConfiguration@1dfe2924 testClass = PostsServiceTest, locations = '{file:config/spring/applicationContext.xml}', classes = '{}', contextInitializerClasses = '[]', activeProfiles = '{}', contextLoader = 'org.springframework.test.context.support.DelegatingSmartContextLoader', parent = [null]]], class dirties context [false], class mode [null], method dirties context [false].
DEBUG [main] - Retrieved @ProfileValueSourceConfiguration [null] for test class [ServiceTest.PostsServiceTest]
DEBUG [main] - Retrieved ProfileValueSource type [class org.springframework.test.annotation.SystemProfileValueSource] for class [ServiceTest.PostsServiceTest]
DEBUG [main] - Performing dependency injection for test context [[DefaultTestContext@551aa95a testClass = PostsServiceTest, testInstance = ServiceTest.PostsServiceTest@70efb718, testMethod = [null], testException = [null], mergedContextConfiguration = [MergedContextConfiguration@1dfe2924 testClass = PostsServiceTest, locations = '{file:config/spring/applicationContext.xml}', classes = '{}', contextInitializerClasses = '[]', activeProfiles = '{}', contextLoader = 'org.springframework.test.context.support.DelegatingSmartContextLoader', parent = [null]]]].
DEBUG [main] - Retrieved ApplicationContext from cache with key [[MergedContextConfiguration@1dfe2924 testClass = PostsServiceTest, locations = '{file:config/spring/applicationContext.xml}', classes = '{}', contextInitializerClasses = '[]', activeProfiles = '{}', contextLoader = 'org.springframework.test.context.support.DelegatingSmartContextLoader', parent = [null]]].
DEBUG [main] - Processing injected method of bean 'ServiceTest.PostsServiceTest': AutowiredFieldElement for private com.aaa.biz.PostsBiz ServiceTest.PostsServiceTest.postsBiz
DEBUG [main] - Returning cached instance of singleton bean 'postsBizImpl'
DEBUG [main] - Returning cached instance of singleton bean 'org.springframework.transaction.config.internalTransactionAdvisor'
DEBUG [main] - Returning cached instance of singleton bean 'org.springframework.aop.support.DefaultBeanFactoryPointcutAdvisor#0'
DEBUG [main] - Returning cached instance of singleton bean 'org.springframework.transaction.config.internalTransactionAdvisor'
DEBUG [main] - Returning cached instance of singleton bean 'org.springframework.aop.support.DefaultBeanFactoryPointcutAdvisor#0'
DEBUG [main] - Creating implicit proxy for bean 'ServiceTest.PostsServiceTest' with 0 common interceptors and 1 specific interceptors
DEBUG [main] - Creating CGLIB proxy: target source is SingletonTargetSource for target object [ServiceTest.PostsServiceTest@70efb718]
DEBUG [main] - Adding transactional method 'PostsServiceTest.findSameCityTest' with attribute: PROPAGATION_REQUIRED,ISOLATION_DEFAULT; ''
DEBUG [main] - Explicit transaction definition [PROPAGATION_REQUIRED,ISOLATION_DEFAULT; ''] found for test context [DefaultTestContext@551aa95a testClass = PostsServiceTest, testInstance = ServiceTest.PostsServiceTest@70efb718, testMethod = findSameCityTest@PostsServiceTest, testException = [null], mergedContextConfiguration = [MergedContextConfiguration@1dfe2924 testClass = PostsServiceTest, locations = '{file:config/spring/applicationContext.xml}', classes = '{}', contextInitializerClasses = '[]', activeProfiles = '{}', contextLoader = 'org.springframework.test.context.support.DelegatingSmartContextLoader', parent = [null]]]
DEBUG [main] - Retrieved ApplicationContext from cache with key [[MergedContextConfiguration@1dfe2924 testClass = PostsServiceTest, locations = '{file:config/spring/applicationContext.xml}', classes = '{}', contextInitializerClasses = '[]', activeProfiles = '{}', contextLoader = 'org.springframework.test.context.support.DelegatingSmartContextLoader', parent = [null]]].
DEBUG [main] - Returning cached instance of singleton bean 'transactionManager'
DEBUG [main] - Creating new transaction with name [findSameCityTest]: PROPAGATION_REQUIRED,ISOLATION_DEFAULT; ''
DEBUG [main] - Acquired Connection [jdbc:mysql://127.0.0.1:3306/childcare_system?useUnicode=true&amp;characterEncoding=utf8?useUnicode=true&characterEncoding=utf8, UserName=root@localhost, MySQL-AB JDBC Driver] for JDBC transaction
DEBUG [main] - Switching JDBC Connection [jdbc:mysql://127.0.0.1:3306/childcare_system?useUnicode=true&amp;characterEncoding=utf8?useUnicode=true&characterEncoding=utf8, UserName=root@localhost, MySQL-AB JDBC Driver] to manual commit
DEBUG [main] - No method-level @Rollback override: using default rollback [true] for test context [DefaultTestContext@551aa95a testClass = PostsServiceTest, testInstance = ServiceTest.PostsServiceTest@70efb718, testMethod = findSameCityTest@PostsServiceTest, testException = [null], mergedContextConfiguration = [MergedContextConfiguration@1dfe2924 testClass = PostsServiceTest, locations = '{file:config/spring/applicationContext.xml}', classes = '{}', contextInitializerClasses = '[]', activeProfiles = '{}', contextLoader = 'org.springframework.test.context.support.DelegatingSmartContextLoader', parent = [null]]].
 INFO [main] - Began transaction (5) for test context [DefaultTestContext@551aa95a testClass = PostsServiceTest, testInstance = ServiceTest.PostsServiceTest@70efb718, testMethod = findSameCityTest@PostsServiceTest, testException = [null], mergedContextConfiguration = [MergedContextConfiguration@1dfe2924 testClass = PostsServiceTest, locations = '{file:config/spring/applicationContext.xml}', classes = '{}', contextInitializerClasses = '[]', activeProfiles = '{}', contextLoader = 'org.springframework.test.context.support.DelegatingSmartContextLoader', parent = [null]]]; transaction manager [org.springframework.jdbc.datasource.DataSourceTransactionManager@13518f37]; rollback [true]
DEBUG [main] - Participating in existing transaction
DEBUG [main] - Creating a new SqlSession
DEBUG [main] - Registering transaction synchronization for SqlSession [org.apache.ibatis.session.defaults.DefaultSqlSession@435fb7b5]
DEBUG [main] - JDBC Connection [jdbc:mysql://127.0.0.1:3306/childcare_system?useUnicode=true&amp;characterEncoding=utf8?useUnicode=true&characterEncoding=utf8, UserName=root@localhost, MySQL-AB JDBC Driver] will be managed by Spring
DEBUG [main] - ==>  Preparing: SELECT * FROM posts WHERE author IN( SELECT USER.username FROM USER WHERE USER.address IN( SELECT USER.address FROM USER WHERE USER.username = ? ) ) 
DEBUG [main] - ==> Parameters: 测试作者(String)
DEBUG [main] - <==      Total: 0
DEBUG [main] - Releasing transactional SqlSession [org.apache.ibatis.session.defaults.DefaultSqlSession@435fb7b5]
[]
DEBUG [main] - No method-level @Rollback override: using default rollback [true] for test context [DefaultTestContext@551aa95a testClass = PostsServiceTest, testInstance = ServiceTest.PostsServiceTest@70efb718, testMethod = findSameCityTest@PostsServiceTest, testException = [null], mergedContextConfiguration = [MergedContextConfiguration@1dfe2924 testClass = PostsServiceTest, locations = '{file:config/spring/applicationContext.xml}', classes = '{}', contextInitializerClasses = '[]', activeProfiles = '{}', contextLoader = 'org.springframework.test.context.support.DelegatingSmartContextLoader', parent = [null]]].
DEBUG [main] - Transaction synchronization deregistering SqlSession [org.apache.ibatis.session.defaults.DefaultSqlSession@435fb7b5]
DEBUG [main] - Transaction synchronization closing SqlSession [org.apache.ibatis.session.defaults.DefaultSqlSession@435fb7b5]
DEBUG [main] - Initiating transaction rollback
DEBUG [main] - Rolling back JDBC transaction on Connection [jdbc:mysql://127.0.0.1:3306/childcare_system?useUnicode=true&amp;characterEncoding=utf8?useUnicode=true&characterEncoding=utf8, UserName=root@localhost, MySQL-AB JDBC Driver]
DEBUG [main] - Releasing JDBC Connection [jdbc:mysql://127.0.0.1:3306/childcare_system?useUnicode=true&amp;characterEncoding=utf8?useUnicode=true&characterEncoding=utf8, UserName=root@localhost, MySQL-AB JDBC Driver] after transaction
DEBUG [main] - Returning JDBC Connection to DataSource
 INFO [main] - Rolled back transaction after test execution for test context [DefaultTestContext@551aa95a testClass = PostsServiceTest, testInstance = ServiceTest.PostsServiceTest@70efb718, testMethod = findSameCityTest@PostsServiceTest, testException = [null], mergedContextConfiguration = [MergedContextConfiguration@1dfe2924 testClass = PostsServiceTest, locations = '{file:config/spring/applicationContext.xml}', classes = '{}', contextInitializerClasses = '[]', activeProfiles = '{}', contextLoader = 'org.springframework.test.context.support.DelegatingSmartContextLoader', parent = [null]]]
DEBUG [main] - After test method: context [DefaultTestContext@551aa95a testClass = PostsServiceTest, testInstance = ServiceTest.PostsServiceTest@70efb718, testMethod = findSameCityTest@PostsServiceTest, testException = [null], mergedContextConfiguration = [MergedContextConfiguration@1dfe2924 testClass = PostsServiceTest, locations = '{file:config/spring/applicationContext.xml}', classes = '{}', contextInitializerClasses = '[]', activeProfiles = '{}', contextLoader = 'org.springframework.test.context.support.DelegatingSmartContextLoader', parent = [null]]], class dirties context [false], class mode [null], method dirties context [false].
DEBUG [main] - Retrieved @ProfileValueSourceConfiguration [null] for test class [ServiceTest.PostsServiceTest]
DEBUG [main] - Retrieved ProfileValueSource type [class org.springframework.test.annotation.SystemProfileValueSource] for class [ServiceTest.PostsServiceTest]
DEBUG [main] - Performing dependency injection for test context [[DefaultTestContext@551aa95a testClass = PostsServiceTest, testInstance = ServiceTest.PostsServiceTest@47a86fbb, testMethod = [null], testException = [null], mergedContextConfiguration = [MergedContextConfiguration@1dfe2924 testClass = PostsServiceTest, locations = '{file:config/spring/applicationContext.xml}', classes = '{}', contextInitializerClasses = '[]', activeProfiles = '{}', contextLoader = 'org.springframework.test.context.support.DelegatingSmartContextLoader', parent = [null]]]].
DEBUG [main] - Retrieved ApplicationContext from cache with key [[MergedContextConfiguration@1dfe2924 testClass = PostsServiceTest, locations = '{file:config/spring/applicationContext.xml}', classes = '{}', contextInitializerClasses = '[]', activeProfiles = '{}', contextLoader = 'org.springframework.test.context.support.DelegatingSmartContextLoader', parent = [null]]].
DEBUG [main] - Processing injected method of bean 'ServiceTest.PostsServiceTest': AutowiredFieldElement for private com.aaa.biz.PostsBiz ServiceTest.PostsServiceTest.postsBiz
DEBUG [main] - Returning cached instance of singleton bean 'postsBizImpl'
DEBUG [main] - Returning cached instance of singleton bean 'org.springframework.transaction.config.internalTransactionAdvisor'
DEBUG [main] - Returning cached instance of singleton bean 'org.springframework.aop.support.DefaultBeanFactoryPointcutAdvisor#0'
DEBUG [main] - Returning cached instance of singleton bean 'org.springframework.transaction.config.internalTransactionAdvisor'
DEBUG [main] - Returning cached instance of singleton bean 'org.springframework.aop.support.DefaultBeanFactoryPointcutAdvisor#0'
DEBUG [main] - Creating implicit proxy for bean 'ServiceTest.PostsServiceTest' with 0 common interceptors and 1 specific interceptors
DEBUG [main] - Creating CGLIB proxy: target source is SingletonTargetSource for target object [ServiceTest.PostsServiceTest@47a86fbb]
DEBUG [main] - Adding transactional method 'PostsServiceTest.addtest' with attribute: PROPAGATION_REQUIRED,ISOLATION_DEFAULT; ''
DEBUG [main] - Explicit transaction definition [PROPAGATION_REQUIRED,ISOLATION_DEFAULT; ''] found for test context [DefaultTestContext@551aa95a testClass = PostsServiceTest, testInstance = ServiceTest.PostsServiceTest@47a86fbb, testMethod = addtest@PostsServiceTest, testException = [null], mergedContextConfiguration = [MergedContextConfiguration@1dfe2924 testClass = PostsServiceTest, locations = '{file:config/spring/applicationContext.xml}', classes = '{}', contextInitializerClasses = '[]', activeProfiles = '{}', contextLoader = 'org.springframework.test.context.support.DelegatingSmartContextLoader', parent = [null]]]
DEBUG [main] - Retrieved ApplicationContext from cache with key [[MergedContextConfiguration@1dfe2924 testClass = PostsServiceTest, locations = '{file:config/spring/applicationContext.xml}', classes = '{}', contextInitializerClasses = '[]', activeProfiles = '{}', contextLoader = 'org.springframework.test.context.support.DelegatingSmartContextLoader', parent = [null]]].
DEBUG [main] - Returning cached instance of singleton bean 'transactionManager'
DEBUG [main] - Creating new transaction with name [addtest]: PROPAGATION_REQUIRED,ISOLATION_DEFAULT; ''
DEBUG [main] - Acquired Connection [jdbc:mysql://127.0.0.1:3306/childcare_system?useUnicode=true&amp;characterEncoding=utf8?useUnicode=true&characterEncoding=utf8, UserName=root@localhost, MySQL-AB JDBC Driver] for JDBC transaction
DEBUG [main] - Switching JDBC Connection [jdbc:mysql://127.0.0.1:3306/childcare_system?useUnicode=true&amp;characterEncoding=utf8?useUnicode=true&characterEncoding=utf8, UserName=root@localhost, MySQL-AB JDBC Driver] to manual commit
DEBUG [main] - No method-level @Rollback override: using default rollback [true] for test context [DefaultTestContext@551aa95a testClass = PostsServiceTest, testInstance = ServiceTest.PostsServiceTest@47a86fbb, testMethod = addtest@PostsServiceTest, testException = [null], mergedContextConfiguration = [MergedContextConfiguration@1dfe2924 testClass = PostsServiceTest, locations = '{file:config/spring/applicationContext.xml}', classes = '{}', contextInitializerClasses = '[]', activeProfiles = '{}', contextLoader = 'org.springframework.test.context.support.DelegatingSmartContextLoader', parent = [null]]].
 INFO [main] - Began transaction (6) for test context [DefaultTestContext@551aa95a testClass = PostsServiceTest, testInstance = ServiceTest.PostsServiceTest@47a86fbb, testMethod = addtest@PostsServiceTest, testException = [null], mergedContextConfiguration = [MergedContextConfiguration@1dfe2924 testClass = PostsServiceTest, locations = '{file:config/spring/applicationContext.xml}', classes = '{}', contextInitializerClasses = '[]', activeProfiles = '{}', contextLoader = 'org.springframework.test.context.support.DelegatingSmartContextLoader', parent = [null]]]; transaction manager [org.springframework.jdbc.datasource.DataSourceTransactionManager@13518f37]; rollback [true]
DEBUG [main] - Participating in existing transaction
DEBUG [main] - Creating a new SqlSession
DEBUG [main] - Registering transaction synchronization for SqlSession [org.apache.ibatis.session.defaults.DefaultSqlSession@7fe7c640]
DEBUG [main] - JDBC Connection [jdbc:mysql://127.0.0.1:3306/childcare_system?useUnicode=true&amp;characterEncoding=utf8?useUnicode=true&characterEncoding=utf8, UserName=root@localhost, MySQL-AB JDBC Driver] will be managed by Spring
DEBUG [main] - ==>  Preparing: insert into posts values(default,?,?,?,?) 
DEBUG [main] - ==> Parameters: 测试标题(String), 我是一条很长的正文(String), 2019-03-06 17:32:24.607(Timestamp), 测试作者(String)
DEBUG [main] - <==    Updates: 1
DEBUG [main] - Releasing transactional SqlSession [org.apache.ibatis.session.defaults.DefaultSqlSession@7fe7c640]
Posts [id=158, name=测试标题, text=我是一条很长的正文, time=Wed Mar 06 17:32:24 CST 2019, author=测试作者]
DEBUG [main] - Participating in existing transaction
DEBUG [main] - Fetched SqlSession [org.apache.ibatis.session.defaults.DefaultSqlSession@7fe7c640] from current transaction
DEBUG [main] - ==>  Preparing: select * from posts where id=? 
DEBUG [main] - ==> Parameters: 158(Integer)
DEBUG [main] - <==      Total: 1
DEBUG [main] - Releasing transactional SqlSession [org.apache.ibatis.session.defaults.DefaultSqlSession@7fe7c640]
DEBUG [main] - No method-level @Rollback override: using default rollback [true] for test context [DefaultTestContext@551aa95a testClass = PostsServiceTest, testInstance = ServiceTest.PostsServiceTest@47a86fbb, testMethod = addtest@PostsServiceTest, testException = [null], mergedContextConfiguration = [MergedContextConfiguration@1dfe2924 testClass = PostsServiceTest, locations = '{file:config/spring/applicationContext.xml}', classes = '{}', contextInitializerClasses = '[]', activeProfiles = '{}', contextLoader = 'org.springframework.test.context.support.DelegatingSmartContextLoader', parent = [null]]].
DEBUG [main] - Transaction synchronization deregistering SqlSession [org.apache.ibatis.session.defaults.DefaultSqlSession@7fe7c640]
DEBUG [main] - Transaction synchronization closing SqlSession [org.apache.ibatis.session.defaults.DefaultSqlSession@7fe7c640]
DEBUG [main] - Initiating transaction rollback
DEBUG [main] - Rolling back JDBC transaction on Connection [jdbc:mysql://127.0.0.1:3306/childcare_system?useUnicode=true&amp;characterEncoding=utf8?useUnicode=true&characterEncoding=utf8, UserName=root@localhost, MySQL-AB JDBC Driver]
DEBUG [main] - Releasing JDBC Connection [jdbc:mysql://127.0.0.1:3306/childcare_system?useUnicode=true&amp;characterEncoding=utf8?useUnicode=true&characterEncoding=utf8, UserName=root@localhost, MySQL-AB JDBC Driver] after transaction
DEBUG [main] - Returning JDBC Connection to DataSource
 INFO [main] - Rolled back transaction after test execution for test context [DefaultTestContext@551aa95a testClass = PostsServiceTest, testInstance = ServiceTest.PostsServiceTest@47a86fbb, testMethod = addtest@PostsServiceTest, testException = [null], mergedContextConfiguration = [MergedContextConfiguration@1dfe2924 testClass = PostsServiceTest, locations = '{file:config/spring/applicationContext.xml}', classes = '{}', contextInitializerClasses = '[]', activeProfiles = '{}', contextLoader = 'org.springframework.test.context.support.DelegatingSmartContextLoader', parent = [null]]]
DEBUG [main] - After test method: context [DefaultTestContext@551aa95a testClass = PostsServiceTest, testInstance = ServiceTest.PostsServiceTest@47a86fbb, testMethod = addtest@PostsServiceTest, testException = [null], mergedContextConfiguration = [MergedContextConfiguration@1dfe2924 testClass = PostsServiceTest, locations = '{file:config/spring/applicationContext.xml}', classes = '{}', contextInitializerClasses = '[]', activeProfiles = '{}', contextLoader = 'org.springframework.test.context.support.DelegatingSmartContextLoader', parent = [null]]], class dirties context [false], class mode [null], method dirties context [false].
DEBUG [main] - After test class: context [DefaultTestContext@551aa95a testClass = PostsServiceTest, testInstance = [null], testMethod = [null], testException = [null], mergedContextConfiguration = [MergedContextConfiguration@1dfe2924 testClass = PostsServiceTest, locations = '{file:config/spring/applicationContext.xml}', classes = '{}', contextInitializerClasses = '[]', activeProfiles = '{}', contextLoader = 'org.springframework.test.context.support.DelegatingSmartContextLoader', parent = [null]]], dirtiesContext [false].
]]></system-out>
  <system-err><![CDATA[]]></system-err>
</testsuite>
