<?xml version="1.0" encoding="UTF-8" ?>
<testsuite errors="0" failures="0" hostname="爱学习的孩子" name="ControllerTest.PostsControllerTest" skipped="0" tests="6" time="2.497" timestamp="2019-03-06T09:32:15">
  <properties>
    <property name="java.vendor" value="Oracle Corporation" />
    <property name="env.USERDOMAIN_ROAMINGPROFILE" value="爱学习的孩子" />
    <property name="sun.java.launcher" value="SUN_STANDARD" />
    <property name="eclipse.pdebuild.templates" value="E:\eclipse-jee-2018-09-win32-x86_64\eclipse\plugins\org.eclipse.pde.build_3.10.100.v20180828-1915\templates" />
    <property name="sun.management.compiler" value="HotSpot 64-Bit Tiered Compilers" />
    <property name="env.CURR_DIR" value="E:\HP\LoadRunner\dat\Setup\LoadRunner\MSBuild\..\..\..\.." />
    <property name="env.PROMPT" value="$P$G" />
    <property name="env.LSERVRC" value="C:\ProgramData\HP\Functional testing\License\lservrc" />
    <property name="os.name" value="Windows 10" />
    <property name="sun.boot.class.path" value="E:\Java\jdk1.8.0_121\jre\lib\resources.jar;E:\Java\jdk1.8.0_121\jre\lib\rt.jar;E:\Java\jdk1.8.0_121\jre\lib\sunrsasign.jar;E:\Java\jdk1.8.0_121\jre\lib\jsse.jar;E:\Java\jdk1.8.0_121\jre\lib\jce.jar;E:\Java\jdk1.8.0_121\jre\lib\charsets.jar;E:\Java\jdk1.8.0_121\jre\lib\jfr.jar;E:\Java\jdk1.8.0_121\jre\classes" />
    <property name="env.COMPUTERNAME" value="爱学习的孩子" />
    <property name="env.CommonProgramW6432" value="C:\Program Files\Common Files" />
    <property name="env.ALLUSERSPROFILE" value="C:\ProgramData" />
    <property name="sun.desktop" value="windows" />
    <property name="java.vm.specification.vendor" value="Oracle Corporation" />
    <property name="ant.home" value="E:\eclipse-jee-2018-09-win32-x86_64\eclipse\plugins\org.apache.ant_1.10.5.v20180808-0324" />
    <property name="java.runtime.version" value="1.8.0_121-b13" />
    <property name="env.HOMEPATH" value="\Users\Administrator" />
    <property name="user.name" value="Grik" />
    <property name="user.language" value="zh" />
    <property name="sun.boot.library.path" value="E:\Java\jdk1.8.0_121\jre\bin" />
    <property name="env.LR_PATH" value="E:\HP\LoadRunner\" />
    <property name="ant.project.default-target" value="build" />
    <property name="ant.project.name" value="Childcare_sys" />
    <property name="java.version" value="1.8.0_121" />
    <property name="env.PROCESSOR_IDENTIFIER" value="Intel64 Family 6 Model 60 Stepping 3, GenuineIntel" />
    <property name="user.timezone" value="" />
    <property name="env.asl.log" value="Destination=file" />
    <property name="env.TEMP" value="C:\Users\ADMINI~1\AppData\Local\Temp" />
    <property name="sun.arch.data.model" value="64" />
    <property name="java.endorsed.dirs" value="E:\Java\jdk1.8.0_121\jre\lib\endorsed" />
    <property name="sun.cpu.isalist" value="amd64" />
    <property name="env.HOMEDRIVE" value="C:" />
    <property name="sun.jnu.encoding" value="GBK" />
    <property name="file.encoding.pkg" value="sun.io" />
    <property name="ECLIPSE_HOME" value="../../" />
    <property name="file.separator" value="\" />
    <property name="java.specification.name" value="Java Platform API Specification" />
    <property name="java.class.version" value="52.0" />
    <property name="user.country" value="CN" />
    <property name="java.home" value="E:\Java\jdk1.8.0_121\jre" />
    <property name="env.PSModulePath" value="C:\Program Files\WindowsPowerShell\Modules;C:\Windows\system32\WindowsPowerShell\v1.0\Modules" />
    <property name="env.ANDROID_HOME" value="E:\AndroidSdk\sdk\platform-tools" />
    <property name="env.APPDATA" value="C:\Users\Administrator\AppData\Roaming" />
    <property name="env.PUBLIC" value="C:\Users\Public" />
    <property name="java.vm.info" value="mixed mode" />
    <property name="env.ComSpec" value="C:\Windows\system32\cmd.exe" />
    <property name="env.OS" value="Windows_NT" />
    <property name="env.CommonProgramFiles" value="C:\Program Files\Common Files" />
    <property name="ant.file" value="E:\eclipse-jee-2018-09-win32-x86_64\eclipse\workspace\Childcare_sys\build.xml" />
    <property name="os.version" value="10.0" />
    <property name="env.ProgramW6432" value="C:\Program Files" />
    <property name="env.EXTRACTPATH" value="E:\HP\LoadRunner\dat\Setup\LoadRunner\MSBuild\..\..\..\.." />
    <property name="path.separator" value=";" />
    <property name="ant.file.Childcare_sys" value="E:\eclipse-jee-2018-09-win32-x86_64\eclipse\workspace\Childcare_sys\build.xml" />
    <property name="java.vm.version" value="25.121-b13" />
    <property name="env.VUGEN_PATH" value="E:\HP\LoadRunner\" />
    <property name="env.USERPROFILE" value="C:\Users\Administrator" />
    <property name="user.variant" value="" />
    <property name="ant.library.dir" value="E:\eclipse-jee-2018-09-win32-x86_64\eclipse\plugins\org.apache.ant_1.10.5.v20180808-0324\lib" />
    <property name="junit.output.dir" value="junit" />
    <property name="env.JAVA_HOME" value="E:\Java\jdk1.8.0_121" />
    <property name="java.awt.printerjob" value="sun.awt.windows.WPrinterJob" />
    <property name="env.TERM" value="dumb" />
    <property name="env.TMP" value="C:\Users\ADMINI~1\AppData\Local\Temp" />
    <property name="env.FPS_BROWSER_USER_PROFILE_STRING" value="Default" />
    <property name="sun.io.unicode.encoding" value="UnicodeLittle" />
    <property name="ant.file.type.Childcare_sys" value="file" />
    <property name="env.LG_PATH" value="E:\HP\LoadRunner\" />
    <property name="awt.toolkit" value="sun.awt.windows.WToolkit" />
    <property name="user.script" value="" />
    <property name="eclipse.pdebuild.scripts" value="E:\eclipse-jee-2018-09-win32-x86_64\eclipse\plugins\org.eclipse.pde.build_3.10.100.v20180828-1915\scripts" />
    <property name="target" value="1.8" />
    <property name="user.home" value="C:\Users\Administrator" />
    <property name="env.FTP_PASSIVE" value="1" />
    <property name="env.ProgramData" value="C:\ProgramData" />
    <property name="env.ProgramFiles(x86)" value="C:\Program Files (x86)" />
    <property name="env.SESSIONNAME" value="Console" />
    <property name="java.specification.vendor" value="Oracle Corporation" />
    <property name="java.vendor.url" value="http://java.oracle.com/" />
    <property name="java.library.path" value="E:\Java\jdk1.8.0_121\jre\bin;C:\Windows\Sun\Java\bin;C:\Windows\system32;C:\Windows;E:/Java/jdk1.8.0_121/bin/../jre/bin/server;E:/Java/jdk1.8.0_121/bin/../jre/bin;E:/Java/jdk1.8.0_121/bin/../jre/lib/amd64;C:\Program Files (x86)\NVIDIA Corporation\PhysX\Common;E:\Java\jdk1.8.0_121/bin;C:\Windows\system32;C:\Windows;C:\Windows\System32\Wbem;C:\Windows\System32\WindowsPowerShell\v1.0\;E:\Rational\common;C:\strawberry\c\bin;C:\strawberry\perl\bin;E:\AndroidSdk\sdk\platform-tools;E:\HP\Unified Functional Testing\bin;E:\Python\Python37;E:\Python\Python37\Scripts;E:\HP\LoadRunner\strawberry-perl\perl\bin;E:\Python\Python37\Scripts\;E:\Python\Python37\;C:\Users\Administrator\AppData\Local\Microsoft\WindowsApps;C:\Users\Administrator\AppData\Local\Programs\Fiddler;C:\Users\Administrator\AppData\Local\GitHubDesktop\bin;E:\eclipse-jee-2018-09-win32-x86_64\eclipse;;." />
    <property name="env.NUMBER_OF_PROCESSORS" value="4" />
    <property name="java.vm.vendor" value="Oracle Corporation" />
    <property name="java.runtime.name" value="Java(TM) SE Runtime Environment" />
    <property name="ant.version" value="Apache Ant(TM) version 1.10.5 compiled on July 10 2018" />
    <property name="java.class.path" value="E:\eclipse-jee-2018-09-win32-x86_64\eclipse\workspace\Childcare_sys\WebRoot\WEB-INF\classes;E:\eclipse-jee-2018-09-win32-x86_64\eclipse\workspace\Childcare_sys\WebRoot\WEB-INF\lib\aopalliance-1.0.jar;E:\eclipse-jee-2018-09-win32-x86_64\eclipse\workspace\Childcare_sys\WebRoot\WEB-INF\lib\asm-3.3.1.jar;E:\eclipse-jee-2018-09-win32-x86_64\eclipse\workspace\Childcare_sys\WebRoot\WEB-INF\lib\aspectjweaver-1.6.11.jar;E:\eclipse-jee-2018-09-win32-x86_64\eclipse\workspace\Childcare_sys\WebRoot\WEB-INF\lib\cglib-2.2.2.jar;E:\eclipse-jee-2018-09-win32-x86_64\eclipse\workspace\Childcare_sys\WebRoot\WEB-INF\lib\commons-dbcp-1.2.2.jar;E:\eclipse-jee-2018-09-win32-x86_64\eclipse\workspace\Childcare_sys\WebRoot\WEB-INF\lib\commons-fileupload-1.2.2.jar;E:\eclipse-jee-2018-09-win32-x86_64\eclipse\workspace\Childcare_sys\WebRoot\WEB-INF\lib\commons-io-2.4.jar;E:\eclipse-jee-2018-09-win32-x86_64\eclipse\workspace\Childcare_sys\WebRoot\WEB-INF\lib\commons-logging-1.1.1.jar;E:\eclipse-jee-2018-09-win32-x86_64\eclipse\workspace\Childcare_sys\WebRoot\WEB-INF\lib\commons-pool-1.3.jar;E:\eclipse-jee-2018-09-win32-x86_64\eclipse\workspace\Childcare_sys\WebRoot\WEB-INF\lib\fastjson-1.2.2-sources.jar;E:\eclipse-jee-2018-09-win32-x86_64\eclipse\workspace\Childcare_sys\WebRoot\WEB-INF\lib\fastjson-1.2.2.jar;E:\eclipse-jee-2018-09-win32-x86_64\eclipse\workspace\Childcare_sys\WebRoot\WEB-INF\lib\jackson-annotations-2.6.0.jar;E:\eclipse-jee-2018-09-win32-x86_64\eclipse\workspace\Childcare_sys\WebRoot\WEB-INF\lib\jackson-annotations-2.9.7.jar;E:\eclipse-jee-2018-09-win32-x86_64\eclipse\workspace\Childcare_sys\WebRoot\WEB-INF\lib\jackson-core-2.6.0.jar;E:\eclipse-jee-2018-09-win32-x86_64\eclipse\workspace\Childcare_sys\WebRoot\WEB-INF\lib\jackson-core-2.9.7.jar;E:\eclipse-jee-2018-09-win32-x86_64\eclipse\workspace\Childcare_sys\WebRoot\WEB-INF\lib\jackson-core-asl-1.9.11.jar;E:\eclipse-jee-2018-09-win32-x86_64\eclipse\workspace\Childcare_sys\WebRoot\WEB-INF\lib\jackson-databind-2.6.0.jar;E:\eclipse-jee-2018-09-win32-x86_64\eclipse\workspace\Childcare_sys\WebRoot\WEB-INF\lib\jackson-databind-2.9.7.jar;E:\eclipse-jee-2018-09-win32-x86_64\eclipse\workspace\Childcare_sys\WebRoot\WEB-INF\lib\jackson-mapper-asl-1.9.11.jar;E:\eclipse-jee-2018-09-win32-x86_64\eclipse\workspace\Childcare_sys\WebRoot\WEB-INF\lib\javassist-3.17.1-GA.jar;E:\eclipse-jee-2018-09-win32-x86_64\eclipse\workspace\Childcare_sys\WebRoot\WEB-INF\lib\jsqlparser-0.9.4.jar;E:\eclipse-jee-2018-09-win32-x86_64\eclipse\workspace\Childcare_sys\WebRoot\WEB-INF\lib\jstl-1.2.jar;E:\eclipse-jee-2018-09-win32-x86_64\eclipse\workspace\Childcare_sys\WebRoot\WEB-INF\lib\junit-4.9.jar;E:\eclipse-jee-2018-09-win32-x86_64\eclipse\workspace\Childcare_sys\WebRoot\WEB-INF\lib\log4j-1.2.17.jar;E:\eclipse-jee-2018-09-win32-x86_64\eclipse\workspace\Childcare_sys\WebRoot\WEB-INF\lib\log4j-api-2.0-rc1.jar;E:\eclipse-jee-2018-09-win32-x86_64\eclipse\workspace\Childcare_sys\WebRoot\WEB-INF\lib\log4j-core-2.0-rc1.jar;E:\eclipse-jee-2018-09-win32-x86_64\eclipse\workspace\Childcare_sys\WebRoot\WEB-INF\lib\mybatis-3.2.7.jar;E:\eclipse-jee-2018-09-win32-x86_64\eclipse\workspace\Childcare_sys\WebRoot\WEB-INF\lib\mybatis-spring-1.2.2.jar;E:\eclipse-jee-2018-09-win32-x86_64\eclipse\workspace\Childcare_sys\WebRoot\WEB-INF\lib\mysql-connector-java-5.1.7-bin.jar;E:\eclipse-jee-2018-09-win32-x86_64\eclipse\workspace\Childcare_sys\WebRoot\WEB-INF\lib\pagehelper-5.0.0.jar;E:\eclipse-jee-2018-09-win32-x86_64\eclipse\workspace\Childcare_sys\WebRoot\WEB-INF\lib\slf4j-api-1.7.5.jar;E:\eclipse-jee-2018-09-win32-x86_64\eclipse\workspace\Childcare_sys\WebRoot\WEB-INF\lib\slf4j-log4j12-1.7.5.jar;E:\eclipse-jee-2018-09-win32-x86_64\eclipse\workspace\Childcare_sys\WebRoot\WEB-INF\lib\spring-aop-4.0.2.RELEASE-javadoc.jar;E:\eclipse-jee-2018-09-win32-x86_64\eclipse\workspace\Childcare_sys\WebRoot\WEB-INF\lib\spring-aop-4.0.2.RELEASE-sources.jar;E:\eclipse-jee-2018-09-win32-x86_64\eclipse\workspace\Childcare_sys\WebRoot\WEB-INF\lib\spring-aop-4.0.2.RELEASE.jar;E:\eclipse-jee-2018-09-win32-x86_64\eclipse\workspace\Childcare_sys\WebRoot\WEB-INF\lib\spring-aspects-4.0.2.RELEASE-javadoc.jar;E:\eclipse-jee-2018-09-win32-x86_64\eclipse\workspace\Childcare_sys\WebRoot\WEB-INF\lib\spring-aspects-4.0.2.RELEASE-sources.jar;E:\eclipse-jee-2018-09-win32-x86_64\eclipse\workspace\Childcare_sys\WebRoot\WEB-INF\lib\spring-aspects-4.0.2.RELEASE.jar;E:\eclipse-jee-2018-09-win32-x86_64\eclipse\workspace\Childcare_sys\WebRoot\WEB-INF\lib\spring-beans-4.0.2.RELEASE-javadoc.jar;E:\eclipse-jee-2018-09-win32-x86_64\eclipse\workspace\Childcare_sys\WebRoot\WEB-INF\lib\spring-beans-4.0.2.RELEASE-sources.jar;E:\eclipse-jee-2018-09-win32-x86_64\eclipse\workspace\Childcare_sys\WebRoot\WEB-INF\lib\spring-beans-4.0.2.RELEASE.jar;E:\eclipse-jee-2018-09-win32-x86_64\eclipse\workspace\Childcare_sys\WebRoot\WEB-INF\lib\spring-build-src-4.0.2.RELEASE.jar;E:\eclipse-jee-2018-09-win32-x86_64\eclipse\workspace\Childcare_sys\WebRoot\WEB-INF\lib\spring-context-4.0.2.RELEASE-javadoc.jar;E:\eclipse-jee-2018-09-win32-x86_64\eclipse\workspace\Childcare_sys\WebRoot\WEB-INF\lib\spring-context-4.0.2.RELEASE-sources.jar;E:\eclipse-jee-2018-09-win32-x86_64\eclipse\workspace\Childcare_sys\WebRoot\WEB-INF\lib\spring-context-4.0.2.RELEASE.jar;E:\eclipse-jee-2018-09-win32-x86_64\eclipse\workspace\Childcare_sys\WebRoot\WEB-INF\lib\spring-context-support-4.0.2.RELEASE-javadoc.jar;E:\eclipse-jee-2018-09-win32-x86_64\eclipse\workspace\Childcare_sys\WebRoot\WEB-INF\lib\spring-context-support-4.0.2.RELEASE-sources.jar;E:\eclipse-jee-2018-09-win32-x86_64\eclipse\workspace\Childcare_sys\WebRoot\WEB-INF\lib\spring-context-support-4.0.2.RELEASE.jar;E:\eclipse-jee-2018-09-win32-x86_64\eclipse\workspace\Childcare_sys\WebRoot\WEB-INF\lib\spring-core-4.0.2.RELEASE-javadoc.jar;E:\eclipse-jee-2018-09-win32-x86_64\eclipse\workspace\Childcare_sys\WebRoot\WEB-INF\lib\spring-core-4.0.2.RELEASE-sources.jar;E:\eclipse-jee-2018-09-win32-x86_64\eclipse\workspace\Childcare_sys\WebRoot\WEB-INF\lib\spring-core-4.0.2.RELEASE.jar;E:\eclipse-jee-2018-09-win32-x86_64\eclipse\workspace\Childcare_sys\WebRoot\WEB-INF\lib\spring-expression-4.0.2.RELEASE-javadoc.jar;E:\eclipse-jee-2018-09-win32-x86_64\eclipse\workspace\Childcare_sys\WebRoot\WEB-INF\lib\spring-expression-4.0.2.RELEASE-sources.jar;E:\eclipse-jee-2018-09-win32-x86_64\eclipse\workspace\Childcare_sys\WebRoot\WEB-INF\lib\spring-expression-4.0.2.RELEASE.jar;E:\eclipse-jee-2018-09-win32-x86_64\eclipse\workspace\Childcare_sys\WebRoot\WEB-INF\lib\spring-framework-bom-4.0.2.RELEASE-javadoc.jar;E:\eclipse-jee-2018-09-win32-x86_64\eclipse\workspace\Childcare_sys\WebRoot\WEB-INF\lib\spring-framework-bom-4.0.2.RELEASE-sources.jar;E:\eclipse-jee-2018-09-win32-x86_64\eclipse\workspace\Childcare_sys\WebRoot\WEB-INF\lib\spring-framework-bom-4.0.2.RELEASE.jar;E:\eclipse-jee-2018-09-win32-x86_64\eclipse\workspace\Childcare_sys\WebRoot\WEB-INF\lib\spring-instrument-4.0.2.RELEASE-javadoc.jar;E:\eclipse-jee-2018-09-win32-x86_64\eclipse\workspace\Childcare_sys\WebRoot\WEB-INF\lib\spring-instrument-4.0.2.RELEASE-sources.jar;E:\eclipse-jee-2018-09-win32-x86_64\eclipse\workspace\Childcare_sys\WebRoot\WEB-INF\lib\spring-instrument-4.0.2.RELEASE.jar;E:\eclipse-jee-2018-09-win32-x86_64\eclipse\workspace\Childcare_sys\WebRoot\WEB-INF\lib\spring-instrument-tomcat-4.0.2.RELEASE-javadoc.jar;E:\eclipse-jee-2018-09-win32-x86_64\eclipse\workspace\Childcare_sys\WebRoot\WEB-INF\lib\spring-instrument-tomcat-4.0.2.RELEASE-sources.jar;E:\eclipse-jee-2018-09-win32-x86_64\eclipse\workspace\Childcare_sys\WebRoot\WEB-INF\lib\spring-instrument-tomcat-4.0.2.RELEASE.jar;E:\eclipse-jee-2018-09-win32-x86_64\eclipse\workspace\Childcare_sys\WebRoot\WEB-INF\lib\spring-jdbc-4.0.2.RELEASE-javadoc.jar;E:\eclipse-jee-2018-09-win32-x86_64\eclipse\workspace\Childcare_sys\WebRoot\WEB-INF\lib\spring-jdbc-4.0.2.RELEASE-sources.jar;E:\eclipse-jee-2018-09-win32-x86_64\eclipse\workspace\Childcare_sys\WebRoot\WEB-INF\lib\spring-jdbc-4.0.2.RELEASE.jar;E:\eclipse-jee-2018-09-win32-x86_64\eclipse\workspace\Childcare_sys\WebRoot\WEB-INF\lib\spring-jms-4.0.2.RELEASE-javadoc.jar;E:\eclipse-jee-2018-09-win32-x86_64\eclipse\workspace\Childcare_sys\WebRoot\WEB-INF\lib\spring-jms-4.0.2.RELEASE-sources.jar;E:\eclipse-jee-2018-09-win32-x86_64\eclipse\workspace\Childcare_sys\WebRoot\WEB-INF\lib\spring-jms-4.0.2.RELEASE.jar;E:\eclipse-jee-2018-09-win32-x86_64\eclipse\workspace\Childcare_sys\WebRoot\WEB-INF\lib\spring-messaging-4.0.2.RELEASE-javadoc.jar;E:\eclipse-jee-2018-09-win32-x86_64\eclipse\workspace\Childcare_sys\WebRoot\WEB-INF\lib\spring-messaging-4.0.2.RELEASE-sources.jar;E:\eclipse-jee-2018-09-win32-x86_64\eclipse\workspace\Childcare_sys\WebRoot\WEB-INF\lib\spring-messaging-4.0.2.RELEASE.jar;E:\eclipse-jee-2018-09-win32-x86_64\eclipse\workspace\Childcare_sys\WebRoot\WEB-INF\lib\spring-orm-4.0.2.RELEASE-javadoc.jar;E:\eclipse-jee-2018-09-win32-x86_64\eclipse\workspace\Childcare_sys\WebRoot\WEB-INF\lib\spring-orm-4.0.2.RELEASE-sources.jar;E:\eclipse-jee-2018-09-win32-x86_64\eclipse\workspace\Childcare_sys\WebRoot\WEB-INF\lib\spring-orm-4.0.2.RELEASE.jar;E:\eclipse-jee-2018-09-win32-x86_64\eclipse\workspace\Childcare_sys\WebRoot\WEB-INF\lib\spring-oxm-4.0.2.RELEASE-javadoc.jar;E:\eclipse-jee-2018-09-win32-x86_64\eclipse\workspace\Childcare_sys\WebRoot\WEB-INF\lib\spring-oxm-4.0.2.RELEASE-sources.jar;E:\eclipse-jee-2018-09-win32-x86_64\eclipse\workspace\Childcare_sys\WebRoot\WEB-INF\lib\spring-oxm-4.0.2.RELEASE.jar;E:\eclipse-jee-2018-09-win32-x86_64\eclipse\workspace\Childcare_sys\WebRoot\WEB-INF\lib\spring-test-4.0.2.RELEASE-javadoc.jar;E:\eclipse-jee-2018-09-win32-x86_64\eclipse\workspace\Childcare_sys\WebRoot\WEB-INF\lib\spring-test-4.0.2.RELEASE-sources.jar;E:\eclipse-jee-2018-09-win32-x86_64\eclipse\workspace\Childcare_sys\WebRoot\WEB-INF\lib\spring-test-4.0.2.RELEASE.jar;E:\eclipse-jee-2018-09-win32-x86_64\eclipse\workspace\Childcare_sys\WebRoot\WEB-INF\lib\spring-tx-4.0.2.RELEASE-javadoc.jar;E:\eclipse-jee-2018-09-win32-x86_64\eclipse\workspace\Childcare_sys\WebRoot\WEB-INF\lib\spring-tx-4.0.2.RELEASE-sources.jar;E:\eclipse-jee-2018-09-win32-x86_64\eclipse\workspace\Childcare_sys\WebRoot\WEB-INF\lib\spring-tx-4.0.2.RELEASE.jar;E:\eclipse-jee-2018-09-win32-x86_64\eclipse\workspace\Childcare_sys\WebRoot\WEB-INF\lib\spring-web-4.0.2.RELEASE-javadoc.jar;E:\eclipse-jee-2018-09-win32-x86_64\eclipse\workspace\Childcare_sys\WebRoot\WEB-INF\lib\spring-web-4.0.2.RELEASE-sources.jar;E:\eclipse-jee-2018-09-win32-x86_64\eclipse\workspace\Childcare_sys\WebRoot\WEB-INF\lib\spring-web-4.0.2.RELEASE.jar;E:\eclipse-jee-2018-09-win32-x86_64\eclipse\workspace\Childcare_sys\WebRoot\WEB-INF\lib\spring-webmvc-4.0.2.RELEASE-javadoc.jar;E:\eclipse-jee-2018-09-win32-x86_64\eclipse\workspace\Childcare_sys\WebRoot\WEB-INF\lib\spring-webmvc-4.0.2.RELEASE-sources.jar;E:\eclipse-jee-2018-09-win32-x86_64\eclipse\workspace\Childcare_sys\WebRoot\WEB-INF\lib\spring-webmvc-4.0.2.RELEASE.jar;E:\eclipse-jee-2018-09-win32-x86_64\eclipse\workspace\Childcare_sys\WebRoot\WEB-INF\lib\spring-webmvc-portlet-4.0.2.RELEASE-javadoc.jar;E:\eclipse-jee-2018-09-win32-x86_64\eclipse\workspace\Childcare_sys\WebRoot\WEB-INF\lib\spring-webmvc-portlet-4.0.2.RELEASE-sources.jar;E:\eclipse-jee-2018-09-win32-x86_64\eclipse\workspace\Childcare_sys\WebRoot\WEB-INF\lib\spring-webmvc-portlet-4.0.2.RELEASE.jar;E:\eclipse-jee-2018-09-win32-x86_64\eclipse\workspace\Childcare_sys\WebRoot\WEB-INF\lib\spring-websocket-4.0.2.RELEASE-javadoc.jar;E:\eclipse-jee-2018-09-win32-x86_64\eclipse\workspace\Childcare_sys\WebRoot\WEB-INF\lib\spring-websocket-4.0.2.RELEASE-sources.jar;E:\eclipse-jee-2018-09-win32-x86_64\eclipse\workspace\Childcare_sys\WebRoot\WEB-INF\lib\spring-websocket-4.0.2.RELEASE.jar;E:\tomcat\apache-tomcat-8.0.50\lib\annotations-api.jar;E:\tomcat\apache-tomcat-8.0.50\lib\catalina-ant.jar;E:\tomcat\apache-tomcat-8.0.50\lib\catalina-ha.jar;E:\tomcat\apache-tomcat-8.0.50\lib\catalina-storeconfig.jar;E:\tomcat\apache-tomcat-8.0.50\lib\catalina-tribes.jar;E:\tomcat\apache-tomcat-8.0.50\lib\catalina.jar;E:\tomcat\apache-tomcat-8.0.50\lib\ecj-4.6.3.jar;E:\tomcat\apache-tomcat-8.0.50\lib\el-api.jar;E:\tomcat\apache-tomcat-8.0.50\lib\jasper-el.jar;E:\tomcat\apache-tomcat-8.0.50\lib\jasper.jar;E:\tomcat\apache-tomcat-8.0.50\lib\jsp-api.jar;E:\tomcat\apache-tomcat-8.0.50\lib\servlet-api.jar;E:\tomcat\apache-tomcat-8.0.50\lib\tomcat-api.jar;E:\tomcat\apache-tomcat-8.0.50\lib\tomcat-coyote.jar;E:\tomcat\apache-tomcat-8.0.50\lib\tomcat-dbcp.jar;E:\tomcat\apache-tomcat-8.0.50\lib\tomcat-i18n-es.jar;E:\tomcat\apache-tomcat-8.0.50\lib\tomcat-i18n-fr.jar;E:\tomcat\apache-tomcat-8.0.50\lib\tomcat-i18n-ja.jar;E:\tomcat\apache-tomcat-8.0.50\lib\tomcat-jdbc.jar;E:\tomcat\apache-tomcat-8.0.50\lib\tomcat-jni.jar;E:\tomcat\apache-tomcat-8.0.50\lib\tomcat-util-scan.jar;E:\tomcat\apache-tomcat-8.0.50\lib\tomcat-util.jar;E:\tomcat\apache-tomcat-8.0.50\lib\tomcat-websocket.jar;E:\tomcat\apache-tomcat-8.0.50\lib\websocket-api.jar;E:\eclipse-jee-2018-09-win32-x86_64\eclipse\plugins\org.apache.ant_1.10.5.v20180808-0324\lib\ant-launcher.jar;E:\eclipse-jee-2018-09-win32-x86_64\eclipse\plugins\org.apache.ant_1.10.5.v20180808-0324\lib\ant.jar;E:\eclipse-jee-2018-09-win32-x86_64\eclipse\plugins\org.apache.ant_1.10.5.v20180808-0324\lib\ant-junit.jar;E:\eclipse-jee-2018-09-win32-x86_64\eclipse\plugins\org.apache.ant_1.10.5.v20180808-0324\lib\ant-junit4.jar" />
    <property name="sun.java.command" value="org.apache.tools.ant.taskdefs.optional.junit.JUnitTestRunner ControllerTest.PostsControllerTest skipNonTests=false filtertrace=true haltOnError=false haltOnFailure=false formatter=org.apache.tools.ant.taskdefs.optional.junit.OutErrSummaryJUnitResultFormatter showoutput=false outputtoformatters=true logfailedtests=true threadid=0 logtestlistenerevents=false formatter=org.apache.tools.ant.taskdefs.optional.junit.XMLJUnitResultFormatter,E:\eclipse-jee-2018-09-win32-x86_64\eclipse\workspace\Childcare_sys\junit\TEST-ControllerTest.PostsControllerTest.xml crashfile=E:\eclipse-jee-2018-09-win32-x86_64\eclipse\workspace\Childcare_sys\junitvmwatcher2878304642284773889.properties propsfile=E:\eclipse-jee-2018-09-win32-x86_64\eclipse\workspace\Childcare_sys\junit6107549868540065434.properties" />
    <property name="java.vm.specification.name" value="Java Virtual Machine Specification" />
    <property name="env.ST_INSTALL_PATH" value="E:\HP\Unified Functional Testing\" />
    <property name="env.windir" value="C:\Windows" />
    <property name="env.LOGONSERVER" value="\\爱学习的孩子" />
    <property name="env.PROCESSOR_ARCHITECTURE" value="AMD64" />
    <property name="java.vm.specification.version" value="1.8" />
    <property name="sun.os.patch.level" value="" />
    <property name="sun.cpu.endian" value="little" />
    <property name="debuglevel" value="source,lines,vars" />
    <property name="env.SHIM_MCCOMPAT" value="0x810000001" />
    <property name="env.ProgramFiles" value="C:\Program Files" />
    <property name="env.ANT_HOME" value="E:\eclipse-jee-2018-09-win32-x86_64\eclipse\plugins\org.apache.ant_1.10.5.v20180808-0324" />
    <property name="java.io.tmpdir" value="C:\Users\ADMINI~1\AppData\Local\Temp\" />
    <property name="env.PROCESSOR_REVISION" value="3c03" />
    <property name="eclipse.pdebuild.home" value="E:\eclipse-jee-2018-09-win32-x86_64\eclipse\plugins\org.eclipse.pde.build_3.10.100.v20180828-1915\." />
    <property name="env.CommonProgramFiles(x86)" value="C:\Program Files (x86)\Common Files" />
    <property name="java.vendor.url.bug" value="http://bugreport.sun.com/bugreport/" />
    <property name="env.SystemRoot" value="C:\Windows" />
    <property name="env.FPS_BROWSER_APP_PROFILE_STRING" value="Internet Explorer" />
    <property name="java.awt.graphicsenv" value="sun.awt.Win32GraphicsEnvironment" />
    <property name="os.arch" value="amd64" />
    <property name="java.ext.dirs" value="E:\Java\jdk1.8.0_121\jre\lib\ext;C:\Windows\Sun\Java\lib\ext" />
    <property name="user.dir" value="E:\eclipse-jee-2018-09-win32-x86_64\eclipse\workspace\Childcare_sys" />
    <property name="env.LOCALAPPDATA" value="C:\Users\Administrator\AppData\Local" />
    <property name="line.separator" value="&#xd;&#xa;" />
    <property name="java.vm.name" value="Java HotSpot(TM) 64-Bit Server VM" />
    <property name="env.NVIDIAWHITELISTED" value="0x01" />
    <property name="env.PATHEXT" value=".COM;.EXE;.BAT;.CMD;.VBS;.VBE;.JS;.JSE;.WSF;.WSH;.MSC" />
    <property name="env.Path" value="E:/Java/jdk1.8.0_121/bin/../jre/bin/server;E:/Java/jdk1.8.0_121/bin/../jre/bin;E:/Java/jdk1.8.0_121/bin/../jre/lib/amd64;C:\Program Files (x86)\NVIDIA Corporation\PhysX\Common;E:\Java\jdk1.8.0_121/bin;C:\Windows\system32;C:\Windows;C:\Windows\System32\Wbem;C:\Windows\System32\WindowsPowerShell\v1.0\;E:\Rational\common;C:\strawberry\c\bin;C:\strawberry\perl\bin;E:\AndroidSdk\sdk\platform-tools;E:\HP\Unified Functional Testing\bin;E:\Python\Python37;E:\Python\Python37\Scripts;E:\HP\LoadRunner\strawberry-perl\perl\bin;E:\Python\Python37\Scripts\;E:\Python\Python37\;C:\Users\Administrator\AppData\Local\Microsoft\WindowsApps;C:\Users\Administrator\AppData\Local\Programs\Fiddler;C:\Users\Administrator\AppData\Local\GitHubDesktop\bin;E:\eclipse-jee-2018-09-win32-x86_64\eclipse;" />
    <property name="basedir" value="E:\eclipse-jee-2018-09-win32-x86_64\eclipse\workspace\Childcare_sys" />
    <property name="ant.java.version" value="1.8" />
    <property name="ant.core.lib" value="E:\eclipse-jee-2018-09-win32-x86_64\eclipse\plugins\org.apache.ant_1.10.5.v20180808-0324\lib\ant.jar" />
    <property name="env.USERNAME" value="Grik" />
    <property name="source" value="1.8" />
    <property name="env.SystemDrive" value="C:" />
    <property name="file.encoding" value="GBK" />
    <property name="env.USERDOMAIN" value="爱学习的孩子" />
    <property name="java.specification.version" value="1.8" />
    <property name="ant.project.invoked-targets" value="MemberControllerTest,MemberMapperTest,MemberServiceTest,ParentingControllerTest,ParentingMapperTest,ParentingServiceTest,PostsControllerTest,PostsMapperTest,PostsServiceTest,RepostsControllerTest,RepostsMapperTest.addtest,RepostsMapperTest,RepostsServiceTest,UserControllerTest,UserMapperTest (1),UserMapperTest.CheckLoginAndPwd0Test,UserServiceTest,junitreport" />
    <property name="env.ANALYSIS_PATH" value="E:\HP\LoadRunner\" />
    <property name="env.TARGETDIR" value="E:\HP\LoadRunner\dat\Setup\LoadRunner\MSBuild\..\..\..\.." />
    <property name="env.LOG_FILE" value="C:\Users\ADMINI~1\AppData\Local\Temp\\ihp_custom_batches.log" />
    <property name="env.PROCESSOR_LEVEL" value="6" />
  </properties>
  <testcase classname="ControllerTest.PostsControllerTest" name="getPostsByNameTest" time="1.909" />
  <testcase classname="ControllerTest.PostsControllerTest" name="queryPostsTest" time="0.031" />
  <testcase classname="ControllerTest.PostsControllerTest" name="addPostsTest" time="0.177" />
  <testcase classname="ControllerTest.PostsControllerTest" name="delPostsTest" time="0.179" />
  <testcase classname="ControllerTest.PostsControllerTest" name="findOneTest" time="0.073" />
  <testcase classname="ControllerTest.PostsControllerTest" name="updPostsTest" time="0.064" />
  <system-out><![CDATA[DEBUG [main] - SpringJUnit4ClassRunner constructor called with [class ControllerTest.PostsControllerTest].
DEBUG [main] - Delegating to GenericXmlWebContextLoader to process context configuration [ContextConfigurationAttributes@6e06451e declaringClass = 'Base.BaseControllerTest', locations = '{file:config/spring/applicationContext.xml}', classes = '{}', inheritLocations = true, initializers = '{}', inheritInitializers = true, name = [null], contextLoaderClass = 'org.springframework.test.context.ContextLoader'].
DEBUG [main] - Could not find an 'annotation declaring class' for annotation type [org.springframework.test.context.ActiveProfiles] and class [ControllerTest.PostsControllerTest]
DEBUG [main] - @TestExecutionListeners is not present for class [class ControllerTest.PostsControllerTest]: using defaults.
DEBUG [main] - Retrieved @ProfileValueSourceConfiguration [null] for test class [ControllerTest.PostsControllerTest]
DEBUG [main] - Retrieved ProfileValueSource type [class org.springframework.test.annotation.SystemProfileValueSource] for class [ControllerTest.PostsControllerTest]
DEBUG [main] - Retrieved @ProfileValueSourceConfiguration [null] for test class [ControllerTest.PostsControllerTest]
DEBUG [main] - Retrieved ProfileValueSource type [class org.springframework.test.annotation.SystemProfileValueSource] for class [ControllerTest.PostsControllerTest]
DEBUG [main] - Retrieved @ProfileValueSourceConfiguration [null] for test class [ControllerTest.PostsControllerTest]
DEBUG [main] - Retrieved ProfileValueSource type [class org.springframework.test.annotation.SystemProfileValueSource] for class [ControllerTest.PostsControllerTest]
DEBUG [main] - Retrieved @ProfileValueSourceConfiguration [null] for test class [ControllerTest.PostsControllerTest]
DEBUG [main] - Retrieved ProfileValueSource type [class org.springframework.test.annotation.SystemProfileValueSource] for class [ControllerTest.PostsControllerTest]
DEBUG [main] - Delegating to GenericXmlWebContextLoader to load context from [WebMergedContextConfiguration@32709393 testClass = PostsControllerTest, locations = '{file:config/spring/applicationContext.xml}', classes = '{}', contextInitializerClasses = '[]', activeProfiles = '{}', resourceBasePath = 'src/main/webapp', contextLoader = 'org.springframework.test.context.web.WebDelegatingSmartContextLoader', parent = [null]].
DEBUG [main] - Loading WebApplicationContext for merged context configuration [WebMergedContextConfiguration@32709393 testClass = PostsControllerTest, locations = '{file:config/spring/applicationContext.xml}', classes = '{}', contextInitializerClasses = '[]', activeProfiles = '{}', resourceBasePath = 'src/main/webapp', contextLoader = 'org.springframework.test.context.web.WebDelegatingSmartContextLoader', parent = [null]].
DEBUG [main] - Adding [servletConfigInitParams] PropertySource with lowest search precedence
DEBUG [main] - Adding [servletContextInitParams] PropertySource with lowest search precedence
DEBUG [main] - Adding [jndiProperties] PropertySource with lowest search precedence
DEBUG [main] - Adding [systemProperties] PropertySource with lowest search precedence
DEBUG [main] - Adding [systemEnvironment] PropertySource with lowest search precedence
DEBUG [main] - Initialized StandardServletEnvironment with PropertySources [servletConfigInitParams,servletContextInitParams,jndiProperties,systemProperties,systemEnvironment]
 INFO [main] - Loading XML bean definitions from URL [file:config/spring/applicationContext.xml]
DEBUG [main] - Using JAXP provider [com.sun.org.apache.xerces.internal.jaxp.DocumentBuilderFactoryImpl]
DEBUG [main] - Loading schema mappings from [META-INF/spring.schemas]
DEBUG [main] - Loaded schema mappings: {http://www.springframework.org/schema/tx/spring-tx-2.5.xsd=org/springframework/transaction/config/spring-tx-2.5.xsd, http://www.springframework.org/schema/context/spring-context-3.1.xsd=org/springframework/context/config/spring-context-3.1.xsd, http://www.springframework.org/schema/jms/spring-jms-2.5.xsd=org/springframework/jms/config/spring-jms-2.5.xsd, http://www.springframework.org/schema/util/spring-util-3.0.xsd=org/springframework/beans/factory/xml/spring-util-3.0.xsd, http://www.springframework.org/schema/tool/spring-tool.xsd=org/springframework/beans/factory/xml/spring-tool-4.0.xsd, http://www.springframework.org/schema/aop/spring-aop-3.2.xsd=org/springframework/aop/config/spring-aop-3.2.xsd, http://mybatis.org/schema/mybatis-spring-1.2.xsd=org/mybatis/spring/config/mybatis-spring-1.2.xsd, http://www.springframework.org/schema/context/spring-context-4.0.xsd=org/springframework/context/config/spring-context-4.0.xsd, http://www.springframework.org/schema/mvc/spring-mvc-3.2.xsd=org/springframework/web/servlet/config/spring-mvc-3.2.xsd, http://www.springframework.org/schema/oxm/spring-oxm-3.0.xsd=org/springframework/oxm/config/spring-oxm-3.0.xsd, http://www.springframework.org/schema/lang/spring-lang-3.2.xsd=org/springframework/scripting/config/spring-lang-3.2.xsd, http://www.springframework.org/schema/cache/spring-cache-3.2.xsd=org/springframework/cache/config/spring-cache-3.2.xsd, http://www.springframework.org/schema/jdbc/spring-jdbc-3.1.xsd=org/springframework/jdbc/config/spring-jdbc-3.1.xsd, http://www.springframework.org/schema/util/spring-util-2.0.xsd=org/springframework/beans/factory/xml/spring-util-2.0.xsd, http://www.springframework.org/schema/tool/spring-tool-3.2.xsd=org/springframework/beans/factory/xml/spring-tool-3.2.xsd, http://www.springframework.org/schema/context/spring-context.xsd=org/springframework/context/config/spring-context-4.0.xsd, http://www.springframework.org/schema/aop/spring-aop-4.0.xsd=org/springframework/aop/config/spring-aop-4.0.xsd, http://www.springframework.org/schema/jee/spring-jee-3.2.xsd=org/springframework/ejb/config/spring-jee-3.2.xsd, http://www.springframework.org/schema/context/spring-context-3.0.xsd=org/springframework/context/config/spring-context-3.0.xsd, http://www.springframework.org/schema/jdbc/spring-jdbc-4.0.xsd=org/springframework/jdbc/config/spring-jdbc-4.0.xsd, http://www.springframework.org/schema/mvc/spring-mvc-4.0.xsd=org/springframework/web/servlet/config/spring-mvc-4.0.xsd, http://www.springframework.org/schema/util/spring-util-2.5.xsd=org/springframework/beans/factory/xml/spring-util-2.5.xsd, http://www.springframework.org/schema/beans/spring-beans-3.2.xsd=org/springframework/beans/factory/xml/spring-beans-3.2.xsd, http://www.springframework.org/schema/aop/spring-aop-3.1.xsd=org/springframework/aop/config/spring-aop-3.1.xsd, http://www.springframework.org/schema/lang/spring-lang-4.0.xsd=org/springframework/scripting/config/spring-lang-4.0.xsd, http://www.springframework.org/schema/mvc/spring-mvc.xsd=org/springframework/web/servlet/config/spring-mvc-4.0.xsd, http://www.springframework.org/schema/mvc/spring-mvc-3.1.xsd=org/springframework/web/servlet/config/spring-mvc-3.1.xsd, http://www.springframework.org/schema/tool/spring-tool-4.0.xsd=org/springframework/beans/factory/xml/spring-tool-4.0.xsd, http://www.springframework.org/schema/tx/spring-tx-3.2.xsd=org/springframework/transaction/config/spring-tx-3.2.xsd, http://www.springframework.org/schema/lang/spring-lang-3.1.xsd=org/springframework/scripting/config/spring-lang-3.1.xsd, http://www.springframework.org/schema/cache/spring-cache-3.1.xsd=org/springframework/cache/config/spring-cache-3.1.xsd, http://www.springframework.org/schema/jee/spring-jee-4.0.xsd=org/springframework/ejb/config/spring-jee-4.0.xsd, http://www.springframework.org/schema/jdbc/spring-jdbc-3.0.xsd=org/springframework/jdbc/config/spring-jdbc-3.0.xsd, http://www.springframework.org/schema/jdbc/spring-jdbc.xsd=org/springframework/jdbc/config/spring-jdbc-4.0.xsd, http://www.springframework.org/schema/tool/spring-tool-3.1.xsd=org/springframework/beans/factory/xml/spring-tool-3.1.xsd, http://www.springframework.org/schema/cache/spring-cache-4.0.xsd=org/springframework/cache/config/spring-cache-4.0.xsd, http://www.springframework.org/schema/jee/spring-jee-3.1.xsd=org/springframework/ejb/config/spring-jee-3.1.xsd, http://www.springframework.org/schema/task/spring-task-3.2.xsd=org/springframework/scheduling/config/spring-task-3.2.xsd, http://www.springframework.org/schema/beans/spring-beans-3.1.xsd=org/springframework/beans/factory/xml/spring-beans-3.1.xsd, http://www.springframework.org/schema/util/spring-util.xsd=org/springframework/beans/factory/xml/spring-util-4.0.xsd, http://www.springframework.org/schema/aop/spring-aop-3.0.xsd=org/springframework/aop/config/spring-aop-3.0.xsd, http://www.springframework.org/schema/jms/spring-jms-3.2.xsd=org/springframework/jms/config/spring-jms-3.2.xsd, http://www.springframework.org/schema/mvc/spring-mvc-3.0.xsd=org/springframework/web/servlet/config/spring-mvc-3.0.xsd, http://www.springframework.org/schema/beans/spring-beans-4.0.xsd=org/springframework/beans/factory/xml/spring-beans-4.0.xsd, http://www.springframework.org/schema/beans/spring-beans.xsd=org/springframework/beans/factory/xml/spring-beans-4.0.xsd, http://www.springframework.org/schema/tx/spring-tx-3.1.xsd=org/springframework/transaction/config/spring-tx-3.1.xsd, http://www.springframework.org/schema/lang/spring-lang-3.0.xsd=org/springframework/scripting/config/spring-lang-3.0.xsd, http://mybatis.org/schema/mybatis-spring.xsd=org/mybatis/spring/config/mybatis-spring-1.2.xsd, http://www.springframework.org/schema/context/spring-context-2.5.xsd=org/springframework/context/config/spring-context-2.5.xsd, http://www.springframework.org/schema/task/spring-task-4.0.xsd=org/springframework/scheduling/config/spring-task-4.0.xsd, http://www.springframework.org/schema/tool/spring-tool-3.0.xsd=org/springframework/beans/factory/xml/spring-tool-3.0.xsd, http://www.springframework.org/schema/tx/spring-tx-4.0.xsd=org/springframework/transaction/config/spring-tx-4.0.xsd, http://www.springframework.org/schema/aop/spring-aop-2.0.xsd=org/springframework/aop/config/spring-aop-2.0.xsd, http://www.springframework.org/schema/jee/spring-jee-3.0.xsd=org/springframework/ejb/config/spring-jee-3.0.xsd, http://www.springframework.org/schema/task/spring-task-3.1.xsd=org/springframework/scheduling/config/spring-task-3.1.xsd, http://www.springframework.org/schema/beans/spring-beans-3.0.xsd=org/springframework/beans/factory/xml/spring-beans-3.0.xsd, http://www.springframework.org/schema/websocket/spring-websocket.xsd=org/springframework/web/socket/config/spring-websocket-4.0.xsd, http://www.springframework.org/schema/jee/spring-jee.xsd=org/springframework/ejb/config/spring-jee-4.0.xsd, http://www.springframework.org/schema/aop/spring-aop-2.5.xsd=org/springframework/aop/config/spring-aop-2.5.xsd, http://www.springframework.org/schema/jms/spring-jms.xsd=org/springframework/jms/config/spring-jms-4.0.xsd, http://www.springframework.org/schema/lang/spring-lang-2.0.xsd=org/springframework/scripting/config/spring-lang-2.0.xsd, http://www.springframework.org/schema/oxm/spring-oxm.xsd=org/springframework/oxm/config/spring-oxm-4.0.xsd, http://www.springframework.org/schema/jms/spring-jms-3.1.xsd=org/springframework/jms/config/spring-jms-3.1.xsd, http://www.springframework.org/schema/util/spring-util-3.2.xsd=org/springframework/beans/factory/xml/spring-util-3.2.xsd, http://www.springframework.org/schema/task/spring-task.xsd=org/springframework/scheduling/config/spring-task-4.0.xsd, http://www.springframework.org/schema/tool/spring-tool-2.0.xsd=org/springframework/beans/factory/xml/spring-tool-2.0.xsd, http://www.springframework.org/schema/tx/spring-tx-3.0.xsd=org/springframework/transaction/config/spring-tx-3.0.xsd, http://www.springframework.org/schema/lang/spring-lang-2.5.xsd=org/springframework/scripting/config/spring-lang-2.5.xsd, http://www.springframework.org/schema/jee/spring-jee-2.0.xsd=org/springframework/ejb/config/spring-jee-2.0.xsd, http://www.springframework.org/schema/jms/spring-jms-4.0.xsd=org/springframework/jms/config/spring-jms-4.0.xsd, http://www.springframework.org/schema/oxm/spring-oxm-3.2.xsd=org/springframework/oxm/config/spring-oxm-3.2.xsd, http://www.springframework.org/schema/tool/spring-tool-2.5.xsd=org/springframework/beans/factory/xml/spring-tool-2.5.xsd, http://www.springframework.org/schema/jee/spring-jee-2.5.xsd=org/springframework/ejb/config/spring-jee-2.5.xsd, http://www.springframework.org/schema/util/spring-util-4.0.xsd=org/springframework/beans/factory/xml/spring-util-4.0.xsd, http://www.springframework.org/schema/task/spring-task-3.0.xsd=org/springframework/scheduling/config/spring-task-3.0.xsd, http://www.springframework.org/schema/lang/spring-lang.xsd=org/springframework/scripting/config/spring-lang-4.0.xsd, http://www.springframework.org/schema/context/spring-context-3.2.xsd=org/springframework/context/config/spring-context-3.2.xsd, http://www.springframework.org/schema/jms/spring-jms-3.0.xsd=org/springframework/jms/config/spring-jms-3.0.xsd, http://www.springframework.org/schema/util/spring-util-3.1.xsd=org/springframework/beans/factory/xml/spring-util-3.1.xsd, http://www.springframework.org/schema/beans/spring-beans-2.0.xsd=org/springframework/beans/factory/xml/spring-beans-2.0.xsd, http://www.springframework.org/schema/oxm/spring-oxm-4.0.xsd=org/springframework/oxm/config/spring-oxm-4.0.xsd, http://www.springframework.org/schema/cache/spring-cache.xsd=org/springframework/cache/config/spring-cache-4.0.xsd, http://www.springframework.org/schema/tx/spring-tx.xsd=org/springframework/transaction/config/spring-tx-4.0.xsd, http://www.springframework.org/schema/beans/spring-beans-2.5.xsd=org/springframework/beans/factory/xml/spring-beans-2.5.xsd, http://www.springframework.org/schema/oxm/spring-oxm-3.1.xsd=org/springframework/oxm/config/spring-oxm-3.1.xsd, http://www.springframework.org/schema/tx/spring-tx-2.0.xsd=org/springframework/transaction/config/spring-tx-2.0.xsd, http://www.springframework.org/schema/jdbc/spring-jdbc-3.2.xsd=org/springframework/jdbc/config/spring-jdbc-3.2.xsd, http://www.springframework.org/schema/aop/spring-aop.xsd=org/springframework/aop/config/spring-aop-4.0.xsd, http://www.springframework.org/schema/websocket/spring-websocket-4.0.xsd=org/springframework/web/socket/config/spring-websocket-4.0.xsd}
DEBUG [main] - Found XML schema [http://www.springframework.org/schema/beans/spring-beans-3.2.xsd] in classpath: org/springframework/beans/factory/xml/spring-beans-3.2.xsd
DEBUG [main] - Found XML schema [http://www.springframework.org/schema/context/spring-context-3.2.xsd] in classpath: org/springframework/context/config/spring-context-3.2.xsd
DEBUG [main] - Found XML schema [http://www.springframework.org/schema/tool/spring-tool-3.2.xsd] in classpath: org/springframework/beans/factory/xml/spring-tool-3.2.xsd
DEBUG [main] - Found XML schema [http://www.springframework.org/schema/tx/spring-tx.xsd] in classpath: org/springframework/transaction/config/spring-tx-4.0.xsd
DEBUG [main] - Found XML schema [http://www.springframework.org/schema/aop/spring-aop-3.2.xsd] in classpath: org/springframework/aop/config/spring-aop-3.2.xsd
DEBUG [main] - Loading bean definitions
DEBUG [main] - Loaded NamespaceHandler mappings: {http://www.springframework.org/schema/p=org.springframework.beans.factory.xml.SimplePropertyNamespaceHandler, http://www.springframework.org/schema/mvc=org.springframework.web.servlet.config.MvcNamespaceHandler, http://www.springframework.org/schema/util=org.springframework.beans.factory.xml.UtilNamespaceHandler, http://www.springframework.org/schema/jee=org.springframework.ejb.config.JeeNamespaceHandler, http://www.springframework.org/schema/websocket=org.springframework.web.socket.config.WebSocketNamespaceHandler, http://www.springframework.org/schema/aop=org.springframework.aop.config.AopNamespaceHandler, http://www.springframework.org/schema/oxm=org.springframework.oxm.config.OxmNamespaceHandler, http://www.springframework.org/schema/jdbc=org.springframework.jdbc.config.JdbcNamespaceHandler, http://www.springframework.org/schema/cache=org.springframework.cache.config.CacheNamespaceHandler, http://mybatis.org/schema/mybatis-spring=org.mybatis.spring.config.NamespaceHandler, http://www.springframework.org/schema/c=org.springframework.beans.factory.xml.SimpleConstructorNamespaceHandler, http://www.springframework.org/schema/tx=org.springframework.transaction.config.TxNamespaceHandler, http://www.springframework.org/schema/jms=org.springframework.jms.config.JmsNamespaceHandler, http://www.springframework.org/schema/task=org.springframework.scheduling.config.TaskNamespaceHandler, http://www.springframework.org/schema/lang=org.springframework.scripting.config.LangNamespaceHandler, http://www.springframework.org/schema/context=org.springframework.context.config.ContextNamespaceHandler}
DEBUG [main] - JSR-250 'javax.annotation.ManagedBean' found and supported for component scanning
DEBUG [main] - Looking for matching resources in directory tree [E:\eclipse-jee-2018-09-win32-x86_64\eclipse\workspace\Childcare_sys\WebRoot\WEB-INF\classes\com\aaa]
DEBUG [main] - Searching directory [E:\eclipse-jee-2018-09-win32-x86_64\eclipse\workspace\Childcare_sys\WebRoot\WEB-INF\classes\com\aaa] for files matching pattern [E:/eclipse-jee-2018-09-win32-x86_64/eclipse/workspace/Childcare_sys/WebRoot/WEB-INF/classes/com/aaa/**/*.class]
DEBUG [main] - Searching directory [E:\eclipse-jee-2018-09-win32-x86_64\eclipse\workspace\Childcare_sys\WebRoot\WEB-INF\classes\com\aaa\biz] for files matching pattern [E:/eclipse-jee-2018-09-win32-x86_64/eclipse/workspace/Childcare_sys/WebRoot/WEB-INF/classes/com/aaa/**/*.class]
DEBUG [main] - Searching directory [E:\eclipse-jee-2018-09-win32-x86_64\eclipse\workspace\Childcare_sys\WebRoot\WEB-INF\classes\com\aaa\biz\impl] for files matching pattern [E:/eclipse-jee-2018-09-win32-x86_64/eclipse/workspace/Childcare_sys/WebRoot/WEB-INF/classes/com/aaa/**/*.class]
DEBUG [main] - Searching directory [E:\eclipse-jee-2018-09-win32-x86_64\eclipse\workspace\Childcare_sys\WebRoot\WEB-INF\classes\com\aaa\controller] for files matching pattern [E:/eclipse-jee-2018-09-win32-x86_64/eclipse/workspace/Childcare_sys/WebRoot/WEB-INF/classes/com/aaa/**/*.class]
DEBUG [main] - Searching directory [E:\eclipse-jee-2018-09-win32-x86_64\eclipse\workspace\Childcare_sys\WebRoot\WEB-INF\classes\com\aaa\converter] for files matching pattern [E:/eclipse-jee-2018-09-win32-x86_64/eclipse/workspace/Childcare_sys/WebRoot/WEB-INF/classes/com/aaa/**/*.class]
DEBUG [main] - Searching directory [E:\eclipse-jee-2018-09-win32-x86_64\eclipse\workspace\Childcare_sys\WebRoot\WEB-INF\classes\com\aaa\entity] for files matching pattern [E:/eclipse-jee-2018-09-win32-x86_64/eclipse/workspace/Childcare_sys/WebRoot/WEB-INF/classes/com/aaa/**/*.class]
DEBUG [main] - Searching directory [E:\eclipse-jee-2018-09-win32-x86_64\eclipse\workspace\Childcare_sys\WebRoot\WEB-INF\classes\com\aaa\inteceptor] for files matching pattern [E:/eclipse-jee-2018-09-win32-x86_64/eclipse/workspace/Childcare_sys/WebRoot/WEB-INF/classes/com/aaa/**/*.class]
DEBUG [main] - Searching directory [E:\eclipse-jee-2018-09-win32-x86_64\eclipse\workspace\Childcare_sys\WebRoot\WEB-INF\classes\com\aaa\mapper] for files matching pattern [E:/eclipse-jee-2018-09-win32-x86_64/eclipse/workspace/Childcare_sys/WebRoot/WEB-INF/classes/com/aaa/**/*.class]
DEBUG [main] - Resolved location pattern [classpath*:com/aaa/**/*.class] to resources [file [E:\eclipse-jee-2018-09-win32-x86_64\eclipse\workspace\Childcare_sys\WebRoot\WEB-INF\classes\com\aaa\biz\impl\MemberBizImpl.class], file [E:\eclipse-jee-2018-09-win32-x86_64\eclipse\workspace\Childcare_sys\WebRoot\WEB-INF\classes\com\aaa\biz\impl\ParentingBizImpl.class], file [E:\eclipse-jee-2018-09-win32-x86_64\eclipse\workspace\Childcare_sys\WebRoot\WEB-INF\classes\com\aaa\biz\impl\PostsBizImpl.class], file [E:\eclipse-jee-2018-09-win32-x86_64\eclipse\workspace\Childcare_sys\WebRoot\WEB-INF\classes\com\aaa\biz\impl\RepostsBizImpl.class], file [E:\eclipse-jee-2018-09-win32-x86_64\eclipse\workspace\Childcare_sys\WebRoot\WEB-INF\classes\com\aaa\biz\impl\UserBizImpl.class], file [E:\eclipse-jee-2018-09-win32-x86_64\eclipse\workspace\Childcare_sys\WebRoot\WEB-INF\classes\com\aaa\biz\MemberBiz.class], file [E:\eclipse-jee-2018-09-win32-x86_64\eclipse\workspace\Childcare_sys\WebRoot\WEB-INF\classes\com\aaa\biz\ParentingBiz.class], file [E:\eclipse-jee-2018-09-win32-x86_64\eclipse\workspace\Childcare_sys\WebRoot\WEB-INF\classes\com\aaa\biz\PostsBiz.class], file [E:\eclipse-jee-2018-09-win32-x86_64\eclipse\workspace\Childcare_sys\WebRoot\WEB-INF\classes\com\aaa\biz\RepostsBiz.class], file [E:\eclipse-jee-2018-09-win32-x86_64\eclipse\workspace\Childcare_sys\WebRoot\WEB-INF\classes\com\aaa\biz\UserBiz.class], file [E:\eclipse-jee-2018-09-win32-x86_64\eclipse\workspace\Childcare_sys\WebRoot\WEB-INF\classes\com\aaa\controller\MemberController.class], file [E:\eclipse-jee-2018-09-win32-x86_64\eclipse\workspace\Childcare_sys\WebRoot\WEB-INF\classes\com\aaa\controller\ParentingController.class], file [E:\eclipse-jee-2018-09-win32-x86_64\eclipse\workspace\Childcare_sys\WebRoot\WEB-INF\classes\com\aaa\controller\PostsController.class], file [E:\eclipse-jee-2018-09-win32-x86_64\eclipse\workspace\Childcare_sys\WebRoot\WEB-INF\classes\com\aaa\controller\RepostsController.class], file [E:\eclipse-jee-2018-09-win32-x86_64\eclipse\workspace\Childcare_sys\WebRoot\WEB-INF\classes\com\aaa\controller\UserController.class], file [E:\eclipse-jee-2018-09-win32-x86_64\eclipse\workspace\Childcare_sys\WebRoot\WEB-INF\classes\com\aaa\converter\DateConverter.class], file [E:\eclipse-jee-2018-09-win32-x86_64\eclipse\workspace\Childcare_sys\WebRoot\WEB-INF\classes\com\aaa\entity\Member.class], file [E:\eclipse-jee-2018-09-win32-x86_64\eclipse\workspace\Childcare_sys\WebRoot\WEB-INF\classes\com\aaa\entity\Parenting.class], file [E:\eclipse-jee-2018-09-win32-x86_64\eclipse\workspace\Childcare_sys\WebRoot\WEB-INF\classes\com\aaa\entity\Posts.class], file [E:\eclipse-jee-2018-09-win32-x86_64\eclipse\workspace\Childcare_sys\WebRoot\WEB-INF\classes\com\aaa\entity\Reposts.class], file [E:\eclipse-jee-2018-09-win32-x86_64\eclipse\workspace\Childcare_sys\WebRoot\WEB-INF\classes\com\aaa\entity\User.class], file [E:\eclipse-jee-2018-09-win32-x86_64\eclipse\workspace\Childcare_sys\WebRoot\WEB-INF\classes\com\aaa\inteceptor\LoginIncetepor.class], file [E:\eclipse-jee-2018-09-win32-x86_64\eclipse\workspace\Childcare_sys\WebRoot\WEB-INF\classes\com\aaa\mapper\MemberDaoMapper.class], file [E:\eclipse-jee-2018-09-win32-x86_64\eclipse\workspace\Childcare_sys\WebRoot\WEB-INF\classes\com\aaa\mapper\ParentingDaoMapper.class], file [E:\eclipse-jee-2018-09-win32-x86_64\eclipse\workspace\Childcare_sys\WebRoot\WEB-INF\classes\com\aaa\mapper\PostsDaoMapper.class], file [E:\eclipse-jee-2018-09-win32-x86_64\eclipse\workspace\Childcare_sys\WebRoot\WEB-INF\classes\com\aaa\mapper\RepostsDaoMapper.class], file [E:\eclipse-jee-2018-09-win32-x86_64\eclipse\workspace\Childcare_sys\WebRoot\WEB-INF\classes\com\aaa\mapper\UserMapper.class]]
DEBUG [main] - Identified candidate component class: file [E:\eclipse-jee-2018-09-win32-x86_64\eclipse\workspace\Childcare_sys\WebRoot\WEB-INF\classes\com\aaa\biz\impl\MemberBizImpl.class]
DEBUG [main] - Identified candidate component class: file [E:\eclipse-jee-2018-09-win32-x86_64\eclipse\workspace\Childcare_sys\WebRoot\WEB-INF\classes\com\aaa\biz\impl\ParentingBizImpl.class]
DEBUG [main] - Identified candidate component class: file [E:\eclipse-jee-2018-09-win32-x86_64\eclipse\workspace\Childcare_sys\WebRoot\WEB-INF\classes\com\aaa\biz\impl\PostsBizImpl.class]
DEBUG [main] - Identified candidate component class: file [E:\eclipse-jee-2018-09-win32-x86_64\eclipse\workspace\Childcare_sys\WebRoot\WEB-INF\classes\com\aaa\biz\impl\RepostsBizImpl.class]
DEBUG [main] - Identified candidate component class: file [E:\eclipse-jee-2018-09-win32-x86_64\eclipse\workspace\Childcare_sys\WebRoot\WEB-INF\classes\com\aaa\biz\impl\UserBizImpl.class]
DEBUG [main] - Identified candidate component class: file [E:\eclipse-jee-2018-09-win32-x86_64\eclipse\workspace\Childcare_sys\WebRoot\WEB-INF\classes\com\aaa\controller\MemberController.class]
DEBUG [main] - Identified candidate component class: file [E:\eclipse-jee-2018-09-win32-x86_64\eclipse\workspace\Childcare_sys\WebRoot\WEB-INF\classes\com\aaa\controller\ParentingController.class]
DEBUG [main] - Identified candidate component class: file [E:\eclipse-jee-2018-09-win32-x86_64\eclipse\workspace\Childcare_sys\WebRoot\WEB-INF\classes\com\aaa\controller\PostsController.class]
DEBUG [main] - Identified candidate component class: file [E:\eclipse-jee-2018-09-win32-x86_64\eclipse\workspace\Childcare_sys\WebRoot\WEB-INF\classes\com\aaa\controller\RepostsController.class]
DEBUG [main] - Identified candidate component class: file [E:\eclipse-jee-2018-09-win32-x86_64\eclipse\workspace\Childcare_sys\WebRoot\WEB-INF\classes\com\aaa\controller\UserController.class]
DEBUG [main] - Neither XML 'id' nor 'name' specified - using generated bean name [org.mybatis.spring.mapper.MapperScannerConfigurer#0]
DEBUG [main] - Loaded 26 bean definitions from location pattern [file:config/spring/applicationContext.xml]
 INFO [main] - Refreshing org.springframework.web.context.support.GenericWebApplicationContext@4d95d2a2: startup date [Wed Mar 06 17:32:15 CST 2019]; root of context hierarchy
DEBUG [main] - Replacing [servletContextInitParams] PropertySource with [servletContextInitParams]
DEBUG [main] - Bean factory for org.springframework.web.context.support.GenericWebApplicationContext@4d95d2a2: org.springframework.beans.factory.support.DefaultListableBeanFactory@384ad17b: defining beans [memberBizImpl,parentingBizImpl,postsBizImpl,repostsBizImpl,userBizImpl,memberController,parentingController,postsController,repostsController,userController,org.springframework.context.annotation.internalConfigurationAnnotationProcessor,org.springframework.context.annotation.internalAutowiredAnnotationProcessor,org.springframework.context.annotation.internalRequiredAnnotationProcessor,org.springframework.context.annotation.internalCommonAnnotationProcessor,org.springframework.context.support.PropertySourcesPlaceholderConfigurer#0,dataSource,sqlSessionFactory,org.mybatis.spring.mapper.MapperScannerConfigurer#0,transactionManager,org.springframework.aop.config.internalAutoProxyCreator,org.springframework.transaction.annotation.AnnotationTransactionAttributeSource#0,org.springframework.transaction.interceptor.TransactionInterceptor#0,org.springframework.transaction.config.internalTransactionAdvisor,txadvice,points,org.springframework.aop.support.DefaultBeanFactoryPointcutAdvisor#0]; root of factory hierarchy
DEBUG [main] - Creating shared instance of singleton bean 'org.springframework.context.annotation.internalConfigurationAnnotationProcessor'
DEBUG [main] - Creating instance of bean 'org.springframework.context.annotation.internalConfigurationAnnotationProcessor'
DEBUG [main] - Eagerly caching bean 'org.springframework.context.annotation.internalConfigurationAnnotationProcessor' to allow for resolving potential circular references
DEBUG [main] - Finished creating instance of bean 'org.springframework.context.annotation.internalConfigurationAnnotationProcessor'
DEBUG [main] - Creating shared instance of singleton bean 'org.mybatis.spring.mapper.MapperScannerConfigurer#0'
DEBUG [main] - Creating instance of bean 'org.mybatis.spring.mapper.MapperScannerConfigurer#0'
DEBUG [main] - Eagerly caching bean 'org.mybatis.spring.mapper.MapperScannerConfigurer#0' to allow for resolving potential circular references
DEBUG [main] - Invoking afterPropertiesSet() on bean with name 'org.mybatis.spring.mapper.MapperScannerConfigurer#0'
DEBUG [main] - Finished creating instance of bean 'org.mybatis.spring.mapper.MapperScannerConfigurer#0'
DEBUG [main] - Adding [systemProperties] PropertySource with lowest search precedence
DEBUG [main] - Adding [systemEnvironment] PropertySource with lowest search precedence
DEBUG [main] - Initialized StandardEnvironment with PropertySources [systemProperties,systemEnvironment]
DEBUG [main] - Looking for matching resources in directory tree [E:\eclipse-jee-2018-09-win32-x86_64\eclipse\workspace\Childcare_sys\WebRoot\WEB-INF\classes\com\aaa\mapper]
DEBUG [main] - Searching directory [E:\eclipse-jee-2018-09-win32-x86_64\eclipse\workspace\Childcare_sys\WebRoot\WEB-INF\classes\com\aaa\mapper] for files matching pattern [E:/eclipse-jee-2018-09-win32-x86_64/eclipse/workspace/Childcare_sys/WebRoot/WEB-INF/classes/com/aaa/mapper/**/*.class]
DEBUG [main] - Resolved location pattern [classpath*:com/aaa/mapper/**/*.class] to resources [file [E:\eclipse-jee-2018-09-win32-x86_64\eclipse\workspace\Childcare_sys\WebRoot\WEB-INF\classes\com\aaa\mapper\MemberDaoMapper.class], file [E:\eclipse-jee-2018-09-win32-x86_64\eclipse\workspace\Childcare_sys\WebRoot\WEB-INF\classes\com\aaa\mapper\ParentingDaoMapper.class], file [E:\eclipse-jee-2018-09-win32-x86_64\eclipse\workspace\Childcare_sys\WebRoot\WEB-INF\classes\com\aaa\mapper\PostsDaoMapper.class], file [E:\eclipse-jee-2018-09-win32-x86_64\eclipse\workspace\Childcare_sys\WebRoot\WEB-INF\classes\com\aaa\mapper\RepostsDaoMapper.class], file [E:\eclipse-jee-2018-09-win32-x86_64\eclipse\workspace\Childcare_sys\WebRoot\WEB-INF\classes\com\aaa\mapper\UserMapper.class]]
DEBUG [main] - Identified candidate component class: file [E:\eclipse-jee-2018-09-win32-x86_64\eclipse\workspace\Childcare_sys\WebRoot\WEB-INF\classes\com\aaa\mapper\MemberDaoMapper.class]
DEBUG [main] - Identified candidate component class: file [E:\eclipse-jee-2018-09-win32-x86_64\eclipse\workspace\Childcare_sys\WebRoot\WEB-INF\classes\com\aaa\mapper\ParentingDaoMapper.class]
DEBUG [main] - Identified candidate component class: file [E:\eclipse-jee-2018-09-win32-x86_64\eclipse\workspace\Childcare_sys\WebRoot\WEB-INF\classes\com\aaa\mapper\PostsDaoMapper.class]
DEBUG [main] - Identified candidate component class: file [E:\eclipse-jee-2018-09-win32-x86_64\eclipse\workspace\Childcare_sys\WebRoot\WEB-INF\classes\com\aaa\mapper\RepostsDaoMapper.class]
DEBUG [main] - Identified candidate component class: file [E:\eclipse-jee-2018-09-win32-x86_64\eclipse\workspace\Childcare_sys\WebRoot\WEB-INF\classes\com\aaa\mapper\UserMapper.class]
DEBUG [main] - Creating MapperFactoryBean with name 'memberDaoMapper' and 'com.aaa.mapper.MemberDaoMapper' mapperInterface
DEBUG [main] - Creating MapperFactoryBean with name 'parentingDaoMapper' and 'com.aaa.mapper.ParentingDaoMapper' mapperInterface
DEBUG [main] - Creating MapperFactoryBean with name 'postsDaoMapper' and 'com.aaa.mapper.PostsDaoMapper' mapperInterface
DEBUG [main] - Creating MapperFactoryBean with name 'repostsDaoMapper' and 'com.aaa.mapper.RepostsDaoMapper' mapperInterface
DEBUG [main] - Creating MapperFactoryBean with name 'userMapper' and 'com.aaa.mapper.UserMapper' mapperInterface
DEBUG [main] - Creating shared instance of singleton bean 'org.springframework.context.support.PropertySourcesPlaceholderConfigurer#0'
DEBUG [main] - Creating instance of bean 'org.springframework.context.support.PropertySourcesPlaceholderConfigurer#0'
DEBUG [main] - Eagerly caching bean 'org.springframework.context.support.PropertySourcesPlaceholderConfigurer#0' to allow for resolving potential circular references
DEBUG [main] - Finished creating instance of bean 'org.springframework.context.support.PropertySourcesPlaceholderConfigurer#0'
DEBUG [main] - Adding [environmentProperties] PropertySource with lowest search precedence
 INFO [main] - Loading properties file from class path resource [db.properties]
DEBUG [main] - Adding [localProperties] PropertySource with lowest search precedence
DEBUG [main] - Searching for key 'jdbc.url' in [environmentProperties]
DEBUG [main] - Searching for key 'jdbc.url' in [servletConfigInitParams]
DEBUG [main] - Searching for key 'jdbc.url' in [servletContextInitParams]
DEBUG [main] - Searching for key 'jdbc.url' in [jndiProperties]
DEBUG [main] - Looking up JNDI object with name [java:comp/env/jdbc.url]
DEBUG [main] - Converted JNDI name [java:comp/env/jdbc.url] not found - trying original name [jdbc.url]. javax.naming.NoInitialContextException: Need to specify class name in environment or system property, or as an applet parameter, or in an application resource file:  java.naming.factory.initial
DEBUG [main] - Looking up JNDI object with name [jdbc.url]
DEBUG [main] - JNDI lookup for name [jdbc.url] threw NamingException with message: Need to specify class name in environment or system property, or as an applet parameter, or in an application resource file:  java.naming.factory.initial. Returning null.
DEBUG [main] - Searching for key 'jdbc.url' in [systemProperties]
DEBUG [main] - Searching for key 'jdbc.url' in [systemEnvironment]
DEBUG [main] - Could not find key 'jdbc.url' in any property source. Returning [null]
DEBUG [main] - Searching for key 'jdbc.url' in [localProperties]
DEBUG [main] - Found key 'jdbc.url' in [localProperties] with type [String] and value 'jdbc:mysql://127.0.0.1:3306/childcare_system?useUnicode=true&amp;characterEncoding=utf8'
DEBUG [main] - Searching for key 'jdbc.driver' in [environmentProperties]
DEBUG [main] - Searching for key 'jdbc.driver' in [servletConfigInitParams]
DEBUG [main] - Searching for key 'jdbc.driver' in [servletContextInitParams]
DEBUG [main] - Searching for key 'jdbc.driver' in [jndiProperties]
DEBUG [main] - Looking up JNDI object with name [java:comp/env/jdbc.driver]
DEBUG [main] - Converted JNDI name [java:comp/env/jdbc.driver] not found - trying original name [jdbc.driver]. javax.naming.NoInitialContextException: Need to specify class name in environment or system property, or as an applet parameter, or in an application resource file:  java.naming.factory.initial
DEBUG [main] - Looking up JNDI object with name [jdbc.driver]
DEBUG [main] - JNDI lookup for name [jdbc.driver] threw NamingException with message: Need to specify class name in environment or system property, or as an applet parameter, or in an application resource file:  java.naming.factory.initial. Returning null.
DEBUG [main] - Searching for key 'jdbc.driver' in [systemProperties]
DEBUG [main] - Searching for key 'jdbc.driver' in [systemEnvironment]
DEBUG [main] - Could not find key 'jdbc.driver' in any property source. Returning [null]
DEBUG [main] - Searching for key 'jdbc.driver' in [localProperties]
DEBUG [main] - Found key 'jdbc.driver' in [localProperties] with type [String] and value 'com.mysql.jdbc.Driver'
DEBUG [main] - Searching for key 'jdbc.username' in [environmentProperties]
DEBUG [main] - Searching for key 'jdbc.username' in [servletConfigInitParams]
DEBUG [main] - Searching for key 'jdbc.username' in [servletContextInitParams]
DEBUG [main] - Searching for key 'jdbc.username' in [jndiProperties]
DEBUG [main] - Looking up JNDI object with name [java:comp/env/jdbc.username]
DEBUG [main] - Converted JNDI name [java:comp/env/jdbc.username] not found - trying original name [jdbc.username]. javax.naming.NoInitialContextException: Need to specify class name in environment or system property, or as an applet parameter, or in an application resource file:  java.naming.factory.initial
DEBUG [main] - Looking up JNDI object with name [jdbc.username]
DEBUG [main] - JNDI lookup for name [jdbc.username] threw NamingException with message: Need to specify class name in environment or system property, or as an applet parameter, or in an application resource file:  java.naming.factory.initial. Returning null.
DEBUG [main] - Searching for key 'jdbc.username' in [systemProperties]
DEBUG [main] - Searching for key 'jdbc.username' in [systemEnvironment]
DEBUG [main] - Could not find key 'jdbc.username' in any property source. Returning [null]
DEBUG [main] - Searching for key 'jdbc.username' in [localProperties]
DEBUG [main] - Found key 'jdbc.username' in [localProperties] with type [String] and value 'root'
DEBUG [main] - Searching for key 'jdbc.password' in [environmentProperties]
DEBUG [main] - Searching for key 'jdbc.password' in [servletConfigInitParams]
DEBUG [main] - Searching for key 'jdbc.password' in [servletContextInitParams]
DEBUG [main] - Searching for key 'jdbc.password' in [jndiProperties]
DEBUG [main] - Looking up JNDI object with name [java:comp/env/jdbc.password]
DEBUG [main] - Converted JNDI name [java:comp/env/jdbc.password] not found - trying original name [jdbc.password]. javax.naming.NoInitialContextException: Need to specify class name in environment or system property, or as an applet parameter, or in an application resource file:  java.naming.factory.initial
DEBUG [main] - Looking up JNDI object with name [jdbc.password]
DEBUG [main] - JNDI lookup for name [jdbc.password] threw NamingException with message: Need to specify class name in environment or system property, or as an applet parameter, or in an application resource file:  java.naming.factory.initial. Returning null.
DEBUG [main] - Searching for key 'jdbc.password' in [systemProperties]
DEBUG [main] - Searching for key 'jdbc.password' in [systemEnvironment]
DEBUG [main] - Could not find key 'jdbc.password' in any property source. Returning [null]
DEBUG [main] - Searching for key 'jdbc.password' in [localProperties]
DEBUG [main] - Found key 'jdbc.password' in [localProperties] with type [String] and value 'root'
DEBUG [main] - Creating shared instance of singleton bean 'org.springframework.context.annotation.internalAutowiredAnnotationProcessor'
DEBUG [main] - Creating instance of bean 'org.springframework.context.annotation.internalAutowiredAnnotationProcessor'
DEBUG [main] - Eagerly caching bean 'org.springframework.context.annotation.internalAutowiredAnnotationProcessor' to allow for resolving potential circular references
DEBUG [main] - Finished creating instance of bean 'org.springframework.context.annotation.internalAutowiredAnnotationProcessor'
DEBUG [main] - Creating shared instance of singleton bean 'org.springframework.context.annotation.internalRequiredAnnotationProcessor'
DEBUG [main] - Creating instance of bean 'org.springframework.context.annotation.internalRequiredAnnotationProcessor'
DEBUG [main] - Eagerly caching bean 'org.springframework.context.annotation.internalRequiredAnnotationProcessor' to allow for resolving potential circular references
DEBUG [main] - Finished creating instance of bean 'org.springframework.context.annotation.internalRequiredAnnotationProcessor'
DEBUG [main] - Creating shared instance of singleton bean 'org.springframework.context.annotation.internalCommonAnnotationProcessor'
DEBUG [main] - Creating instance of bean 'org.springframework.context.annotation.internalCommonAnnotationProcessor'
DEBUG [main] - Eagerly caching bean 'org.springframework.context.annotation.internalCommonAnnotationProcessor' to allow for resolving potential circular references
DEBUG [main] - Finished creating instance of bean 'org.springframework.context.annotation.internalCommonAnnotationProcessor'
DEBUG [main] - Creating shared instance of singleton bean 'org.springframework.context.annotation.ConfigurationClassPostProcessor.importAwareProcessor'
DEBUG [main] - Creating instance of bean 'org.springframework.context.annotation.ConfigurationClassPostProcessor.importAwareProcessor'
DEBUG [main] - Eagerly caching bean 'org.springframework.context.annotation.ConfigurationClassPostProcessor.importAwareProcessor' to allow for resolving potential circular references
DEBUG [main] - Finished creating instance of bean 'org.springframework.context.annotation.ConfigurationClassPostProcessor.importAwareProcessor'
DEBUG [main] - Creating shared instance of singleton bean 'org.springframework.context.annotation.ConfigurationClassPostProcessor.enhancedConfigurationProcessor'
DEBUG [main] - Creating instance of bean 'org.springframework.context.annotation.ConfigurationClassPostProcessor.enhancedConfigurationProcessor'
DEBUG [main] - Eagerly caching bean 'org.springframework.context.annotation.ConfigurationClassPostProcessor.enhancedConfigurationProcessor' to allow for resolving potential circular references
DEBUG [main] - Finished creating instance of bean 'org.springframework.context.annotation.ConfigurationClassPostProcessor.enhancedConfigurationProcessor'
DEBUG [main] - Creating shared instance of singleton bean 'org.springframework.aop.config.internalAutoProxyCreator'
DEBUG [main] - Creating instance of bean 'org.springframework.aop.config.internalAutoProxyCreator'
DEBUG [main] - Eagerly caching bean 'org.springframework.aop.config.internalAutoProxyCreator' to allow for resolving potential circular references
DEBUG [main] - Finished creating instance of bean 'org.springframework.aop.config.internalAutoProxyCreator'
DEBUG [main] - Unable to locate MessageSource with name 'messageSource': using default [org.springframework.context.support.DelegatingMessageSource@503d687a]
DEBUG [main] - Unable to locate ApplicationEventMulticaster with name 'applicationEventMulticaster': using default [org.springframework.context.event.SimpleApplicationEventMulticaster@4d910fd6]
DEBUG [main] - Unable to locate ThemeSource with name 'themeSource': using default [org.springframework.ui.context.support.ResourceBundleThemeSource@49dc7102]
DEBUG [main] - Pre-instantiating singletons in org.springframework.beans.factory.support.DefaultListableBeanFactory@384ad17b: defining beans [memberBizImpl,parentingBizImpl,postsBizImpl,repostsBizImpl,userBizImpl,memberController,parentingController,postsController,repostsController,userController,org.springframework.context.annotation.internalConfigurationAnnotationProcessor,org.springframework.context.annotation.internalAutowiredAnnotationProcessor,org.springframework.context.annotation.internalRequiredAnnotationProcessor,org.springframework.context.annotation.internalCommonAnnotationProcessor,org.springframework.context.support.PropertySourcesPlaceholderConfigurer#0,dataSource,sqlSessionFactory,org.mybatis.spring.mapper.MapperScannerConfigurer#0,transactionManager,org.springframework.aop.config.internalAutoProxyCreator,org.springframework.transaction.annotation.AnnotationTransactionAttributeSource#0,org.springframework.transaction.interceptor.TransactionInterceptor#0,org.springframework.transaction.config.internalTransactionAdvisor,txadvice,points,org.springframework.aop.support.DefaultBeanFactoryPointcutAdvisor#0,org.springframework.context.annotation.ConfigurationClassPostProcessor.importAwareProcessor,org.springframework.context.annotation.ConfigurationClassPostProcessor.enhancedConfigurationProcessor,memberDaoMapper,parentingDaoMapper,postsDaoMapper,repostsDaoMapper,userMapper]; root of factory hierarchy
DEBUG [main] - Creating shared instance of singleton bean 'memberBizImpl'
DEBUG [main] - Creating instance of bean 'memberBizImpl'
DEBUG [main] - Creating shared instance of singleton bean 'org.springframework.transaction.config.internalTransactionAdvisor'
DEBUG [main] - Creating instance of bean 'org.springframework.transaction.config.internalTransactionAdvisor'
DEBUG [main] - Eagerly caching bean 'org.springframework.transaction.config.internalTransactionAdvisor' to allow for resolving potential circular references
DEBUG [main] - Creating shared instance of singleton bean 'org.springframework.transaction.annotation.AnnotationTransactionAttributeSource#0'
DEBUG [main] - Creating instance of bean 'org.springframework.transaction.annotation.AnnotationTransactionAttributeSource#0'
DEBUG [main] - Skipping currently created advisor 'org.springframework.transaction.config.internalTransactionAdvisor'
DEBUG [main] - Creating shared instance of singleton bean 'org.springframework.aop.support.DefaultBeanFactoryPointcutAdvisor#0'
DEBUG [main] - Creating instance of bean 'org.springframework.aop.support.DefaultBeanFactoryPointcutAdvisor#0'
DEBUG [main] - Eagerly caching bean 'org.springframework.aop.support.DefaultBeanFactoryPointcutAdvisor#0' to allow for resolving potential circular references
DEBUG [main] - Creating instance of bean 'points'
DEBUG [main] - Finished creating instance of bean 'points'
DEBUG [main] - Finished creating instance of bean 'org.springframework.aop.support.DefaultBeanFactoryPointcutAdvisor#0'
DEBUG [main] - Eagerly caching bean 'org.springframework.transaction.annotation.AnnotationTransactionAttributeSource#0' to allow for resolving potential circular references
DEBUG [main] - Skipping currently created advisor 'org.springframework.transaction.config.internalTransactionAdvisor'
DEBUG [main] - Returning cached instance of singleton bean 'org.springframework.aop.support.DefaultBeanFactoryPointcutAdvisor#0'
DEBUG [main] - Skipping currently created advisor 'org.springframework.transaction.config.internalTransactionAdvisor'
DEBUG [main] - Returning cached instance of singleton bean 'org.springframework.aop.support.DefaultBeanFactoryPointcutAdvisor#0'
DEBUG [main] - Finished creating instance of bean 'org.springframework.transaction.annotation.AnnotationTransactionAttributeSource#0'
DEBUG [main] - Finished creating instance of bean 'org.springframework.transaction.config.internalTransactionAdvisor'
DEBUG [main] - Returning cached instance of singleton bean 'org.springframework.aop.support.DefaultBeanFactoryPointcutAdvisor#0'
DEBUG [main] - Registered injected element on class [com.aaa.biz.impl.MemberBizImpl]: AutowiredFieldElement for private com.aaa.mapper.MemberDaoMapper com.aaa.biz.impl.MemberBizImpl.memberDaoMapper
DEBUG [main] - Eagerly caching bean 'memberBizImpl' to allow for resolving potential circular references
DEBUG [main] - Processing injected method of bean 'memberBizImpl': AutowiredFieldElement for private com.aaa.mapper.MemberDaoMapper com.aaa.biz.impl.MemberBizImpl.memberDaoMapper
DEBUG [main] - Returning cached instance of singleton bean 'org.springframework.transaction.config.internalTransactionAdvisor'
DEBUG [main] - Returning cached instance of singleton bean 'org.springframework.aop.support.DefaultBeanFactoryPointcutAdvisor#0'
DEBUG [main] - Logging initialized using 'class org.apache.ibatis.logging.slf4j.Slf4jImpl' adapter.
DEBUG [main] - Returning cached instance of singleton bean 'org.springframework.transaction.config.internalTransactionAdvisor'
DEBUG [main] - Returning cached instance of singleton bean 'org.springframework.aop.support.DefaultBeanFactoryPointcutAdvisor#0'
DEBUG [main] - Creating shared instance of singleton bean 'memberDaoMapper'
DEBUG [main] - Creating instance of bean 'memberDaoMapper'
DEBUG [main] - Eagerly caching bean 'memberDaoMapper' to allow for resolving potential circular references
DEBUG [main] - Creating shared instance of singleton bean 'sqlSessionFactory'
DEBUG [main] - Creating instance of bean 'sqlSessionFactory'
DEBUG [main] - Eagerly caching bean 'sqlSessionFactory' to allow for resolving potential circular references
DEBUG [main] - Creating shared instance of singleton bean 'dataSource'
DEBUG [main] - Creating instance of bean 'dataSource'
DEBUG [main] - Returning cached instance of singleton bean 'org.springframework.transaction.config.internalTransactionAdvisor'
DEBUG [main] - Returning cached instance of singleton bean 'org.springframework.aop.support.DefaultBeanFactoryPointcutAdvisor#0'
DEBUG [main] - Eagerly caching bean 'dataSource' to allow for resolving potential circular references
DEBUG [main] - Returning cached instance of singleton bean 'org.springframework.transaction.config.internalTransactionAdvisor'
DEBUG [main] - Returning cached instance of singleton bean 'org.springframework.aop.support.DefaultBeanFactoryPointcutAdvisor#0'
DEBUG [main] - Returning cached instance of singleton bean 'org.springframework.transaction.config.internalTransactionAdvisor'
DEBUG [main] - Returning cached instance of singleton bean 'org.springframework.aop.support.DefaultBeanFactoryPointcutAdvisor#0'
DEBUG [main] - Finished creating instance of bean 'dataSource'
DEBUG [main] - Invoking afterPropertiesSet() on bean with name 'sqlSessionFactory'
DEBUG [main] - Class not found: org.jboss.vfs.VFS
DEBUG [main] - JBoss 6 VFS API is not available in this environment.
DEBUG [main] - Class not found: org.jboss.vfs.VirtualFile
DEBUG [main] - VFS implementation org.apache.ibatis.io.JBoss6VFS is not valid in this environment.
DEBUG [main] - Using VFS adapter org.apache.ibatis.io.DefaultVFS
DEBUG [main] - Find JAR URL: file:/E:/eclipse-jee-2018-09-win32-x86_64/eclipse/workspace/Childcare_sys/WebRoot/WEB-INF/classes/com/aaa/entity
DEBUG [main] - Not a JAR: file:/E:/eclipse-jee-2018-09-win32-x86_64/eclipse/workspace/Childcare_sys/WebRoot/WEB-INF/classes/com/aaa/entity
DEBUG [main] - Reader entry: Member.class
DEBUG [main] - Reader entry: Parenting.class
DEBUG [main] - Reader entry: Posts.class
DEBUG [main] - Reader entry: Reposts.class
DEBUG [main] - Reader entry: User.class
DEBUG [main] - Listing file:/E:/eclipse-jee-2018-09-win32-x86_64/eclipse/workspace/Childcare_sys/WebRoot/WEB-INF/classes/com/aaa/entity
DEBUG [main] - Find JAR URL: file:/E:/eclipse-jee-2018-09-win32-x86_64/eclipse/workspace/Childcare_sys/WebRoot/WEB-INF/classes/com/aaa/entity/Member.class
DEBUG [main] - Not a JAR: file:/E:/eclipse-jee-2018-09-win32-x86_64/eclipse/workspace/Childcare_sys/WebRoot/WEB-INF/classes/com/aaa/entity/Member.class
DEBUG [main] - Reader entry: 漱壕4Vcom/aaa/entity/Memberjava/lang/ObjectidLjava/lang/Integer;usernameLjava/lang/String;reasonstateI
DEBUG [main] - Find JAR URL: file:/E:/eclipse-jee-2018-09-win32-x86_64/eclipse/workspace/Childcare_sys/WebRoot/WEB-INF/classes/com/aaa/entity/Parenting.class
DEBUG [main] - Not a JAR: file:/E:/eclipse-jee-2018-09-win32-x86_64/eclipse/workspace/Childcare_sys/WebRoot/WEB-INF/classes/com/aaa/entity/Parenting.class
DEBUG [main] - Reader entry: 漱壕4Mcom/aaa/entity/Parentingjava/lang/ObjectidLjava/lang/Integer;textLjava/lang/String;timeLjava/util/Date;authorgetId()Ljava/lang/Integer;Code	LineNumberTableLocalVariableTablethisLcom/aaa/entity/Parenting;setId(Ljava/lang/Integer;)VgetText()Ljava/lang/String;	setText(Ljava/lang/String;)VgetTime()Ljava/util/Date;	 	
DEBUG [main] - Find JAR URL: file:/E:/eclipse-jee-2018-09-win32-x86_64/eclipse/workspace/Childcare_sys/WebRoot/WEB-INF/classes/com/aaa/entity/Posts.class
DEBUG [main] - Not a JAR: file:/E:/eclipse-jee-2018-09-win32-x86_64/eclipse/workspace/Childcare_sys/WebRoot/WEB-INF/classes/com/aaa/entity/Posts.class
DEBUG [main] - Reader entry: 漱壕4Tcom/aaa/entity/Postsjava/lang/ObjectidLjava/lang/Integer;nameLjava/lang/String;texttimeLjava/util/Date;authorgetId()Ljava/lang/Integer;Code	LineNumberTableLocalVariableTablethisLcom/aaa/entity/Posts;setId(Ljava/lang/Integer;)VgetName()Ljava/lang/String;	setName(Ljava/lang/String;)VgetText	 	setTextgetTime()Ljava/util/Date;	%
DEBUG [main] - Find JAR URL: file:/E:/eclipse-jee-2018-09-win32-x86_64/eclipse/workspace/Childcare_sys/WebRoot/WEB-INF/classes/com/aaa/entity/Reposts.class
DEBUG [main] - Not a JAR: file:/E:/eclipse-jee-2018-09-win32-x86_64/eclipse/workspace/Childcare_sys/WebRoot/WEB-INF/classes/com/aaa/entity/Reposts.class
DEBUG [main] - Reader entry: 漱壕4[com/aaa/entity/Repostsjava/lang/ObjectidLjava/lang/Integer;	repost_idtextLjava/lang/String;repost_usertimeLjava/util/Date;namegetId()Ljava/lang/Integer;Code	LineNumberTableLocalVariableTablethisLcom/aaa/entity/Reposts;setId(Ljava/lang/Integer;)VgetRepost_id	setRepost_idgetRepost_user()Ljava/lang/String;	 
DEBUG [main] - Find JAR URL: file:/E:/eclipse-jee-2018-09-win32-x86_64/eclipse/workspace/Childcare_sys/WebRoot/WEB-INF/classes/com/aaa/entity/User.class
DEBUG [main] - Not a JAR: file:/E:/eclipse-jee-2018-09-win32-x86_64/eclipse/workspace/Childcare_sys/WebRoot/WEB-INF/classes/com/aaa/entity/User.class
DEBUG [main] - Reader entry: 漱壕4ecom/aaa/entity/Userjava/lang/ObjectidIusernameLjava/lang/String;passwordaddressstateperareaprovince
DEBUG [main] - Checking to see if class com.aaa.entity.Member matches criteria [is assignable to Object]
DEBUG [main] - Checking to see if class com.aaa.entity.Parenting matches criteria [is assignable to Object]
DEBUG [main] - Checking to see if class com.aaa.entity.Posts matches criteria [is assignable to Object]
DEBUG [main] - Checking to see if class com.aaa.entity.Reposts matches criteria [is assignable to Object]
DEBUG [main] - Checking to see if class com.aaa.entity.User matches criteria [is assignable to Object]
DEBUG [main] - Logging initialized using 'class org.apache.ibatis.logging.log4j.Log4jImpl' adapter.
DEBUG [main] - Parsed configuration file: 'class path resource [mybatis/mybatis-config.xml]'
DEBUG [main] - Property 'mapperLocations' was not specified or no matching resources found
DEBUG [main] - Returning cached instance of singleton bean 'org.springframework.transaction.config.internalTransactionAdvisor'
DEBUG [main] - Returning cached instance of singleton bean 'org.springframework.aop.support.DefaultBeanFactoryPointcutAdvisor#0'
DEBUG [main] - Returning cached instance of singleton bean 'org.springframework.transaction.config.internalTransactionAdvisor'
DEBUG [main] - Returning cached instance of singleton bean 'org.springframework.aop.support.DefaultBeanFactoryPointcutAdvisor#0'
DEBUG [main] - Finished creating instance of bean 'sqlSessionFactory'
DEBUG [main] - Returning cached instance of singleton bean 'org.springframework.transaction.config.internalTransactionAdvisor'
DEBUG [main] - Returning cached instance of singleton bean 'org.springframework.aop.support.DefaultBeanFactoryPointcutAdvisor#0'
DEBUG [main] - Returning cached instance of singleton bean 'org.springframework.transaction.config.internalTransactionAdvisor'
DEBUG [main] - Returning cached instance of singleton bean 'org.springframework.aop.support.DefaultBeanFactoryPointcutAdvisor#0'
DEBUG [main] - Invoking afterPropertiesSet() on bean with name 'memberDaoMapper'
DEBUG [main] - Returning cached instance of singleton bean 'org.springframework.transaction.config.internalTransactionAdvisor'
DEBUG [main] - Returning cached instance of singleton bean 'org.springframework.aop.support.DefaultBeanFactoryPointcutAdvisor#0'
DEBUG [main] - Returning cached instance of singleton bean 'org.springframework.transaction.config.internalTransactionAdvisor'
DEBUG [main] - Returning cached instance of singleton bean 'org.springframework.aop.support.DefaultBeanFactoryPointcutAdvisor#0'
DEBUG [main] - Finished creating instance of bean 'memberDaoMapper'
DEBUG [main] - Returning cached instance of singleton bean 'org.springframework.transaction.config.internalTransactionAdvisor'
DEBUG [main] - Returning cached instance of singleton bean 'org.springframework.aop.support.DefaultBeanFactoryPointcutAdvisor#0'
DEBUG [main] - Creating shared instance of singleton bean 'parentingDaoMapper'
DEBUG [main] - Creating instance of bean 'parentingDaoMapper'
DEBUG [main] - Eagerly caching bean 'parentingDaoMapper' to allow for resolving potential circular references
DEBUG [main] - Returning cached instance of singleton bean 'sqlSessionFactory'
DEBUG [main] - Invoking afterPropertiesSet() on bean with name 'parentingDaoMapper'
DEBUG [main] - Returning cached instance of singleton bean 'org.springframework.transaction.config.internalTransactionAdvisor'
DEBUG [main] - Returning cached instance of singleton bean 'org.springframework.aop.support.DefaultBeanFactoryPointcutAdvisor#0'
DEBUG [main] - Returning cached instance of singleton bean 'org.springframework.transaction.config.internalTransactionAdvisor'
DEBUG [main] - Returning cached instance of singleton bean 'org.springframework.aop.support.DefaultBeanFactoryPointcutAdvisor#0'
DEBUG [main] - Finished creating instance of bean 'parentingDaoMapper'
DEBUG [main] - Returning cached instance of singleton bean 'org.springframework.transaction.config.internalTransactionAdvisor'
DEBUG [main] - Returning cached instance of singleton bean 'org.springframework.aop.support.DefaultBeanFactoryPointcutAdvisor#0'
DEBUG [main] - Creating shared instance of singleton bean 'postsDaoMapper'
DEBUG [main] - Creating instance of bean 'postsDaoMapper'
DEBUG [main] - Eagerly caching bean 'postsDaoMapper' to allow for resolving potential circular references
DEBUG [main] - Returning cached instance of singleton bean 'sqlSessionFactory'
DEBUG [main] - Invoking afterPropertiesSet() on bean with name 'postsDaoMapper'
DEBUG [main] - Returning cached instance of singleton bean 'org.springframework.transaction.config.internalTransactionAdvisor'
DEBUG [main] - Returning cached instance of singleton bean 'org.springframework.aop.support.DefaultBeanFactoryPointcutAdvisor#0'
DEBUG [main] - Returning cached instance of singleton bean 'org.springframework.transaction.config.internalTransactionAdvisor'
DEBUG [main] - Returning cached instance of singleton bean 'org.springframework.aop.support.DefaultBeanFactoryPointcutAdvisor#0'
DEBUG [main] - Finished creating instance of bean 'postsDaoMapper'
DEBUG [main] - Returning cached instance of singleton bean 'org.springframework.transaction.config.internalTransactionAdvisor'
DEBUG [main] - Returning cached instance of singleton bean 'org.springframework.aop.support.DefaultBeanFactoryPointcutAdvisor#0'
DEBUG [main] - Creating shared instance of singleton bean 'repostsDaoMapper'
DEBUG [main] - Creating instance of bean 'repostsDaoMapper'
DEBUG [main] - Eagerly caching bean 'repostsDaoMapper' to allow for resolving potential circular references
DEBUG [main] - Returning cached instance of singleton bean 'sqlSessionFactory'
DEBUG [main] - Invoking afterPropertiesSet() on bean with name 'repostsDaoMapper'
DEBUG [main] - Returning cached instance of singleton bean 'org.springframework.transaction.config.internalTransactionAdvisor'
DEBUG [main] - Returning cached instance of singleton bean 'org.springframework.aop.support.DefaultBeanFactoryPointcutAdvisor#0'
DEBUG [main] - Returning cached instance of singleton bean 'org.springframework.transaction.config.internalTransactionAdvisor'
DEBUG [main] - Returning cached instance of singleton bean 'org.springframework.aop.support.DefaultBeanFactoryPointcutAdvisor#0'
DEBUG [main] - Finished creating instance of bean 'repostsDaoMapper'
DEBUG [main] - Returning cached instance of singleton bean 'org.springframework.transaction.config.internalTransactionAdvisor'
DEBUG [main] - Returning cached instance of singleton bean 'org.springframework.aop.support.DefaultBeanFactoryPointcutAdvisor#0'
DEBUG [main] - Creating shared instance of singleton bean 'userMapper'
DEBUG [main] - Creating instance of bean 'userMapper'
DEBUG [main] - Eagerly caching bean 'userMapper' to allow for resolving potential circular references
DEBUG [main] - Returning cached instance of singleton bean 'sqlSessionFactory'
DEBUG [main] - Invoking afterPropertiesSet() on bean with name 'userMapper'
DEBUG [main] - Returning cached instance of singleton bean 'org.springframework.transaction.config.internalTransactionAdvisor'
DEBUG [main] - Returning cached instance of singleton bean 'org.springframework.aop.support.DefaultBeanFactoryPointcutAdvisor#0'
DEBUG [main] - Returning cached instance of singleton bean 'org.springframework.transaction.config.internalTransactionAdvisor'
DEBUG [main] - Returning cached instance of singleton bean 'org.springframework.aop.support.DefaultBeanFactoryPointcutAdvisor#0'
DEBUG [main] - Finished creating instance of bean 'userMapper'
DEBUG [main] - Returning cached instance of singleton bean 'memberDaoMapper'
DEBUG [main] - Returning cached instance of singleton bean 'org.springframework.transaction.config.internalTransactionAdvisor'
DEBUG [main] - Returning cached instance of singleton bean 'org.springframework.aop.support.DefaultBeanFactoryPointcutAdvisor#0'
DEBUG [main] - Returning cached instance of singleton bean 'org.springframework.transaction.config.internalTransactionAdvisor'
DEBUG [main] - Returning cached instance of singleton bean 'org.springframework.aop.support.DefaultBeanFactoryPointcutAdvisor#0'
DEBUG [main] - Autowiring by type from bean name 'memberBizImpl' to bean named 'memberDaoMapper'
DEBUG [main] - Returning cached instance of singleton bean 'org.springframework.transaction.config.internalTransactionAdvisor'
DEBUG [main] - Returning cached instance of singleton bean 'org.springframework.aop.support.DefaultBeanFactoryPointcutAdvisor#0'
DEBUG [main] - Returning cached instance of singleton bean 'org.springframework.transaction.config.internalTransactionAdvisor'
DEBUG [main] - Returning cached instance of singleton bean 'org.springframework.aop.support.DefaultBeanFactoryPointcutAdvisor#0'
DEBUG [main] - Creating shared instance of singleton bean 'txadvice'
DEBUG [main] - Creating instance of bean 'txadvice'
DEBUG [main] - Eagerly caching bean 'txadvice' to allow for resolving potential circular references
DEBUG [main] - Creating shared instance of singleton bean 'transactionManager'
DEBUG [main] - Creating instance of bean 'transactionManager'
DEBUG [main] - Returning cached instance of singleton bean 'org.springframework.transaction.config.internalTransactionAdvisor'
DEBUG [main] - Returning cached instance of singleton bean 'org.springframework.aop.support.DefaultBeanFactoryPointcutAdvisor#0'
DEBUG [main] - Eagerly caching bean 'transactionManager' to allow for resolving potential circular references
DEBUG [main] - Returning cached instance of singleton bean 'dataSource'
DEBUG [main] - Invoking afterPropertiesSet() on bean with name 'transactionManager'
DEBUG [main] - Returning cached instance of singleton bean 'org.springframework.transaction.config.internalTransactionAdvisor'
DEBUG [main] - Returning cached instance of singleton bean 'org.springframework.aop.support.DefaultBeanFactoryPointcutAdvisor#0'
DEBUG [main] - Returning cached instance of singleton bean 'org.springframework.transaction.config.internalTransactionAdvisor'
DEBUG [main] - Returning cached instance of singleton bean 'org.springframework.aop.support.DefaultBeanFactoryPointcutAdvisor#0'
DEBUG [main] - Finished creating instance of bean 'transactionManager'
DEBUG [main] - Creating instance of bean '(inner bean)'
DEBUG [main] - Returning cached instance of singleton bean 'org.springframework.transaction.config.internalTransactionAdvisor'
DEBUG [main] - Returning cached instance of singleton bean 'org.springframework.aop.support.DefaultBeanFactoryPointcutAdvisor#0'
DEBUG [main] - Adding transactional method [*] with attribute [PROPAGATION_REQUIRED,ISOLATION_DEFAULT]
DEBUG [main] - Returning cached instance of singleton bean 'org.springframework.transaction.config.internalTransactionAdvisor'
DEBUG [main] - Returning cached instance of singleton bean 'org.springframework.aop.support.DefaultBeanFactoryPointcutAdvisor#0'
DEBUG [main] - Returning cached instance of singleton bean 'org.springframework.transaction.config.internalTransactionAdvisor'
DEBUG [main] - Returning cached instance of singleton bean 'org.springframework.aop.support.DefaultBeanFactoryPointcutAdvisor#0'
DEBUG [main] - Finished creating instance of bean '(inner bean)'
DEBUG [main] - Invoking afterPropertiesSet() on bean with name 'txadvice'
DEBUG [main] - Finished creating instance of bean 'txadvice'
DEBUG [main] - Creating implicit proxy for bean 'memberBizImpl' with 0 common interceptors and 2 specific interceptors
DEBUG [main] - Creating JDK dynamic proxy: target source is SingletonTargetSource for target object [com.aaa.biz.impl.MemberBizImpl@5b6ec132]
DEBUG [main] - Finished creating instance of bean 'memberBizImpl'
DEBUG [main] - Creating shared instance of singleton bean 'parentingBizImpl'
DEBUG [main] - Creating instance of bean 'parentingBizImpl'
DEBUG [main] - Returning cached instance of singleton bean 'org.springframework.transaction.config.internalTransactionAdvisor'
DEBUG [main] - Returning cached instance of singleton bean 'org.springframework.aop.support.DefaultBeanFactoryPointcutAdvisor#0'
DEBUG [main] - Registered injected element on class [com.aaa.biz.impl.ParentingBizImpl]: AutowiredFieldElement for private com.aaa.mapper.ParentingDaoMapper com.aaa.biz.impl.ParentingBizImpl.parentingDaoMapper
DEBUG [main] - Eagerly caching bean 'parentingBizImpl' to allow for resolving potential circular references
DEBUG [main] - Processing injected method of bean 'parentingBizImpl': AutowiredFieldElement for private com.aaa.mapper.ParentingDaoMapper com.aaa.biz.impl.ParentingBizImpl.parentingDaoMapper
DEBUG [main] - Returning cached instance of singleton bean 'parentingDaoMapper'
DEBUG [main] - Returning cached instance of singleton bean 'org.springframework.transaction.config.internalTransactionAdvisor'
DEBUG [main] - Returning cached instance of singleton bean 'org.springframework.aop.support.DefaultBeanFactoryPointcutAdvisor#0'
DEBUG [main] - Returning cached instance of singleton bean 'org.springframework.transaction.config.internalTransactionAdvisor'
DEBUG [main] - Returning cached instance of singleton bean 'org.springframework.aop.support.DefaultBeanFactoryPointcutAdvisor#0'
DEBUG [main] - Autowiring by type from bean name 'parentingBizImpl' to bean named 'parentingDaoMapper'
DEBUG [main] - Returning cached instance of singleton bean 'org.springframework.transaction.config.internalTransactionAdvisor'
DEBUG [main] - Returning cached instance of singleton bean 'org.springframework.aop.support.DefaultBeanFactoryPointcutAdvisor#0'
DEBUG [main] - Returning cached instance of singleton bean 'org.springframework.transaction.config.internalTransactionAdvisor'
DEBUG [main] - Returning cached instance of singleton bean 'org.springframework.aop.support.DefaultBeanFactoryPointcutAdvisor#0'
DEBUG [main] - Creating implicit proxy for bean 'parentingBizImpl' with 0 common interceptors and 2 specific interceptors
DEBUG [main] - Creating JDK dynamic proxy: target source is SingletonTargetSource for target object [com.aaa.biz.impl.ParentingBizImpl@21337f7b]
DEBUG [main] - Finished creating instance of bean 'parentingBizImpl'
DEBUG [main] - Creating shared instance of singleton bean 'postsBizImpl'
DEBUG [main] - Creating instance of bean 'postsBizImpl'
DEBUG [main] - Returning cached instance of singleton bean 'org.springframework.transaction.config.internalTransactionAdvisor'
DEBUG [main] - Returning cached instance of singleton bean 'org.springframework.aop.support.DefaultBeanFactoryPointcutAdvisor#0'
DEBUG [main] - Registered injected element on class [com.aaa.biz.impl.PostsBizImpl]: AutowiredFieldElement for private com.aaa.mapper.PostsDaoMapper com.aaa.biz.impl.PostsBizImpl.postsDaoMapper
DEBUG [main] - Eagerly caching bean 'postsBizImpl' to allow for resolving potential circular references
DEBUG [main] - Processing injected method of bean 'postsBizImpl': AutowiredFieldElement for private com.aaa.mapper.PostsDaoMapper com.aaa.biz.impl.PostsBizImpl.postsDaoMapper
DEBUG [main] - Returning cached instance of singleton bean 'postsDaoMapper'
DEBUG [main] - Returning cached instance of singleton bean 'org.springframework.transaction.config.internalTransactionAdvisor'
DEBUG [main] - Returning cached instance of singleton bean 'org.springframework.aop.support.DefaultBeanFactoryPointcutAdvisor#0'
DEBUG [main] - Returning cached instance of singleton bean 'org.springframework.transaction.config.internalTransactionAdvisor'
DEBUG [main] - Returning cached instance of singleton bean 'org.springframework.aop.support.DefaultBeanFactoryPointcutAdvisor#0'
DEBUG [main] - Autowiring by type from bean name 'postsBizImpl' to bean named 'postsDaoMapper'
DEBUG [main] - Returning cached instance of singleton bean 'org.springframework.transaction.config.internalTransactionAdvisor'
DEBUG [main] - Returning cached instance of singleton bean 'org.springframework.aop.support.DefaultBeanFactoryPointcutAdvisor#0'
DEBUG [main] - Returning cached instance of singleton bean 'org.springframework.transaction.config.internalTransactionAdvisor'
DEBUG [main] - Returning cached instance of singleton bean 'org.springframework.aop.support.DefaultBeanFactoryPointcutAdvisor#0'
DEBUG [main] - Creating implicit proxy for bean 'postsBizImpl' with 0 common interceptors and 2 specific interceptors
DEBUG [main] - Creating JDK dynamic proxy: target source is SingletonTargetSource for target object [com.aaa.biz.impl.PostsBizImpl@60856961]
DEBUG [main] - Finished creating instance of bean 'postsBizImpl'
DEBUG [main] - Creating shared instance of singleton bean 'repostsBizImpl'
DEBUG [main] - Creating instance of bean 'repostsBizImpl'
DEBUG [main] - Returning cached instance of singleton bean 'org.springframework.transaction.config.internalTransactionAdvisor'
DEBUG [main] - Returning cached instance of singleton bean 'org.springframework.aop.support.DefaultBeanFactoryPointcutAdvisor#0'
DEBUG [main] - Registered injected element on class [com.aaa.biz.impl.RepostsBizImpl]: AutowiredFieldElement for private com.aaa.mapper.RepostsDaoMapper com.aaa.biz.impl.RepostsBizImpl.repostsDaoMapper
DEBUG [main] - Eagerly caching bean 'repostsBizImpl' to allow for resolving potential circular references
DEBUG [main] - Processing injected method of bean 'repostsBizImpl': AutowiredFieldElement for private com.aaa.mapper.RepostsDaoMapper com.aaa.biz.impl.RepostsBizImpl.repostsDaoMapper
DEBUG [main] - Returning cached instance of singleton bean 'repostsDaoMapper'
DEBUG [main] - Returning cached instance of singleton bean 'org.springframework.transaction.config.internalTransactionAdvisor'
DEBUG [main] - Returning cached instance of singleton bean 'org.springframework.aop.support.DefaultBeanFactoryPointcutAdvisor#0'
DEBUG [main] - Returning cached instance of singleton bean 'org.springframework.transaction.config.internalTransactionAdvisor'
DEBUG [main] - Returning cached instance of singleton bean 'org.springframework.aop.support.DefaultBeanFactoryPointcutAdvisor#0'
DEBUG [main] - Autowiring by type from bean name 'repostsBizImpl' to bean named 'repostsDaoMapper'
DEBUG [main] - Returning cached instance of singleton bean 'org.springframework.transaction.config.internalTransactionAdvisor'
DEBUG [main] - Returning cached instance of singleton bean 'org.springframework.aop.support.DefaultBeanFactoryPointcutAdvisor#0'
DEBUG [main] - Returning cached instance of singleton bean 'org.springframework.transaction.config.internalTransactionAdvisor'
DEBUG [main] - Returning cached instance of singleton bean 'org.springframework.aop.support.DefaultBeanFactoryPointcutAdvisor#0'
DEBUG [main] - Creating implicit proxy for bean 'repostsBizImpl' with 0 common interceptors and 2 specific interceptors
DEBUG [main] - Creating JDK dynamic proxy: target source is SingletonTargetSource for target object [com.aaa.biz.impl.RepostsBizImpl@58326051]
DEBUG [main] - Finished creating instance of bean 'repostsBizImpl'
DEBUG [main] - Creating shared instance of singleton bean 'userBizImpl'
DEBUG [main] - Creating instance of bean 'userBizImpl'
DEBUG [main] - Returning cached instance of singleton bean 'org.springframework.transaction.config.internalTransactionAdvisor'
DEBUG [main] - Returning cached instance of singleton bean 'org.springframework.aop.support.DefaultBeanFactoryPointcutAdvisor#0'
DEBUG [main] - Registered injected element on class [com.aaa.biz.impl.UserBizImpl]: AutowiredFieldElement for private com.aaa.mapper.UserMapper com.aaa.biz.impl.UserBizImpl.userMapper
DEBUG [main] - Eagerly caching bean 'userBizImpl' to allow for resolving potential circular references
DEBUG [main] - Processing injected method of bean 'userBizImpl': AutowiredFieldElement for private com.aaa.mapper.UserMapper com.aaa.biz.impl.UserBizImpl.userMapper
DEBUG [main] - Returning cached instance of singleton bean 'userMapper'
DEBUG [main] - Returning cached instance of singleton bean 'org.springframework.transaction.config.internalTransactionAdvisor'
DEBUG [main] - Returning cached instance of singleton bean 'org.springframework.aop.support.DefaultBeanFactoryPointcutAdvisor#0'
DEBUG [main] - Returning cached instance of singleton bean 'org.springframework.transaction.config.internalTransactionAdvisor'
DEBUG [main] - Returning cached instance of singleton bean 'org.springframework.aop.support.DefaultBeanFactoryPointcutAdvisor#0'
DEBUG [main] - Autowiring by type from bean name 'userBizImpl' to bean named 'userMapper'
DEBUG [main] - Returning cached instance of singleton bean 'org.springframework.transaction.config.internalTransactionAdvisor'
DEBUG [main] - Returning cached instance of singleton bean 'org.springframework.aop.support.DefaultBeanFactoryPointcutAdvisor#0'
DEBUG [main] - Returning cached instance of singleton bean 'org.springframework.transaction.config.internalTransactionAdvisor'
DEBUG [main] - Returning cached instance of singleton bean 'org.springframework.aop.support.DefaultBeanFactoryPointcutAdvisor#0'
DEBUG [main] - Creating implicit proxy for bean 'userBizImpl' with 0 common interceptors and 2 specific interceptors
DEBUG [main] - Creating JDK dynamic proxy: target source is SingletonTargetSource for target object [com.aaa.biz.impl.UserBizImpl@36328d33]
DEBUG [main] - Finished creating instance of bean 'userBizImpl'
DEBUG [main] - Creating shared instance of singleton bean 'memberController'
DEBUG [main] - Creating instance of bean 'memberController'
DEBUG [main] - Returning cached instance of singleton bean 'org.springframework.transaction.config.internalTransactionAdvisor'
DEBUG [main] - Returning cached instance of singleton bean 'org.springframework.aop.support.DefaultBeanFactoryPointcutAdvisor#0'
DEBUG [main] - Registered injected element on class [com.aaa.controller.MemberController]: AutowiredFieldElement for private com.aaa.biz.MemberBiz com.aaa.controller.MemberController.memberBiz
DEBUG [main] - Eagerly caching bean 'memberController' to allow for resolving potential circular references
DEBUG [main] - Processing injected method of bean 'memberController': AutowiredFieldElement for private com.aaa.biz.MemberBiz com.aaa.controller.MemberController.memberBiz
DEBUG [main] - Returning cached instance of singleton bean 'memberBizImpl'
DEBUG [main] - Autowiring by type from bean name 'memberController' to bean named 'memberBizImpl'
DEBUG [main] - Returning cached instance of singleton bean 'org.springframework.transaction.config.internalTransactionAdvisor'
DEBUG [main] - Returning cached instance of singleton bean 'org.springframework.aop.support.DefaultBeanFactoryPointcutAdvisor#0'
DEBUG [main] - Returning cached instance of singleton bean 'org.springframework.transaction.config.internalTransactionAdvisor'
DEBUG [main] - Returning cached instance of singleton bean 'org.springframework.aop.support.DefaultBeanFactoryPointcutAdvisor#0'
DEBUG [main] - Finished creating instance of bean 'memberController'
DEBUG [main] - Creating shared instance of singleton bean 'parentingController'
DEBUG [main] - Creating instance of bean 'parentingController'
DEBUG [main] - Returning cached instance of singleton bean 'org.springframework.transaction.config.internalTransactionAdvisor'
DEBUG [main] - Returning cached instance of singleton bean 'org.springframework.aop.support.DefaultBeanFactoryPointcutAdvisor#0'
DEBUG [main] - Registered injected element on class [com.aaa.controller.ParentingController]: AutowiredFieldElement for private com.aaa.biz.ParentingBiz com.aaa.controller.ParentingController.parentingBiz
DEBUG [main] - Eagerly caching bean 'parentingController' to allow for resolving potential circular references
DEBUG [main] - Processing injected method of bean 'parentingController': AutowiredFieldElement for private com.aaa.biz.ParentingBiz com.aaa.controller.ParentingController.parentingBiz
DEBUG [main] - Returning cached instance of singleton bean 'parentingBizImpl'
DEBUG [main] - Autowiring by type from bean name 'parentingController' to bean named 'parentingBizImpl'
DEBUG [main] - Returning cached instance of singleton bean 'org.springframework.transaction.config.internalTransactionAdvisor'
DEBUG [main] - Returning cached instance of singleton bean 'org.springframework.aop.support.DefaultBeanFactoryPointcutAdvisor#0'
DEBUG [main] - Returning cached instance of singleton bean 'org.springframework.transaction.config.internalTransactionAdvisor'
DEBUG [main] - Returning cached instance of singleton bean 'org.springframework.aop.support.DefaultBeanFactoryPointcutAdvisor#0'
DEBUG [main] - Finished creating instance of bean 'parentingController'
DEBUG [main] - Creating shared instance of singleton bean 'postsController'
DEBUG [main] - Creating instance of bean 'postsController'
DEBUG [main] - Returning cached instance of singleton bean 'org.springframework.transaction.config.internalTransactionAdvisor'
DEBUG [main] - Returning cached instance of singleton bean 'org.springframework.aop.support.DefaultBeanFactoryPointcutAdvisor#0'
DEBUG [main] - Registered injected element on class [com.aaa.controller.PostsController]: AutowiredFieldElement for private com.aaa.biz.PostsBiz com.aaa.controller.PostsController.postsBiz
DEBUG [main] - Eagerly caching bean 'postsController' to allow for resolving potential circular references
DEBUG [main] - Processing injected method of bean 'postsController': AutowiredFieldElement for private com.aaa.biz.PostsBiz com.aaa.controller.PostsController.postsBiz
DEBUG [main] - Returning cached instance of singleton bean 'postsBizImpl'
DEBUG [main] - Autowiring by type from bean name 'postsController' to bean named 'postsBizImpl'
DEBUG [main] - Returning cached instance of singleton bean 'org.springframework.transaction.config.internalTransactionAdvisor'
DEBUG [main] - Returning cached instance of singleton bean 'org.springframework.aop.support.DefaultBeanFactoryPointcutAdvisor#0'
DEBUG [main] - Returning cached instance of singleton bean 'org.springframework.transaction.config.internalTransactionAdvisor'
DEBUG [main] - Returning cached instance of singleton bean 'org.springframework.aop.support.DefaultBeanFactoryPointcutAdvisor#0'
DEBUG [main] - Finished creating instance of bean 'postsController'
DEBUG [main] - Creating shared instance of singleton bean 'repostsController'
DEBUG [main] - Creating instance of bean 'repostsController'
DEBUG [main] - Returning cached instance of singleton bean 'org.springframework.transaction.config.internalTransactionAdvisor'
DEBUG [main] - Returning cached instance of singleton bean 'org.springframework.aop.support.DefaultBeanFactoryPointcutAdvisor#0'
DEBUG [main] - Registered injected element on class [com.aaa.controller.RepostsController]: AutowiredFieldElement for private com.aaa.biz.RepostsBiz com.aaa.controller.RepostsController.repostsBiz
DEBUG [main] - Eagerly caching bean 'repostsController' to allow for resolving potential circular references
DEBUG [main] - Processing injected method of bean 'repostsController': AutowiredFieldElement for private com.aaa.biz.RepostsBiz com.aaa.controller.RepostsController.repostsBiz
DEBUG [main] - Returning cached instance of singleton bean 'repostsBizImpl'
DEBUG [main] - Autowiring by type from bean name 'repostsController' to bean named 'repostsBizImpl'
DEBUG [main] - Returning cached instance of singleton bean 'org.springframework.transaction.config.internalTransactionAdvisor'
DEBUG [main] - Returning cached instance of singleton bean 'org.springframework.aop.support.DefaultBeanFactoryPointcutAdvisor#0'
DEBUG [main] - Returning cached instance of singleton bean 'org.springframework.transaction.config.internalTransactionAdvisor'
DEBUG [main] - Returning cached instance of singleton bean 'org.springframework.aop.support.DefaultBeanFactoryPointcutAdvisor#0'
DEBUG [main] - Finished creating instance of bean 'repostsController'
DEBUG [main] - Creating shared instance of singleton bean 'userController'
DEBUG [main] - Creating instance of bean 'userController'
DEBUG [main] - Returning cached instance of singleton bean 'org.springframework.transaction.config.internalTransactionAdvisor'
DEBUG [main] - Returning cached instance of singleton bean 'org.springframework.aop.support.DefaultBeanFactoryPointcutAdvisor#0'
DEBUG [main] - Registered injected element on class [com.aaa.controller.UserController]: AutowiredFieldElement for private com.aaa.biz.UserBiz com.aaa.controller.UserController.userBiz
DEBUG [main] - Eagerly caching bean 'userController' to allow for resolving potential circular references
DEBUG [main] - Processing injected method of bean 'userController': AutowiredFieldElement for private com.aaa.biz.UserBiz com.aaa.controller.UserController.userBiz
DEBUG [main] - Returning cached instance of singleton bean 'userBizImpl'
DEBUG [main] - Autowiring by type from bean name 'userController' to bean named 'userBizImpl'
DEBUG [main] - Returning cached instance of singleton bean 'org.springframework.transaction.config.internalTransactionAdvisor'
DEBUG [main] - Returning cached instance of singleton bean 'org.springframework.aop.support.DefaultBeanFactoryPointcutAdvisor#0'
DEBUG [main] - Returning cached instance of singleton bean 'org.springframework.transaction.config.internalTransactionAdvisor'
DEBUG [main] - Returning cached instance of singleton bean 'org.springframework.aop.support.DefaultBeanFactoryPointcutAdvisor#0'
DEBUG [main] - Finished creating instance of bean 'userController'
DEBUG [main] - Returning cached instance of singleton bean 'org.springframework.context.annotation.internalConfigurationAnnotationProcessor'
DEBUG [main] - Returning cached instance of singleton bean 'org.springframework.context.annotation.internalAutowiredAnnotationProcessor'
DEBUG [main] - Returning cached instance of singleton bean 'org.springframework.context.annotation.internalRequiredAnnotationProcessor'
DEBUG [main] - Returning cached instance of singleton bean 'org.springframework.context.annotation.internalCommonAnnotationProcessor'
DEBUG [main] - Returning cached instance of singleton bean 'org.springframework.context.support.PropertySourcesPlaceholderConfigurer#0'
DEBUG [main] - Returning cached instance of singleton bean 'dataSource'
DEBUG [main] - Returning cached instance of singleton bean 'sqlSessionFactory'
DEBUG [main] - Returning cached instance of singleton bean 'org.mybatis.spring.mapper.MapperScannerConfigurer#0'
DEBUG [main] - Returning cached instance of singleton bean 'transactionManager'
DEBUG [main] - Returning cached instance of singleton bean 'org.springframework.aop.config.internalAutoProxyCreator'
DEBUG [main] - Returning cached instance of singleton bean 'org.springframework.transaction.annotation.AnnotationTransactionAttributeSource#0'
DEBUG [main] - Creating shared instance of singleton bean 'org.springframework.transaction.interceptor.TransactionInterceptor#0'
DEBUG [main] - Creating instance of bean 'org.springframework.transaction.interceptor.TransactionInterceptor#0'
DEBUG [main] - Eagerly caching bean 'org.springframework.transaction.interceptor.TransactionInterceptor#0' to allow for resolving potential circular references
DEBUG [main] - Returning cached instance of singleton bean 'org.springframework.transaction.annotation.AnnotationTransactionAttributeSource#0'
DEBUG [main] - Invoking afterPropertiesSet() on bean with name 'org.springframework.transaction.interceptor.TransactionInterceptor#0'
DEBUG [main] - Finished creating instance of bean 'org.springframework.transaction.interceptor.TransactionInterceptor#0'
DEBUG [main] - Returning cached instance of singleton bean 'org.springframework.transaction.config.internalTransactionAdvisor'
DEBUG [main] - Returning cached instance of singleton bean 'txadvice'
DEBUG [main] - Returning cached instance of singleton bean 'org.springframework.aop.support.DefaultBeanFactoryPointcutAdvisor#0'
DEBUG [main] - Returning cached instance of singleton bean 'org.springframework.context.annotation.ConfigurationClassPostProcessor.importAwareProcessor'
DEBUG [main] - Returning cached instance of singleton bean 'org.springframework.context.annotation.ConfigurationClassPostProcessor.enhancedConfigurationProcessor'
DEBUG [main] - Returning cached instance of singleton bean 'memberDaoMapper'
DEBUG [main] - Returning cached instance of singleton bean 'parentingDaoMapper'
DEBUG [main] - Returning cached instance of singleton bean 'postsDaoMapper'
DEBUG [main] - Returning cached instance of singleton bean 'repostsDaoMapper'
DEBUG [main] - Returning cached instance of singleton bean 'userMapper'
DEBUG [main] - Unable to locate LifecycleProcessor with name 'lifecycleProcessor': using default [org.springframework.context.support.DefaultLifecycleProcessor@2e6a5539]
DEBUG [main] - Returning cached instance of singleton bean 'lifecycleProcessor'
DEBUG [main] - Returning cached instance of singleton bean 'sqlSessionFactory'
DEBUG [main] - Searching for key 'spring.liveBeansView.mbeanDomain' in [servletConfigInitParams]
DEBUG [main] - Searching for key 'spring.liveBeansView.mbeanDomain' in [servletContextInitParams]
DEBUG [main] - Searching for key 'spring.liveBeansView.mbeanDomain' in [jndiProperties]
DEBUG [main] - Looking up JNDI object with name [java:comp/env/spring.liveBeansView.mbeanDomain]
DEBUG [main] - Converted JNDI name [java:comp/env/spring.liveBeansView.mbeanDomain] not found - trying original name [spring.liveBeansView.mbeanDomain]. javax.naming.NoInitialContextException: Need to specify class name in environment or system property, or as an applet parameter, or in an application resource file:  java.naming.factory.initial
DEBUG [main] - Looking up JNDI object with name [spring.liveBeansView.mbeanDomain]
DEBUG [main] - JNDI lookup for name [spring.liveBeansView.mbeanDomain] threw NamingException with message: Need to specify class name in environment or system property, or as an applet parameter, or in an application resource file:  java.naming.factory.initial. Returning null.
DEBUG [main] - Searching for key 'spring.liveBeansView.mbeanDomain' in [systemProperties]
DEBUG [main] - Searching for key 'spring.liveBeansView.mbeanDomain' in [systemEnvironment]
DEBUG [main] - Could not find key 'spring.liveBeansView.mbeanDomain' in any property source. Returning [null]
DEBUG [main] - Storing ApplicationContext in cache under key [[WebMergedContextConfiguration@32709393 testClass = PostsControllerTest, locations = '{file:config/spring/applicationContext.xml}', classes = '{}', contextInitializerClasses = '[]', activeProfiles = '{}', resourceBasePath = 'src/main/webapp', contextLoader = 'org.springframework.test.context.web.WebDelegatingSmartContextLoader', parent = [null]]].
DEBUG [main] - Setting up MockHttpServletRequest, MockHttpServletResponse, ServletWebRequest, and RequestContextHolder for test context [DefaultTestContext@335b5620 testClass = PostsControllerTest, testInstance = ControllerTest.PostsControllerTest@29a0cdb, testMethod = [null], testException = [null], mergedContextConfiguration = [WebMergedContextConfiguration@32709393 testClass = PostsControllerTest, locations = '{file:config/spring/applicationContext.xml}', classes = '{}', contextInitializerClasses = '[]', activeProfiles = '{}', resourceBasePath = 'src/main/webapp', contextLoader = 'org.springframework.test.context.web.WebDelegatingSmartContextLoader', parent = [null]]].
DEBUG [main] - Performing dependency injection for test context [[DefaultTestContext@335b5620 testClass = PostsControllerTest, testInstance = ControllerTest.PostsControllerTest@29a0cdb, testMethod = [null], testException = [null], mergedContextConfiguration = [WebMergedContextConfiguration@32709393 testClass = PostsControllerTest, locations = '{file:config/spring/applicationContext.xml}', classes = '{}', contextInitializerClasses = '[]', activeProfiles = '{}', resourceBasePath = 'src/main/webapp', contextLoader = 'org.springframework.test.context.web.WebDelegatingSmartContextLoader', parent = [null]]]].
DEBUG [main] - Retrieved ApplicationContext from cache with key [[WebMergedContextConfiguration@32709393 testClass = PostsControllerTest, locations = '{file:config/spring/applicationContext.xml}', classes = '{}', contextInitializerClasses = '[]', activeProfiles = '{}', resourceBasePath = 'src/main/webapp', contextLoader = 'org.springframework.test.context.web.WebDelegatingSmartContextLoader', parent = [null]]].
DEBUG [main] - Processing injected method of bean 'ControllerTest.PostsControllerTest': AutowiredFieldElement for private org.springframework.web.context.WebApplicationContext Base.BaseControllerTest.webApplicationContext
DEBUG [main] - Autowiring by type from bean name 'ControllerTest.PostsControllerTest' to bean named 'org.springframework.web.context.support.GenericWebApplicationContext@4d95d2a2'
DEBUG [main] - Processing injected method of bean 'ControllerTest.PostsControllerTest': AutowiredFieldElement for private com.aaa.mapper.PostsDaoMapper ControllerTest.PostsControllerTest.postsMapper
DEBUG [main] - Returning cached instance of singleton bean 'postsDaoMapper'
DEBUG [main] - Autowiring by type from bean name 'ControllerTest.PostsControllerTest' to bean named 'postsDaoMapper'
DEBUG [main] - Returning cached instance of singleton bean 'org.springframework.transaction.config.internalTransactionAdvisor'
DEBUG [main] - Returning cached instance of singleton bean 'org.springframework.aop.support.DefaultBeanFactoryPointcutAdvisor#0'
DEBUG [main] - Returning cached instance of singleton bean 'org.springframework.transaction.config.internalTransactionAdvisor'
DEBUG [main] - Returning cached instance of singleton bean 'org.springframework.aop.support.DefaultBeanFactoryPointcutAdvisor#0'
DEBUG [main] - Adding transactional method 'PostsControllerTest.getPostsByNameTest' with attribute: PROPAGATION_REQUIRED,ISOLATION_DEFAULT; ''
DEBUG [main] - Returning cached instance of singleton bean 'org.springframework.transaction.interceptor.TransactionInterceptor#0'
DEBUG [main] - Creating implicit proxy for bean 'ControllerTest.PostsControllerTest' with 0 common interceptors and 1 specific interceptors
DEBUG [main] - Creating CGLIB proxy: target source is SingletonTargetSource for target object [ControllerTest.PostsControllerTest@29a0cdb]
DEBUG [main] - Unable to apply any optimisations to advised method: public void ControllerTest.PostsControllerTest.getPostsByNameTest()
DEBUG [main] - Unable to apply any optimisations to advised method: public void ControllerTest.PostsControllerTest.setUp() throws java.lang.Exception
DEBUG [main] - Adding transactional method 'PostsControllerTest.queryPostsTest' with attribute: PROPAGATION_REQUIRED,ISOLATION_DEFAULT; ''
DEBUG [main] - Unable to apply any optimisations to advised method: public void ControllerTest.PostsControllerTest.queryPostsTest()
DEBUG [main] - Adding transactional method 'PostsControllerTest.addPostsTest' with attribute: PROPAGATION_REQUIRED,ISOLATION_DEFAULT; ''
DEBUG [main] - Unable to apply any optimisations to advised method: public void ControllerTest.PostsControllerTest.addPostsTest()
DEBUG [main] - Adding transactional method 'PostsControllerTest.delPostsTest' with attribute: PROPAGATION_REQUIRED,ISOLATION_DEFAULT; ''
DEBUG [main] - Unable to apply any optimisations to advised method: public void ControllerTest.PostsControllerTest.delPostsTest()
DEBUG [main] - Adding transactional method 'PostsControllerTest.findOneTest' with attribute: PROPAGATION_REQUIRED,ISOLATION_DEFAULT; ''
DEBUG [main] - Unable to apply any optimisations to advised method: public void ControllerTest.PostsControllerTest.findOneTest()
DEBUG [main] - Adding transactional method 'PostsControllerTest.updPostsTest' with attribute: PROPAGATION_REQUIRED,ISOLATION_DEFAULT; ''
DEBUG [main] - Unable to apply any optimisations to advised method: public void ControllerTest.PostsControllerTest.updPostsTest()
DEBUG [main] - Unable to apply any optimisations to advised method: public void Base.BaseControllerTest.setup()
DEBUG [main] - Found finalize() method - using NO_OVERRIDE
DEBUG [main] - Found 'equals' method: public boolean java.lang.Object.equals(java.lang.Object)
DEBUG [main] - Unable to apply any optimisations to advised method: public java.lang.String java.lang.Object.toString()
DEBUG [main] - Found 'hashCode' method: public native int java.lang.Object.hashCode()
DEBUG [main] - Unable to apply any optimisations to advised method: protected native java.lang.Object java.lang.Object.clone() throws java.lang.CloneNotSupportedException
DEBUG [main] - Method is declared on Advised interface: public abstract int org.springframework.aop.framework.Advised.indexOf(org.springframework.aop.Advisor)
DEBUG [main] - Method is declared on Advised interface: public abstract int org.springframework.aop.framework.Advised.indexOf(org.aopalliance.aop.Advice)
DEBUG [main] - Method is declared on Advised interface: public abstract boolean org.springframework.aop.framework.Advised.isFrozen()
DEBUG [main] - Method is declared on Advised interface: public abstract void org.springframework.aop.framework.Advised.addAdvice(org.aopalliance.aop.Advice) throws org.springframework.aop.framework.AopConfigException
DEBUG [main] - Method is declared on Advised interface: public abstract void org.springframework.aop.framework.Advised.addAdvice(int,org.aopalliance.aop.Advice) throws org.springframework.aop.framework.AopConfigException
DEBUG [main] - Method is declared on Advised interface: public abstract void org.springframework.aop.framework.Advised.removeAdvisor(int) throws org.springframework.aop.framework.AopConfigException
DEBUG [main] - Method is declared on Advised interface: public abstract boolean org.springframework.aop.framework.Advised.removeAdvisor(org.springframework.aop.Advisor)
DEBUG [main] - Method is declared on Advised interface: public abstract boolean org.springframework.aop.framework.Advised.isPreFiltered()
DEBUG [main] - Method is declared on Advised interface: public abstract boolean org.springframework.aop.framework.Advised.replaceAdvisor(org.springframework.aop.Advisor,org.springframework.aop.Advisor) throws org.springframework.aop.framework.AopConfigException
DEBUG [main] - Method is declared on Advised interface: public abstract boolean org.springframework.aop.framework.Advised.removeAdvice(org.aopalliance.aop.Advice)
DEBUG [main] - Method is declared on Advised interface: public abstract org.springframework.aop.Advisor[] org.springframework.aop.framework.Advised.getAdvisors()
DEBUG [main] - Method is declared on Advised interface: public abstract void org.springframework.aop.framework.Advised.setTargetSource(org.springframework.aop.TargetSource)
DEBUG [main] - Method is declared on Advised interface: public abstract org.springframework.aop.TargetSource org.springframework.aop.framework.Advised.getTargetSource()
DEBUG [main] - Method is declared on Advised interface: public abstract void org.springframework.aop.framework.Advised.setPreFiltered(boolean)
DEBUG [main] - Method is declared on Advised interface: public abstract void org.springframework.aop.framework.Advised.setExposeProxy(boolean)
DEBUG [main] - Method is declared on Advised interface: public abstract void org.springframework.aop.framework.Advised.addAdvisor(int,org.springframework.aop.Advisor) throws org.springframework.aop.framework.AopConfigException
DEBUG [main] - Method is declared on Advised interface: public abstract void org.springframework.aop.framework.Advised.addAdvisor(org.springframework.aop.Advisor) throws org.springframework.aop.framework.AopConfigException
DEBUG [main] - Method is declared on Advised interface: public abstract boolean org.springframework.aop.framework.Advised.isExposeProxy()
DEBUG [main] - Method is declared on Advised interface: public abstract boolean org.springframework.aop.framework.Advised.isProxyTargetClass()
DEBUG [main] - Method is declared on Advised interface: public abstract java.lang.Class[] org.springframework.aop.framework.Advised.getProxiedInterfaces()
DEBUG [main] - Method is declared on Advised interface: public abstract java.lang.String org.springframework.aop.framework.Advised.toProxyConfigString()
DEBUG [main] - Method is declared on Advised interface: public abstract boolean org.springframework.aop.framework.Advised.isInterfaceProxied(java.lang.Class)
DEBUG [main] - Method is declared on Advised interface: public abstract java.lang.Class org.springframework.aop.TargetClassAware.getTargetClass()
DEBUG [main] - Adding transactional method 'PostsControllerTest.getPostsByNameTest' with attribute: PROPAGATION_REQUIRED,ISOLATION_DEFAULT; ''
DEBUG [main] - Explicit transaction definition [PROPAGATION_REQUIRED,ISOLATION_DEFAULT; ''] found for test context [DefaultTestContext@335b5620 testClass = PostsControllerTest, testInstance = ControllerTest.PostsControllerTest@29a0cdb, testMethod = getPostsByNameTest@PostsControllerTest, testException = [null], mergedContextConfiguration = [WebMergedContextConfiguration@32709393 testClass = PostsControllerTest, locations = '{file:config/spring/applicationContext.xml}', classes = '{}', contextInitializerClasses = '[]', activeProfiles = '{}', resourceBasePath = 'src/main/webapp', contextLoader = 'org.springframework.test.context.web.WebDelegatingSmartContextLoader', parent = [null]]]
DEBUG [main] - Retrieved ApplicationContext from cache with key [[WebMergedContextConfiguration@32709393 testClass = PostsControllerTest, locations = '{file:config/spring/applicationContext.xml}', classes = '{}', contextInitializerClasses = '[]', activeProfiles = '{}', resourceBasePath = 'src/main/webapp', contextLoader = 'org.springframework.test.context.web.WebDelegatingSmartContextLoader', parent = [null]]].
DEBUG [main] - Retrieved @TransactionConfiguration attributes [null] for test class [class ControllerTest.PostsControllerTest].
DEBUG [main] - Retrieved TransactionConfigurationAttributes [TransactionConfigurationAttributes@6ad59d92 transactionManagerName = 'transactionManager', defaultRollback = true] for class [class ControllerTest.PostsControllerTest].
DEBUG [main] - Returning cached instance of singleton bean 'transactionManager'
DEBUG [main] - Creating new transaction with name [getPostsByNameTest]: PROPAGATION_REQUIRED,ISOLATION_DEFAULT; ''
DEBUG [main] - Acquired Connection [jdbc:mysql://127.0.0.1:3306/childcare_system?useUnicode=true&amp;characterEncoding=utf8?useUnicode=true&characterEncoding=utf8, UserName=root@localhost, MySQL-AB JDBC Driver] for JDBC transaction
DEBUG [main] - Switching JDBC Connection [jdbc:mysql://127.0.0.1:3306/childcare_system?useUnicode=true&amp;characterEncoding=utf8?useUnicode=true&characterEncoding=utf8, UserName=root@localhost, MySQL-AB JDBC Driver] to manual commit
DEBUG [main] - No method-level @Rollback override: using default rollback [true] for test context [DefaultTestContext@335b5620 testClass = PostsControllerTest, testInstance = ControllerTest.PostsControllerTest@29a0cdb, testMethod = getPostsByNameTest@PostsControllerTest, testException = [null], mergedContextConfiguration = [WebMergedContextConfiguration@32709393 testClass = PostsControllerTest, locations = '{file:config/spring/applicationContext.xml}', classes = '{}', contextInitializerClasses = '[]', activeProfiles = '{}', resourceBasePath = 'src/main/webapp', contextLoader = 'org.springframework.test.context.web.WebDelegatingSmartContextLoader', parent = [null]]].
 INFO [main] - Began transaction (1) for test context [DefaultTestContext@335b5620 testClass = PostsControllerTest, testInstance = ControllerTest.PostsControllerTest@29a0cdb, testMethod = getPostsByNameTest@PostsControllerTest, testException = [null], mergedContextConfiguration = [WebMergedContextConfiguration@32709393 testClass = PostsControllerTest, locations = '{file:config/spring/applicationContext.xml}', classes = '{}', contextInitializerClasses = '[]', activeProfiles = '{}', resourceBasePath = 'src/main/webapp', contextLoader = 'org.springframework.test.context.web.WebDelegatingSmartContextLoader', parent = [null]]]; transaction manager [org.springframework.jdbc.datasource.DataSourceTransactionManager@e84a8e1]; rollback [true]
DEBUG [main] - Initializing servlet ''
DEBUG [main] - Adding [servletConfigInitParams] PropertySource with lowest search precedence
DEBUG [main] - Adding [servletContextInitParams] PropertySource with lowest search precedence
DEBUG [main] - Adding [jndiProperties] PropertySource with lowest search precedence
DEBUG [main] - Adding [systemProperties] PropertySource with lowest search precedence
DEBUG [main] - Adding [systemEnvironment] PropertySource with lowest search precedence
DEBUG [main] - Initialized StandardServletEnvironment with PropertySources [servletConfigInitParams,servletContextInitParams,jndiProperties,systemProperties,systemEnvironment]
 INFO [main] - Initializing Spring FrameworkServlet ''
 INFO [main] - FrameworkServlet '': initialization started
DEBUG [main] - Unable to locate MultipartResolver with name 'multipartResolver': no multipart request handling provided
DEBUG [main] - Creating instance of bean 'org.springframework.web.servlet.i18n.AcceptHeaderLocaleResolver'
DEBUG [main] - Returning cached instance of singleton bean 'org.springframework.transaction.config.internalTransactionAdvisor'
DEBUG [main] - Returning cached instance of singleton bean 'org.springframework.aop.support.DefaultBeanFactoryPointcutAdvisor#0'
DEBUG [main] - Returning cached instance of singleton bean 'org.springframework.transaction.config.internalTransactionAdvisor'
DEBUG [main] - Returning cached instance of singleton bean 'org.springframework.aop.support.DefaultBeanFactoryPointcutAdvisor#0'
DEBUG [main] - Returning cached instance of singleton bean 'org.springframework.transaction.config.internalTransactionAdvisor'
DEBUG [main] - Returning cached instance of singleton bean 'org.springframework.aop.support.DefaultBeanFactoryPointcutAdvisor#0'
DEBUG [main] - Finished creating instance of bean 'org.springframework.web.servlet.i18n.AcceptHeaderLocaleResolver'
DEBUG [main] - Unable to locate LocaleResolver with name 'localeResolver': using default [org.springframework.web.servlet.i18n.AcceptHeaderLocaleResolver@5a85c92]
DEBUG [main] - Creating instance of bean 'org.springframework.web.servlet.theme.FixedThemeResolver'
DEBUG [main] - Returning cached instance of singleton bean 'org.springframework.transaction.config.internalTransactionAdvisor'
DEBUG [main] - Returning cached instance of singleton bean 'org.springframework.aop.support.DefaultBeanFactoryPointcutAdvisor#0'
DEBUG [main] - Returning cached instance of singleton bean 'org.springframework.transaction.config.internalTransactionAdvisor'
DEBUG [main] - Returning cached instance of singleton bean 'org.springframework.aop.support.DefaultBeanFactoryPointcutAdvisor#0'
DEBUG [main] - Returning cached instance of singleton bean 'org.springframework.transaction.config.internalTransactionAdvisor'
DEBUG [main] - Returning cached instance of singleton bean 'org.springframework.aop.support.DefaultBeanFactoryPointcutAdvisor#0'
DEBUG [main] - Finished creating instance of bean 'org.springframework.web.servlet.theme.FixedThemeResolver'
DEBUG [main] - Unable to locate ThemeResolver with name 'themeResolver': using default [org.springframework.web.servlet.theme.FixedThemeResolver@5d1659ea]
DEBUG [main] - Creating instance of bean 'org.springframework.web.servlet.handler.BeanNameUrlHandlerMapping'
DEBUG [main] - Returning cached instance of singleton bean 'org.springframework.transaction.config.internalTransactionAdvisor'
DEBUG [main] - Returning cached instance of singleton bean 'org.springframework.aop.support.DefaultBeanFactoryPointcutAdvisor#0'
DEBUG [main] - Looking for URL mappings in application context: org.springframework.web.context.support.GenericWebApplicationContext@4d95d2a2: startup date [Wed Mar 06 17:32:15 CST 2019]; root of context hierarchy
DEBUG [main] - Rejected bean name 'memberBizImpl': no URL paths identified
DEBUG [main] - Rejected bean name 'parentingBizImpl': no URL paths identified
DEBUG [main] - Rejected bean name 'postsBizImpl': no URL paths identified
DEBUG [main] - Rejected bean name 'repostsBizImpl': no URL paths identified
DEBUG [main] - Rejected bean name 'userBizImpl': no URL paths identified
DEBUG [main] - Rejected bean name 'memberController': no URL paths identified
DEBUG [main] - Rejected bean name 'parentingController': no URL paths identified
DEBUG [main] - Rejected bean name 'postsController': no URL paths identified
DEBUG [main] - Rejected bean name 'repostsController': no URL paths identified
DEBUG [main] - Rejected bean name 'userController': no URL paths identified
DEBUG [main] - Rejected bean name 'org.springframework.context.annotation.internalConfigurationAnnotationProcessor': no URL paths identified
DEBUG [main] - Rejected bean name 'org.springframework.context.annotation.internalAutowiredAnnotationProcessor': no URL paths identified
DEBUG [main] - Rejected bean name 'org.springframework.context.annotation.internalRequiredAnnotationProcessor': no URL paths identified
DEBUG [main] - Rejected bean name 'org.springframework.context.annotation.internalCommonAnnotationProcessor': no URL paths identified
DEBUG [main] - Rejected bean name 'org.springframework.context.support.PropertySourcesPlaceholderConfigurer#0': no URL paths identified
DEBUG [main] - Rejected bean name 'dataSource': no URL paths identified
DEBUG [main] - Rejected bean name 'sqlSessionFactory': no URL paths identified
DEBUG [main] - Rejected bean name 'org.mybatis.spring.mapper.MapperScannerConfigurer#0': no URL paths identified
DEBUG [main] - Rejected bean name 'transactionManager': no URL paths identified
DEBUG [main] - Rejected bean name 'org.springframework.aop.config.internalAutoProxyCreator': no URL paths identified
DEBUG [main] - Rejected bean name 'org.springframework.transaction.annotation.AnnotationTransactionAttributeSource#0': no URL paths identified
DEBUG [main] - Rejected bean name 'org.springframework.transaction.interceptor.TransactionInterceptor#0': no URL paths identified
DEBUG [main] - Rejected bean name 'org.springframework.transaction.config.internalTransactionAdvisor': no URL paths identified
DEBUG [main] - Rejected bean name 'txadvice': no URL paths identified
DEBUG [main] - Rejected bean name 'points': no URL paths identified
DEBUG [main] - Rejected bean name 'org.springframework.aop.support.DefaultBeanFactoryPointcutAdvisor#0': no URL paths identified
DEBUG [main] - Rejected bean name 'org.springframework.context.annotation.ConfigurationClassPostProcessor.importAwareProcessor': no URL paths identified
DEBUG [main] - Rejected bean name 'org.springframework.context.annotation.ConfigurationClassPostProcessor.enhancedConfigurationProcessor': no URL paths identified
DEBUG [main] - Rejected bean name 'memberDaoMapper': no URL paths identified
DEBUG [main] - Rejected bean name 'parentingDaoMapper': no URL paths identified
DEBUG [main] - Rejected bean name 'postsDaoMapper': no URL paths identified
DEBUG [main] - Rejected bean name 'repostsDaoMapper': no URL paths identified
DEBUG [main] - Rejected bean name 'userMapper': no URL paths identified
DEBUG [main] - Rejected bean name 'environment': no URL paths identified
DEBUG [main] - Rejected bean name 'systemProperties': no URL paths identified
DEBUG [main] - Rejected bean name 'systemEnvironment': no URL paths identified
DEBUG [main] - Rejected bean name 'servletContext': no URL paths identified
DEBUG [main] - Rejected bean name 'contextParameters': no URL paths identified
DEBUG [main] - Rejected bean name 'contextAttributes': no URL paths identified
DEBUG [main] - Rejected bean name 'org.springframework.context.annotation.ConfigurationClassPostProcessor.importRegistry': no URL paths identified
DEBUG [main] - Rejected bean name 'messageSource': no URL paths identified
DEBUG [main] - Rejected bean name 'applicationEventMulticaster': no URL paths identified
DEBUG [main] - Rejected bean name 'lifecycleProcessor': no URL paths identified
DEBUG [main] - Returning cached instance of singleton bean 'org.springframework.transaction.config.internalTransactionAdvisor'
DEBUG [main] - Returning cached instance of singleton bean 'org.springframework.aop.support.DefaultBeanFactoryPointcutAdvisor#0'
DEBUG [main] - Returning cached instance of singleton bean 'org.springframework.transaction.config.internalTransactionAdvisor'
DEBUG [main] - Returning cached instance of singleton bean 'org.springframework.aop.support.DefaultBeanFactoryPointcutAdvisor#0'
DEBUG [main] - Finished creating instance of bean 'org.springframework.web.servlet.handler.BeanNameUrlHandlerMapping'
DEBUG [main] - Creating instance of bean 'org.springframework.web.servlet.mvc.annotation.DefaultAnnotationHandlerMapping'
DEBUG [main] - Returning cached instance of singleton bean 'org.springframework.transaction.config.internalTransactionAdvisor'
DEBUG [main] - Returning cached instance of singleton bean 'org.springframework.aop.support.DefaultBeanFactoryPointcutAdvisor#0'
DEBUG [main] - Looking for URL mappings in application context: org.springframework.web.context.support.GenericWebApplicationContext@4d95d2a2: startup date [Wed Mar 06 17:32:15 CST 2019]; root of context hierarchy
DEBUG [main] - Rejected bean name 'memberBizImpl': no URL paths identified
DEBUG [main] - Rejected bean name 'parentingBizImpl': no URL paths identified
DEBUG [main] - Rejected bean name 'postsBizImpl': no URL paths identified
DEBUG [main] - Rejected bean name 'repostsBizImpl': no URL paths identified
DEBUG [main] - Rejected bean name 'userBizImpl': no URL paths identified
DEBUG [main] - Returning cached instance of singleton bean 'memberController'
 INFO [main] - Mapped URL path [/member/addMember] onto handler 'memberController'
DEBUG [main] - Returning cached instance of singleton bean 'memberController'
 INFO [main] - Mapped URL path [/member/addMember.*] onto handler 'memberController'
DEBUG [main] - Returning cached instance of singleton bean 'memberController'
 INFO [main] - Mapped URL path [/member/addMember/] onto handler 'memberController'
DEBUG [main] - Returning cached instance of singleton bean 'memberController'
 INFO [main] - Mapped URL path [/member/queryMember] onto handler 'memberController'
DEBUG [main] - Returning cached instance of singleton bean 'memberController'
 INFO [main] - Mapped URL path [/member/queryMember.*] onto handler 'memberController'
DEBUG [main] - Returning cached instance of singleton bean 'memberController'
 INFO [main] - Mapped URL path [/member/queryMember/] onto handler 'memberController'
DEBUG [main] - Returning cached instance of singleton bean 'memberController'
 INFO [main] - Mapped URL path [/member/updPass] onto handler 'memberController'
DEBUG [main] - Returning cached instance of singleton bean 'memberController'
 INFO [main] - Mapped URL path [/member/updPass.*] onto handler 'memberController'
DEBUG [main] - Returning cached instance of singleton bean 'memberController'
 INFO [main] - Mapped URL path [/member/updPass/] onto handler 'memberController'
DEBUG [main] - Returning cached instance of singleton bean 'memberController'
 INFO [main] - Mapped URL path [/member/updReject] onto handler 'memberController'
DEBUG [main] - Returning cached instance of singleton bean 'memberController'
 INFO [main] - Mapped URL path [/member/updReject.*] onto handler 'memberController'
DEBUG [main] - Returning cached instance of singleton bean 'memberController'
 INFO [main] - Mapped URL path [/member/updReject/] onto handler 'memberController'
DEBUG [main] - Returning cached instance of singleton bean 'parentingController'
 INFO [main] - Mapped URL path [/parenting/findOne] onto handler 'parentingController'
DEBUG [main] - Returning cached instance of singleton bean 'parentingController'
 INFO [main] - Mapped URL path [/parenting/findOne.*] onto handler 'parentingController'
DEBUG [main] - Returning cached instance of singleton bean 'parentingController'
 INFO [main] - Mapped URL path [/parenting/findOne/] onto handler 'parentingController'
DEBUG [main] - Returning cached instance of singleton bean 'parentingController'
 INFO [main] - Mapped URL path [/parenting/addParenting] onto handler 'parentingController'
DEBUG [main] - Returning cached instance of singleton bean 'parentingController'
 INFO [main] - Mapped URL path [/parenting/addParenting.*] onto handler 'parentingController'
DEBUG [main] - Returning cached instance of singleton bean 'parentingController'
 INFO [main] - Mapped URL path [/parenting/addParenting/] onto handler 'parentingController'
DEBUG [main] - Returning cached instance of singleton bean 'parentingController'
 INFO [main] - Mapped URL path [/parenting/del] onto handler 'parentingController'
DEBUG [main] - Returning cached instance of singleton bean 'parentingController'
 INFO [main] - Mapped URL path [/parenting/del.*] onto handler 'parentingController'
DEBUG [main] - Returning cached instance of singleton bean 'parentingController'
 INFO [main] - Mapped URL path [/parenting/del/] onto handler 'parentingController'
DEBUG [main] - Returning cached instance of singleton bean 'parentingController'
 INFO [main] - Mapped URL path [/parenting/updParenting] onto handler 'parentingController'
DEBUG [main] - Returning cached instance of singleton bean 'parentingController'
 INFO [main] - Mapped URL path [/parenting/updParenting.*] onto handler 'parentingController'
DEBUG [main] - Returning cached instance of singleton bean 'parentingController'
 INFO [main] - Mapped URL path [/parenting/updParenting/] onto handler 'parentingController'
DEBUG [main] - Returning cached instance of singleton bean 'parentingController'
 INFO [main] - Mapped URL path [/parenting/getParentingByAuthor] onto handler 'parentingController'
DEBUG [main] - Returning cached instance of singleton bean 'parentingController'
 INFO [main] - Mapped URL path [/parenting/getParentingByAuthor.*] onto handler 'parentingController'
DEBUG [main] - Returning cached instance of singleton bean 'parentingController'
 INFO [main] - Mapped URL path [/parenting/getParentingByAuthor/] onto handler 'parentingController'
DEBUG [main] - Returning cached instance of singleton bean 'postsController'
 INFO [main] - Mapped URL path [/posts/findOne] onto handler 'postsController'
DEBUG [main] - Returning cached instance of singleton bean 'postsController'
 INFO [main] - Mapped URL path [/posts/findOne.*] onto handler 'postsController'
DEBUG [main] - Returning cached instance of singleton bean 'postsController'
 INFO [main] - Mapped URL path [/posts/findOne/] onto handler 'postsController'
DEBUG [main] - Returning cached instance of singleton bean 'postsController'
 INFO [main] - Mapped URL path [/posts/getPostsById] onto handler 'postsController'
DEBUG [main] - Returning cached instance of singleton bean 'postsController'
 INFO [main] - Mapped URL path [/posts/getPostsById.*] onto handler 'postsController'
DEBUG [main] - Returning cached instance of singleton bean 'postsController'
 INFO [main] - Mapped URL path [/posts/getPostsById/] onto handler 'postsController'
DEBUG [main] - Returning cached instance of singleton bean 'postsController'
 INFO [main] - Mapped URL path [/posts/returnIndex] onto handler 'postsController'
DEBUG [main] - Returning cached instance of singleton bean 'postsController'
 INFO [main] - Mapped URL path [/posts/returnIndex.*] onto handler 'postsController'
DEBUG [main] - Returning cached instance of singleton bean 'postsController'
 INFO [main] - Mapped URL path [/posts/returnIndex/] onto handler 'postsController'
DEBUG [main] - Returning cached instance of singleton bean 'postsController'
 INFO [main] - Mapped URL path [/posts/showIndex] onto handler 'postsController'
DEBUG [main] - Returning cached instance of singleton bean 'postsController'
 INFO [main] - Mapped URL path [/posts/showIndex.*] onto handler 'postsController'
DEBUG [main] - Returning cached instance of singleton bean 'postsController'
 INFO [main] - Mapped URL path [/posts/showIndex/] onto handler 'postsController'
DEBUG [main] - Returning cached instance of singleton bean 'postsController'
 INFO [main] - Mapped URL path [/posts/showAllPost] onto handler 'postsController'
DEBUG [main] - Returning cached instance of singleton bean 'postsController'
 INFO [main] - Mapped URL path [/posts/showAllPost.*] onto handler 'postsController'
DEBUG [main] - Returning cached instance of singleton bean 'postsController'
 INFO [main] - Mapped URL path [/posts/showAllPost/] onto handler 'postsController'
DEBUG [main] - Returning cached instance of singleton bean 'postsController'
 INFO [main] - Mapped URL path [/posts/queryPosts] onto handler 'postsController'
DEBUG [main] - Returning cached instance of singleton bean 'postsController'
 INFO [main] - Mapped URL path [/posts/queryPosts.*] onto handler 'postsController'
DEBUG [main] - Returning cached instance of singleton bean 'postsController'
 INFO [main] - Mapped URL path [/posts/queryPosts/] onto handler 'postsController'
DEBUG [main] - Returning cached instance of singleton bean 'postsController'
 INFO [main] - Mapped URL path [/posts/addPosts] onto handler 'postsController'
DEBUG [main] - Returning cached instance of singleton bean 'postsController'
 INFO [main] - Mapped URL path [/posts/addPosts.*] onto handler 'postsController'
DEBUG [main] - Returning cached instance of singleton bean 'postsController'
 INFO [main] - Mapped URL path [/posts/addPosts/] onto handler 'postsController'
DEBUG [main] - Returning cached instance of singleton bean 'postsController'
 INFO [main] - Mapped URL path [/posts/del] onto handler 'postsController'
DEBUG [main] - Returning cached instance of singleton bean 'postsController'
 INFO [main] - Mapped URL path [/posts/del.*] onto handler 'postsController'
DEBUG [main] - Returning cached instance of singleton bean 'postsController'
 INFO [main] - Mapped URL path [/posts/del/] onto handler 'postsController'
DEBUG [main] - Returning cached instance of singleton bean 'postsController'
 INFO [main] - Mapped URL path [/posts/findSameCity] onto handler 'postsController'
DEBUG [main] - Returning cached instance of singleton bean 'postsController'
 INFO [main] - Mapped URL path [/posts/findSameCity.*] onto handler 'postsController'
DEBUG [main] - Returning cached instance of singleton bean 'postsController'
 INFO [main] - Mapped URL path [/posts/findSameCity/] onto handler 'postsController'
DEBUG [main] - Returning cached instance of singleton bean 'postsController'
 INFO [main] - Mapped URL path [/posts/findSameAge] onto handler 'postsController'
DEBUG [main] - Returning cached instance of singleton bean 'postsController'
 INFO [main] - Mapped URL path [/posts/findSameAge.*] onto handler 'postsController'
DEBUG [main] - Returning cached instance of singleton bean 'postsController'
 INFO [main] - Mapped URL path [/posts/findSameAge/] onto handler 'postsController'
DEBUG [main] - Returning cached instance of singleton bean 'postsController'
 INFO [main] - Mapped URL path [/posts/updPosts] onto handler 'postsController'
DEBUG [main] - Returning cached instance of singleton bean 'postsController'
 INFO [main] - Mapped URL path [/posts/updPosts.*] onto handler 'postsController'
DEBUG [main] - Returning cached instance of singleton bean 'postsController'
 INFO [main] - Mapped URL path [/posts/updPosts/] onto handler 'postsController'
DEBUG [main] - Returning cached instance of singleton bean 'postsController'
 INFO [main] - Mapped URL path [/posts/getPostsByName] onto handler 'postsController'
DEBUG [main] - Returning cached instance of singleton bean 'postsController'
 INFO [main] - Mapped URL path [/posts/getPostsByName.*] onto handler 'postsController'
DEBUG [main] - Returning cached instance of singleton bean 'postsController'
 INFO [main] - Mapped URL path [/posts/getPostsByName/] onto handler 'postsController'
DEBUG [main] - Returning cached instance of singleton bean 'postsController'
 INFO [main] - Mapped URL path [/posts/findSameCityAndAge] onto handler 'postsController'
DEBUG [main] - Returning cached instance of singleton bean 'postsController'
 INFO [main] - Mapped URL path [/posts/findSameCityAndAge.*] onto handler 'postsController'
DEBUG [main] - Returning cached instance of singleton bean 'postsController'
 INFO [main] - Mapped URL path [/posts/findSameCityAndAge/] onto handler 'postsController'
DEBUG [main] - Returning cached instance of singleton bean 'repostsController'
 INFO [main] - Mapped URL path [/reposts/findOne] onto handler 'repostsController'
DEBUG [main] - Returning cached instance of singleton bean 'repostsController'
 INFO [main] - Mapped URL path [/reposts/findOne.*] onto handler 'repostsController'
DEBUG [main] - Returning cached instance of singleton bean 'repostsController'
 INFO [main] - Mapped URL path [/reposts/findOne/] onto handler 'repostsController'
DEBUG [main] - Returning cached instance of singleton bean 'repostsController'
 INFO [main] - Mapped URL path [/reposts/addReposts] onto handler 'repostsController'
DEBUG [main] - Returning cached instance of singleton bean 'repostsController'
 INFO [main] - Mapped URL path [/reposts/addReposts.*] onto handler 'repostsController'
DEBUG [main] - Returning cached instance of singleton bean 'repostsController'
 INFO [main] - Mapped URL path [/reposts/addReposts/] onto handler 'repostsController'
DEBUG [main] - Returning cached instance of singleton bean 'repostsController'
 INFO [main] - Mapped URL path [/reposts/queryReposts] onto handler 'repostsController'
DEBUG [main] - Returning cached instance of singleton bean 'repostsController'
 INFO [main] - Mapped URL path [/reposts/queryReposts.*] onto handler 'repostsController'
DEBUG [main] - Returning cached instance of singleton bean 'repostsController'
 INFO [main] - Mapped URL path [/reposts/queryReposts/] onto handler 'repostsController'
DEBUG [main] - Returning cached instance of singleton bean 'repostsController'
 INFO [main] - Mapped URL path [/reposts/del] onto handler 'repostsController'
DEBUG [main] - Returning cached instance of singleton bean 'repostsController'
 INFO [main] - Mapped URL path [/reposts/del.*] onto handler 'repostsController'
DEBUG [main] - Returning cached instance of singleton bean 'repostsController'
 INFO [main] - Mapped URL path [/reposts/del/] onto handler 'repostsController'
DEBUG [main] - Returning cached instance of singleton bean 'repostsController'
 INFO [main] - Mapped URL path [/reposts/updReposts] onto handler 'repostsController'
DEBUG [main] - Returning cached instance of singleton bean 'repostsController'
 INFO [main] - Mapped URL path [/reposts/updReposts.*] onto handler 'repostsController'
DEBUG [main] - Returning cached instance of singleton bean 'repostsController'
 INFO [main] - Mapped URL path [/reposts/updReposts/] onto handler 'repostsController'
DEBUG [main] - Returning cached instance of singleton bean 'userController'
 INFO [main] - Mapped URL path [/user/register] onto handler 'userController'
DEBUG [main] - Returning cached instance of singleton bean 'userController'
 INFO [main] - Mapped URL path [/user/register.*] onto handler 'userController'
DEBUG [main] - Returning cached instance of singleton bean 'userController'
 INFO [main] - Mapped URL path [/user/register/] onto handler 'userController'
DEBUG [main] - Returning cached instance of singleton bean 'userController'
 INFO [main] - Mapped URL path [/user/findOne] onto handler 'userController'
DEBUG [main] - Returning cached instance of singleton bean 'userController'
 INFO [main] - Mapped URL path [/user/findOne.*] onto handler 'userController'
DEBUG [main] - Returning cached instance of singleton bean 'userController'
 INFO [main] - Mapped URL path [/user/findOne/] onto handler 'userController'
DEBUG [main] - Returning cached instance of singleton bean 'userController'
 INFO [main] - Mapped URL path [/user/Baby_diet] onto handler 'userController'
DEBUG [main] - Returning cached instance of singleton bean 'userController'
 INFO [main] - Mapped URL path [/user/Baby_diet.*] onto handler 'userController'
DEBUG [main] - Returning cached instance of singleton bean 'userController'
 INFO [main] - Mapped URL path [/user/Baby_diet/] onto handler 'userController'
DEBUG [main] - Returning cached instance of singleton bean 'userController'
 INFO [main] - Mapped URL path [/user/checkLogin0] onto handler 'userController'
DEBUG [main] - Returning cached instance of singleton bean 'userController'
 INFO [main] - Mapped URL path [/user/checkLogin0.*] onto handler 'userController'
DEBUG [main] - Returning cached instance of singleton bean 'userController'
 INFO [main] - Mapped URL path [/user/checkLogin0/] onto handler 'userController'
DEBUG [main] - Returning cached instance of singleton bean 'userController'
 INFO [main] - Mapped URL path [/user/checkLogin1] onto handler 'userController'
DEBUG [main] - Returning cached instance of singleton bean 'userController'
 INFO [main] - Mapped URL path [/user/checkLogin1.*] onto handler 'userController'
DEBUG [main] - Returning cached instance of singleton bean 'userController'
 INFO [main] - Mapped URL path [/user/checkLogin1/] onto handler 'userController'
DEBUG [main] - Returning cached instance of singleton bean 'userController'
 INFO [main] - Mapped URL path [/user/LogOut] onto handler 'userController'
DEBUG [main] - Returning cached instance of singleton bean 'userController'
 INFO [main] - Mapped URL path [/user/LogOut.*] onto handler 'userController'
DEBUG [main] - Returning cached instance of singleton bean 'userController'
 INFO [main] - Mapped URL path [/user/LogOut/] onto handler 'userController'
DEBUG [main] - Returning cached instance of singleton bean 'userController'
 INFO [main] - Mapped URL path [/user/queryUser] onto handler 'userController'
DEBUG [main] - Returning cached instance of singleton bean 'userController'
 INFO [main] - Mapped URL path [/user/queryUser.*] onto handler 'userController'
DEBUG [main] - Returning cached instance of singleton bean 'userController'
 INFO [main] - Mapped URL path [/user/queryUser/] onto handler 'userController'
DEBUG [main] - Returning cached instance of singleton bean 'userController'
 INFO [main] - Mapped URL path [/user/delUser] onto handler 'userController'
DEBUG [main] - Returning cached instance of singleton bean 'userController'
 INFO [main] - Mapped URL path [/user/delUser.*] onto handler 'userController'
DEBUG [main] - Returning cached instance of singleton bean 'userController'
 INFO [main] - Mapped URL path [/user/delUser/] onto handler 'userController'
DEBUG [main] - Returning cached instance of singleton bean 'userController'
 INFO [main] - Mapped URL path [/user/addAdmin] onto handler 'userController'
DEBUG [main] - Returning cached instance of singleton bean 'userController'
 INFO [main] - Mapped URL path [/user/addAdmin.*] onto handler 'userController'
DEBUG [main] - Returning cached instance of singleton bean 'userController'
 INFO [main] - Mapped URL path [/user/addAdmin/] onto handler 'userController'
DEBUG [main] - Returning cached instance of singleton bean 'userController'
 INFO [main] - Mapped URL path [/user/getUserByName] onto handler 'userController'
DEBUG [main] - Returning cached instance of singleton bean 'userController'
 INFO [main] - Mapped URL path [/user/getUserByName.*] onto handler 'userController'
DEBUG [main] - Returning cached instance of singleton bean 'userController'
 INFO [main] - Mapped URL path [/user/getUserByName/] onto handler 'userController'
DEBUG [main] - Returning cached instance of singleton bean 'userController'
 INFO [main] - Mapped URL path [/user/updUser] onto handler 'userController'
DEBUG [main] - Returning cached instance of singleton bean 'userController'
 INFO [main] - Mapped URL path [/user/updUser.*] onto handler 'userController'
DEBUG [main] - Returning cached instance of singleton bean 'userController'
 INFO [main] - Mapped URL path [/user/updUser/] onto handler 'userController'
DEBUG [main] - Returning cached instance of singleton bean 'userController'
 INFO [main] - Mapped URL path [/user/Fetal_development] onto handler 'userController'
DEBUG [main] - Returning cached instance of singleton bean 'userController'
 INFO [main] - Mapped URL path [/user/Fetal_development.*] onto handler 'userController'
DEBUG [main] - Returning cached instance of singleton bean 'userController'
 INFO [main] - Mapped URL path [/user/Fetal_development/] onto handler 'userController'
DEBUG [main] - Returning cached instance of singleton bean 'userController'
 INFO [main] - Mapped URL path [/user/Infant_development] onto handler 'userController'
DEBUG [main] - Returning cached instance of singleton bean 'userController'
 INFO [main] - Mapped URL path [/user/Infant_development.*] onto handler 'userController'
DEBUG [main] - Returning cached instance of singleton bean 'userController'
 INFO [main] - Mapped URL path [/user/Infant_development/] onto handler 'userController'
DEBUG [main] - Rejected bean name 'org.springframework.context.annotation.internalConfigurationAnnotationProcessor': no URL paths identified
DEBUG [main] - Rejected bean name 'org.springframework.context.annotation.internalAutowiredAnnotationProcessor': no URL paths identified
DEBUG [main] - Rejected bean name 'org.springframework.context.annotation.internalRequiredAnnotationProcessor': no URL paths identified
DEBUG [main] - Rejected bean name 'org.springframework.context.annotation.internalCommonAnnotationProcessor': no URL paths identified
DEBUG [main] - Rejected bean name 'org.springframework.context.support.PropertySourcesPlaceholderConfigurer#0': no URL paths identified
DEBUG [main] - Rejected bean name 'dataSource': no URL paths identified
DEBUG [main] - Rejected bean name 'sqlSessionFactory': no URL paths identified
DEBUG [main] - Rejected bean name 'org.mybatis.spring.mapper.MapperScannerConfigurer#0': no URL paths identified
DEBUG [main] - Rejected bean name 'transactionManager': no URL paths identified
DEBUG [main] - Rejected bean name 'org.springframework.aop.config.internalAutoProxyCreator': no URL paths identified
DEBUG [main] - Rejected bean name 'org.springframework.transaction.annotation.AnnotationTransactionAttributeSource#0': no URL paths identified
DEBUG [main] - Rejected bean name 'org.springframework.transaction.interceptor.TransactionInterceptor#0': no URL paths identified
DEBUG [main] - Rejected bean name 'org.springframework.transaction.config.internalTransactionAdvisor': no URL paths identified
DEBUG [main] - Rejected bean name 'txadvice': no URL paths identified
DEBUG [main] - Rejected bean name 'points': no URL paths identified
DEBUG [main] - Rejected bean name 'org.springframework.aop.support.DefaultBeanFactoryPointcutAdvisor#0': no URL paths identified
DEBUG [main] - Rejected bean name 'org.springframework.context.annotation.ConfigurationClassPostProcessor.importAwareProcessor': no URL paths identified
DEBUG [main] - Rejected bean name 'org.springframework.context.annotation.ConfigurationClassPostProcessor.enhancedConfigurationProcessor': no URL paths identified
DEBUG [main] - Rejected bean name 'memberDaoMapper': no URL paths identified
DEBUG [main] - Rejected bean name 'parentingDaoMapper': no URL paths identified
DEBUG [main] - Rejected bean name 'postsDaoMapper': no URL paths identified
DEBUG [main] - Rejected bean name 'repostsDaoMapper': no URL paths identified
DEBUG [main] - Rejected bean name 'userMapper': no URL paths identified
DEBUG [main] - Rejected bean name 'environment': no URL paths identified
DEBUG [main] - Rejected bean name 'systemProperties': no URL paths identified
DEBUG [main] - Rejected bean name 'systemEnvironment': no URL paths identified
DEBUG [main] - Rejected bean name 'servletContext': no URL paths identified
DEBUG [main] - Rejected bean name 'contextParameters': no URL paths identified
DEBUG [main] - Rejected bean name 'contextAttributes': no URL paths identified
DEBUG [main] - Rejected bean name 'org.springframework.context.annotation.ConfigurationClassPostProcessor.importRegistry': no URL paths identified
DEBUG [main] - Rejected bean name 'messageSource': no URL paths identified
DEBUG [main] - Rejected bean name 'applicationEventMulticaster': no URL paths identified
DEBUG [main] - Rejected bean name 'lifecycleProcessor': no URL paths identified
DEBUG [main] - Returning cached instance of singleton bean 'org.springframework.transaction.config.internalTransactionAdvisor'
DEBUG [main] - Returning cached instance of singleton bean 'org.springframework.aop.support.DefaultBeanFactoryPointcutAdvisor#0'
DEBUG [main] - Returning cached instance of singleton bean 'org.springframework.transaction.config.internalTransactionAdvisor'
DEBUG [main] - Returning cached instance of singleton bean 'org.springframework.aop.support.DefaultBeanFactoryPointcutAdvisor#0'
DEBUG [main] - Finished creating instance of bean 'org.springframework.web.servlet.mvc.annotation.DefaultAnnotationHandlerMapping'
DEBUG [main] - No HandlerMappings found in servlet '': using default
DEBUG [main] - Creating instance of bean 'org.springframework.web.servlet.mvc.HttpRequestHandlerAdapter'
DEBUG [main] - Returning cached instance of singleton bean 'org.springframework.transaction.config.internalTransactionAdvisor'
DEBUG [main] - Returning cached instance of singleton bean 'org.springframework.aop.support.DefaultBeanFactoryPointcutAdvisor#0'
DEBUG [main] - Returning cached instance of singleton bean 'org.springframework.transaction.config.internalTransactionAdvisor'
DEBUG [main] - Returning cached instance of singleton bean 'org.springframework.aop.support.DefaultBeanFactoryPointcutAdvisor#0'
DEBUG [main] - Returning cached instance of singleton bean 'org.springframework.transaction.config.internalTransactionAdvisor'
DEBUG [main] - Returning cached instance of singleton bean 'org.springframework.aop.support.DefaultBeanFactoryPointcutAdvisor#0'
DEBUG [main] - Finished creating instance of bean 'org.springframework.web.servlet.mvc.HttpRequestHandlerAdapter'
DEBUG [main] - Creating instance of bean 'org.springframework.web.servlet.mvc.SimpleControllerHandlerAdapter'
DEBUG [main] - Returning cached instance of singleton bean 'org.springframework.transaction.config.internalTransactionAdvisor'
DEBUG [main] - Returning cached instance of singleton bean 'org.springframework.aop.support.DefaultBeanFactoryPointcutAdvisor#0'
DEBUG [main] - Returning cached instance of singleton bean 'org.springframework.transaction.config.internalTransactionAdvisor'
DEBUG [main] - Returning cached instance of singleton bean 'org.springframework.aop.support.DefaultBeanFactoryPointcutAdvisor#0'
DEBUG [main] - Returning cached instance of singleton bean 'org.springframework.transaction.config.internalTransactionAdvisor'
DEBUG [main] - Returning cached instance of singleton bean 'org.springframework.aop.support.DefaultBeanFactoryPointcutAdvisor#0'
DEBUG [main] - Finished creating instance of bean 'org.springframework.web.servlet.mvc.SimpleControllerHandlerAdapter'
DEBUG [main] - Creating instance of bean 'org.springframework.web.servlet.mvc.annotation.AnnotationMethodHandlerAdapter'
DEBUG [main] - Returning cached instance of singleton bean 'org.springframework.transaction.config.internalTransactionAdvisor'
DEBUG [main] - Returning cached instance of singleton bean 'org.springframework.aop.support.DefaultBeanFactoryPointcutAdvisor#0'
DEBUG [main] - Returning cached instance of singleton bean 'org.springframework.transaction.config.internalTransactionAdvisor'
DEBUG [main] - Returning cached instance of singleton bean 'org.springframework.aop.support.DefaultBeanFactoryPointcutAdvisor#0'
DEBUG [main] - Returning cached instance of singleton bean 'org.springframework.transaction.config.internalTransactionAdvisor'
DEBUG [main] - Returning cached instance of singleton bean 'org.springframework.aop.support.DefaultBeanFactoryPointcutAdvisor#0'
DEBUG [main] - Finished creating instance of bean 'org.springframework.web.servlet.mvc.annotation.AnnotationMethodHandlerAdapter'
DEBUG [main] - No HandlerAdapters found in servlet '': using default
DEBUG [main] - Creating instance of bean 'org.springframework.web.servlet.mvc.annotation.AnnotationMethodHandlerExceptionResolver'
DEBUG [main] - Returning cached instance of singleton bean 'org.springframework.transaction.config.internalTransactionAdvisor'
DEBUG [main] - Returning cached instance of singleton bean 'org.springframework.aop.support.DefaultBeanFactoryPointcutAdvisor#0'
DEBUG [main] - Returning cached instance of singleton bean 'org.springframework.transaction.config.internalTransactionAdvisor'
DEBUG [main] - Returning cached instance of singleton bean 'org.springframework.aop.support.DefaultBeanFactoryPointcutAdvisor#0'
DEBUG [main] - Returning cached instance of singleton bean 'org.springframework.transaction.config.internalTransactionAdvisor'
DEBUG [main] - Returning cached instance of singleton bean 'org.springframework.aop.support.DefaultBeanFactoryPointcutAdvisor#0'
DEBUG [main] - Finished creating instance of bean 'org.springframework.web.servlet.mvc.annotation.AnnotationMethodHandlerExceptionResolver'
DEBUG [main] - Creating instance of bean 'org.springframework.web.servlet.mvc.annotation.ResponseStatusExceptionResolver'
DEBUG [main] - Returning cached instance of singleton bean 'org.springframework.transaction.config.internalTransactionAdvisor'
DEBUG [main] - Returning cached instance of singleton bean 'org.springframework.aop.support.DefaultBeanFactoryPointcutAdvisor#0'
DEBUG [main] - Returning cached instance of singleton bean 'org.springframework.transaction.config.internalTransactionAdvisor'
DEBUG [main] - Returning cached instance of singleton bean 'org.springframework.aop.support.DefaultBeanFactoryPointcutAdvisor#0'
DEBUG [main] - Returning cached instance of singleton bean 'org.springframework.transaction.config.internalTransactionAdvisor'
DEBUG [main] - Returning cached instance of singleton bean 'org.springframework.aop.support.DefaultBeanFactoryPointcutAdvisor#0'
DEBUG [main] - Finished creating instance of bean 'org.springframework.web.servlet.mvc.annotation.ResponseStatusExceptionResolver'
DEBUG [main] - Creating instance of bean 'org.springframework.web.servlet.mvc.support.DefaultHandlerExceptionResolver'
DEBUG [main] - Returning cached instance of singleton bean 'org.springframework.transaction.config.internalTransactionAdvisor'
DEBUG [main] - Returning cached instance of singleton bean 'org.springframework.aop.support.DefaultBeanFactoryPointcutAdvisor#0'
DEBUG [main] - Returning cached instance of singleton bean 'org.springframework.transaction.config.internalTransactionAdvisor'
DEBUG [main] - Returning cached instance of singleton bean 'org.springframework.aop.support.DefaultBeanFactoryPointcutAdvisor#0'
DEBUG [main] - Returning cached instance of singleton bean 'org.springframework.transaction.config.internalTransactionAdvisor'
DEBUG [main] - Returning cached instance of singleton bean 'org.springframework.aop.support.DefaultBeanFactoryPointcutAdvisor#0'
DEBUG [main] - Finished creating instance of bean 'org.springframework.web.servlet.mvc.support.DefaultHandlerExceptionResolver'
DEBUG [main] - No HandlerExceptionResolvers found in servlet '': using default
DEBUG [main] - Creating instance of bean 'org.springframework.web.servlet.view.DefaultRequestToViewNameTranslator'
DEBUG [main] - Returning cached instance of singleton bean 'org.springframework.transaction.config.internalTransactionAdvisor'
DEBUG [main] - Returning cached instance of singleton bean 'org.springframework.aop.support.DefaultBeanFactoryPointcutAdvisor#0'
DEBUG [main] - Returning cached instance of singleton bean 'org.springframework.transaction.config.internalTransactionAdvisor'
DEBUG [main] - Returning cached instance of singleton bean 'org.springframework.aop.support.DefaultBeanFactoryPointcutAdvisor#0'
DEBUG [main] - Returning cached instance of singleton bean 'org.springframework.transaction.config.internalTransactionAdvisor'
DEBUG [main] - Returning cached instance of singleton bean 'org.springframework.aop.support.DefaultBeanFactoryPointcutAdvisor#0'
DEBUG [main] - Finished creating instance of bean 'org.springframework.web.servlet.view.DefaultRequestToViewNameTranslator'
DEBUG [main] - Unable to locate RequestToViewNameTranslator with name 'viewNameTranslator': using default [org.springframework.web.servlet.view.DefaultRequestToViewNameTranslator@62ea3440]
DEBUG [main] - Creating instance of bean 'org.springframework.web.servlet.view.InternalResourceViewResolver'
DEBUG [main] - Returning cached instance of singleton bean 'org.springframework.transaction.config.internalTransactionAdvisor'
DEBUG [main] - Returning cached instance of singleton bean 'org.springframework.aop.support.DefaultBeanFactoryPointcutAdvisor#0'
DEBUG [main] - Returning cached instance of singleton bean 'org.springframework.transaction.config.internalTransactionAdvisor'
DEBUG [main] - Returning cached instance of singleton bean 'org.springframework.aop.support.DefaultBeanFactoryPointcutAdvisor#0'
DEBUG [main] - Returning cached instance of singleton bean 'org.springframework.transaction.config.internalTransactionAdvisor'
DEBUG [main] - Returning cached instance of singleton bean 'org.springframework.aop.support.DefaultBeanFactoryPointcutAdvisor#0'
DEBUG [main] - Finished creating instance of bean 'org.springframework.web.servlet.view.InternalResourceViewResolver'
DEBUG [main] - No ViewResolvers found in servlet '': using default
DEBUG [main] - Creating instance of bean 'org.springframework.web.servlet.support.SessionFlashMapManager'
DEBUG [main] - Returning cached instance of singleton bean 'org.springframework.transaction.config.internalTransactionAdvisor'
DEBUG [main] - Returning cached instance of singleton bean 'org.springframework.aop.support.DefaultBeanFactoryPointcutAdvisor#0'
DEBUG [main] - Returning cached instance of singleton bean 'org.springframework.transaction.config.internalTransactionAdvisor'
DEBUG [main] - Returning cached instance of singleton bean 'org.springframework.aop.support.DefaultBeanFactoryPointcutAdvisor#0'
DEBUG [main] - Returning cached instance of singleton bean 'org.springframework.transaction.config.internalTransactionAdvisor'
DEBUG [main] - Returning cached instance of singleton bean 'org.springframework.aop.support.DefaultBeanFactoryPointcutAdvisor#0'
DEBUG [main] - Finished creating instance of bean 'org.springframework.web.servlet.support.SessionFlashMapManager'
DEBUG [main] - Unable to locate FlashMapManager with name 'flashMapManager': using default [org.springframework.web.servlet.support.SessionFlashMapManager@4e28bdd1]
DEBUG [main] - Published WebApplicationContext of servlet '' as ServletContext attribute with name [org.springframework.web.servlet.FrameworkServlet.CONTEXT.]
 INFO [main] - FrameworkServlet '': initialization completed in 188 ms
DEBUG [main] - Servlet '' configured successfully
DEBUG [main] - DispatcherServlet with name '' processing POST request for [/posts/getPostsByName]
DEBUG [main] - Mapping [/posts/getPostsByName] to HandlerExecutionChain with handler [com.aaa.controller.PostsController@470a696f] and 1 interceptor
DEBUG [main] - Invoking init-binder method: public void com.aaa.controller.PostsController.initBinder(org.springframework.web.bind.WebDataBinder)
DEBUG [main] - Invoking init-binder method: public void com.aaa.controller.PostsController.initBinder(org.springframework.web.bind.WebDataBinder)
DEBUG [main] - Invoking request handler method: public java.lang.String com.aaa.controller.PostsController.getPostsByName(java.lang.Integer,com.aaa.entity.Posts,org.springframework.ui.Model)
DEBUG [main] - Participating in existing transaction
DEBUG [main] - Creating a new SqlSession
DEBUG [main] - Registering transaction synchronization for SqlSession [org.apache.ibatis.session.defaults.DefaultSqlSession@475835b1]
DEBUG [main] - Cache Hit Ratio [SQL_CACHE]: 0.0
DEBUG [main] - JDBC Connection [jdbc:mysql://127.0.0.1:3306/childcare_system?useUnicode=true&amp;characterEncoding=utf8?useUnicode=true&characterEncoding=utf8, UserName=root@localhost, MySQL-AB JDBC Driver] will be managed by Spring
DEBUG [main] - ==>  Preparing: SELECT count(0) FROM posts WHERE name LIKE '%1%' 
DEBUG [main] - ==> Parameters: 
DEBUG [main] - <==      Total: 1
DEBUG [main] - ==>  Preparing: select * from posts where name like '%1%' LIMIT 5 
DEBUG [main] - ==> Parameters: 
DEBUG [main] - <==      Total: 3
DEBUG [main] - Releasing transactional SqlSession [org.apache.ibatis.session.defaults.DefaultSqlSession@475835b1]
DEBUG [main] - Invoking init-binder method: public void com.aaa.controller.PostsController.initBinder(org.springframework.web.bind.WebDataBinder)
DEBUG [main] - Invoking afterPropertiesSet() on bean with name 'admin/showPosts'
DEBUG [main] - Returning cached instance of singleton bean 'org.springframework.transaction.config.internalTransactionAdvisor'
DEBUG [main] - Returning cached instance of singleton bean 'org.springframework.aop.support.DefaultBeanFactoryPointcutAdvisor#0'
DEBUG [main] - Returning cached instance of singleton bean 'org.springframework.transaction.config.internalTransactionAdvisor'
DEBUG [main] - Returning cached instance of singleton bean 'org.springframework.aop.support.DefaultBeanFactoryPointcutAdvisor#0'
DEBUG [main] - Rendering view [org.springframework.web.servlet.view.JstlView: name 'admin/showPosts'; URL [admin/showPosts]] in DispatcherServlet with name ''
DEBUG [main] - Added model object 'posts' of type [com.aaa.entity.Posts] to request in view with name 'admin/showPosts'
DEBUG [main] - Added model object 'org.springframework.validation.BindingResult.posts' of type [org.springframework.validation.BeanPropertyBindingResult] to request in view with name 'admin/showPosts'
DEBUG [main] - Added model object 'pageInfo' of type [com.github.pagehelper.PageInfo] to request in view with name 'admin/showPosts'
DEBUG [main] - Added model object 'org.springframework.validation.BindingResult.pageInfo' of type [org.springframework.validation.BeanPropertyBindingResult] to request in view with name 'admin/showPosts'
DEBUG [main] - Forwarding to resource [admin/showPosts] in InternalResourceView 'admin/showPosts'
DEBUG [main] - MockRequestDispatcher: forwarding to [admin/showPosts]
DEBUG [main] - Successfully completed request
DEBUG [main] - Returning cached instance of singleton bean 'sqlSessionFactory'

MockHttpServletRequest:
         HTTP Method = POST
         Request URI = /posts/getPostsByName
          Parameters = {pn=[1], name=[1]}
             Headers = {Content-Type=[application/x-www-form-urlencoded]}

             Handler:
                Type = com.aaa.controller.PostsController

               Async:
   Was async started = false
        Async result = null

  Resolved Exception:
                Type = null

        ModelAndView:
           View name = admin/showPosts
                View = null
           Attribute = posts
               value = Posts [id=null, name=1, text=null, time=null, author=null]
              errors = []
           Attribute = pageInfo
               value = PageInfo{pageNum=1, pageSize=5, size=3, startRow=1, endRow=3, total=3, pages=1, list=Page{count=true, pageNum=1, pageSize=5, startRow=0, endRow=5, total=3, pages=1, reasonable=false, pageSizeZero=false}, prePage=0, nextPage=0, isFirstPage=true, isLastPage=true, hasPreviousPage=false, hasNextPage=false, navigatePages=5, navigateFirstPage1, navigateLastPage1, navigatepageNums=[1]}
              errors = []

            FlashMap:

MockHttpServletResponse:
              Status = 200
       Error message = null
             Headers = {}
        Content type = null
                Body = 
       Forwarded URL = admin/showPosts
      Redirected URL = null
             Cookies = []

DEBUG [main] - No method-level @Rollback override: using default rollback [true] for test context [DefaultTestContext@335b5620 testClass = PostsControllerTest, testInstance = ControllerTest.PostsControllerTest@29a0cdb, testMethod = getPostsByNameTest@PostsControllerTest, testException = [null], mergedContextConfiguration = [WebMergedContextConfiguration@32709393 testClass = PostsControllerTest, locations = '{file:config/spring/applicationContext.xml}', classes = '{}', contextInitializerClasses = '[]', activeProfiles = '{}', resourceBasePath = 'src/main/webapp', contextLoader = 'org.springframework.test.context.web.WebDelegatingSmartContextLoader', parent = [null]]].
DEBUG [main] - Transaction synchronization deregistering SqlSession [org.apache.ibatis.session.defaults.DefaultSqlSession@475835b1]
DEBUG [main] - Transaction synchronization closing SqlSession [org.apache.ibatis.session.defaults.DefaultSqlSession@475835b1]
DEBUG [main] - Initiating transaction rollback
DEBUG [main] - Rolling back JDBC transaction on Connection [jdbc:mysql://127.0.0.1:3306/childcare_system?useUnicode=true&amp;characterEncoding=utf8?useUnicode=true&characterEncoding=utf8, UserName=root@localhost, MySQL-AB JDBC Driver]
DEBUG [main] - Releasing JDBC Connection [jdbc:mysql://127.0.0.1:3306/childcare_system?useUnicode=true&amp;characterEncoding=utf8?useUnicode=true&characterEncoding=utf8, UserName=root@localhost, MySQL-AB JDBC Driver] after transaction
DEBUG [main] - Returning JDBC Connection to DataSource
 INFO [main] - Rolled back transaction after test execution for test context [DefaultTestContext@335b5620 testClass = PostsControllerTest, testInstance = ControllerTest.PostsControllerTest@29a0cdb, testMethod = getPostsByNameTest@PostsControllerTest, testException = [null], mergedContextConfiguration = [WebMergedContextConfiguration@32709393 testClass = PostsControllerTest, locations = '{file:config/spring/applicationContext.xml}', classes = '{}', contextInitializerClasses = '[]', activeProfiles = '{}', resourceBasePath = 'src/main/webapp', contextLoader = 'org.springframework.test.context.web.WebDelegatingSmartContextLoader', parent = [null]]]
DEBUG [main] - After test method: context [DefaultTestContext@335b5620 testClass = PostsControllerTest, testInstance = ControllerTest.PostsControllerTest@29a0cdb, testMethod = getPostsByNameTest@PostsControllerTest, testException = [null], mergedContextConfiguration = [WebMergedContextConfiguration@32709393 testClass = PostsControllerTest, locations = '{file:config/spring/applicationContext.xml}', classes = '{}', contextInitializerClasses = '[]', activeProfiles = '{}', resourceBasePath = 'src/main/webapp', contextLoader = 'org.springframework.test.context.web.WebDelegatingSmartContextLoader', parent = [null]]], class dirties context [false], class mode [null], method dirties context [false].
DEBUG [main] - Resetting RequestContextHolder for test context [DefaultTestContext@335b5620 testClass = PostsControllerTest, testInstance = ControllerTest.PostsControllerTest@29a0cdb, testMethod = getPostsByNameTest@PostsControllerTest, testException = [null], mergedContextConfiguration = [WebMergedContextConfiguration@32709393 testClass = PostsControllerTest, locations = '{file:config/spring/applicationContext.xml}', classes = '{}', contextInitializerClasses = '[]', activeProfiles = '{}', resourceBasePath = 'src/main/webapp', contextLoader = 'org.springframework.test.context.web.WebDelegatingSmartContextLoader', parent = [null]]].
DEBUG [main] - Retrieved @ProfileValueSourceConfiguration [null] for test class [ControllerTest.PostsControllerTest]
DEBUG [main] - Retrieved ProfileValueSource type [class org.springframework.test.annotation.SystemProfileValueSource] for class [ControllerTest.PostsControllerTest]
DEBUG [main] - Retrieved ApplicationContext from cache with key [[WebMergedContextConfiguration@32709393 testClass = PostsControllerTest, locations = '{file:config/spring/applicationContext.xml}', classes = '{}', contextInitializerClasses = '[]', activeProfiles = '{}', resourceBasePath = 'src/main/webapp', contextLoader = 'org.springframework.test.context.web.WebDelegatingSmartContextLoader', parent = [null]]].
DEBUG [main] - Setting up MockHttpServletRequest, MockHttpServletResponse, ServletWebRequest, and RequestContextHolder for test context [DefaultTestContext@335b5620 testClass = PostsControllerTest, testInstance = ControllerTest.PostsControllerTest@70fab835, testMethod = [null], testException = [null], mergedContextConfiguration = [WebMergedContextConfiguration@32709393 testClass = PostsControllerTest, locations = '{file:config/spring/applicationContext.xml}', classes = '{}', contextInitializerClasses = '[]', activeProfiles = '{}', resourceBasePath = 'src/main/webapp', contextLoader = 'org.springframework.test.context.web.WebDelegatingSmartContextLoader', parent = [null]]].
DEBUG [main] - Performing dependency injection for test context [[DefaultTestContext@335b5620 testClass = PostsControllerTest, testInstance = ControllerTest.PostsControllerTest@70fab835, testMethod = [null], testException = [null], mergedContextConfiguration = [WebMergedContextConfiguration@32709393 testClass = PostsControllerTest, locations = '{file:config/spring/applicationContext.xml}', classes = '{}', contextInitializerClasses = '[]', activeProfiles = '{}', resourceBasePath = 'src/main/webapp', contextLoader = 'org.springframework.test.context.web.WebDelegatingSmartContextLoader', parent = [null]]]].
DEBUG [main] - Retrieved ApplicationContext from cache with key [[WebMergedContextConfiguration@32709393 testClass = PostsControllerTest, locations = '{file:config/spring/applicationContext.xml}', classes = '{}', contextInitializerClasses = '[]', activeProfiles = '{}', resourceBasePath = 'src/main/webapp', contextLoader = 'org.springframework.test.context.web.WebDelegatingSmartContextLoader', parent = [null]]].
DEBUG [main] - Processing injected method of bean 'ControllerTest.PostsControllerTest': AutowiredFieldElement for private org.springframework.web.context.WebApplicationContext Base.BaseControllerTest.webApplicationContext
DEBUG [main] - Processing injected method of bean 'ControllerTest.PostsControllerTest': AutowiredFieldElement for private com.aaa.mapper.PostsDaoMapper ControllerTest.PostsControllerTest.postsMapper
DEBUG [main] - Returning cached instance of singleton bean 'postsDaoMapper'
DEBUG [main] - Returning cached instance of singleton bean 'org.springframework.transaction.config.internalTransactionAdvisor'
DEBUG [main] - Returning cached instance of singleton bean 'org.springframework.aop.support.DefaultBeanFactoryPointcutAdvisor#0'
DEBUG [main] - Returning cached instance of singleton bean 'org.springframework.transaction.config.internalTransactionAdvisor'
DEBUG [main] - Returning cached instance of singleton bean 'org.springframework.aop.support.DefaultBeanFactoryPointcutAdvisor#0'
DEBUG [main] - Creating implicit proxy for bean 'ControllerTest.PostsControllerTest' with 0 common interceptors and 1 specific interceptors
DEBUG [main] - Creating CGLIB proxy: target source is SingletonTargetSource for target object [ControllerTest.PostsControllerTest@70fab835]
DEBUG [main] - Adding transactional method 'PostsControllerTest.queryPostsTest' with attribute: PROPAGATION_REQUIRED,ISOLATION_DEFAULT; ''
DEBUG [main] - Explicit transaction definition [PROPAGATION_REQUIRED,ISOLATION_DEFAULT; ''] found for test context [DefaultTestContext@335b5620 testClass = PostsControllerTest, testInstance = ControllerTest.PostsControllerTest@70fab835, testMethod = queryPostsTest@PostsControllerTest, testException = [null], mergedContextConfiguration = [WebMergedContextConfiguration@32709393 testClass = PostsControllerTest, locations = '{file:config/spring/applicationContext.xml}', classes = '{}', contextInitializerClasses = '[]', activeProfiles = '{}', resourceBasePath = 'src/main/webapp', contextLoader = 'org.springframework.test.context.web.WebDelegatingSmartContextLoader', parent = [null]]]
DEBUG [main] - Retrieved ApplicationContext from cache with key [[WebMergedContextConfiguration@32709393 testClass = PostsControllerTest, locations = '{file:config/spring/applicationContext.xml}', classes = '{}', contextInitializerClasses = '[]', activeProfiles = '{}', resourceBasePath = 'src/main/webapp', contextLoader = 'org.springframework.test.context.web.WebDelegatingSmartContextLoader', parent = [null]]].
DEBUG [main] - Returning cached instance of singleton bean 'transactionManager'
DEBUG [main] - Creating new transaction with name [queryPostsTest]: PROPAGATION_REQUIRED,ISOLATION_DEFAULT; ''
DEBUG [main] - Acquired Connection [jdbc:mysql://127.0.0.1:3306/childcare_system?useUnicode=true&amp;characterEncoding=utf8?useUnicode=true&characterEncoding=utf8, UserName=root@localhost, MySQL-AB JDBC Driver] for JDBC transaction
DEBUG [main] - Switching JDBC Connection [jdbc:mysql://127.0.0.1:3306/childcare_system?useUnicode=true&amp;characterEncoding=utf8?useUnicode=true&characterEncoding=utf8, UserName=root@localhost, MySQL-AB JDBC Driver] to manual commit
DEBUG [main] - No method-level @Rollback override: using default rollback [true] for test context [DefaultTestContext@335b5620 testClass = PostsControllerTest, testInstance = ControllerTest.PostsControllerTest@70fab835, testMethod = queryPostsTest@PostsControllerTest, testException = [null], mergedContextConfiguration = [WebMergedContextConfiguration@32709393 testClass = PostsControllerTest, locations = '{file:config/spring/applicationContext.xml}', classes = '{}', contextInitializerClasses = '[]', activeProfiles = '{}', resourceBasePath = 'src/main/webapp', contextLoader = 'org.springframework.test.context.web.WebDelegatingSmartContextLoader', parent = [null]]].
 INFO [main] - Began transaction (2) for test context [DefaultTestContext@335b5620 testClass = PostsControllerTest, testInstance = ControllerTest.PostsControllerTest@70fab835, testMethod = queryPostsTest@PostsControllerTest, testException = [null], mergedContextConfiguration = [WebMergedContextConfiguration@32709393 testClass = PostsControllerTest, locations = '{file:config/spring/applicationContext.xml}', classes = '{}', contextInitializerClasses = '[]', activeProfiles = '{}', resourceBasePath = 'src/main/webapp', contextLoader = 'org.springframework.test.context.web.WebDelegatingSmartContextLoader', parent = [null]]]; transaction manager [org.springframework.jdbc.datasource.DataSourceTransactionManager@e84a8e1]; rollback [true]
DEBUG [main] - Initializing servlet ''
DEBUG [main] - Adding [servletConfigInitParams] PropertySource with lowest search precedence
DEBUG [main] - Adding [servletContextInitParams] PropertySource with lowest search precedence
DEBUG [main] - Adding [jndiProperties] PropertySource with lowest search precedence
DEBUG [main] - Adding [systemProperties] PropertySource with lowest search precedence
DEBUG [main] - Adding [systemEnvironment] PropertySource with lowest search precedence
DEBUG [main] - Initialized StandardServletEnvironment with PropertySources [servletConfigInitParams,servletContextInitParams,jndiProperties,systemProperties,systemEnvironment]
 INFO [main] - Initializing Spring FrameworkServlet ''
 INFO [main] - FrameworkServlet '': initialization started
DEBUG [main] - Unable to locate MultipartResolver with name 'multipartResolver': no multipart request handling provided
DEBUG [main] - Creating instance of bean 'org.springframework.web.servlet.i18n.AcceptHeaderLocaleResolver'
DEBUG [main] - Finished creating instance of bean 'org.springframework.web.servlet.i18n.AcceptHeaderLocaleResolver'
DEBUG [main] - Unable to locate LocaleResolver with name 'localeResolver': using default [org.springframework.web.servlet.i18n.AcceptHeaderLocaleResolver@6ea1bcdc]
DEBUG [main] - Creating instance of bean 'org.springframework.web.servlet.theme.FixedThemeResolver'
DEBUG [main] - Finished creating instance of bean 'org.springframework.web.servlet.theme.FixedThemeResolver'
DEBUG [main] - Unable to locate ThemeResolver with name 'themeResolver': using default [org.springframework.web.servlet.theme.FixedThemeResolver@759fad4]
DEBUG [main] - Creating instance of bean 'org.springframework.web.servlet.handler.BeanNameUrlHandlerMapping'
DEBUG [main] - Looking for URL mappings in application context: org.springframework.web.context.support.GenericWebApplicationContext@4d95d2a2: startup date [Wed Mar 06 17:32:15 CST 2019]; root of context hierarchy
DEBUG [main] - Rejected bean name 'memberBizImpl': no URL paths identified
DEBUG [main] - Rejected bean name 'parentingBizImpl': no URL paths identified
DEBUG [main] - Rejected bean name 'postsBizImpl': no URL paths identified
DEBUG [main] - Rejected bean name 'repostsBizImpl': no URL paths identified
DEBUG [main] - Rejected bean name 'userBizImpl': no URL paths identified
DEBUG [main] - Rejected bean name 'memberController': no URL paths identified
DEBUG [main] - Rejected bean name 'parentingController': no URL paths identified
DEBUG [main] - Rejected bean name 'postsController': no URL paths identified
DEBUG [main] - Rejected bean name 'repostsController': no URL paths identified
DEBUG [main] - Rejected bean name 'userController': no URL paths identified
DEBUG [main] - Rejected bean name 'org.springframework.context.annotation.internalConfigurationAnnotationProcessor': no URL paths identified
DEBUG [main] - Rejected bean name 'org.springframework.context.annotation.internalAutowiredAnnotationProcessor': no URL paths identified
DEBUG [main] - Rejected bean name 'org.springframework.context.annotation.internalRequiredAnnotationProcessor': no URL paths identified
DEBUG [main] - Rejected bean name 'org.springframework.context.annotation.internalCommonAnnotationProcessor': no URL paths identified
DEBUG [main] - Rejected bean name 'org.springframework.context.support.PropertySourcesPlaceholderConfigurer#0': no URL paths identified
DEBUG [main] - Rejected bean name 'dataSource': no URL paths identified
DEBUG [main] - Rejected bean name 'sqlSessionFactory': no URL paths identified
DEBUG [main] - Rejected bean name 'org.mybatis.spring.mapper.MapperScannerConfigurer#0': no URL paths identified
DEBUG [main] - Rejected bean name 'transactionManager': no URL paths identified
DEBUG [main] - Rejected bean name 'org.springframework.aop.config.internalAutoProxyCreator': no URL paths identified
DEBUG [main] - Rejected bean name 'org.springframework.transaction.annotation.AnnotationTransactionAttributeSource#0': no URL paths identified
DEBUG [main] - Rejected bean name 'org.springframework.transaction.interceptor.TransactionInterceptor#0': no URL paths identified
DEBUG [main] - Rejected bean name 'org.springframework.transaction.config.internalTransactionAdvisor': no URL paths identified
DEBUG [main] - Rejected bean name 'txadvice': no URL paths identified
DEBUG [main] - Rejected bean name 'points': no URL paths identified
DEBUG [main] - Rejected bean name 'org.springframework.aop.support.DefaultBeanFactoryPointcutAdvisor#0': no URL paths identified
DEBUG [main] - Rejected bean name 'org.springframework.context.annotation.ConfigurationClassPostProcessor.importAwareProcessor': no URL paths identified
DEBUG [main] - Rejected bean name 'org.springframework.context.annotation.ConfigurationClassPostProcessor.enhancedConfigurationProcessor': no URL paths identified
DEBUG [main] - Rejected bean name 'memberDaoMapper': no URL paths identified
DEBUG [main] - Rejected bean name 'parentingDaoMapper': no URL paths identified
DEBUG [main] - Rejected bean name 'postsDaoMapper': no URL paths identified
DEBUG [main] - Rejected bean name 'repostsDaoMapper': no URL paths identified
DEBUG [main] - Rejected bean name 'userMapper': no URL paths identified
DEBUG [main] - Rejected bean name 'environment': no URL paths identified
DEBUG [main] - Rejected bean name 'systemProperties': no URL paths identified
DEBUG [main] - Rejected bean name 'systemEnvironment': no URL paths identified
DEBUG [main] - Rejected bean name 'servletContext': no URL paths identified
DEBUG [main] - Rejected bean name 'contextParameters': no URL paths identified
DEBUG [main] - Rejected bean name 'contextAttributes': no URL paths identified
DEBUG [main] - Rejected bean name 'org.springframework.context.annotation.ConfigurationClassPostProcessor.importRegistry': no URL paths identified
DEBUG [main] - Rejected bean name 'messageSource': no URL paths identified
DEBUG [main] - Rejected bean name 'applicationEventMulticaster': no URL paths identified
DEBUG [main] - Rejected bean name 'lifecycleProcessor': no URL paths identified
DEBUG [main] - Finished creating instance of bean 'org.springframework.web.servlet.handler.BeanNameUrlHandlerMapping'
DEBUG [main] - Creating instance of bean 'org.springframework.web.servlet.mvc.annotation.DefaultAnnotationHandlerMapping'
DEBUG [main] - Looking for URL mappings in application context: org.springframework.web.context.support.GenericWebApplicationContext@4d95d2a2: startup date [Wed Mar 06 17:32:15 CST 2019]; root of context hierarchy
DEBUG [main] - Rejected bean name 'memberBizImpl': no URL paths identified
DEBUG [main] - Rejected bean name 'parentingBizImpl': no URL paths identified
DEBUG [main] - Rejected bean name 'postsBizImpl': no URL paths identified
DEBUG [main] - Rejected bean name 'repostsBizImpl': no URL paths identified
DEBUG [main] - Rejected bean name 'userBizImpl': no URL paths identified
DEBUG [main] - Returning cached instance of singleton bean 'memberController'
 INFO [main] - Mapped URL path [/member/addMember] onto handler 'memberController'
DEBUG [main] - Returning cached instance of singleton bean 'memberController'
 INFO [main] - Mapped URL path [/member/addMember.*] onto handler 'memberController'
DEBUG [main] - Returning cached instance of singleton bean 'memberController'
 INFO [main] - Mapped URL path [/member/addMember/] onto handler 'memberController'
DEBUG [main] - Returning cached instance of singleton bean 'memberController'
 INFO [main] - Mapped URL path [/member/queryMember] onto handler 'memberController'
DEBUG [main] - Returning cached instance of singleton bean 'memberController'
 INFO [main] - Mapped URL path [/member/queryMember.*] onto handler 'memberController'
DEBUG [main] - Returning cached instance of singleton bean 'memberController'
 INFO [main] - Mapped URL path [/member/queryMember/] onto handler 'memberController'
DEBUG [main] - Returning cached instance of singleton bean 'memberController'
 INFO [main] - Mapped URL path [/member/updPass] onto handler 'memberController'
DEBUG [main] - Returning cached instance of singleton bean 'memberController'
 INFO [main] - Mapped URL path [/member/updPass.*] onto handler 'memberController'
DEBUG [main] - Returning cached instance of singleton bean 'memberController'
 INFO [main] - Mapped URL path [/member/updPass/] onto handler 'memberController'
DEBUG [main] - Returning cached instance of singleton bean 'memberController'
 INFO [main] - Mapped URL path [/member/updReject] onto handler 'memberController'
DEBUG [main] - Returning cached instance of singleton bean 'memberController'
 INFO [main] - Mapped URL path [/member/updReject.*] onto handler 'memberController'
DEBUG [main] - Returning cached instance of singleton bean 'memberController'
 INFO [main] - Mapped URL path [/member/updReject/] onto handler 'memberController'
DEBUG [main] - Returning cached instance of singleton bean 'parentingController'
 INFO [main] - Mapped URL path [/parenting/findOne] onto handler 'parentingController'
DEBUG [main] - Returning cached instance of singleton bean 'parentingController'
 INFO [main] - Mapped URL path [/parenting/findOne.*] onto handler 'parentingController'
DEBUG [main] - Returning cached instance of singleton bean 'parentingController'
 INFO [main] - Mapped URL path [/parenting/findOne/] onto handler 'parentingController'
DEBUG [main] - Returning cached instance of singleton bean 'parentingController'
 INFO [main] - Mapped URL path [/parenting/addParenting] onto handler 'parentingController'
DEBUG [main] - Returning cached instance of singleton bean 'parentingController'
 INFO [main] - Mapped URL path [/parenting/addParenting.*] onto handler 'parentingController'
DEBUG [main] - Returning cached instance of singleton bean 'parentingController'
 INFO [main] - Mapped URL path [/parenting/addParenting/] onto handler 'parentingController'
DEBUG [main] - Returning cached instance of singleton bean 'parentingController'
 INFO [main] - Mapped URL path [/parenting/del] onto handler 'parentingController'
DEBUG [main] - Returning cached instance of singleton bean 'parentingController'
 INFO [main] - Mapped URL path [/parenting/del.*] onto handler 'parentingController'
DEBUG [main] - Returning cached instance of singleton bean 'parentingController'
 INFO [main] - Mapped URL path [/parenting/del/] onto handler 'parentingController'
DEBUG [main] - Returning cached instance of singleton bean 'parentingController'
 INFO [main] - Mapped URL path [/parenting/updParenting] onto handler 'parentingController'
DEBUG [main] - Returning cached instance of singleton bean 'parentingController'
 INFO [main] - Mapped URL path [/parenting/updParenting.*] onto handler 'parentingController'
DEBUG [main] - Returning cached instance of singleton bean 'parentingController'
 INFO [main] - Mapped URL path [/parenting/updParenting/] onto handler 'parentingController'
DEBUG [main] - Returning cached instance of singleton bean 'parentingController'
 INFO [main] - Mapped URL path [/parenting/getParentingByAuthor] onto handler 'parentingController'
DEBUG [main] - Returning cached instance of singleton bean 'parentingController'
 INFO [main] - Mapped URL path [/parenting/getParentingByAuthor.*] onto handler 'parentingController'
DEBUG [main] - Returning cached instance of singleton bean 'parentingController'
 INFO [main] - Mapped URL path [/parenting/getParentingByAuthor/] onto handler 'parentingController'
DEBUG [main] - Returning cached instance of singleton bean 'postsController'
 INFO [main] - Mapped URL path [/posts/findOne] onto handler 'postsController'
DEBUG [main] - Returning cached instance of singleton bean 'postsController'
 INFO [main] - Mapped URL path [/posts/findOne.*] onto handler 'postsController'
DEBUG [main] - Returning cached instance of singleton bean 'postsController'
 INFO [main] - Mapped URL path [/posts/findOne/] onto handler 'postsController'
DEBUG [main] - Returning cached instance of singleton bean 'postsController'
 INFO [main] - Mapped URL path [/posts/getPostsById] onto handler 'postsController'
DEBUG [main] - Returning cached instance of singleton bean 'postsController'
 INFO [main] - Mapped URL path [/posts/getPostsById.*] onto handler 'postsController'
DEBUG [main] - Returning cached instance of singleton bean 'postsController'
 INFO [main] - Mapped URL path [/posts/getPostsById/] onto handler 'postsController'
DEBUG [main] - Returning cached instance of singleton bean 'postsController'
 INFO [main] - Mapped URL path [/posts/returnIndex] onto handler 'postsController'
DEBUG [main] - Returning cached instance of singleton bean 'postsController'
 INFO [main] - Mapped URL path [/posts/returnIndex.*] onto handler 'postsController'
DEBUG [main] - Returning cached instance of singleton bean 'postsController'
 INFO [main] - Mapped URL path [/posts/returnIndex/] onto handler 'postsController'
DEBUG [main] - Returning cached instance of singleton bean 'postsController'
 INFO [main] - Mapped URL path [/posts/showIndex] onto handler 'postsController'
DEBUG [main] - Returning cached instance of singleton bean 'postsController'
 INFO [main] - Mapped URL path [/posts/showIndex.*] onto handler 'postsController'
DEBUG [main] - Returning cached instance of singleton bean 'postsController'
 INFO [main] - Mapped URL path [/posts/showIndex/] onto handler 'postsController'
DEBUG [main] - Returning cached instance of singleton bean 'postsController'
 INFO [main] - Mapped URL path [/posts/showAllPost] onto handler 'postsController'
DEBUG [main] - Returning cached instance of singleton bean 'postsController'
 INFO [main] - Mapped URL path [/posts/showAllPost.*] onto handler 'postsController'
DEBUG [main] - Returning cached instance of singleton bean 'postsController'
 INFO [main] - Mapped URL path [/posts/showAllPost/] onto handler 'postsController'
DEBUG [main] - Returning cached instance of singleton bean 'postsController'
 INFO [main] - Mapped URL path [/posts/queryPosts] onto handler 'postsController'
DEBUG [main] - Returning cached instance of singleton bean 'postsController'
 INFO [main] - Mapped URL path [/posts/queryPosts.*] onto handler 'postsController'
DEBUG [main] - Returning cached instance of singleton bean 'postsController'
 INFO [main] - Mapped URL path [/posts/queryPosts/] onto handler 'postsController'
DEBUG [main] - Returning cached instance of singleton bean 'postsController'
 INFO [main] - Mapped URL path [/posts/addPosts] onto handler 'postsController'
DEBUG [main] - Returning cached instance of singleton bean 'postsController'
 INFO [main] - Mapped URL path [/posts/addPosts.*] onto handler 'postsController'
DEBUG [main] - Returning cached instance of singleton bean 'postsController'
 INFO [main] - Mapped URL path [/posts/addPosts/] onto handler 'postsController'
DEBUG [main] - Returning cached instance of singleton bean 'postsController'
 INFO [main] - Mapped URL path [/posts/del] onto handler 'postsController'
DEBUG [main] - Returning cached instance of singleton bean 'postsController'
 INFO [main] - Mapped URL path [/posts/del.*] onto handler 'postsController'
DEBUG [main] - Returning cached instance of singleton bean 'postsController'
 INFO [main] - Mapped URL path [/posts/del/] onto handler 'postsController'
DEBUG [main] - Returning cached instance of singleton bean 'postsController'
 INFO [main] - Mapped URL path [/posts/findSameCity] onto handler 'postsController'
DEBUG [main] - Returning cached instance of singleton bean 'postsController'
 INFO [main] - Mapped URL path [/posts/findSameCity.*] onto handler 'postsController'
DEBUG [main] - Returning cached instance of singleton bean 'postsController'
 INFO [main] - Mapped URL path [/posts/findSameCity/] onto handler 'postsController'
DEBUG [main] - Returning cached instance of singleton bean 'postsController'
 INFO [main] - Mapped URL path [/posts/findSameAge] onto handler 'postsController'
DEBUG [main] - Returning cached instance of singleton bean 'postsController'
 INFO [main] - Mapped URL path [/posts/findSameAge.*] onto handler 'postsController'
DEBUG [main] - Returning cached instance of singleton bean 'postsController'
 INFO [main] - Mapped URL path [/posts/findSameAge/] onto handler 'postsController'
DEBUG [main] - Returning cached instance of singleton bean 'postsController'
 INFO [main] - Mapped URL path [/posts/updPosts] onto handler 'postsController'
DEBUG [main] - Returning cached instance of singleton bean 'postsController'
 INFO [main] - Mapped URL path [/posts/updPosts.*] onto handler 'postsController'
DEBUG [main] - Returning cached instance of singleton bean 'postsController'
 INFO [main] - Mapped URL path [/posts/updPosts/] onto handler 'postsController'
DEBUG [main] - Returning cached instance of singleton bean 'postsController'
 INFO [main] - Mapped URL path [/posts/getPostsByName] onto handler 'postsController'
DEBUG [main] - Returning cached instance of singleton bean 'postsController'
 INFO [main] - Mapped URL path [/posts/getPostsByName.*] onto handler 'postsController'
DEBUG [main] - Returning cached instance of singleton bean 'postsController'
 INFO [main] - Mapped URL path [/posts/getPostsByName/] onto handler 'postsController'
DEBUG [main] - Returning cached instance of singleton bean 'postsController'
 INFO [main] - Mapped URL path [/posts/findSameCityAndAge] onto handler 'postsController'
DEBUG [main] - Returning cached instance of singleton bean 'postsController'
 INFO [main] - Mapped URL path [/posts/findSameCityAndAge.*] onto handler 'postsController'
DEBUG [main] - Returning cached instance of singleton bean 'postsController'
 INFO [main] - Mapped URL path [/posts/findSameCityAndAge/] onto handler 'postsController'
DEBUG [main] - Returning cached instance of singleton bean 'repostsController'
 INFO [main] - Mapped URL path [/reposts/findOne] onto handler 'repostsController'
DEBUG [main] - Returning cached instance of singleton bean 'repostsController'
 INFO [main] - Mapped URL path [/reposts/findOne.*] onto handler 'repostsController'
DEBUG [main] - Returning cached instance of singleton bean 'repostsController'
 INFO [main] - Mapped URL path [/reposts/findOne/] onto handler 'repostsController'
DEBUG [main] - Returning cached instance of singleton bean 'repostsController'
 INFO [main] - Mapped URL path [/reposts/addReposts] onto handler 'repostsController'
DEBUG [main] - Returning cached instance of singleton bean 'repostsController'
 INFO [main] - Mapped URL path [/reposts/addReposts.*] onto handler 'repostsController'
DEBUG [main] - Returning cached instance of singleton bean 'repostsController'
 INFO [main] - Mapped URL path [/reposts/addReposts/] onto handler 'repostsController'
DEBUG [main] - Returning cached instance of singleton bean 'repostsController'
 INFO [main] - Mapped URL path [/reposts/queryReposts] onto handler 'repostsController'
DEBUG [main] - Returning cached instance of singleton bean 'repostsController'
 INFO [main] - Mapped URL path [/reposts/queryReposts.*] onto handler 'repostsController'
DEBUG [main] - Returning cached instance of singleton bean 'repostsController'
 INFO [main] - Mapped URL path [/reposts/queryReposts/] onto handler 'repostsController'
DEBUG [main] - Returning cached instance of singleton bean 'repostsController'
 INFO [main] - Mapped URL path [/reposts/del] onto handler 'repostsController'
DEBUG [main] - Returning cached instance of singleton bean 'repostsController'
 INFO [main] - Mapped URL path [/reposts/del.*] onto handler 'repostsController'
DEBUG [main] - Returning cached instance of singleton bean 'repostsController'
 INFO [main] - Mapped URL path [/reposts/del/] onto handler 'repostsController'
DEBUG [main] - Returning cached instance of singleton bean 'repostsController'
 INFO [main] - Mapped URL path [/reposts/updReposts] onto handler 'repostsController'
DEBUG [main] - Returning cached instance of singleton bean 'repostsController'
 INFO [main] - Mapped URL path [/reposts/updReposts.*] onto handler 'repostsController'
DEBUG [main] - Returning cached instance of singleton bean 'repostsController'
 INFO [main] - Mapped URL path [/reposts/updReposts/] onto handler 'repostsController'
DEBUG [main] - Returning cached instance of singleton bean 'userController'
 INFO [main] - Mapped URL path [/user/register] onto handler 'userController'
DEBUG [main] - Returning cached instance of singleton bean 'userController'
 INFO [main] - Mapped URL path [/user/register.*] onto handler 'userController'
DEBUG [main] - Returning cached instance of singleton bean 'userController'
 INFO [main] - Mapped URL path [/user/register/] onto handler 'userController'
DEBUG [main] - Returning cached instance of singleton bean 'userController'
 INFO [main] - Mapped URL path [/user/findOne] onto handler 'userController'
DEBUG [main] - Returning cached instance of singleton bean 'userController'
 INFO [main] - Mapped URL path [/user/findOne.*] onto handler 'userController'
DEBUG [main] - Returning cached instance of singleton bean 'userController'
 INFO [main] - Mapped URL path [/user/findOne/] onto handler 'userController'
DEBUG [main] - Returning cached instance of singleton bean 'userController'
 INFO [main] - Mapped URL path [/user/Baby_diet] onto handler 'userController'
DEBUG [main] - Returning cached instance of singleton bean 'userController'
 INFO [main] - Mapped URL path [/user/Baby_diet.*] onto handler 'userController'
DEBUG [main] - Returning cached instance of singleton bean 'userController'
 INFO [main] - Mapped URL path [/user/Baby_diet/] onto handler 'userController'
DEBUG [main] - Returning cached instance of singleton bean 'userController'
 INFO [main] - Mapped URL path [/user/checkLogin0] onto handler 'userController'
DEBUG [main] - Returning cached instance of singleton bean 'userController'
 INFO [main] - Mapped URL path [/user/checkLogin0.*] onto handler 'userController'
DEBUG [main] - Returning cached instance of singleton bean 'userController'
 INFO [main] - Mapped URL path [/user/checkLogin0/] onto handler 'userController'
DEBUG [main] - Returning cached instance of singleton bean 'userController'
 INFO [main] - Mapped URL path [/user/checkLogin1] onto handler 'userController'
DEBUG [main] - Returning cached instance of singleton bean 'userController'
 INFO [main] - Mapped URL path [/user/checkLogin1.*] onto handler 'userController'
DEBUG [main] - Returning cached instance of singleton bean 'userController'
 INFO [main] - Mapped URL path [/user/checkLogin1/] onto handler 'userController'
DEBUG [main] - Returning cached instance of singleton bean 'userController'
 INFO [main] - Mapped URL path [/user/LogOut] onto handler 'userController'
DEBUG [main] - Returning cached instance of singleton bean 'userController'
 INFO [main] - Mapped URL path [/user/LogOut.*] onto handler 'userController'
DEBUG [main] - Returning cached instance of singleton bean 'userController'
 INFO [main] - Mapped URL path [/user/LogOut/] onto handler 'userController'
DEBUG [main] - Returning cached instance of singleton bean 'userController'
 INFO [main] - Mapped URL path [/user/queryUser] onto handler 'userController'
DEBUG [main] - Returning cached instance of singleton bean 'userController'
 INFO [main] - Mapped URL path [/user/queryUser.*] onto handler 'userController'
DEBUG [main] - Returning cached instance of singleton bean 'userController'
 INFO [main] - Mapped URL path [/user/queryUser/] onto handler 'userController'
DEBUG [main] - Returning cached instance of singleton bean 'userController'
 INFO [main] - Mapped URL path [/user/delUser] onto handler 'userController'
DEBUG [main] - Returning cached instance of singleton bean 'userController'
 INFO [main] - Mapped URL path [/user/delUser.*] onto handler 'userController'
DEBUG [main] - Returning cached instance of singleton bean 'userController'
 INFO [main] - Mapped URL path [/user/delUser/] onto handler 'userController'
DEBUG [main] - Returning cached instance of singleton bean 'userController'
 INFO [main] - Mapped URL path [/user/addAdmin] onto handler 'userController'
DEBUG [main] - Returning cached instance of singleton bean 'userController'
 INFO [main] - Mapped URL path [/user/addAdmin.*] onto handler 'userController'
DEBUG [main] - Returning cached instance of singleton bean 'userController'
 INFO [main] - Mapped URL path [/user/addAdmin/] onto handler 'userController'
DEBUG [main] - Returning cached instance of singleton bean 'userController'
 INFO [main] - Mapped URL path [/user/getUserByName] onto handler 'userController'
DEBUG [main] - Returning cached instance of singleton bean 'userController'
 INFO [main] - Mapped URL path [/user/getUserByName.*] onto handler 'userController'
DEBUG [main] - Returning cached instance of singleton bean 'userController'
 INFO [main] - Mapped URL path [/user/getUserByName/] onto handler 'userController'
DEBUG [main] - Returning cached instance of singleton bean 'userController'
 INFO [main] - Mapped URL path [/user/updUser] onto handler 'userController'
DEBUG [main] - Returning cached instance of singleton bean 'userController'
 INFO [main] - Mapped URL path [/user/updUser.*] onto handler 'userController'
DEBUG [main] - Returning cached instance of singleton bean 'userController'
 INFO [main] - Mapped URL path [/user/updUser/] onto handler 'userController'
DEBUG [main] - Returning cached instance of singleton bean 'userController'
 INFO [main] - Mapped URL path [/user/Fetal_development] onto handler 'userController'
DEBUG [main] - Returning cached instance of singleton bean 'userController'
 INFO [main] - Mapped URL path [/user/Fetal_development.*] onto handler 'userController'
DEBUG [main] - Returning cached instance of singleton bean 'userController'
 INFO [main] - Mapped URL path [/user/Fetal_development/] onto handler 'userController'
DEBUG [main] - Returning cached instance of singleton bean 'userController'
 INFO [main] - Mapped URL path [/user/Infant_development] onto handler 'userController'
DEBUG [main] - Returning cached instance of singleton bean 'userController'
 INFO [main] - Mapped URL path [/user/Infant_development.*] onto handler 'userController'
DEBUG [main] - Returning cached instance of singleton bean 'userController'
 INFO [main] - Mapped URL path [/user/Infant_development/] onto handler 'userController'
DEBUG [main] - Rejected bean name 'org.springframework.context.annotation.internalConfigurationAnnotationProcessor': no URL paths identified
DEBUG [main] - Rejected bean name 'org.springframework.context.annotation.internalAutowiredAnnotationProcessor': no URL paths identified
DEBUG [main] - Rejected bean name 'org.springframework.context.annotation.internalRequiredAnnotationProcessor': no URL paths identified
DEBUG [main] - Rejected bean name 'org.springframework.context.annotation.internalCommonAnnotationProcessor': no URL paths identified
DEBUG [main] - Rejected bean name 'org.springframework.context.support.PropertySourcesPlaceholderConfigurer#0': no URL paths identified
DEBUG [main] - Rejected bean name 'dataSource': no URL paths identified
DEBUG [main] - Rejected bean name 'sqlSessionFactory': no URL paths identified
DEBUG [main] - Rejected bean name 'org.mybatis.spring.mapper.MapperScannerConfigurer#0': no URL paths identified
DEBUG [main] - Rejected bean name 'transactionManager': no URL paths identified
DEBUG [main] - Rejected bean name 'org.springframework.aop.config.internalAutoProxyCreator': no URL paths identified
DEBUG [main] - Rejected bean name 'org.springframework.transaction.annotation.AnnotationTransactionAttributeSource#0': no URL paths identified
DEBUG [main] - Rejected bean name 'org.springframework.transaction.interceptor.TransactionInterceptor#0': no URL paths identified
DEBUG [main] - Rejected bean name 'org.springframework.transaction.config.internalTransactionAdvisor': no URL paths identified
DEBUG [main] - Rejected bean name 'txadvice': no URL paths identified
DEBUG [main] - Rejected bean name 'points': no URL paths identified
DEBUG [main] - Rejected bean name 'org.springframework.aop.support.DefaultBeanFactoryPointcutAdvisor#0': no URL paths identified
DEBUG [main] - Rejected bean name 'org.springframework.context.annotation.ConfigurationClassPostProcessor.importAwareProcessor': no URL paths identified
DEBUG [main] - Rejected bean name 'org.springframework.context.annotation.ConfigurationClassPostProcessor.enhancedConfigurationProcessor': no URL paths identified
DEBUG [main] - Rejected bean name 'memberDaoMapper': no URL paths identified
DEBUG [main] - Rejected bean name 'parentingDaoMapper': no URL paths identified
DEBUG [main] - Rejected bean name 'postsDaoMapper': no URL paths identified
DEBUG [main] - Rejected bean name 'repostsDaoMapper': no URL paths identified
DEBUG [main] - Rejected bean name 'userMapper': no URL paths identified
DEBUG [main] - Rejected bean name 'environment': no URL paths identified
DEBUG [main] - Rejected bean name 'systemProperties': no URL paths identified
DEBUG [main] - Rejected bean name 'systemEnvironment': no URL paths identified
DEBUG [main] - Rejected bean name 'servletContext': no URL paths identified
DEBUG [main] - Rejected bean name 'contextParameters': no URL paths identified
DEBUG [main] - Rejected bean name 'contextAttributes': no URL paths identified
DEBUG [main] - Rejected bean name 'org.springframework.context.annotation.ConfigurationClassPostProcessor.importRegistry': no URL paths identified
DEBUG [main] - Rejected bean name 'messageSource': no URL paths identified
DEBUG [main] - Rejected bean name 'applicationEventMulticaster': no URL paths identified
DEBUG [main] - Rejected bean name 'lifecycleProcessor': no URL paths identified
DEBUG [main] - Finished creating instance of bean 'org.springframework.web.servlet.mvc.annotation.DefaultAnnotationHandlerMapping'
DEBUG [main] - No HandlerMappings found in servlet '': using default
DEBUG [main] - Creating instance of bean 'org.springframework.web.servlet.mvc.HttpRequestHandlerAdapter'
DEBUG [main] - Finished creating instance of bean 'org.springframework.web.servlet.mvc.HttpRequestHandlerAdapter'
DEBUG [main] - Creating instance of bean 'org.springframework.web.servlet.mvc.SimpleControllerHandlerAdapter'
DEBUG [main] - Finished creating instance of bean 'org.springframework.web.servlet.mvc.SimpleControllerHandlerAdapter'
DEBUG [main] - Creating instance of bean 'org.springframework.web.servlet.mvc.annotation.AnnotationMethodHandlerAdapter'
DEBUG [main] - Finished creating instance of bean 'org.springframework.web.servlet.mvc.annotation.AnnotationMethodHandlerAdapter'
DEBUG [main] - No HandlerAdapters found in servlet '': using default
DEBUG [main] - Creating instance of bean 'org.springframework.web.servlet.mvc.annotation.AnnotationMethodHandlerExceptionResolver'
DEBUG [main] - Finished creating instance of bean 'org.springframework.web.servlet.mvc.annotation.AnnotationMethodHandlerExceptionResolver'
DEBUG [main] - Creating instance of bean 'org.springframework.web.servlet.mvc.annotation.ResponseStatusExceptionResolver'
DEBUG [main] - Finished creating instance of bean 'org.springframework.web.servlet.mvc.annotation.ResponseStatusExceptionResolver'
DEBUG [main] - Creating instance of bean 'org.springframework.web.servlet.mvc.support.DefaultHandlerExceptionResolver'
DEBUG [main] - Finished creating instance of bean 'org.springframework.web.servlet.mvc.support.DefaultHandlerExceptionResolver'
DEBUG [main] - No HandlerExceptionResolvers found in servlet '': using default
DEBUG [main] - Creating instance of bean 'org.springframework.web.servlet.view.DefaultRequestToViewNameTranslator'
DEBUG [main] - Finished creating instance of bean 'org.springframework.web.servlet.view.DefaultRequestToViewNameTranslator'
DEBUG [main] - Unable to locate RequestToViewNameTranslator with name 'viewNameTranslator': using default [org.springframework.web.servlet.view.DefaultRequestToViewNameTranslator@64712be]
DEBUG [main] - Creating instance of bean 'org.springframework.web.servlet.view.InternalResourceViewResolver'
DEBUG [main] - Finished creating instance of bean 'org.springframework.web.servlet.view.InternalResourceViewResolver'
DEBUG [main] - No ViewResolvers found in servlet '': using default
DEBUG [main] - Creating instance of bean 'org.springframework.web.servlet.support.SessionFlashMapManager'
DEBUG [main] - Finished creating instance of bean 'org.springframework.web.servlet.support.SessionFlashMapManager'
DEBUG [main] - Unable to locate FlashMapManager with name 'flashMapManager': using default [org.springframework.web.servlet.support.SessionFlashMapManager@53499d85]
DEBUG [main] - Published WebApplicationContext of servlet '' as ServletContext attribute with name [org.springframework.web.servlet.FrameworkServlet.CONTEXT.]
 INFO [main] - FrameworkServlet '': initialization completed in 14 ms
DEBUG [main] - Servlet '' configured successfully
DEBUG [main] - DispatcherServlet with name '' processing POST request for [/posts/queryPosts]
DEBUG [main] - Mapping [/posts/queryPosts] to HandlerExecutionChain with handler [com.aaa.controller.PostsController@470a696f] and 1 interceptor
DEBUG [main] - Invoking init-binder method: public void com.aaa.controller.PostsController.initBinder(org.springframework.web.bind.WebDataBinder)
DEBUG [main] - Invoking request handler method: public java.lang.String com.aaa.controller.PostsController.queryPosts(java.lang.Integer,org.springframework.ui.Model)
DEBUG [main] - Participating in existing transaction
DEBUG [main] - Creating a new SqlSession
DEBUG [main] - Registering transaction synchronization for SqlSession [org.apache.ibatis.session.defaults.DefaultSqlSession@30ed9c6c]
DEBUG [main] - Cache Hit Ratio [SQL_CACHE]: 0.0
DEBUG [main] - JDBC Connection [jdbc:mysql://127.0.0.1:3306/childcare_system?useUnicode=true&amp;characterEncoding=utf8?useUnicode=true&characterEncoding=utf8, UserName=root@localhost, MySQL-AB JDBC Driver] will be managed by Spring
DEBUG [main] - ==>  Preparing: SELECT count(0) FROM posts 
DEBUG [main] - ==> Parameters: 
DEBUG [main] - <==      Total: 1
DEBUG [main] - ==>  Preparing: SELECT * FROM posts ORDER BY time DESC LIMIT 5 
DEBUG [main] - ==> Parameters: 
DEBUG [main] - <==      Total: 5
DEBUG [main] - Releasing transactional SqlSession [org.apache.ibatis.session.defaults.DefaultSqlSession@30ed9c6c]
DEBUG [main] - Invoking init-binder method: public void com.aaa.controller.PostsController.initBinder(org.springframework.web.bind.WebDataBinder)
DEBUG [main] - Invoking afterPropertiesSet() on bean with name 'admin/showPosts'
DEBUG [main] - Rendering view [org.springframework.web.servlet.view.JstlView: name 'admin/showPosts'; URL [admin/showPosts]] in DispatcherServlet with name ''
DEBUG [main] - Added model object 'pageInfo' of type [com.github.pagehelper.PageInfo] to request in view with name 'admin/showPosts'
DEBUG [main] - Added model object 'org.springframework.validation.BindingResult.pageInfo' of type [org.springframework.validation.BeanPropertyBindingResult] to request in view with name 'admin/showPosts'
DEBUG [main] - Forwarding to resource [admin/showPosts] in InternalResourceView 'admin/showPosts'
DEBUG [main] - MockRequestDispatcher: forwarding to [admin/showPosts]
DEBUG [main] - Successfully completed request

MockHttpServletRequest:
         HTTP Method = POST
         Request URI = /posts/queryPosts
          Parameters = {pn=[1]}
             Headers = {Content-Type=[application/x-www-form-urlencoded]}

             Handler:
                Type = com.aaa.controller.PostsController

               Async:
   Was async started = false
        Async result = null

  Resolved Exception:
                Type = null

        ModelAndView:
           View name = admin/showPosts
                View = null
           Attribute = pageInfo
               value = PageInfo{pageNum=1, pageSize=5, size=5, startRow=1, endRow=5, total=8, pages=2, list=Page{count=true, pageNum=1, pageSize=5, startRow=0, endRow=5, total=8, pages=2, reasonable=false, pageSizeZero=false}, prePage=0, nextPage=2, isFirstPage=true, isLastPage=false, hasPreviousPage=false, hasNextPage=true, navigatePages=5, navigateFirstPage1, navigateLastPage2, navigatepageNums=[1, 2]}
              errors = []

            FlashMap:

MockHttpServletResponse:
              Status = 200
       Error message = null
             Headers = {}
        Content type = null
                Body = 
       Forwarded URL = admin/showPosts
      Redirected URL = null
             Cookies = []

DEBUG [main] - No method-level @Rollback override: using default rollback [true] for test context [DefaultTestContext@335b5620 testClass = PostsControllerTest, testInstance = ControllerTest.PostsControllerTest@70fab835, testMethod = queryPostsTest@PostsControllerTest, testException = [null], mergedContextConfiguration = [WebMergedContextConfiguration@32709393 testClass = PostsControllerTest, locations = '{file:config/spring/applicationContext.xml}', classes = '{}', contextInitializerClasses = '[]', activeProfiles = '{}', resourceBasePath = 'src/main/webapp', contextLoader = 'org.springframework.test.context.web.WebDelegatingSmartContextLoader', parent = [null]]].
DEBUG [main] - Transaction synchronization deregistering SqlSession [org.apache.ibatis.session.defaults.DefaultSqlSession@30ed9c6c]
DEBUG [main] - Transaction synchronization closing SqlSession [org.apache.ibatis.session.defaults.DefaultSqlSession@30ed9c6c]
DEBUG [main] - Initiating transaction rollback
DEBUG [main] - Rolling back JDBC transaction on Connection [jdbc:mysql://127.0.0.1:3306/childcare_system?useUnicode=true&amp;characterEncoding=utf8?useUnicode=true&characterEncoding=utf8, UserName=root@localhost, MySQL-AB JDBC Driver]
DEBUG [main] - Releasing JDBC Connection [jdbc:mysql://127.0.0.1:3306/childcare_system?useUnicode=true&amp;characterEncoding=utf8?useUnicode=true&characterEncoding=utf8, UserName=root@localhost, MySQL-AB JDBC Driver] after transaction
DEBUG [main] - Returning JDBC Connection to DataSource
 INFO [main] - Rolled back transaction after test execution for test context [DefaultTestContext@335b5620 testClass = PostsControllerTest, testInstance = ControllerTest.PostsControllerTest@70fab835, testMethod = queryPostsTest@PostsControllerTest, testException = [null], mergedContextConfiguration = [WebMergedContextConfiguration@32709393 testClass = PostsControllerTest, locations = '{file:config/spring/applicationContext.xml}', classes = '{}', contextInitializerClasses = '[]', activeProfiles = '{}', resourceBasePath = 'src/main/webapp', contextLoader = 'org.springframework.test.context.web.WebDelegatingSmartContextLoader', parent = [null]]]
DEBUG [main] - After test method: context [DefaultTestContext@335b5620 testClass = PostsControllerTest, testInstance = ControllerTest.PostsControllerTest@70fab835, testMethod = queryPostsTest@PostsControllerTest, testException = [null], mergedContextConfiguration = [WebMergedContextConfiguration@32709393 testClass = PostsControllerTest, locations = '{file:config/spring/applicationContext.xml}', classes = '{}', contextInitializerClasses = '[]', activeProfiles = '{}', resourceBasePath = 'src/main/webapp', contextLoader = 'org.springframework.test.context.web.WebDelegatingSmartContextLoader', parent = [null]]], class dirties context [false], class mode [null], method dirties context [false].
DEBUG [main] - Resetting RequestContextHolder for test context [DefaultTestContext@335b5620 testClass = PostsControllerTest, testInstance = ControllerTest.PostsControllerTest@70fab835, testMethod = queryPostsTest@PostsControllerTest, testException = [null], mergedContextConfiguration = [WebMergedContextConfiguration@32709393 testClass = PostsControllerTest, locations = '{file:config/spring/applicationContext.xml}', classes = '{}', contextInitializerClasses = '[]', activeProfiles = '{}', resourceBasePath = 'src/main/webapp', contextLoader = 'org.springframework.test.context.web.WebDelegatingSmartContextLoader', parent = [null]]].
DEBUG [main] - Retrieved @ProfileValueSourceConfiguration [null] for test class [ControllerTest.PostsControllerTest]
DEBUG [main] - Retrieved ProfileValueSource type [class org.springframework.test.annotation.SystemProfileValueSource] for class [ControllerTest.PostsControllerTest]
DEBUG [main] - Retrieved ApplicationContext from cache with key [[WebMergedContextConfiguration@32709393 testClass = PostsControllerTest, locations = '{file:config/spring/applicationContext.xml}', classes = '{}', contextInitializerClasses = '[]', activeProfiles = '{}', resourceBasePath = 'src/main/webapp', contextLoader = 'org.springframework.test.context.web.WebDelegatingSmartContextLoader', parent = [null]]].
DEBUG [main] - Setting up MockHttpServletRequest, MockHttpServletResponse, ServletWebRequest, and RequestContextHolder for test context [DefaultTestContext@335b5620 testClass = PostsControllerTest, testInstance = ControllerTest.PostsControllerTest@24f360b2, testMethod = [null], testException = [null], mergedContextConfiguration = [WebMergedContextConfiguration@32709393 testClass = PostsControllerTest, locations = '{file:config/spring/applicationContext.xml}', classes = '{}', contextInitializerClasses = '[]', activeProfiles = '{}', resourceBasePath = 'src/main/webapp', contextLoader = 'org.springframework.test.context.web.WebDelegatingSmartContextLoader', parent = [null]]].
DEBUG [main] - Performing dependency injection for test context [[DefaultTestContext@335b5620 testClass = PostsControllerTest, testInstance = ControllerTest.PostsControllerTest@24f360b2, testMethod = [null], testException = [null], mergedContextConfiguration = [WebMergedContextConfiguration@32709393 testClass = PostsControllerTest, locations = '{file:config/spring/applicationContext.xml}', classes = '{}', contextInitializerClasses = '[]', activeProfiles = '{}', resourceBasePath = 'src/main/webapp', contextLoader = 'org.springframework.test.context.web.WebDelegatingSmartContextLoader', parent = [null]]]].
DEBUG [main] - Retrieved ApplicationContext from cache with key [[WebMergedContextConfiguration@32709393 testClass = PostsControllerTest, locations = '{file:config/spring/applicationContext.xml}', classes = '{}', contextInitializerClasses = '[]', activeProfiles = '{}', resourceBasePath = 'src/main/webapp', contextLoader = 'org.springframework.test.context.web.WebDelegatingSmartContextLoader', parent = [null]]].
DEBUG [main] - Processing injected method of bean 'ControllerTest.PostsControllerTest': AutowiredFieldElement for private org.springframework.web.context.WebApplicationContext Base.BaseControllerTest.webApplicationContext
DEBUG [main] - Processing injected method of bean 'ControllerTest.PostsControllerTest': AutowiredFieldElement for private com.aaa.mapper.PostsDaoMapper ControllerTest.PostsControllerTest.postsMapper
DEBUG [main] - Returning cached instance of singleton bean 'postsDaoMapper'
DEBUG [main] - Returning cached instance of singleton bean 'org.springframework.transaction.config.internalTransactionAdvisor'
DEBUG [main] - Returning cached instance of singleton bean 'org.springframework.aop.support.DefaultBeanFactoryPointcutAdvisor#0'
DEBUG [main] - Returning cached instance of singleton bean 'org.springframework.transaction.config.internalTransactionAdvisor'
DEBUG [main] - Returning cached instance of singleton bean 'org.springframework.aop.support.DefaultBeanFactoryPointcutAdvisor#0'
DEBUG [main] - Creating implicit proxy for bean 'ControllerTest.PostsControllerTest' with 0 common interceptors and 1 specific interceptors
DEBUG [main] - Creating CGLIB proxy: target source is SingletonTargetSource for target object [ControllerTest.PostsControllerTest@24f360b2]
DEBUG [main] - Adding transactional method 'PostsControllerTest.addPostsTest' with attribute: PROPAGATION_REQUIRED,ISOLATION_DEFAULT; ''
DEBUG [main] - Explicit transaction definition [PROPAGATION_REQUIRED,ISOLATION_DEFAULT; ''] found for test context [DefaultTestContext@335b5620 testClass = PostsControllerTest, testInstance = ControllerTest.PostsControllerTest@24f360b2, testMethod = addPostsTest@PostsControllerTest, testException = [null], mergedContextConfiguration = [WebMergedContextConfiguration@32709393 testClass = PostsControllerTest, locations = '{file:config/spring/applicationContext.xml}', classes = '{}', contextInitializerClasses = '[]', activeProfiles = '{}', resourceBasePath = 'src/main/webapp', contextLoader = 'org.springframework.test.context.web.WebDelegatingSmartContextLoader', parent = [null]]]
DEBUG [main] - Retrieved ApplicationContext from cache with key [[WebMergedContextConfiguration@32709393 testClass = PostsControllerTest, locations = '{file:config/spring/applicationContext.xml}', classes = '{}', contextInitializerClasses = '[]', activeProfiles = '{}', resourceBasePath = 'src/main/webapp', contextLoader = 'org.springframework.test.context.web.WebDelegatingSmartContextLoader', parent = [null]]].
DEBUG [main] - Returning cached instance of singleton bean 'transactionManager'
DEBUG [main] - Creating new transaction with name [addPostsTest]: PROPAGATION_REQUIRED,ISOLATION_DEFAULT; ''
DEBUG [main] - Acquired Connection [jdbc:mysql://127.0.0.1:3306/childcare_system?useUnicode=true&amp;characterEncoding=utf8?useUnicode=true&characterEncoding=utf8, UserName=root@localhost, MySQL-AB JDBC Driver] for JDBC transaction
DEBUG [main] - Switching JDBC Connection [jdbc:mysql://127.0.0.1:3306/childcare_system?useUnicode=true&amp;characterEncoding=utf8?useUnicode=true&characterEncoding=utf8, UserName=root@localhost, MySQL-AB JDBC Driver] to manual commit
DEBUG [main] - No method-level @Rollback override: using default rollback [true] for test context [DefaultTestContext@335b5620 testClass = PostsControllerTest, testInstance = ControllerTest.PostsControllerTest@24f360b2, testMethod = addPostsTest@PostsControllerTest, testException = [null], mergedContextConfiguration = [WebMergedContextConfiguration@32709393 testClass = PostsControllerTest, locations = '{file:config/spring/applicationContext.xml}', classes = '{}', contextInitializerClasses = '[]', activeProfiles = '{}', resourceBasePath = 'src/main/webapp', contextLoader = 'org.springframework.test.context.web.WebDelegatingSmartContextLoader', parent = [null]]].
 INFO [main] - Began transaction (3) for test context [DefaultTestContext@335b5620 testClass = PostsControllerTest, testInstance = ControllerTest.PostsControllerTest@24f360b2, testMethod = addPostsTest@PostsControllerTest, testException = [null], mergedContextConfiguration = [WebMergedContextConfiguration@32709393 testClass = PostsControllerTest, locations = '{file:config/spring/applicationContext.xml}', classes = '{}', contextInitializerClasses = '[]', activeProfiles = '{}', resourceBasePath = 'src/main/webapp', contextLoader = 'org.springframework.test.context.web.WebDelegatingSmartContextLoader', parent = [null]]]; transaction manager [org.springframework.jdbc.datasource.DataSourceTransactionManager@e84a8e1]; rollback [true]
DEBUG [main] - Initializing servlet ''
DEBUG [main] - Adding [servletConfigInitParams] PropertySource with lowest search precedence
DEBUG [main] - Adding [servletContextInitParams] PropertySource with lowest search precedence
DEBUG [main] - Adding [jndiProperties] PropertySource with lowest search precedence
DEBUG [main] - Adding [systemProperties] PropertySource with lowest search precedence
DEBUG [main] - Adding [systemEnvironment] PropertySource with lowest search precedence
DEBUG [main] - Initialized StandardServletEnvironment with PropertySources [servletConfigInitParams,servletContextInitParams,jndiProperties,systemProperties,systemEnvironment]
 INFO [main] - Initializing Spring FrameworkServlet ''
 INFO [main] - FrameworkServlet '': initialization started
DEBUG [main] - Unable to locate MultipartResolver with name 'multipartResolver': no multipart request handling provided
DEBUG [main] - Creating instance of bean 'org.springframework.web.servlet.i18n.AcceptHeaderLocaleResolver'
DEBUG [main] - Finished creating instance of bean 'org.springframework.web.servlet.i18n.AcceptHeaderLocaleResolver'
DEBUG [main] - Unable to locate LocaleResolver with name 'localeResolver': using default [org.springframework.web.servlet.i18n.AcceptHeaderLocaleResolver@1b11ef33]
DEBUG [main] - Creating instance of bean 'org.springframework.web.servlet.theme.FixedThemeResolver'
DEBUG [main] - Finished creating instance of bean 'org.springframework.web.servlet.theme.FixedThemeResolver'
DEBUG [main] - Unable to locate ThemeResolver with name 'themeResolver': using default [org.springframework.web.servlet.theme.FixedThemeResolver@476aac9]
DEBUG [main] - Creating instance of bean 'org.springframework.web.servlet.handler.BeanNameUrlHandlerMapping'
DEBUG [main] - Looking for URL mappings in application context: org.springframework.web.context.support.GenericWebApplicationContext@4d95d2a2: startup date [Wed Mar 06 17:32:15 CST 2019]; root of context hierarchy
DEBUG [main] - Rejected bean name 'memberBizImpl': no URL paths identified
DEBUG [main] - Rejected bean name 'parentingBizImpl': no URL paths identified
DEBUG [main] - Rejected bean name 'postsBizImpl': no URL paths identified
DEBUG [main] - Rejected bean name 'repostsBizImpl': no URL paths identified
DEBUG [main] - Rejected bean name 'userBizImpl': no URL paths identified
DEBUG [main] - Rejected bean name 'memberController': no URL paths identified
DEBUG [main] - Rejected bean name 'parentingController': no URL paths identified
DEBUG [main] - Rejected bean name 'postsController': no URL paths identified
DEBUG [main] - Rejected bean name 'repostsController': no URL paths identified
DEBUG [main] - Rejected bean name 'userController': no URL paths identified
DEBUG [main] - Rejected bean name 'org.springframework.context.annotation.internalConfigurationAnnotationProcessor': no URL paths identified
DEBUG [main] - Rejected bean name 'org.springframework.context.annotation.internalAutowiredAnnotationProcessor': no URL paths identified
DEBUG [main] - Rejected bean name 'org.springframework.context.annotation.internalRequiredAnnotationProcessor': no URL paths identified
DEBUG [main] - Rejected bean name 'org.springframework.context.annotation.internalCommonAnnotationProcessor': no URL paths identified
DEBUG [main] - Rejected bean name 'org.springframework.context.support.PropertySourcesPlaceholderConfigurer#0': no URL paths identified
DEBUG [main] - Rejected bean name 'dataSource': no URL paths identified
DEBUG [main] - Rejected bean name 'sqlSessionFactory': no URL paths identified
DEBUG [main] - Rejected bean name 'org.mybatis.spring.mapper.MapperScannerConfigurer#0': no URL paths identified
DEBUG [main] - Rejected bean name 'transactionManager': no URL paths identified
DEBUG [main] - Rejected bean name 'org.springframework.aop.config.internalAutoProxyCreator': no URL paths identified
DEBUG [main] - Rejected bean name 'org.springframework.transaction.annotation.AnnotationTransactionAttributeSource#0': no URL paths identified
DEBUG [main] - Rejected bean name 'org.springframework.transaction.interceptor.TransactionInterceptor#0': no URL paths identified
DEBUG [main] - Rejected bean name 'org.springframework.transaction.config.internalTransactionAdvisor': no URL paths identified
DEBUG [main] - Rejected bean name 'txadvice': no URL paths identified
DEBUG [main] - Rejected bean name 'points': no URL paths identified
DEBUG [main] - Rejected bean name 'org.springframework.aop.support.DefaultBeanFactoryPointcutAdvisor#0': no URL paths identified
DEBUG [main] - Rejected bean name 'org.springframework.context.annotation.ConfigurationClassPostProcessor.importAwareProcessor': no URL paths identified
DEBUG [main] - Rejected bean name 'org.springframework.context.annotation.ConfigurationClassPostProcessor.enhancedConfigurationProcessor': no URL paths identified
DEBUG [main] - Rejected bean name 'memberDaoMapper': no URL paths identified
DEBUG [main] - Rejected bean name 'parentingDaoMapper': no URL paths identified
DEBUG [main] - Rejected bean name 'postsDaoMapper': no URL paths identified
DEBUG [main] - Rejected bean name 'repostsDaoMapper': no URL paths identified
DEBUG [main] - Rejected bean name 'userMapper': no URL paths identified
DEBUG [main] - Rejected bean name 'environment': no URL paths identified
DEBUG [main] - Rejected bean name 'systemProperties': no URL paths identified
DEBUG [main] - Rejected bean name 'systemEnvironment': no URL paths identified
DEBUG [main] - Rejected bean name 'servletContext': no URL paths identified
DEBUG [main] - Rejected bean name 'contextParameters': no URL paths identified
DEBUG [main] - Rejected bean name 'contextAttributes': no URL paths identified
DEBUG [main] - Rejected bean name 'org.springframework.context.annotation.ConfigurationClassPostProcessor.importRegistry': no URL paths identified
DEBUG [main] - Rejected bean name 'messageSource': no URL paths identified
DEBUG [main] - Rejected bean name 'applicationEventMulticaster': no URL paths identified
DEBUG [main] - Rejected bean name 'lifecycleProcessor': no URL paths identified
DEBUG [main] - Finished creating instance of bean 'org.springframework.web.servlet.handler.BeanNameUrlHandlerMapping'
DEBUG [main] - Creating instance of bean 'org.springframework.web.servlet.mvc.annotation.DefaultAnnotationHandlerMapping'
DEBUG [main] - Looking for URL mappings in application context: org.springframework.web.context.support.GenericWebApplicationContext@4d95d2a2: startup date [Wed Mar 06 17:32:15 CST 2019]; root of context hierarchy
DEBUG [main] - Rejected bean name 'memberBizImpl': no URL paths identified
DEBUG [main] - Rejected bean name 'parentingBizImpl': no URL paths identified
DEBUG [main] - Rejected bean name 'postsBizImpl': no URL paths identified
DEBUG [main] - Rejected bean name 'repostsBizImpl': no URL paths identified
DEBUG [main] - Rejected bean name 'userBizImpl': no URL paths identified
DEBUG [main] - Returning cached instance of singleton bean 'memberController'
 INFO [main] - Mapped URL path [/member/addMember] onto handler 'memberController'
DEBUG [main] - Returning cached instance of singleton bean 'memberController'
 INFO [main] - Mapped URL path [/member/addMember.*] onto handler 'memberController'
DEBUG [main] - Returning cached instance of singleton bean 'memberController'
 INFO [main] - Mapped URL path [/member/addMember/] onto handler 'memberController'
DEBUG [main] - Returning cached instance of singleton bean 'memberController'
 INFO [main] - Mapped URL path [/member/queryMember] onto handler 'memberController'
DEBUG [main] - Returning cached instance of singleton bean 'memberController'
 INFO [main] - Mapped URL path [/member/queryMember.*] onto handler 'memberController'
DEBUG [main] - Returning cached instance of singleton bean 'memberController'
 INFO [main] - Mapped URL path [/member/queryMember/] onto handler 'memberController'
DEBUG [main] - Returning cached instance of singleton bean 'memberController'
 INFO [main] - Mapped URL path [/member/updPass] onto handler 'memberController'
DEBUG [main] - Returning cached instance of singleton bean 'memberController'
 INFO [main] - Mapped URL path [/member/updPass.*] onto handler 'memberController'
DEBUG [main] - Returning cached instance of singleton bean 'memberController'
 INFO [main] - Mapped URL path [/member/updPass/] onto handler 'memberController'
DEBUG [main] - Returning cached instance of singleton bean 'memberController'
 INFO [main] - Mapped URL path [/member/updReject] onto handler 'memberController'
DEBUG [main] - Returning cached instance of singleton bean 'memberController'
 INFO [main] - Mapped URL path [/member/updReject.*] onto handler 'memberController'
DEBUG [main] - Returning cached instance of singleton bean 'memberController'
 INFO [main] - Mapped URL path [/member/updReject/] onto handler 'memberController'
DEBUG [main] - Returning cached instance of singleton bean 'parentingController'
 INFO [main] - Mapped URL path [/parenting/findOne] onto handler 'parentingController'
DEBUG [main] - Returning cached instance of singleton bean 'parentingController'
 INFO [main] - Mapped URL path [/parenting/findOne.*] onto handler 'parentingController'
DEBUG [main] - Returning cached instance of singleton bean 'parentingController'
 INFO [main] - Mapped URL path [/parenting/findOne/] onto handler 'parentingController'
DEBUG [main] - Returning cached instance of singleton bean 'parentingController'
 INFO [main] - Mapped URL path [/parenting/addParenting] onto handler 'parentingController'
DEBUG [main] - Returning cached instance of singleton bean 'parentingController'
 INFO [main] - Mapped URL path [/parenting/addParenting.*] onto handler 'parentingController'
DEBUG [main] - Returning cached instance of singleton bean 'parentingController'
 INFO [main] - Mapped URL path [/parenting/addParenting/] onto handler 'parentingController'
DEBUG [main] - Returning cached instance of singleton bean 'parentingController'
 INFO [main] - Mapped URL path [/parenting/del] onto handler 'parentingController'
DEBUG [main] - Returning cached instance of singleton bean 'parentingController'
 INFO [main] - Mapped URL path [/parenting/del.*] onto handler 'parentingController'
DEBUG [main] - Returning cached instance of singleton bean 'parentingController'
 INFO [main] - Mapped URL path [/parenting/del/] onto handler 'parentingController'
DEBUG [main] - Returning cached instance of singleton bean 'parentingController'
 INFO [main] - Mapped URL path [/parenting/updParenting] onto handler 'parentingController'
DEBUG [main] - Returning cached instance of singleton bean 'parentingController'
 INFO [main] - Mapped URL path [/parenting/updParenting.*] onto handler 'parentingController'
DEBUG [main] - Returning cached instance of singleton bean 'parentingController'
 INFO [main] - Mapped URL path [/parenting/updParenting/] onto handler 'parentingController'
DEBUG [main] - Returning cached instance of singleton bean 'parentingController'
 INFO [main] - Mapped URL path [/parenting/getParentingByAuthor] onto handler 'parentingController'
DEBUG [main] - Returning cached instance of singleton bean 'parentingController'
 INFO [main] - Mapped URL path [/parenting/getParentingByAuthor.*] onto handler 'parentingController'
DEBUG [main] - Returning cached instance of singleton bean 'parentingController'
 INFO [main] - Mapped URL path [/parenting/getParentingByAuthor/] onto handler 'parentingController'
DEBUG [main] - Returning cached instance of singleton bean 'postsController'
 INFO [main] - Mapped URL path [/posts/findOne] onto handler 'postsController'
DEBUG [main] - Returning cached instance of singleton bean 'postsController'
 INFO [main] - Mapped URL path [/posts/findOne.*] onto handler 'postsController'
DEBUG [main] - Returning cached instance of singleton bean 'postsController'
 INFO [main] - Mapped URL path [/posts/findOne/] onto handler 'postsController'
DEBUG [main] - Returning cached instance of singleton bean 'postsController'
 INFO [main] - Mapped URL path [/posts/getPostsById] onto handler 'postsController'
DEBUG [main] - Returning cached instance of singleton bean 'postsController'
 INFO [main] - Mapped URL path [/posts/getPostsById.*] onto handler 'postsController'
DEBUG [main] - Returning cached instance of singleton bean 'postsController'
 INFO [main] - Mapped URL path [/posts/getPostsById/] onto handler 'postsController'
DEBUG [main] - Returning cached instance of singleton bean 'postsController'
 INFO [main] - Mapped URL path [/posts/returnIndex] onto handler 'postsController'
DEBUG [main] - Returning cached instance of singleton bean 'postsController'
 INFO [main] - Mapped URL path [/posts/returnIndex.*] onto handler 'postsController'
DEBUG [main] - Returning cached instance of singleton bean 'postsController'
 INFO [main] - Mapped URL path [/posts/returnIndex/] onto handler 'postsController'
DEBUG [main] - Returning cached instance of singleton bean 'postsController'
 INFO [main] - Mapped URL path [/posts/showIndex] onto handler 'postsController'
DEBUG [main] - Returning cached instance of singleton bean 'postsController'
 INFO [main] - Mapped URL path [/posts/showIndex.*] onto handler 'postsController'
DEBUG [main] - Returning cached instance of singleton bean 'postsController'
 INFO [main] - Mapped URL path [/posts/showIndex/] onto handler 'postsController'
DEBUG [main] - Returning cached instance of singleton bean 'postsController'
 INFO [main] - Mapped URL path [/posts/showAllPost] onto handler 'postsController'
DEBUG [main] - Returning cached instance of singleton bean 'postsController'
 INFO [main] - Mapped URL path [/posts/showAllPost.*] onto handler 'postsController'
DEBUG [main] - Returning cached instance of singleton bean 'postsController'
 INFO [main] - Mapped URL path [/posts/showAllPost/] onto handler 'postsController'
DEBUG [main] - Returning cached instance of singleton bean 'postsController'
 INFO [main] - Mapped URL path [/posts/queryPosts] onto handler 'postsController'
DEBUG [main] - Returning cached instance of singleton bean 'postsController'
 INFO [main] - Mapped URL path [/posts/queryPosts.*] onto handler 'postsController'
DEBUG [main] - Returning cached instance of singleton bean 'postsController'
 INFO [main] - Mapped URL path [/posts/queryPosts/] onto handler 'postsController'
DEBUG [main] - Returning cached instance of singleton bean 'postsController'
 INFO [main] - Mapped URL path [/posts/addPosts] onto handler 'postsController'
DEBUG [main] - Returning cached instance of singleton bean 'postsController'
 INFO [main] - Mapped URL path [/posts/addPosts.*] onto handler 'postsController'
DEBUG [main] - Returning cached instance of singleton bean 'postsController'
 INFO [main] - Mapped URL path [/posts/addPosts/] onto handler 'postsController'
DEBUG [main] - Returning cached instance of singleton bean 'postsController'
 INFO [main] - Mapped URL path [/posts/del] onto handler 'postsController'
DEBUG [main] - Returning cached instance of singleton bean 'postsController'
 INFO [main] - Mapped URL path [/posts/del.*] onto handler 'postsController'
DEBUG [main] - Returning cached instance of singleton bean 'postsController'
 INFO [main] - Mapped URL path [/posts/del/] onto handler 'postsController'
DEBUG [main] - Returning cached instance of singleton bean 'postsController'
 INFO [main] - Mapped URL path [/posts/findSameCity] onto handler 'postsController'
DEBUG [main] - Returning cached instance of singleton bean 'postsController'
 INFO [main] - Mapped URL path [/posts/findSameCity.*] onto handler 'postsController'
DEBUG [main] - Returning cached instance of singleton bean 'postsController'
 INFO [main] - Mapped URL path [/posts/findSameCity/] onto handler 'postsController'
DEBUG [main] - Returning cached instance of singleton bean 'postsController'
 INFO [main] - Mapped URL path [/posts/findSameAge] onto handler 'postsController'
DEBUG [main] - Returning cached instance of singleton bean 'postsController'
 INFO [main] - Mapped URL path [/posts/findSameAge.*] onto handler 'postsController'
DEBUG [main] - Returning cached instance of singleton bean 'postsController'
 INFO [main] - Mapped URL path [/posts/findSameAge/] onto handler 'postsController'
DEBUG [main] - Returning cached instance of singleton bean 'postsController'
 INFO [main] - Mapped URL path [/posts/updPosts] onto handler 'postsController'
DEBUG [main] - Returning cached instance of singleton bean 'postsController'
 INFO [main] - Mapped URL path [/posts/updPosts.*] onto handler 'postsController'
DEBUG [main] - Returning cached instance of singleton bean 'postsController'
 INFO [main] - Mapped URL path [/posts/updPosts/] onto handler 'postsController'
DEBUG [main] - Returning cached instance of singleton bean 'postsController'
 INFO [main] - Mapped URL path [/posts/getPostsByName] onto handler 'postsController'
DEBUG [main] - Returning cached instance of singleton bean 'postsController'
 INFO [main] - Mapped URL path [/posts/getPostsByName.*] onto handler 'postsController'
DEBUG [main] - Returning cached instance of singleton bean 'postsController'
 INFO [main] - Mapped URL path [/posts/getPostsByName/] onto handler 'postsController'
DEBUG [main] - Returning cached instance of singleton bean 'postsController'
 INFO [main] - Mapped URL path [/posts/findSameCityAndAge] onto handler 'postsController'
DEBUG [main] - Returning cached instance of singleton bean 'postsController'
 INFO [main] - Mapped URL path [/posts/findSameCityAndAge.*] onto handler 'postsController'
DEBUG [main] - Returning cached instance of singleton bean 'postsController'
 INFO [main] - Mapped URL path [/posts/findSameCityAndAge/] onto handler 'postsController'
DEBUG [main] - Returning cached instance of singleton bean 'repostsController'
 INFO [main] - Mapped URL path [/reposts/findOne] onto handler 'repostsController'
DEBUG [main] - Returning cached instance of singleton bean 'repostsController'
 INFO [main] - Mapped URL path [/reposts/findOne.*] onto handler 'repostsController'
DEBUG [main] - Returning cached instance of singleton bean 'repostsController'
 INFO [main] - Mapped URL path [/reposts/findOne/] onto handler 'repostsController'
DEBUG [main] - Returning cached instance of singleton bean 'repostsController'
 INFO [main] - Mapped URL path [/reposts/addReposts] onto handler 'repostsController'
DEBUG [main] - Returning cached instance of singleton bean 'repostsController'
 INFO [main] - Mapped URL path [/reposts/addReposts.*] onto handler 'repostsController'
DEBUG [main] - Returning cached instance of singleton bean 'repostsController'
 INFO [main] - Mapped URL path [/reposts/addReposts/] onto handler 'repostsController'
DEBUG [main] - Returning cached instance of singleton bean 'repostsController'
 INFO [main] - Mapped URL path [/reposts/queryReposts] onto handler 'repostsController'
DEBUG [main] - Returning cached instance of singleton bean 'repostsController'
 INFO [main] - Mapped URL path [/reposts/queryReposts.*] onto handler 'repostsController'
DEBUG [main] - Returning cached instance of singleton bean 'repostsController'
 INFO [main] - Mapped URL path [/reposts/queryReposts/] onto handler 'repostsController'
DEBUG [main] - Returning cached instance of singleton bean 'repostsController'
 INFO [main] - Mapped URL path [/reposts/del] onto handler 'repostsController'
DEBUG [main] - Returning cached instance of singleton bean 'repostsController'
 INFO [main] - Mapped URL path [/reposts/del.*] onto handler 'repostsController'
DEBUG [main] - Returning cached instance of singleton bean 'repostsController'
 INFO [main] - Mapped URL path [/reposts/del/] onto handler 'repostsController'
DEBUG [main] - Returning cached instance of singleton bean 'repostsController'
 INFO [main] - Mapped URL path [/reposts/updReposts] onto handler 'repostsController'
DEBUG [main] - Returning cached instance of singleton bean 'repostsController'
 INFO [main] - Mapped URL path [/reposts/updReposts.*] onto handler 'repostsController'
DEBUG [main] - Returning cached instance of singleton bean 'repostsController'
 INFO [main] - Mapped URL path [/reposts/updReposts/] onto handler 'repostsController'
DEBUG [main] - Returning cached instance of singleton bean 'userController'
 INFO [main] - Mapped URL path [/user/register] onto handler 'userController'
DEBUG [main] - Returning cached instance of singleton bean 'userController'
 INFO [main] - Mapped URL path [/user/register.*] onto handler 'userController'
DEBUG [main] - Returning cached instance of singleton bean 'userController'
 INFO [main] - Mapped URL path [/user/register/] onto handler 'userController'
DEBUG [main] - Returning cached instance of singleton bean 'userController'
 INFO [main] - Mapped URL path [/user/findOne] onto handler 'userController'
DEBUG [main] - Returning cached instance of singleton bean 'userController'
 INFO [main] - Mapped URL path [/user/findOne.*] onto handler 'userController'
DEBUG [main] - Returning cached instance of singleton bean 'userController'
 INFO [main] - Mapped URL path [/user/findOne/] onto handler 'userController'
DEBUG [main] - Returning cached instance of singleton bean 'userController'
 INFO [main] - Mapped URL path [/user/Baby_diet] onto handler 'userController'
DEBUG [main] - Returning cached instance of singleton bean 'userController'
 INFO [main] - Mapped URL path [/user/Baby_diet.*] onto handler 'userController'
DEBUG [main] - Returning cached instance of singleton bean 'userController'
 INFO [main] - Mapped URL path [/user/Baby_diet/] onto handler 'userController'
DEBUG [main] - Returning cached instance of singleton bean 'userController'
 INFO [main] - Mapped URL path [/user/checkLogin0] onto handler 'userController'
DEBUG [main] - Returning cached instance of singleton bean 'userController'
 INFO [main] - Mapped URL path [/user/checkLogin0.*] onto handler 'userController'
DEBUG [main] - Returning cached instance of singleton bean 'userController'
 INFO [main] - Mapped URL path [/user/checkLogin0/] onto handler 'userController'
DEBUG [main] - Returning cached instance of singleton bean 'userController'
 INFO [main] - Mapped URL path [/user/checkLogin1] onto handler 'userController'
DEBUG [main] - Returning cached instance of singleton bean 'userController'
 INFO [main] - Mapped URL path [/user/checkLogin1.*] onto handler 'userController'
DEBUG [main] - Returning cached instance of singleton bean 'userController'
 INFO [main] - Mapped URL path [/user/checkLogin1/] onto handler 'userController'
DEBUG [main] - Returning cached instance of singleton bean 'userController'
 INFO [main] - Mapped URL path [/user/LogOut] onto handler 'userController'
DEBUG [main] - Returning cached instance of singleton bean 'userController'
 INFO [main] - Mapped URL path [/user/LogOut.*] onto handler 'userController'
DEBUG [main] - Returning cached instance of singleton bean 'userController'
 INFO [main] - Mapped URL path [/user/LogOut/] onto handler 'userController'
DEBUG [main] - Returning cached instance of singleton bean 'userController'
 INFO [main] - Mapped URL path [/user/queryUser] onto handler 'userController'
DEBUG [main] - Returning cached instance of singleton bean 'userController'
 INFO [main] - Mapped URL path [/user/queryUser.*] onto handler 'userController'
DEBUG [main] - Returning cached instance of singleton bean 'userController'
 INFO [main] - Mapped URL path [/user/queryUser/] onto handler 'userController'
DEBUG [main] - Returning cached instance of singleton bean 'userController'
 INFO [main] - Mapped URL path [/user/delUser] onto handler 'userController'
DEBUG [main] - Returning cached instance of singleton bean 'userController'
 INFO [main] - Mapped URL path [/user/delUser.*] onto handler 'userController'
DEBUG [main] - Returning cached instance of singleton bean 'userController'
 INFO [main] - Mapped URL path [/user/delUser/] onto handler 'userController'
DEBUG [main] - Returning cached instance of singleton bean 'userController'
 INFO [main] - Mapped URL path [/user/addAdmin] onto handler 'userController'
DEBUG [main] - Returning cached instance of singleton bean 'userController'
 INFO [main] - Mapped URL path [/user/addAdmin.*] onto handler 'userController'
DEBUG [main] - Returning cached instance of singleton bean 'userController'
 INFO [main] - Mapped URL path [/user/addAdmin/] onto handler 'userController'
DEBUG [main] - Returning cached instance of singleton bean 'userController'
 INFO [main] - Mapped URL path [/user/getUserByName] onto handler 'userController'
DEBUG [main] - Returning cached instance of singleton bean 'userController'
 INFO [main] - Mapped URL path [/user/getUserByName.*] onto handler 'userController'
DEBUG [main] - Returning cached instance of singleton bean 'userController'
 INFO [main] - Mapped URL path [/user/getUserByName/] onto handler 'userController'
DEBUG [main] - Returning cached instance of singleton bean 'userController'
 INFO [main] - Mapped URL path [/user/updUser] onto handler 'userController'
DEBUG [main] - Returning cached instance of singleton bean 'userController'
 INFO [main] - Mapped URL path [/user/updUser.*] onto handler 'userController'
DEBUG [main] - Returning cached instance of singleton bean 'userController'
 INFO [main] - Mapped URL path [/user/updUser/] onto handler 'userController'
DEBUG [main] - Returning cached instance of singleton bean 'userController'
 INFO [main] - Mapped URL path [/user/Fetal_development] onto handler 'userController'
DEBUG [main] - Returning cached instance of singleton bean 'userController'
 INFO [main] - Mapped URL path [/user/Fetal_development.*] onto handler 'userController'
DEBUG [main] - Returning cached instance of singleton bean 'userController'
 INFO [main] - Mapped URL path [/user/Fetal_development/] onto handler 'userController'
DEBUG [main] - Returning cached instance of singleton bean 'userController'
 INFO [main] - Mapped URL path [/user/Infant_development] onto handler 'userController'
DEBUG [main] - Returning cached instance of singleton bean 'userController'
 INFO [main] - Mapped URL path [/user/Infant_development.*] onto handler 'userController'
DEBUG [main] - Returning cached instance of singleton bean 'userController'
 INFO [main] - Mapped URL path [/user/Infant_development/] onto handler 'userController'
DEBUG [main] - Rejected bean name 'org.springframework.context.annotation.internalConfigurationAnnotationProcessor': no URL paths identified
DEBUG [main] - Rejected bean name 'org.springframework.context.annotation.internalAutowiredAnnotationProcessor': no URL paths identified
DEBUG [main] - Rejected bean name 'org.springframework.context.annotation.internalRequiredAnnotationProcessor': no URL paths identified
DEBUG [main] - Rejected bean name 'org.springframework.context.annotation.internalCommonAnnotationProcessor': no URL paths identified
DEBUG [main] - Rejected bean name 'org.springframework.context.support.PropertySourcesPlaceholderConfigurer#0': no URL paths identified
DEBUG [main] - Rejected bean name 'dataSource': no URL paths identified
DEBUG [main] - Rejected bean name 'sqlSessionFactory': no URL paths identified
DEBUG [main] - Rejected bean name 'org.mybatis.spring.mapper.MapperScannerConfigurer#0': no URL paths identified
DEBUG [main] - Rejected bean name 'transactionManager': no URL paths identified
DEBUG [main] - Rejected bean name 'org.springframework.aop.config.internalAutoProxyCreator': no URL paths identified
DEBUG [main] - Rejected bean name 'org.springframework.transaction.annotation.AnnotationTransactionAttributeSource#0': no URL paths identified
DEBUG [main] - Rejected bean name 'org.springframework.transaction.interceptor.TransactionInterceptor#0': no URL paths identified
DEBUG [main] - Rejected bean name 'org.springframework.transaction.config.internalTransactionAdvisor': no URL paths identified
DEBUG [main] - Rejected bean name 'txadvice': no URL paths identified
DEBUG [main] - Rejected bean name 'points': no URL paths identified
DEBUG [main] - Rejected bean name 'org.springframework.aop.support.DefaultBeanFactoryPointcutAdvisor#0': no URL paths identified
DEBUG [main] - Rejected bean name 'org.springframework.context.annotation.ConfigurationClassPostProcessor.importAwareProcessor': no URL paths identified
DEBUG [main] - Rejected bean name 'org.springframework.context.annotation.ConfigurationClassPostProcessor.enhancedConfigurationProcessor': no URL paths identified
DEBUG [main] - Rejected bean name 'memberDaoMapper': no URL paths identified
DEBUG [main] - Rejected bean name 'parentingDaoMapper': no URL paths identified
DEBUG [main] - Rejected bean name 'postsDaoMapper': no URL paths identified
DEBUG [main] - Rejected bean name 'repostsDaoMapper': no URL paths identified
DEBUG [main] - Rejected bean name 'userMapper': no URL paths identified
DEBUG [main] - Rejected bean name 'environment': no URL paths identified
DEBUG [main] - Rejected bean name 'systemProperties': no URL paths identified
DEBUG [main] - Rejected bean name 'systemEnvironment': no URL paths identified
DEBUG [main] - Rejected bean name 'servletContext': no URL paths identified
DEBUG [main] - Rejected bean name 'contextParameters': no URL paths identified
DEBUG [main] - Rejected bean name 'contextAttributes': no URL paths identified
DEBUG [main] - Rejected bean name 'org.springframework.context.annotation.ConfigurationClassPostProcessor.importRegistry': no URL paths identified
DEBUG [main] - Rejected bean name 'messageSource': no URL paths identified
DEBUG [main] - Rejected bean name 'applicationEventMulticaster': no URL paths identified
DEBUG [main] - Rejected bean name 'lifecycleProcessor': no URL paths identified
DEBUG [main] - Finished creating instance of bean 'org.springframework.web.servlet.mvc.annotation.DefaultAnnotationHandlerMapping'
DEBUG [main] - No HandlerMappings found in servlet '': using default
DEBUG [main] - Creating instance of bean 'org.springframework.web.servlet.mvc.HttpRequestHandlerAdapter'
DEBUG [main] - Finished creating instance of bean 'org.springframework.web.servlet.mvc.HttpRequestHandlerAdapter'
DEBUG [main] - Creating instance of bean 'org.springframework.web.servlet.mvc.SimpleControllerHandlerAdapter'
DEBUG [main] - Finished creating instance of bean 'org.springframework.web.servlet.mvc.SimpleControllerHandlerAdapter'
DEBUG [main] - Creating instance of bean 'org.springframework.web.servlet.mvc.annotation.AnnotationMethodHandlerAdapter'
DEBUG [main] - Finished creating instance of bean 'org.springframework.web.servlet.mvc.annotation.AnnotationMethodHandlerAdapter'
DEBUG [main] - No HandlerAdapters found in servlet '': using default
DEBUG [main] - Creating instance of bean 'org.springframework.web.servlet.mvc.annotation.AnnotationMethodHandlerExceptionResolver'
DEBUG [main] - Finished creating instance of bean 'org.springframework.web.servlet.mvc.annotation.AnnotationMethodHandlerExceptionResolver'
DEBUG [main] - Creating instance of bean 'org.springframework.web.servlet.mvc.annotation.ResponseStatusExceptionResolver'
DEBUG [main] - Finished creating instance of bean 'org.springframework.web.servlet.mvc.annotation.ResponseStatusExceptionResolver'
DEBUG [main] - Creating instance of bean 'org.springframework.web.servlet.mvc.support.DefaultHandlerExceptionResolver'
DEBUG [main] - Finished creating instance of bean 'org.springframework.web.servlet.mvc.support.DefaultHandlerExceptionResolver'
DEBUG [main] - No HandlerExceptionResolvers found in servlet '': using default
DEBUG [main] - Creating instance of bean 'org.springframework.web.servlet.view.DefaultRequestToViewNameTranslator'
DEBUG [main] - Finished creating instance of bean 'org.springframework.web.servlet.view.DefaultRequestToViewNameTranslator'
DEBUG [main] - Unable to locate RequestToViewNameTranslator with name 'viewNameTranslator': using default [org.springframework.web.servlet.view.DefaultRequestToViewNameTranslator@6cea706c]
DEBUG [main] - Creating instance of bean 'org.springframework.web.servlet.view.InternalResourceViewResolver'
DEBUG [main] - Finished creating instance of bean 'org.springframework.web.servlet.view.InternalResourceViewResolver'
DEBUG [main] - No ViewResolvers found in servlet '': using default
DEBUG [main] - Creating instance of bean 'org.springframework.web.servlet.support.SessionFlashMapManager'
DEBUG [main] - Finished creating instance of bean 'org.springframework.web.servlet.support.SessionFlashMapManager'
DEBUG [main] - Unable to locate FlashMapManager with name 'flashMapManager': using default [org.springframework.web.servlet.support.SessionFlashMapManager@3bd7f8dc]
DEBUG [main] - Published WebApplicationContext of servlet '' as ServletContext attribute with name [org.springframework.web.servlet.FrameworkServlet.CONTEXT.]
 INFO [main] - FrameworkServlet '': initialization completed in 15 ms
DEBUG [main] - Servlet '' configured successfully
DEBUG [main] - DispatcherServlet with name '' processing POST request for [/posts/addPosts]
DEBUG [main] - Mapping [/posts/addPosts] to HandlerExecutionChain with handler [com.aaa.controller.PostsController@470a696f] and 1 interceptor
DEBUG [main] - Invoking init-binder method: public void com.aaa.controller.PostsController.initBinder(org.springframework.web.bind.WebDataBinder)
DEBUG [main] - Invoking request handler method: public java.lang.String com.aaa.controller.PostsController.addPosts(com.aaa.entity.Posts)
DEBUG [main] - Participating in existing transaction
DEBUG [main] - Creating a new SqlSession
DEBUG [main] - Registering transaction synchronization for SqlSession [org.apache.ibatis.session.defaults.DefaultSqlSession@2f2bf0e2]
DEBUG [main] - JDBC Connection [jdbc:mysql://127.0.0.1:3306/childcare_system?useUnicode=true&amp;characterEncoding=utf8?useUnicode=true&characterEncoding=utf8, UserName=root@localhost, MySQL-AB JDBC Driver] will be managed by Spring
DEBUG [main] - ==>  Preparing: insert into posts values(default,?,?,?,?) 
DEBUG [main] - ==> Parameters: 测试标题(String), 我是一条很长的正文(String), 2019-03-06 17:32:00.0(Timestamp), admin(String)
DEBUG [main] - <==    Updates: 1
DEBUG [main] - Releasing transactional SqlSession [org.apache.ibatis.session.defaults.DefaultSqlSession@2f2bf0e2]
DEBUG [main] - Invoking afterPropertiesSet() on bean with name 'redirect:queryPosts.action'
DEBUG [main] - Returning cached instance of singleton bean 'org.springframework.transaction.config.internalTransactionAdvisor'
DEBUG [main] - Returning cached instance of singleton bean 'org.springframework.aop.support.DefaultBeanFactoryPointcutAdvisor#0'
DEBUG [main] - Returning cached instance of singleton bean 'org.springframework.transaction.config.internalTransactionAdvisor'
DEBUG [main] - Returning cached instance of singleton bean 'org.springframework.aop.support.DefaultBeanFactoryPointcutAdvisor#0'
DEBUG [main] - Rendering view [org.springframework.web.servlet.view.RedirectView: name 'redirect:queryPosts.action'; URL [queryPosts.action]] in DispatcherServlet with name ''
DEBUG [main] - Successfully completed request

MockHttpServletRequest:
         HTTP Method = POST
         Request URI = /posts/addPosts
          Parameters = {name=[测试标题], text=[我是一条很长的正文], time=[2019-03-06 17:32:17], author=[admin]}
             Headers = {Content-Type=[application/x-www-form-urlencoded]}

             Handler:
                Type = com.aaa.controller.PostsController

               Async:
   Was async started = false
        Async result = null

  Resolved Exception:
                Type = null

        ModelAndView:
           View name = redirect:queryPosts.action
                View = null
           Attribute = posts
               value = Posts [id=150, name=测试标题, text=我是一条很长的正文, time=Wed Mar 06 17:32:00 CST 2019, author=admin]
              errors = []

            FlashMap:

MockHttpServletResponse:
              Status = 302
       Error message = null
             Headers = {Location=[queryPosts.action]}
        Content type = null
                Body = 
       Forwarded URL = null
      Redirected URL = queryPosts.action
             Cookies = []

DEBUG [main] - No method-level @Rollback override: using default rollback [true] for test context [DefaultTestContext@335b5620 testClass = PostsControllerTest, testInstance = ControllerTest.PostsControllerTest@24f360b2, testMethod = addPostsTest@PostsControllerTest, testException = [null], mergedContextConfiguration = [WebMergedContextConfiguration@32709393 testClass = PostsControllerTest, locations = '{file:config/spring/applicationContext.xml}', classes = '{}', contextInitializerClasses = '[]', activeProfiles = '{}', resourceBasePath = 'src/main/webapp', contextLoader = 'org.springframework.test.context.web.WebDelegatingSmartContextLoader', parent = [null]]].
DEBUG [main] - Transaction synchronization deregistering SqlSession [org.apache.ibatis.session.defaults.DefaultSqlSession@2f2bf0e2]
DEBUG [main] - Transaction synchronization closing SqlSession [org.apache.ibatis.session.defaults.DefaultSqlSession@2f2bf0e2]
DEBUG [main] - Initiating transaction rollback
DEBUG [main] - Rolling back JDBC transaction on Connection [jdbc:mysql://127.0.0.1:3306/childcare_system?useUnicode=true&amp;characterEncoding=utf8?useUnicode=true&characterEncoding=utf8, UserName=root@localhost, MySQL-AB JDBC Driver]
DEBUG [main] - Releasing JDBC Connection [jdbc:mysql://127.0.0.1:3306/childcare_system?useUnicode=true&amp;characterEncoding=utf8?useUnicode=true&characterEncoding=utf8, UserName=root@localhost, MySQL-AB JDBC Driver] after transaction
DEBUG [main] - Returning JDBC Connection to DataSource
 INFO [main] - Rolled back transaction after test execution for test context [DefaultTestContext@335b5620 testClass = PostsControllerTest, testInstance = ControllerTest.PostsControllerTest@24f360b2, testMethod = addPostsTest@PostsControllerTest, testException = [null], mergedContextConfiguration = [WebMergedContextConfiguration@32709393 testClass = PostsControllerTest, locations = '{file:config/spring/applicationContext.xml}', classes = '{}', contextInitializerClasses = '[]', activeProfiles = '{}', resourceBasePath = 'src/main/webapp', contextLoader = 'org.springframework.test.context.web.WebDelegatingSmartContextLoader', parent = [null]]]
DEBUG [main] - After test method: context [DefaultTestContext@335b5620 testClass = PostsControllerTest, testInstance = ControllerTest.PostsControllerTest@24f360b2, testMethod = addPostsTest@PostsControllerTest, testException = [null], mergedContextConfiguration = [WebMergedContextConfiguration@32709393 testClass = PostsControllerTest, locations = '{file:config/spring/applicationContext.xml}', classes = '{}', contextInitializerClasses = '[]', activeProfiles = '{}', resourceBasePath = 'src/main/webapp', contextLoader = 'org.springframework.test.context.web.WebDelegatingSmartContextLoader', parent = [null]]], class dirties context [false], class mode [null], method dirties context [false].
DEBUG [main] - Resetting RequestContextHolder for test context [DefaultTestContext@335b5620 testClass = PostsControllerTest, testInstance = ControllerTest.PostsControllerTest@24f360b2, testMethod = addPostsTest@PostsControllerTest, testException = [null], mergedContextConfiguration = [WebMergedContextConfiguration@32709393 testClass = PostsControllerTest, locations = '{file:config/spring/applicationContext.xml}', classes = '{}', contextInitializerClasses = '[]', activeProfiles = '{}', resourceBasePath = 'src/main/webapp', contextLoader = 'org.springframework.test.context.web.WebDelegatingSmartContextLoader', parent = [null]]].
DEBUG [main] - Retrieved @ProfileValueSourceConfiguration [null] for test class [ControllerTest.PostsControllerTest]
DEBUG [main] - Retrieved ProfileValueSource type [class org.springframework.test.annotation.SystemProfileValueSource] for class [ControllerTest.PostsControllerTest]
DEBUG [main] - Retrieved ApplicationContext from cache with key [[WebMergedContextConfiguration@32709393 testClass = PostsControllerTest, locations = '{file:config/spring/applicationContext.xml}', classes = '{}', contextInitializerClasses = '[]', activeProfiles = '{}', resourceBasePath = 'src/main/webapp', contextLoader = 'org.springframework.test.context.web.WebDelegatingSmartContextLoader', parent = [null]]].
DEBUG [main] - Setting up MockHttpServletRequest, MockHttpServletResponse, ServletWebRequest, and RequestContextHolder for test context [DefaultTestContext@335b5620 testClass = PostsControllerTest, testInstance = ControllerTest.PostsControllerTest@4a9e6faf, testMethod = [null], testException = [null], mergedContextConfiguration = [WebMergedContextConfiguration@32709393 testClass = PostsControllerTest, locations = '{file:config/spring/applicationContext.xml}', classes = '{}', contextInitializerClasses = '[]', activeProfiles = '{}', resourceBasePath = 'src/main/webapp', contextLoader = 'org.springframework.test.context.web.WebDelegatingSmartContextLoader', parent = [null]]].
DEBUG [main] - Performing dependency injection for test context [[DefaultTestContext@335b5620 testClass = PostsControllerTest, testInstance = ControllerTest.PostsControllerTest@4a9e6faf, testMethod = [null], testException = [null], mergedContextConfiguration = [WebMergedContextConfiguration@32709393 testClass = PostsControllerTest, locations = '{file:config/spring/applicationContext.xml}', classes = '{}', contextInitializerClasses = '[]', activeProfiles = '{}', resourceBasePath = 'src/main/webapp', contextLoader = 'org.springframework.test.context.web.WebDelegatingSmartContextLoader', parent = [null]]]].
DEBUG [main] - Retrieved ApplicationContext from cache with key [[WebMergedContextConfiguration@32709393 testClass = PostsControllerTest, locations = '{file:config/spring/applicationContext.xml}', classes = '{}', contextInitializerClasses = '[]', activeProfiles = '{}', resourceBasePath = 'src/main/webapp', contextLoader = 'org.springframework.test.context.web.WebDelegatingSmartContextLoader', parent = [null]]].
DEBUG [main] - Processing injected method of bean 'ControllerTest.PostsControllerTest': AutowiredFieldElement for private org.springframework.web.context.WebApplicationContext Base.BaseControllerTest.webApplicationContext
DEBUG [main] - Processing injected method of bean 'ControllerTest.PostsControllerTest': AutowiredFieldElement for private com.aaa.mapper.PostsDaoMapper ControllerTest.PostsControllerTest.postsMapper
DEBUG [main] - Returning cached instance of singleton bean 'postsDaoMapper'
DEBUG [main] - Returning cached instance of singleton bean 'org.springframework.transaction.config.internalTransactionAdvisor'
DEBUG [main] - Returning cached instance of singleton bean 'org.springframework.aop.support.DefaultBeanFactoryPointcutAdvisor#0'
DEBUG [main] - Returning cached instance of singleton bean 'org.springframework.transaction.config.internalTransactionAdvisor'
DEBUG [main] - Returning cached instance of singleton bean 'org.springframework.aop.support.DefaultBeanFactoryPointcutAdvisor#0'
DEBUG [main] - Creating implicit proxy for bean 'ControllerTest.PostsControllerTest' with 0 common interceptors and 1 specific interceptors
DEBUG [main] - Creating CGLIB proxy: target source is SingletonTargetSource for target object [ControllerTest.PostsControllerTest@4a9e6faf]
DEBUG [main] - Adding transactional method 'PostsControllerTest.delPostsTest' with attribute: PROPAGATION_REQUIRED,ISOLATION_DEFAULT; ''
DEBUG [main] - Explicit transaction definition [PROPAGATION_REQUIRED,ISOLATION_DEFAULT; ''] found for test context [DefaultTestContext@335b5620 testClass = PostsControllerTest, testInstance = ControllerTest.PostsControllerTest@4a9e6faf, testMethod = delPostsTest@PostsControllerTest, testException = [null], mergedContextConfiguration = [WebMergedContextConfiguration@32709393 testClass = PostsControllerTest, locations = '{file:config/spring/applicationContext.xml}', classes = '{}', contextInitializerClasses = '[]', activeProfiles = '{}', resourceBasePath = 'src/main/webapp', contextLoader = 'org.springframework.test.context.web.WebDelegatingSmartContextLoader', parent = [null]]]
DEBUG [main] - Retrieved ApplicationContext from cache with key [[WebMergedContextConfiguration@32709393 testClass = PostsControllerTest, locations = '{file:config/spring/applicationContext.xml}', classes = '{}', contextInitializerClasses = '[]', activeProfiles = '{}', resourceBasePath = 'src/main/webapp', contextLoader = 'org.springframework.test.context.web.WebDelegatingSmartContextLoader', parent = [null]]].
DEBUG [main] - Returning cached instance of singleton bean 'transactionManager'
DEBUG [main] - Creating new transaction with name [delPostsTest]: PROPAGATION_REQUIRED,ISOLATION_DEFAULT; ''
DEBUG [main] - Acquired Connection [jdbc:mysql://127.0.0.1:3306/childcare_system?useUnicode=true&amp;characterEncoding=utf8?useUnicode=true&characterEncoding=utf8, UserName=root@localhost, MySQL-AB JDBC Driver] for JDBC transaction
DEBUG [main] - Switching JDBC Connection [jdbc:mysql://127.0.0.1:3306/childcare_system?useUnicode=true&amp;characterEncoding=utf8?useUnicode=true&characterEncoding=utf8, UserName=root@localhost, MySQL-AB JDBC Driver] to manual commit
DEBUG [main] - No method-level @Rollback override: using default rollback [true] for test context [DefaultTestContext@335b5620 testClass = PostsControllerTest, testInstance = ControllerTest.PostsControllerTest@4a9e6faf, testMethod = delPostsTest@PostsControllerTest, testException = [null], mergedContextConfiguration = [WebMergedContextConfiguration@32709393 testClass = PostsControllerTest, locations = '{file:config/spring/applicationContext.xml}', classes = '{}', contextInitializerClasses = '[]', activeProfiles = '{}', resourceBasePath = 'src/main/webapp', contextLoader = 'org.springframework.test.context.web.WebDelegatingSmartContextLoader', parent = [null]]].
 INFO [main] - Began transaction (4) for test context [DefaultTestContext@335b5620 testClass = PostsControllerTest, testInstance = ControllerTest.PostsControllerTest@4a9e6faf, testMethod = delPostsTest@PostsControllerTest, testException = [null], mergedContextConfiguration = [WebMergedContextConfiguration@32709393 testClass = PostsControllerTest, locations = '{file:config/spring/applicationContext.xml}', classes = '{}', contextInitializerClasses = '[]', activeProfiles = '{}', resourceBasePath = 'src/main/webapp', contextLoader = 'org.springframework.test.context.web.WebDelegatingSmartContextLoader', parent = [null]]]; transaction manager [org.springframework.jdbc.datasource.DataSourceTransactionManager@e84a8e1]; rollback [true]
DEBUG [main] - Initializing servlet ''
DEBUG [main] - Adding [servletConfigInitParams] PropertySource with lowest search precedence
DEBUG [main] - Adding [servletContextInitParams] PropertySource with lowest search precedence
DEBUG [main] - Adding [jndiProperties] PropertySource with lowest search precedence
DEBUG [main] - Adding [systemProperties] PropertySource with lowest search precedence
DEBUG [main] - Adding [systemEnvironment] PropertySource with lowest search precedence
DEBUG [main] - Initialized StandardServletEnvironment with PropertySources [servletConfigInitParams,servletContextInitParams,jndiProperties,systemProperties,systemEnvironment]
 INFO [main] - Initializing Spring FrameworkServlet ''
 INFO [main] - FrameworkServlet '': initialization started
DEBUG [main] - Unable to locate MultipartResolver with name 'multipartResolver': no multipart request handling provided
DEBUG [main] - Creating instance of bean 'org.springframework.web.servlet.i18n.AcceptHeaderLocaleResolver'
DEBUG [main] - Finished creating instance of bean 'org.springframework.web.servlet.i18n.AcceptHeaderLocaleResolver'
DEBUG [main] - Unable to locate LocaleResolver with name 'localeResolver': using default [org.springframework.web.servlet.i18n.AcceptHeaderLocaleResolver@7db534f2]
DEBUG [main] - Creating instance of bean 'org.springframework.web.servlet.theme.FixedThemeResolver'
DEBUG [main] - Finished creating instance of bean 'org.springframework.web.servlet.theme.FixedThemeResolver'
DEBUG [main] - Unable to locate ThemeResolver with name 'themeResolver': using default [org.springframework.web.servlet.theme.FixedThemeResolver@44a2b17b]
DEBUG [main] - Creating instance of bean 'org.springframework.web.servlet.handler.BeanNameUrlHandlerMapping'
DEBUG [main] - Looking for URL mappings in application context: org.springframework.web.context.support.GenericWebApplicationContext@4d95d2a2: startup date [Wed Mar 06 17:32:15 CST 2019]; root of context hierarchy
DEBUG [main] - Rejected bean name 'memberBizImpl': no URL paths identified
DEBUG [main] - Rejected bean name 'parentingBizImpl': no URL paths identified
DEBUG [main] - Rejected bean name 'postsBizImpl': no URL paths identified
DEBUG [main] - Rejected bean name 'repostsBizImpl': no URL paths identified
DEBUG [main] - Rejected bean name 'userBizImpl': no URL paths identified
DEBUG [main] - Rejected bean name 'memberController': no URL paths identified
DEBUG [main] - Rejected bean name 'parentingController': no URL paths identified
DEBUG [main] - Rejected bean name 'postsController': no URL paths identified
DEBUG [main] - Rejected bean name 'repostsController': no URL paths identified
DEBUG [main] - Rejected bean name 'userController': no URL paths identified
DEBUG [main] - Rejected bean name 'org.springframework.context.annotation.internalConfigurationAnnotationProcessor': no URL paths identified
DEBUG [main] - Rejected bean name 'org.springframework.context.annotation.internalAutowiredAnnotationProcessor': no URL paths identified
DEBUG [main] - Rejected bean name 'org.springframework.context.annotation.internalRequiredAnnotationProcessor': no URL paths identified
DEBUG [main] - Rejected bean name 'org.springframework.context.annotation.internalCommonAnnotationProcessor': no URL paths identified
DEBUG [main] - Rejected bean name 'org.springframework.context.support.PropertySourcesPlaceholderConfigurer#0': no URL paths identified
DEBUG [main] - Rejected bean name 'dataSource': no URL paths identified
DEBUG [main] - Rejected bean name 'sqlSessionFactory': no URL paths identified
DEBUG [main] - Rejected bean name 'org.mybatis.spring.mapper.MapperScannerConfigurer#0': no URL paths identified
DEBUG [main] - Rejected bean name 'transactionManager': no URL paths identified
DEBUG [main] - Rejected bean name 'org.springframework.aop.config.internalAutoProxyCreator': no URL paths identified
DEBUG [main] - Rejected bean name 'org.springframework.transaction.annotation.AnnotationTransactionAttributeSource#0': no URL paths identified
DEBUG [main] - Rejected bean name 'org.springframework.transaction.interceptor.TransactionInterceptor#0': no URL paths identified
DEBUG [main] - Rejected bean name 'org.springframework.transaction.config.internalTransactionAdvisor': no URL paths identified
DEBUG [main] - Rejected bean name 'txadvice': no URL paths identified
DEBUG [main] - Rejected bean name 'points': no URL paths identified
DEBUG [main] - Rejected bean name 'org.springframework.aop.support.DefaultBeanFactoryPointcutAdvisor#0': no URL paths identified
DEBUG [main] - Rejected bean name 'org.springframework.context.annotation.ConfigurationClassPostProcessor.importAwareProcessor': no URL paths identified
DEBUG [main] - Rejected bean name 'org.springframework.context.annotation.ConfigurationClassPostProcessor.enhancedConfigurationProcessor': no URL paths identified
DEBUG [main] - Rejected bean name 'memberDaoMapper': no URL paths identified
DEBUG [main] - Rejected bean name 'parentingDaoMapper': no URL paths identified
DEBUG [main] - Rejected bean name 'postsDaoMapper': no URL paths identified
DEBUG [main] - Rejected bean name 'repostsDaoMapper': no URL paths identified
DEBUG [main] - Rejected bean name 'userMapper': no URL paths identified
DEBUG [main] - Rejected bean name 'environment': no URL paths identified
DEBUG [main] - Rejected bean name 'systemProperties': no URL paths identified
DEBUG [main] - Rejected bean name 'systemEnvironment': no URL paths identified
DEBUG [main] - Rejected bean name 'servletContext': no URL paths identified
DEBUG [main] - Rejected bean name 'contextParameters': no URL paths identified
DEBUG [main] - Rejected bean name 'contextAttributes': no URL paths identified
DEBUG [main] - Rejected bean name 'org.springframework.context.annotation.ConfigurationClassPostProcessor.importRegistry': no URL paths identified
DEBUG [main] - Rejected bean name 'messageSource': no URL paths identified
DEBUG [main] - Rejected bean name 'applicationEventMulticaster': no URL paths identified
DEBUG [main] - Rejected bean name 'lifecycleProcessor': no URL paths identified
DEBUG [main] - Finished creating instance of bean 'org.springframework.web.servlet.handler.BeanNameUrlHandlerMapping'
DEBUG [main] - Creating instance of bean 'org.springframework.web.servlet.mvc.annotation.DefaultAnnotationHandlerMapping'
DEBUG [main] - Looking for URL mappings in application context: org.springframework.web.context.support.GenericWebApplicationContext@4d95d2a2: startup date [Wed Mar 06 17:32:15 CST 2019]; root of context hierarchy
DEBUG [main] - Rejected bean name 'memberBizImpl': no URL paths identified
DEBUG [main] - Rejected bean name 'parentingBizImpl': no URL paths identified
DEBUG [main] - Rejected bean name 'postsBizImpl': no URL paths identified
DEBUG [main] - Rejected bean name 'repostsBizImpl': no URL paths identified
DEBUG [main] - Rejected bean name 'userBizImpl': no URL paths identified
DEBUG [main] - Returning cached instance of singleton bean 'memberController'
 INFO [main] - Mapped URL path [/member/addMember] onto handler 'memberController'
DEBUG [main] - Returning cached instance of singleton bean 'memberController'
 INFO [main] - Mapped URL path [/member/addMember.*] onto handler 'memberController'
DEBUG [main] - Returning cached instance of singleton bean 'memberController'
 INFO [main] - Mapped URL path [/member/addMember/] onto handler 'memberController'
DEBUG [main] - Returning cached instance of singleton bean 'memberController'
 INFO [main] - Mapped URL path [/member/queryMember] onto handler 'memberController'
DEBUG [main] - Returning cached instance of singleton bean 'memberController'
 INFO [main] - Mapped URL path [/member/queryMember.*] onto handler 'memberController'
DEBUG [main] - Returning cached instance of singleton bean 'memberController'
 INFO [main] - Mapped URL path [/member/queryMember/] onto handler 'memberController'
DEBUG [main] - Returning cached instance of singleton bean 'memberController'
 INFO [main] - Mapped URL path [/member/updPass] onto handler 'memberController'
DEBUG [main] - Returning cached instance of singleton bean 'memberController'
 INFO [main] - Mapped URL path [/member/updPass.*] onto handler 'memberController'
DEBUG [main] - Returning cached instance of singleton bean 'memberController'
 INFO [main] - Mapped URL path [/member/updPass/] onto handler 'memberController'
DEBUG [main] - Returning cached instance of singleton bean 'memberController'
 INFO [main] - Mapped URL path [/member/updReject] onto handler 'memberController'
DEBUG [main] - Returning cached instance of singleton bean 'memberController'
 INFO [main] - Mapped URL path [/member/updReject.*] onto handler 'memberController'
DEBUG [main] - Returning cached instance of singleton bean 'memberController'
 INFO [main] - Mapped URL path [/member/updReject/] onto handler 'memberController'
DEBUG [main] - Returning cached instance of singleton bean 'parentingController'
 INFO [main] - Mapped URL path [/parenting/findOne] onto handler 'parentingController'
DEBUG [main] - Returning cached instance of singleton bean 'parentingController'
 INFO [main] - Mapped URL path [/parenting/findOne.*] onto handler 'parentingController'
DEBUG [main] - Returning cached instance of singleton bean 'parentingController'
 INFO [main] - Mapped URL path [/parenting/findOne/] onto handler 'parentingController'
DEBUG [main] - Returning cached instance of singleton bean 'parentingController'
 INFO [main] - Mapped URL path [/parenting/addParenting] onto handler 'parentingController'
DEBUG [main] - Returning cached instance of singleton bean 'parentingController'
 INFO [main] - Mapped URL path [/parenting/addParenting.*] onto handler 'parentingController'
DEBUG [main] - Returning cached instance of singleton bean 'parentingController'
 INFO [main] - Mapped URL path [/parenting/addParenting/] onto handler 'parentingController'
DEBUG [main] - Returning cached instance of singleton bean 'parentingController'
 INFO [main] - Mapped URL path [/parenting/del] onto handler 'parentingController'
DEBUG [main] - Returning cached instance of singleton bean 'parentingController'
 INFO [main] - Mapped URL path [/parenting/del.*] onto handler 'parentingController'
DEBUG [main] - Returning cached instance of singleton bean 'parentingController'
 INFO [main] - Mapped URL path [/parenting/del/] onto handler 'parentingController'
DEBUG [main] - Returning cached instance of singleton bean 'parentingController'
 INFO [main] - Mapped URL path [/parenting/updParenting] onto handler 'parentingController'
DEBUG [main] - Returning cached instance of singleton bean 'parentingController'
 INFO [main] - Mapped URL path [/parenting/updParenting.*] onto handler 'parentingController'
DEBUG [main] - Returning cached instance of singleton bean 'parentingController'
 INFO [main] - Mapped URL path [/parenting/updParenting/] onto handler 'parentingController'
DEBUG [main] - Returning cached instance of singleton bean 'parentingController'
 INFO [main] - Mapped URL path [/parenting/getParentingByAuthor] onto handler 'parentingController'
DEBUG [main] - Returning cached instance of singleton bean 'parentingController'
 INFO [main] - Mapped URL path [/parenting/getParentingByAuthor.*] onto handler 'parentingController'
DEBUG [main] - Returning cached instance of singleton bean 'parentingController'
 INFO [main] - Mapped URL path [/parenting/getParentingByAuthor/] onto handler 'parentingController'
DEBUG [main] - Returning cached instance of singleton bean 'postsController'
 INFO [main] - Mapped URL path [/posts/findOne] onto handler 'postsController'
DEBUG [main] - Returning cached instance of singleton bean 'postsController'
 INFO [main] - Mapped URL path [/posts/findOne.*] onto handler 'postsController'
DEBUG [main] - Returning cached instance of singleton bean 'postsController'
 INFO [main] - Mapped URL path [/posts/findOne/] onto handler 'postsController'
DEBUG [main] - Returning cached instance of singleton bean 'postsController'
 INFO [main] - Mapped URL path [/posts/getPostsById] onto handler 'postsController'
DEBUG [main] - Returning cached instance of singleton bean 'postsController'
 INFO [main] - Mapped URL path [/posts/getPostsById.*] onto handler 'postsController'
DEBUG [main] - Returning cached instance of singleton bean 'postsController'
 INFO [main] - Mapped URL path [/posts/getPostsById/] onto handler 'postsController'
DEBUG [main] - Returning cached instance of singleton bean 'postsController'
 INFO [main] - Mapped URL path [/posts/returnIndex] onto handler 'postsController'
DEBUG [main] - Returning cached instance of singleton bean 'postsController'
 INFO [main] - Mapped URL path [/posts/returnIndex.*] onto handler 'postsController'
DEBUG [main] - Returning cached instance of singleton bean 'postsController'
 INFO [main] - Mapped URL path [/posts/returnIndex/] onto handler 'postsController'
DEBUG [main] - Returning cached instance of singleton bean 'postsController'
 INFO [main] - Mapped URL path [/posts/showIndex] onto handler 'postsController'
DEBUG [main] - Returning cached instance of singleton bean 'postsController'
 INFO [main] - Mapped URL path [/posts/showIndex.*] onto handler 'postsController'
DEBUG [main] - Returning cached instance of singleton bean 'postsController'
 INFO [main] - Mapped URL path [/posts/showIndex/] onto handler 'postsController'
DEBUG [main] - Returning cached instance of singleton bean 'postsController'
 INFO [main] - Mapped URL path [/posts/showAllPost] onto handler 'postsController'
DEBUG [main] - Returning cached instance of singleton bean 'postsController'
 INFO [main] - Mapped URL path [/posts/showAllPost.*] onto handler 'postsController'
DEBUG [main] - Returning cached instance of singleton bean 'postsController'
 INFO [main] - Mapped URL path [/posts/showAllPost/] onto handler 'postsController'
DEBUG [main] - Returning cached instance of singleton bean 'postsController'
 INFO [main] - Mapped URL path [/posts/queryPosts] onto handler 'postsController'
DEBUG [main] - Returning cached instance of singleton bean 'postsController'
 INFO [main] - Mapped URL path [/posts/queryPosts.*] onto handler 'postsController'
DEBUG [main] - Returning cached instance of singleton bean 'postsController'
 INFO [main] - Mapped URL path [/posts/queryPosts/] onto handler 'postsController'
DEBUG [main] - Returning cached instance of singleton bean 'postsController'
 INFO [main] - Mapped URL path [/posts/addPosts] onto handler 'postsController'
DEBUG [main] - Returning cached instance of singleton bean 'postsController'
 INFO [main] - Mapped URL path [/posts/addPosts.*] onto handler 'postsController'
DEBUG [main] - Returning cached instance of singleton bean 'postsController'
 INFO [main] - Mapped URL path [/posts/addPosts/] onto handler 'postsController'
DEBUG [main] - Returning cached instance of singleton bean 'postsController'
 INFO [main] - Mapped URL path [/posts/del] onto handler 'postsController'
DEBUG [main] - Returning cached instance of singleton bean 'postsController'
 INFO [main] - Mapped URL path [/posts/del.*] onto handler 'postsController'
DEBUG [main] - Returning cached instance of singleton bean 'postsController'
 INFO [main] - Mapped URL path [/posts/del/] onto handler 'postsController'
DEBUG [main] - Returning cached instance of singleton bean 'postsController'
 INFO [main] - Mapped URL path [/posts/findSameCity] onto handler 'postsController'
DEBUG [main] - Returning cached instance of singleton bean 'postsController'
 INFO [main] - Mapped URL path [/posts/findSameCity.*] onto handler 'postsController'
DEBUG [main] - Returning cached instance of singleton bean 'postsController'
 INFO [main] - Mapped URL path [/posts/findSameCity/] onto handler 'postsController'
DEBUG [main] - Returning cached instance of singleton bean 'postsController'
 INFO [main] - Mapped URL path [/posts/findSameAge] onto handler 'postsController'
DEBUG [main] - Returning cached instance of singleton bean 'postsController'
 INFO [main] - Mapped URL path [/posts/findSameAge.*] onto handler 'postsController'
DEBUG [main] - Returning cached instance of singleton bean 'postsController'
 INFO [main] - Mapped URL path [/posts/findSameAge/] onto handler 'postsController'
DEBUG [main] - Returning cached instance of singleton bean 'postsController'
 INFO [main] - Mapped URL path [/posts/updPosts] onto handler 'postsController'
DEBUG [main] - Returning cached instance of singleton bean 'postsController'
 INFO [main] - Mapped URL path [/posts/updPosts.*] onto handler 'postsController'
DEBUG [main] - Returning cached instance of singleton bean 'postsController'
 INFO [main] - Mapped URL path [/posts/updPosts/] onto handler 'postsController'
DEBUG [main] - Returning cached instance of singleton bean 'postsController'
 INFO [main] - Mapped URL path [/posts/getPostsByName] onto handler 'postsController'
DEBUG [main] - Returning cached instance of singleton bean 'postsController'
 INFO [main] - Mapped URL path [/posts/getPostsByName.*] onto handler 'postsController'
DEBUG [main] - Returning cached instance of singleton bean 'postsController'
 INFO [main] - Mapped URL path [/posts/getPostsByName/] onto handler 'postsController'
DEBUG [main] - Returning cached instance of singleton bean 'postsController'
 INFO [main] - Mapped URL path [/posts/findSameCityAndAge] onto handler 'postsController'
DEBUG [main] - Returning cached instance of singleton bean 'postsController'
 INFO [main] - Mapped URL path [/posts/findSameCityAndAge.*] onto handler 'postsController'
DEBUG [main] - Returning cached instance of singleton bean 'postsController'
 INFO [main] - Mapped URL path [/posts/findSameCityAndAge/] onto handler 'postsController'
DEBUG [main] - Returning cached instance of singleton bean 'repostsController'
 INFO [main] - Mapped URL path [/reposts/findOne] onto handler 'repostsController'
DEBUG [main] - Returning cached instance of singleton bean 'repostsController'
 INFO [main] - Mapped URL path [/reposts/findOne.*] onto handler 'repostsController'
DEBUG [main] - Returning cached instance of singleton bean 'repostsController'
 INFO [main] - Mapped URL path [/reposts/findOne/] onto handler 'repostsController'
DEBUG [main] - Returning cached instance of singleton bean 'repostsController'
 INFO [main] - Mapped URL path [/reposts/addReposts] onto handler 'repostsController'
DEBUG [main] - Returning cached instance of singleton bean 'repostsController'
 INFO [main] - Mapped URL path [/reposts/addReposts.*] onto handler 'repostsController'
DEBUG [main] - Returning cached instance of singleton bean 'repostsController'
 INFO [main] - Mapped URL path [/reposts/addReposts/] onto handler 'repostsController'
DEBUG [main] - Returning cached instance of singleton bean 'repostsController'
 INFO [main] - Mapped URL path [/reposts/queryReposts] onto handler 'repostsController'
DEBUG [main] - Returning cached instance of singleton bean 'repostsController'
 INFO [main] - Mapped URL path [/reposts/queryReposts.*] onto handler 'repostsController'
DEBUG [main] - Returning cached instance of singleton bean 'repostsController'
 INFO [main] - Mapped URL path [/reposts/queryReposts/] onto handler 'repostsController'
DEBUG [main] - Returning cached instance of singleton bean 'repostsController'
 INFO [main] - Mapped URL path [/reposts/del] onto handler 'repostsController'
DEBUG [main] - Returning cached instance of singleton bean 'repostsController'
 INFO [main] - Mapped URL path [/reposts/del.*] onto handler 'repostsController'
DEBUG [main] - Returning cached instance of singleton bean 'repostsController'
 INFO [main] - Mapped URL path [/reposts/del/] onto handler 'repostsController'
DEBUG [main] - Returning cached instance of singleton bean 'repostsController'
 INFO [main] - Mapped URL path [/reposts/updReposts] onto handler 'repostsController'
DEBUG [main] - Returning cached instance of singleton bean 'repostsController'
 INFO [main] - Mapped URL path [/reposts/updReposts.*] onto handler 'repostsController'
DEBUG [main] - Returning cached instance of singleton bean 'repostsController'
 INFO [main] - Mapped URL path [/reposts/updReposts/] onto handler 'repostsController'
DEBUG [main] - Returning cached instance of singleton bean 'userController'
 INFO [main] - Mapped URL path [/user/register] onto handler 'userController'
DEBUG [main] - Returning cached instance of singleton bean 'userController'
 INFO [main] - Mapped URL path [/user/register.*] onto handler 'userController'
DEBUG [main] - Returning cached instance of singleton bean 'userController'
 INFO [main] - Mapped URL path [/user/register/] onto handler 'userController'
DEBUG [main] - Returning cached instance of singleton bean 'userController'
 INFO [main] - Mapped URL path [/user/findOne] onto handler 'userController'
DEBUG [main] - Returning cached instance of singleton bean 'userController'
 INFO [main] - Mapped URL path [/user/findOne.*] onto handler 'userController'
DEBUG [main] - Returning cached instance of singleton bean 'userController'
 INFO [main] - Mapped URL path [/user/findOne/] onto handler 'userController'
DEBUG [main] - Returning cached instance of singleton bean 'userController'
 INFO [main] - Mapped URL path [/user/Baby_diet] onto handler 'userController'
DEBUG [main] - Returning cached instance of singleton bean 'userController'
 INFO [main] - Mapped URL path [/user/Baby_diet.*] onto handler 'userController'
DEBUG [main] - Returning cached instance of singleton bean 'userController'
 INFO [main] - Mapped URL path [/user/Baby_diet/] onto handler 'userController'
DEBUG [main] - Returning cached instance of singleton bean 'userController'
 INFO [main] - Mapped URL path [/user/checkLogin0] onto handler 'userController'
DEBUG [main] - Returning cached instance of singleton bean 'userController'
 INFO [main] - Mapped URL path [/user/checkLogin0.*] onto handler 'userController'
DEBUG [main] - Returning cached instance of singleton bean 'userController'
 INFO [main] - Mapped URL path [/user/checkLogin0/] onto handler 'userController'
DEBUG [main] - Returning cached instance of singleton bean 'userController'
 INFO [main] - Mapped URL path [/user/checkLogin1] onto handler 'userController'
DEBUG [main] - Returning cached instance of singleton bean 'userController'
 INFO [main] - Mapped URL path [/user/checkLogin1.*] onto handler 'userController'
DEBUG [main] - Returning cached instance of singleton bean 'userController'
 INFO [main] - Mapped URL path [/user/checkLogin1/] onto handler 'userController'
DEBUG [main] - Returning cached instance of singleton bean 'userController'
 INFO [main] - Mapped URL path [/user/LogOut] onto handler 'userController'
DEBUG [main] - Returning cached instance of singleton bean 'userController'
 INFO [main] - Mapped URL path [/user/LogOut.*] onto handler 'userController'
DEBUG [main] - Returning cached instance of singleton bean 'userController'
 INFO [main] - Mapped URL path [/user/LogOut/] onto handler 'userController'
DEBUG [main] - Returning cached instance of singleton bean 'userController'
 INFO [main] - Mapped URL path [/user/queryUser] onto handler 'userController'
DEBUG [main] - Returning cached instance of singleton bean 'userController'
 INFO [main] - Mapped URL path [/user/queryUser.*] onto handler 'userController'
DEBUG [main] - Returning cached instance of singleton bean 'userController'
 INFO [main] - Mapped URL path [/user/queryUser/] onto handler 'userController'
DEBUG [main] - Returning cached instance of singleton bean 'userController'
 INFO [main] - Mapped URL path [/user/delUser] onto handler 'userController'
DEBUG [main] - Returning cached instance of singleton bean 'userController'
 INFO [main] - Mapped URL path [/user/delUser.*] onto handler 'userController'
DEBUG [main] - Returning cached instance of singleton bean 'userController'
 INFO [main] - Mapped URL path [/user/delUser/] onto handler 'userController'
DEBUG [main] - Returning cached instance of singleton bean 'userController'
 INFO [main] - Mapped URL path [/user/addAdmin] onto handler 'userController'
DEBUG [main] - Returning cached instance of singleton bean 'userController'
 INFO [main] - Mapped URL path [/user/addAdmin.*] onto handler 'userController'
DEBUG [main] - Returning cached instance of singleton bean 'userController'
 INFO [main] - Mapped URL path [/user/addAdmin/] onto handler 'userController'
DEBUG [main] - Returning cached instance of singleton bean 'userController'
 INFO [main] - Mapped URL path [/user/getUserByName] onto handler 'userController'
DEBUG [main] - Returning cached instance of singleton bean 'userController'
 INFO [main] - Mapped URL path [/user/getUserByName.*] onto handler 'userController'
DEBUG [main] - Returning cached instance of singleton bean 'userController'
 INFO [main] - Mapped URL path [/user/getUserByName/] onto handler 'userController'
DEBUG [main] - Returning cached instance of singleton bean 'userController'
 INFO [main] - Mapped URL path [/user/updUser] onto handler 'userController'
DEBUG [main] - Returning cached instance of singleton bean 'userController'
 INFO [main] - Mapped URL path [/user/updUser.*] onto handler 'userController'
DEBUG [main] - Returning cached instance of singleton bean 'userController'
 INFO [main] - Mapped URL path [/user/updUser/] onto handler 'userController'
DEBUG [main] - Returning cached instance of singleton bean 'userController'
 INFO [main] - Mapped URL path [/user/Fetal_development] onto handler 'userController'
DEBUG [main] - Returning cached instance of singleton bean 'userController'
 INFO [main] - Mapped URL path [/user/Fetal_development.*] onto handler 'userController'
DEBUG [main] - Returning cached instance of singleton bean 'userController'
 INFO [main] - Mapped URL path [/user/Fetal_development/] onto handler 'userController'
DEBUG [main] - Returning cached instance of singleton bean 'userController'
 INFO [main] - Mapped URL path [/user/Infant_development] onto handler 'userController'
DEBUG [main] - Returning cached instance of singleton bean 'userController'
 INFO [main] - Mapped URL path [/user/Infant_development.*] onto handler 'userController'
DEBUG [main] - Returning cached instance of singleton bean 'userController'
 INFO [main] - Mapped URL path [/user/Infant_development/] onto handler 'userController'
DEBUG [main] - Rejected bean name 'org.springframework.context.annotation.internalConfigurationAnnotationProcessor': no URL paths identified
DEBUG [main] - Rejected bean name 'org.springframework.context.annotation.internalAutowiredAnnotationProcessor': no URL paths identified
DEBUG [main] - Rejected bean name 'org.springframework.context.annotation.internalRequiredAnnotationProcessor': no URL paths identified
DEBUG [main] - Rejected bean name 'org.springframework.context.annotation.internalCommonAnnotationProcessor': no URL paths identified
DEBUG [main] - Rejected bean name 'org.springframework.context.support.PropertySourcesPlaceholderConfigurer#0': no URL paths identified
DEBUG [main] - Rejected bean name 'dataSource': no URL paths identified
DEBUG [main] - Rejected bean name 'sqlSessionFactory': no URL paths identified
DEBUG [main] - Rejected bean name 'org.mybatis.spring.mapper.MapperScannerConfigurer#0': no URL paths identified
DEBUG [main] - Rejected bean name 'transactionManager': no URL paths identified
DEBUG [main] - Rejected bean name 'org.springframework.aop.config.internalAutoProxyCreator': no URL paths identified
DEBUG [main] - Rejected bean name 'org.springframework.transaction.annotation.AnnotationTransactionAttributeSource#0': no URL paths identified
DEBUG [main] - Rejected bean name 'org.springframework.transaction.interceptor.TransactionInterceptor#0': no URL paths identified
DEBUG [main] - Rejected bean name 'org.springframework.transaction.config.internalTransactionAdvisor': no URL paths identified
DEBUG [main] - Rejected bean name 'txadvice': no URL paths identified
DEBUG [main] - Rejected bean name 'points': no URL paths identified
DEBUG [main] - Rejected bean name 'org.springframework.aop.support.DefaultBeanFactoryPointcutAdvisor#0': no URL paths identified
DEBUG [main] - Rejected bean name 'org.springframework.context.annotation.ConfigurationClassPostProcessor.importAwareProcessor': no URL paths identified
DEBUG [main] - Rejected bean name 'org.springframework.context.annotation.ConfigurationClassPostProcessor.enhancedConfigurationProcessor': no URL paths identified
DEBUG [main] - Rejected bean name 'memberDaoMapper': no URL paths identified
DEBUG [main] - Rejected bean name 'parentingDaoMapper': no URL paths identified
DEBUG [main] - Rejected bean name 'postsDaoMapper': no URL paths identified
DEBUG [main] - Rejected bean name 'repostsDaoMapper': no URL paths identified
DEBUG [main] - Rejected bean name 'userMapper': no URL paths identified
DEBUG [main] - Rejected bean name 'environment': no URL paths identified
DEBUG [main] - Rejected bean name 'systemProperties': no URL paths identified
DEBUG [main] - Rejected bean name 'systemEnvironment': no URL paths identified
DEBUG [main] - Rejected bean name 'servletContext': no URL paths identified
DEBUG [main] - Rejected bean name 'contextParameters': no URL paths identified
DEBUG [main] - Rejected bean name 'contextAttributes': no URL paths identified
DEBUG [main] - Rejected bean name 'org.springframework.context.annotation.ConfigurationClassPostProcessor.importRegistry': no URL paths identified
DEBUG [main] - Rejected bean name 'messageSource': no URL paths identified
DEBUG [main] - Rejected bean name 'applicationEventMulticaster': no URL paths identified
DEBUG [main] - Rejected bean name 'lifecycleProcessor': no URL paths identified
DEBUG [main] - Finished creating instance of bean 'org.springframework.web.servlet.mvc.annotation.DefaultAnnotationHandlerMapping'
DEBUG [main] - No HandlerMappings found in servlet '': using default
DEBUG [main] - Creating instance of bean 'org.springframework.web.servlet.mvc.HttpRequestHandlerAdapter'
DEBUG [main] - Finished creating instance of bean 'org.springframework.web.servlet.mvc.HttpRequestHandlerAdapter'
DEBUG [main] - Creating instance of bean 'org.springframework.web.servlet.mvc.SimpleControllerHandlerAdapter'
DEBUG [main] - Finished creating instance of bean 'org.springframework.web.servlet.mvc.SimpleControllerHandlerAdapter'
DEBUG [main] - Creating instance of bean 'org.springframework.web.servlet.mvc.annotation.AnnotationMethodHandlerAdapter'
DEBUG [main] - Finished creating instance of bean 'org.springframework.web.servlet.mvc.annotation.AnnotationMethodHandlerAdapter'
DEBUG [main] - No HandlerAdapters found in servlet '': using default
DEBUG [main] - Creating instance of bean 'org.springframework.web.servlet.mvc.annotation.AnnotationMethodHandlerExceptionResolver'
DEBUG [main] - Finished creating instance of bean 'org.springframework.web.servlet.mvc.annotation.AnnotationMethodHandlerExceptionResolver'
DEBUG [main] - Creating instance of bean 'org.springframework.web.servlet.mvc.annotation.ResponseStatusExceptionResolver'
DEBUG [main] - Finished creating instance of bean 'org.springframework.web.servlet.mvc.annotation.ResponseStatusExceptionResolver'
DEBUG [main] - Creating instance of bean 'org.springframework.web.servlet.mvc.support.DefaultHandlerExceptionResolver'
DEBUG [main] - Finished creating instance of bean 'org.springframework.web.servlet.mvc.support.DefaultHandlerExceptionResolver'
DEBUG [main] - No HandlerExceptionResolvers found in servlet '': using default
DEBUG [main] - Creating instance of bean 'org.springframework.web.servlet.view.DefaultRequestToViewNameTranslator'
DEBUG [main] - Finished creating instance of bean 'org.springframework.web.servlet.view.DefaultRequestToViewNameTranslator'
DEBUG [main] - Unable to locate RequestToViewNameTranslator with name 'viewNameTranslator': using default [org.springframework.web.servlet.view.DefaultRequestToViewNameTranslator@2a76b80a]
DEBUG [main] - Creating instance of bean 'org.springframework.web.servlet.view.InternalResourceViewResolver'
DEBUG [main] - Finished creating instance of bean 'org.springframework.web.servlet.view.InternalResourceViewResolver'
DEBUG [main] - No ViewResolvers found in servlet '': using default
DEBUG [main] - Creating instance of bean 'org.springframework.web.servlet.support.SessionFlashMapManager'
DEBUG [main] - Finished creating instance of bean 'org.springframework.web.servlet.support.SessionFlashMapManager'
DEBUG [main] - Unable to locate FlashMapManager with name 'flashMapManager': using default [org.springframework.web.servlet.support.SessionFlashMapManager@7eb01b12]
DEBUG [main] - Published WebApplicationContext of servlet '' as ServletContext attribute with name [org.springframework.web.servlet.FrameworkServlet.CONTEXT.]
 INFO [main] - FrameworkServlet '': initialization completed in 35 ms
DEBUG [main] - Servlet '' configured successfully
DEBUG [main] - Creating a new SqlSession
DEBUG [main] - Registering transaction synchronization for SqlSession [org.apache.ibatis.session.defaults.DefaultSqlSession@2f4854d6]
DEBUG [main] - JDBC Connection [jdbc:mysql://127.0.0.1:3306/childcare_system?useUnicode=true&amp;characterEncoding=utf8?useUnicode=true&characterEncoding=utf8, UserName=root@localhost, MySQL-AB JDBC Driver] will be managed by Spring
DEBUG [main] - ==>  Preparing: insert into posts values(default,?,?,?,?) 
DEBUG [main] - ==> Parameters: 测试标题(String), 我是一条很长的正文(String), 2019-03-06 17:32:17.646(Timestamp), admin(String)
DEBUG [main] - <==    Updates: 1
DEBUG [main] - Releasing transactional SqlSession [org.apache.ibatis.session.defaults.DefaultSqlSession@2f4854d6]
DEBUG [main] - DispatcherServlet with name '' processing POST request for [/posts/del]
DEBUG [main] - Mapping [/posts/del] to HandlerExecutionChain with handler [com.aaa.controller.PostsController@470a696f] and 1 interceptor
DEBUG [main] - Invoking init-binder method: public void com.aaa.controller.PostsController.initBinder(org.springframework.web.bind.WebDataBinder)
DEBUG [main] - Invoking request handler method: public java.lang.String com.aaa.controller.PostsController.del(int)
DEBUG [main] - Participating in existing transaction
DEBUG [main] - Fetched SqlSession [org.apache.ibatis.session.defaults.DefaultSqlSession@2f4854d6] from current transaction
DEBUG [main] - ==>  Preparing: delete from posts where id=? 
DEBUG [main] - ==> Parameters: 151(Integer)
DEBUG [main] - <==    Updates: 1
DEBUG [main] - Releasing transactional SqlSession [org.apache.ibatis.session.defaults.DefaultSqlSession@2f4854d6]
DEBUG [main] - Invoking afterPropertiesSet() on bean with name 'redirect:queryPosts.action'
DEBUG [main] - Rendering view [org.springframework.web.servlet.view.RedirectView: name 'redirect:queryPosts.action'; URL [queryPosts.action]] in DispatcherServlet with name ''
DEBUG [main] - Successfully completed request

MockHttpServletRequest:
         HTTP Method = POST
         Request URI = /posts/del
          Parameters = {id=[151]}
             Headers = {Content-Type=[application/x-www-form-urlencoded]}

             Handler:
                Type = com.aaa.controller.PostsController

               Async:
   Was async started = false
        Async result = null

  Resolved Exception:
                Type = null

        ModelAndView:
           View name = redirect:queryPosts.action
                View = null
               Model = null

            FlashMap:

MockHttpServletResponse:
              Status = 302
       Error message = null
             Headers = {Location=[queryPosts.action]}
        Content type = null
                Body = 
       Forwarded URL = null
      Redirected URL = queryPosts.action
             Cookies = []

DEBUG [main] - No method-level @Rollback override: using default rollback [true] for test context [DefaultTestContext@335b5620 testClass = PostsControllerTest, testInstance = ControllerTest.PostsControllerTest@4a9e6faf, testMethod = delPostsTest@PostsControllerTest, testException = [null], mergedContextConfiguration = [WebMergedContextConfiguration@32709393 testClass = PostsControllerTest, locations = '{file:config/spring/applicationContext.xml}', classes = '{}', contextInitializerClasses = '[]', activeProfiles = '{}', resourceBasePath = 'src/main/webapp', contextLoader = 'org.springframework.test.context.web.WebDelegatingSmartContextLoader', parent = [null]]].
DEBUG [main] - Transaction synchronization deregistering SqlSession [org.apache.ibatis.session.defaults.DefaultSqlSession@2f4854d6]
DEBUG [main] - Transaction synchronization closing SqlSession [org.apache.ibatis.session.defaults.DefaultSqlSession@2f4854d6]
DEBUG [main] - Initiating transaction rollback
DEBUG [main] - Rolling back JDBC transaction on Connection [jdbc:mysql://127.0.0.1:3306/childcare_system?useUnicode=true&amp;characterEncoding=utf8?useUnicode=true&characterEncoding=utf8, UserName=root@localhost, MySQL-AB JDBC Driver]
DEBUG [main] - Releasing JDBC Connection [jdbc:mysql://127.0.0.1:3306/childcare_system?useUnicode=true&amp;characterEncoding=utf8?useUnicode=true&characterEncoding=utf8, UserName=root@localhost, MySQL-AB JDBC Driver] after transaction
DEBUG [main] - Returning JDBC Connection to DataSource
 INFO [main] - Rolled back transaction after test execution for test context [DefaultTestContext@335b5620 testClass = PostsControllerTest, testInstance = ControllerTest.PostsControllerTest@4a9e6faf, testMethod = delPostsTest@PostsControllerTest, testException = [null], mergedContextConfiguration = [WebMergedContextConfiguration@32709393 testClass = PostsControllerTest, locations = '{file:config/spring/applicationContext.xml}', classes = '{}', contextInitializerClasses = '[]', activeProfiles = '{}', resourceBasePath = 'src/main/webapp', contextLoader = 'org.springframework.test.context.web.WebDelegatingSmartContextLoader', parent = [null]]]
DEBUG [main] - After test method: context [DefaultTestContext@335b5620 testClass = PostsControllerTest, testInstance = ControllerTest.PostsControllerTest@4a9e6faf, testMethod = delPostsTest@PostsControllerTest, testException = [null], mergedContextConfiguration = [WebMergedContextConfiguration@32709393 testClass = PostsControllerTest, locations = '{file:config/spring/applicationContext.xml}', classes = '{}', contextInitializerClasses = '[]', activeProfiles = '{}', resourceBasePath = 'src/main/webapp', contextLoader = 'org.springframework.test.context.web.WebDelegatingSmartContextLoader', parent = [null]]], class dirties context [false], class mode [null], method dirties context [false].
DEBUG [main] - Resetting RequestContextHolder for test context [DefaultTestContext@335b5620 testClass = PostsControllerTest, testInstance = ControllerTest.PostsControllerTest@4a9e6faf, testMethod = delPostsTest@PostsControllerTest, testException = [null], mergedContextConfiguration = [WebMergedContextConfiguration@32709393 testClass = PostsControllerTest, locations = '{file:config/spring/applicationContext.xml}', classes = '{}', contextInitializerClasses = '[]', activeProfiles = '{}', resourceBasePath = 'src/main/webapp', contextLoader = 'org.springframework.test.context.web.WebDelegatingSmartContextLoader', parent = [null]]].
DEBUG [main] - Retrieved @ProfileValueSourceConfiguration [null] for test class [ControllerTest.PostsControllerTest]
DEBUG [main] - Retrieved ProfileValueSource type [class org.springframework.test.annotation.SystemProfileValueSource] for class [ControllerTest.PostsControllerTest]
DEBUG [main] - Retrieved ApplicationContext from cache with key [[WebMergedContextConfiguration@32709393 testClass = PostsControllerTest, locations = '{file:config/spring/applicationContext.xml}', classes = '{}', contextInitializerClasses = '[]', activeProfiles = '{}', resourceBasePath = 'src/main/webapp', contextLoader = 'org.springframework.test.context.web.WebDelegatingSmartContextLoader', parent = [null]]].
DEBUG [main] - Setting up MockHttpServletRequest, MockHttpServletResponse, ServletWebRequest, and RequestContextHolder for test context [DefaultTestContext@335b5620 testClass = PostsControllerTest, testInstance = ControllerTest.PostsControllerTest@2e5c7f0b, testMethod = [null], testException = [null], mergedContextConfiguration = [WebMergedContextConfiguration@32709393 testClass = PostsControllerTest, locations = '{file:config/spring/applicationContext.xml}', classes = '{}', contextInitializerClasses = '[]', activeProfiles = '{}', resourceBasePath = 'src/main/webapp', contextLoader = 'org.springframework.test.context.web.WebDelegatingSmartContextLoader', parent = [null]]].
DEBUG [main] - Performing dependency injection for test context [[DefaultTestContext@335b5620 testClass = PostsControllerTest, testInstance = ControllerTest.PostsControllerTest@2e5c7f0b, testMethod = [null], testException = [null], mergedContextConfiguration = [WebMergedContextConfiguration@32709393 testClass = PostsControllerTest, locations = '{file:config/spring/applicationContext.xml}', classes = '{}', contextInitializerClasses = '[]', activeProfiles = '{}', resourceBasePath = 'src/main/webapp', contextLoader = 'org.springframework.test.context.web.WebDelegatingSmartContextLoader', parent = [null]]]].
DEBUG [main] - Retrieved ApplicationContext from cache with key [[WebMergedContextConfiguration@32709393 testClass = PostsControllerTest, locations = '{file:config/spring/applicationContext.xml}', classes = '{}', contextInitializerClasses = '[]', activeProfiles = '{}', resourceBasePath = 'src/main/webapp', contextLoader = 'org.springframework.test.context.web.WebDelegatingSmartContextLoader', parent = [null]]].
DEBUG [main] - Processing injected method of bean 'ControllerTest.PostsControllerTest': AutowiredFieldElement for private org.springframework.web.context.WebApplicationContext Base.BaseControllerTest.webApplicationContext
DEBUG [main] - Processing injected method of bean 'ControllerTest.PostsControllerTest': AutowiredFieldElement for private com.aaa.mapper.PostsDaoMapper ControllerTest.PostsControllerTest.postsMapper
DEBUG [main] - Returning cached instance of singleton bean 'postsDaoMapper'
DEBUG [main] - Returning cached instance of singleton bean 'org.springframework.transaction.config.internalTransactionAdvisor'
DEBUG [main] - Returning cached instance of singleton bean 'org.springframework.aop.support.DefaultBeanFactoryPointcutAdvisor#0'
DEBUG [main] - Returning cached instance of singleton bean 'org.springframework.transaction.config.internalTransactionAdvisor'
DEBUG [main] - Returning cached instance of singleton bean 'org.springframework.aop.support.DefaultBeanFactoryPointcutAdvisor#0'
DEBUG [main] - Creating implicit proxy for bean 'ControllerTest.PostsControllerTest' with 0 common interceptors and 1 specific interceptors
DEBUG [main] - Creating CGLIB proxy: target source is SingletonTargetSource for target object [ControllerTest.PostsControllerTest@2e5c7f0b]
DEBUG [main] - Adding transactional method 'PostsControllerTest.findOneTest' with attribute: PROPAGATION_REQUIRED,ISOLATION_DEFAULT; ''
DEBUG [main] - Explicit transaction definition [PROPAGATION_REQUIRED,ISOLATION_DEFAULT; ''] found for test context [DefaultTestContext@335b5620 testClass = PostsControllerTest, testInstance = ControllerTest.PostsControllerTest@2e5c7f0b, testMethod = findOneTest@PostsControllerTest, testException = [null], mergedContextConfiguration = [WebMergedContextConfiguration@32709393 testClass = PostsControllerTest, locations = '{file:config/spring/applicationContext.xml}', classes = '{}', contextInitializerClasses = '[]', activeProfiles = '{}', resourceBasePath = 'src/main/webapp', contextLoader = 'org.springframework.test.context.web.WebDelegatingSmartContextLoader', parent = [null]]]
DEBUG [main] - Retrieved ApplicationContext from cache with key [[WebMergedContextConfiguration@32709393 testClass = PostsControllerTest, locations = '{file:config/spring/applicationContext.xml}', classes = '{}', contextInitializerClasses = '[]', activeProfiles = '{}', resourceBasePath = 'src/main/webapp', contextLoader = 'org.springframework.test.context.web.WebDelegatingSmartContextLoader', parent = [null]]].
DEBUG [main] - Returning cached instance of singleton bean 'transactionManager'
DEBUG [main] - Creating new transaction with name [findOneTest]: PROPAGATION_REQUIRED,ISOLATION_DEFAULT; ''
DEBUG [main] - Acquired Connection [jdbc:mysql://127.0.0.1:3306/childcare_system?useUnicode=true&amp;characterEncoding=utf8?useUnicode=true&characterEncoding=utf8, UserName=root@localhost, MySQL-AB JDBC Driver] for JDBC transaction
DEBUG [main] - Switching JDBC Connection [jdbc:mysql://127.0.0.1:3306/childcare_system?useUnicode=true&amp;characterEncoding=utf8?useUnicode=true&characterEncoding=utf8, UserName=root@localhost, MySQL-AB JDBC Driver] to manual commit
DEBUG [main] - No method-level @Rollback override: using default rollback [true] for test context [DefaultTestContext@335b5620 testClass = PostsControllerTest, testInstance = ControllerTest.PostsControllerTest@2e5c7f0b, testMethod = findOneTest@PostsControllerTest, testException = [null], mergedContextConfiguration = [WebMergedContextConfiguration@32709393 testClass = PostsControllerTest, locations = '{file:config/spring/applicationContext.xml}', classes = '{}', contextInitializerClasses = '[]', activeProfiles = '{}', resourceBasePath = 'src/main/webapp', contextLoader = 'org.springframework.test.context.web.WebDelegatingSmartContextLoader', parent = [null]]].
 INFO [main] - Began transaction (5) for test context [DefaultTestContext@335b5620 testClass = PostsControllerTest, testInstance = ControllerTest.PostsControllerTest@2e5c7f0b, testMethod = findOneTest@PostsControllerTest, testException = [null], mergedContextConfiguration = [WebMergedContextConfiguration@32709393 testClass = PostsControllerTest, locations = '{file:config/spring/applicationContext.xml}', classes = '{}', contextInitializerClasses = '[]', activeProfiles = '{}', resourceBasePath = 'src/main/webapp', contextLoader = 'org.springframework.test.context.web.WebDelegatingSmartContextLoader', parent = [null]]]; transaction manager [org.springframework.jdbc.datasource.DataSourceTransactionManager@e84a8e1]; rollback [true]
DEBUG [main] - Initializing servlet ''
DEBUG [main] - Adding [servletConfigInitParams] PropertySource with lowest search precedence
DEBUG [main] - Adding [servletContextInitParams] PropertySource with lowest search precedence
DEBUG [main] - Adding [jndiProperties] PropertySource with lowest search precedence
DEBUG [main] - Adding [systemProperties] PropertySource with lowest search precedence
DEBUG [main] - Adding [systemEnvironment] PropertySource with lowest search precedence
DEBUG [main] - Initialized StandardServletEnvironment with PropertySources [servletConfigInitParams,servletContextInitParams,jndiProperties,systemProperties,systemEnvironment]
 INFO [main] - Initializing Spring FrameworkServlet ''
 INFO [main] - FrameworkServlet '': initialization started
DEBUG [main] - Unable to locate MultipartResolver with name 'multipartResolver': no multipart request handling provided
DEBUG [main] - Creating instance of bean 'org.springframework.web.servlet.i18n.AcceptHeaderLocaleResolver'
DEBUG [main] - Finished creating instance of bean 'org.springframework.web.servlet.i18n.AcceptHeaderLocaleResolver'
DEBUG [main] - Unable to locate LocaleResolver with name 'localeResolver': using default [org.springframework.web.servlet.i18n.AcceptHeaderLocaleResolver@11389053]
DEBUG [main] - Creating instance of bean 'org.springframework.web.servlet.theme.FixedThemeResolver'
DEBUG [main] - Finished creating instance of bean 'org.springframework.web.servlet.theme.FixedThemeResolver'
DEBUG [main] - Unable to locate ThemeResolver with name 'themeResolver': using default [org.springframework.web.servlet.theme.FixedThemeResolver@5db99216]
DEBUG [main] - Creating instance of bean 'org.springframework.web.servlet.handler.BeanNameUrlHandlerMapping'
DEBUG [main] - Looking for URL mappings in application context: org.springframework.web.context.support.GenericWebApplicationContext@4d95d2a2: startup date [Wed Mar 06 17:32:15 CST 2019]; root of context hierarchy
DEBUG [main] - Rejected bean name 'memberBizImpl': no URL paths identified
DEBUG [main] - Rejected bean name 'parentingBizImpl': no URL paths identified
DEBUG [main] - Rejected bean name 'postsBizImpl': no URL paths identified
DEBUG [main] - Rejected bean name 'repostsBizImpl': no URL paths identified
DEBUG [main] - Rejected bean name 'userBizImpl': no URL paths identified
DEBUG [main] - Rejected bean name 'memberController': no URL paths identified
DEBUG [main] - Rejected bean name 'parentingController': no URL paths identified
DEBUG [main] - Rejected bean name 'postsController': no URL paths identified
DEBUG [main] - Rejected bean name 'repostsController': no URL paths identified
DEBUG [main] - Rejected bean name 'userController': no URL paths identified
DEBUG [main] - Rejected bean name 'org.springframework.context.annotation.internalConfigurationAnnotationProcessor': no URL paths identified
DEBUG [main] - Rejected bean name 'org.springframework.context.annotation.internalAutowiredAnnotationProcessor': no URL paths identified
DEBUG [main] - Rejected bean name 'org.springframework.context.annotation.internalRequiredAnnotationProcessor': no URL paths identified
DEBUG [main] - Rejected bean name 'org.springframework.context.annotation.internalCommonAnnotationProcessor': no URL paths identified
DEBUG [main] - Rejected bean name 'org.springframework.context.support.PropertySourcesPlaceholderConfigurer#0': no URL paths identified
DEBUG [main] - Rejected bean name 'dataSource': no URL paths identified
DEBUG [main] - Rejected bean name 'sqlSessionFactory': no URL paths identified
DEBUG [main] - Rejected bean name 'org.mybatis.spring.mapper.MapperScannerConfigurer#0': no URL paths identified
DEBUG [main] - Rejected bean name 'transactionManager': no URL paths identified
DEBUG [main] - Rejected bean name 'org.springframework.aop.config.internalAutoProxyCreator': no URL paths identified
DEBUG [main] - Rejected bean name 'org.springframework.transaction.annotation.AnnotationTransactionAttributeSource#0': no URL paths identified
DEBUG [main] - Rejected bean name 'org.springframework.transaction.interceptor.TransactionInterceptor#0': no URL paths identified
DEBUG [main] - Rejected bean name 'org.springframework.transaction.config.internalTransactionAdvisor': no URL paths identified
DEBUG [main] - Rejected bean name 'txadvice': no URL paths identified
DEBUG [main] - Rejected bean name 'points': no URL paths identified
DEBUG [main] - Rejected bean name 'org.springframework.aop.support.DefaultBeanFactoryPointcutAdvisor#0': no URL paths identified
DEBUG [main] - Rejected bean name 'org.springframework.context.annotation.ConfigurationClassPostProcessor.importAwareProcessor': no URL paths identified
DEBUG [main] - Rejected bean name 'org.springframework.context.annotation.ConfigurationClassPostProcessor.enhancedConfigurationProcessor': no URL paths identified
DEBUG [main] - Rejected bean name 'memberDaoMapper': no URL paths identified
DEBUG [main] - Rejected bean name 'parentingDaoMapper': no URL paths identified
DEBUG [main] - Rejected bean name 'postsDaoMapper': no URL paths identified
DEBUG [main] - Rejected bean name 'repostsDaoMapper': no URL paths identified
DEBUG [main] - Rejected bean name 'userMapper': no URL paths identified
DEBUG [main] - Rejected bean name 'environment': no URL paths identified
DEBUG [main] - Rejected bean name 'systemProperties': no URL paths identified
DEBUG [main] - Rejected bean name 'systemEnvironment': no URL paths identified
DEBUG [main] - Rejected bean name 'servletContext': no URL paths identified
DEBUG [main] - Rejected bean name 'contextParameters': no URL paths identified
DEBUG [main] - Rejected bean name 'contextAttributes': no URL paths identified
DEBUG [main] - Rejected bean name 'org.springframework.context.annotation.ConfigurationClassPostProcessor.importRegistry': no URL paths identified
DEBUG [main] - Rejected bean name 'messageSource': no URL paths identified
DEBUG [main] - Rejected bean name 'applicationEventMulticaster': no URL paths identified
DEBUG [main] - Rejected bean name 'lifecycleProcessor': no URL paths identified
DEBUG [main] - Finished creating instance of bean 'org.springframework.web.servlet.handler.BeanNameUrlHandlerMapping'
DEBUG [main] - Creating instance of bean 'org.springframework.web.servlet.mvc.annotation.DefaultAnnotationHandlerMapping'
DEBUG [main] - Looking for URL mappings in application context: org.springframework.web.context.support.GenericWebApplicationContext@4d95d2a2: startup date [Wed Mar 06 17:32:15 CST 2019]; root of context hierarchy
DEBUG [main] - Rejected bean name 'memberBizImpl': no URL paths identified
DEBUG [main] - Rejected bean name 'parentingBizImpl': no URL paths identified
DEBUG [main] - Rejected bean name 'postsBizImpl': no URL paths identified
DEBUG [main] - Rejected bean name 'repostsBizImpl': no URL paths identified
DEBUG [main] - Rejected bean name 'userBizImpl': no URL paths identified
DEBUG [main] - Returning cached instance of singleton bean 'memberController'
 INFO [main] - Mapped URL path [/member/addMember] onto handler 'memberController'
DEBUG [main] - Returning cached instance of singleton bean 'memberController'
 INFO [main] - Mapped URL path [/member/addMember.*] onto handler 'memberController'
DEBUG [main] - Returning cached instance of singleton bean 'memberController'
 INFO [main] - Mapped URL path [/member/addMember/] onto handler 'memberController'
DEBUG [main] - Returning cached instance of singleton bean 'memberController'
 INFO [main] - Mapped URL path [/member/queryMember] onto handler 'memberController'
DEBUG [main] - Returning cached instance of singleton bean 'memberController'
 INFO [main] - Mapped URL path [/member/queryMember.*] onto handler 'memberController'
DEBUG [main] - Returning cached instance of singleton bean 'memberController'
 INFO [main] - Mapped URL path [/member/queryMember/] onto handler 'memberController'
DEBUG [main] - Returning cached instance of singleton bean 'memberController'
 INFO [main] - Mapped URL path [/member/updPass] onto handler 'memberController'
DEBUG [main] - Returning cached instance of singleton bean 'memberController'
 INFO [main] - Mapped URL path [/member/updPass.*] onto handler 'memberController'
DEBUG [main] - Returning cached instance of singleton bean 'memberController'
 INFO [main] - Mapped URL path [/member/updPass/] onto handler 'memberController'
DEBUG [main] - Returning cached instance of singleton bean 'memberController'
 INFO [main] - Mapped URL path [/member/updReject] onto handler 'memberController'
DEBUG [main] - Returning cached instance of singleton bean 'memberController'
 INFO [main] - Mapped URL path [/member/updReject.*] onto handler 'memberController'
DEBUG [main] - Returning cached instance of singleton bean 'memberController'
 INFO [main] - Mapped URL path [/member/updReject/] onto handler 'memberController'
DEBUG [main] - Returning cached instance of singleton bean 'parentingController'
 INFO [main] - Mapped URL path [/parenting/findOne] onto handler 'parentingController'
DEBUG [main] - Returning cached instance of singleton bean 'parentingController'
 INFO [main] - Mapped URL path [/parenting/findOne.*] onto handler 'parentingController'
DEBUG [main] - Returning cached instance of singleton bean 'parentingController'
 INFO [main] - Mapped URL path [/parenting/findOne/] onto handler 'parentingController'
DEBUG [main] - Returning cached instance of singleton bean 'parentingController'
 INFO [main] - Mapped URL path [/parenting/addParenting] onto handler 'parentingController'
DEBUG [main] - Returning cached instance of singleton bean 'parentingController'
 INFO [main] - Mapped URL path [/parenting/addParenting.*] onto handler 'parentingController'
DEBUG [main] - Returning cached instance of singleton bean 'parentingController'
 INFO [main] - Mapped URL path [/parenting/addParenting/] onto handler 'parentingController'
DEBUG [main] - Returning cached instance of singleton bean 'parentingController'
 INFO [main] - Mapped URL path [/parenting/del] onto handler 'parentingController'
DEBUG [main] - Returning cached instance of singleton bean 'parentingController'
 INFO [main] - Mapped URL path [/parenting/del.*] onto handler 'parentingController'
DEBUG [main] - Returning cached instance of singleton bean 'parentingController'
 INFO [main] - Mapped URL path [/parenting/del/] onto handler 'parentingController'
DEBUG [main] - Returning cached instance of singleton bean 'parentingController'
 INFO [main] - Mapped URL path [/parenting/updParenting] onto handler 'parentingController'
DEBUG [main] - Returning cached instance of singleton bean 'parentingController'
 INFO [main] - Mapped URL path [/parenting/updParenting.*] onto handler 'parentingController'
DEBUG [main] - Returning cached instance of singleton bean 'parentingController'
 INFO [main] - Mapped URL path [/parenting/updParenting/] onto handler 'parentingController'
DEBUG [main] - Returning cached instance of singleton bean 'parentingController'
 INFO [main] - Mapped URL path [/parenting/getParentingByAuthor] onto handler 'parentingController'
DEBUG [main] - Returning cached instance of singleton bean 'parentingController'
 INFO [main] - Mapped URL path [/parenting/getParentingByAuthor.*] onto handler 'parentingController'
DEBUG [main] - Returning cached instance of singleton bean 'parentingController'
 INFO [main] - Mapped URL path [/parenting/getParentingByAuthor/] onto handler 'parentingController'
DEBUG [main] - Returning cached instance of singleton bean 'postsController'
 INFO [main] - Mapped URL path [/posts/findOne] onto handler 'postsController'
DEBUG [main] - Returning cached instance of singleton bean 'postsController'
 INFO [main] - Mapped URL path [/posts/findOne.*] onto handler 'postsController'
DEBUG [main] - Returning cached instance of singleton bean 'postsController'
 INFO [main] - Mapped URL path [/posts/findOne/] onto handler 'postsController'
DEBUG [main] - Returning cached instance of singleton bean 'postsController'
 INFO [main] - Mapped URL path [/posts/getPostsById] onto handler 'postsController'
DEBUG [main] - Returning cached instance of singleton bean 'postsController'
 INFO [main] - Mapped URL path [/posts/getPostsById.*] onto handler 'postsController'
DEBUG [main] - Returning cached instance of singleton bean 'postsController'
 INFO [main] - Mapped URL path [/posts/getPostsById/] onto handler 'postsController'
DEBUG [main] - Returning cached instance of singleton bean 'postsController'
 INFO [main] - Mapped URL path [/posts/returnIndex] onto handler 'postsController'
DEBUG [main] - Returning cached instance of singleton bean 'postsController'
 INFO [main] - Mapped URL path [/posts/returnIndex.*] onto handler 'postsController'
DEBUG [main] - Returning cached instance of singleton bean 'postsController'
 INFO [main] - Mapped URL path [/posts/returnIndex/] onto handler 'postsController'
DEBUG [main] - Returning cached instance of singleton bean 'postsController'
 INFO [main] - Mapped URL path [/posts/showIndex] onto handler 'postsController'
DEBUG [main] - Returning cached instance of singleton bean 'postsController'
 INFO [main] - Mapped URL path [/posts/showIndex.*] onto handler 'postsController'
DEBUG [main] - Returning cached instance of singleton bean 'postsController'
 INFO [main] - Mapped URL path [/posts/showIndex/] onto handler 'postsController'
DEBUG [main] - Returning cached instance of singleton bean 'postsController'
 INFO [main] - Mapped URL path [/posts/showAllPost] onto handler 'postsController'
DEBUG [main] - Returning cached instance of singleton bean 'postsController'
 INFO [main] - Mapped URL path [/posts/showAllPost.*] onto handler 'postsController'
DEBUG [main] - Returning cached instance of singleton bean 'postsController'
 INFO [main] - Mapped URL path [/posts/showAllPost/] onto handler 'postsController'
DEBUG [main] - Returning cached instance of singleton bean 'postsController'
 INFO [main] - Mapped URL path [/posts/queryPosts] onto handler 'postsController'
DEBUG [main] - Returning cached instance of singleton bean 'postsController'
 INFO [main] - Mapped URL path [/posts/queryPosts.*] onto handler 'postsController'
DEBUG [main] - Returning cached instance of singleton bean 'postsController'
 INFO [main] - Mapped URL path [/posts/queryPosts/] onto handler 'postsController'
DEBUG [main] - Returning cached instance of singleton bean 'postsController'
 INFO [main] - Mapped URL path [/posts/addPosts] onto handler 'postsController'
DEBUG [main] - Returning cached instance of singleton bean 'postsController'
 INFO [main] - Mapped URL path [/posts/addPosts.*] onto handler 'postsController'
DEBUG [main] - Returning cached instance of singleton bean 'postsController'
 INFO [main] - Mapped URL path [/posts/addPosts/] onto handler 'postsController'
DEBUG [main] - Returning cached instance of singleton bean 'postsController'
 INFO [main] - Mapped URL path [/posts/del] onto handler 'postsController'
DEBUG [main] - Returning cached instance of singleton bean 'postsController'
 INFO [main] - Mapped URL path [/posts/del.*] onto handler 'postsController'
DEBUG [main] - Returning cached instance of singleton bean 'postsController'
 INFO [main] - Mapped URL path [/posts/del/] onto handler 'postsController'
DEBUG [main] - Returning cached instance of singleton bean 'postsController'
 INFO [main] - Mapped URL path [/posts/findSameCity] onto handler 'postsController'
DEBUG [main] - Returning cached instance of singleton bean 'postsController'
 INFO [main] - Mapped URL path [/posts/findSameCity.*] onto handler 'postsController'
DEBUG [main] - Returning cached instance of singleton bean 'postsController'
 INFO [main] - Mapped URL path [/posts/findSameCity/] onto handler 'postsController'
DEBUG [main] - Returning cached instance of singleton bean 'postsController'
 INFO [main] - Mapped URL path [/posts/findSameAge] onto handler 'postsController'
DEBUG [main] - Returning cached instance of singleton bean 'postsController'
 INFO [main] - Mapped URL path [/posts/findSameAge.*] onto handler 'postsController'
DEBUG [main] - Returning cached instance of singleton bean 'postsController'
 INFO [main] - Mapped URL path [/posts/findSameAge/] onto handler 'postsController'
DEBUG [main] - Returning cached instance of singleton bean 'postsController'
 INFO [main] - Mapped URL path [/posts/updPosts] onto handler 'postsController'
DEBUG [main] - Returning cached instance of singleton bean 'postsController'
 INFO [main] - Mapped URL path [/posts/updPosts.*] onto handler 'postsController'
DEBUG [main] - Returning cached instance of singleton bean 'postsController'
 INFO [main] - Mapped URL path [/posts/updPosts/] onto handler 'postsController'
DEBUG [main] - Returning cached instance of singleton bean 'postsController'
 INFO [main] - Mapped URL path [/posts/getPostsByName] onto handler 'postsController'
DEBUG [main] - Returning cached instance of singleton bean 'postsController'
 INFO [main] - Mapped URL path [/posts/getPostsByName.*] onto handler 'postsController'
DEBUG [main] - Returning cached instance of singleton bean 'postsController'
 INFO [main] - Mapped URL path [/posts/getPostsByName/] onto handler 'postsController'
DEBUG [main] - Returning cached instance of singleton bean 'postsController'
 INFO [main] - Mapped URL path [/posts/findSameCityAndAge] onto handler 'postsController'
DEBUG [main] - Returning cached instance of singleton bean 'postsController'
 INFO [main] - Mapped URL path [/posts/findSameCityAndAge.*] onto handler 'postsController'
DEBUG [main] - Returning cached instance of singleton bean 'postsController'
 INFO [main] - Mapped URL path [/posts/findSameCityAndAge/] onto handler 'postsController'
DEBUG [main] - Returning cached instance of singleton bean 'repostsController'
 INFO [main] - Mapped URL path [/reposts/findOne] onto handler 'repostsController'
DEBUG [main] - Returning cached instance of singleton bean 'repostsController'
 INFO [main] - Mapped URL path [/reposts/findOne.*] onto handler 'repostsController'
DEBUG [main] - Returning cached instance of singleton bean 'repostsController'
 INFO [main] - Mapped URL path [/reposts/findOne/] onto handler 'repostsController'
DEBUG [main] - Returning cached instance of singleton bean 'repostsController'
 INFO [main] - Mapped URL path [/reposts/addReposts] onto handler 'repostsController'
DEBUG [main] - Returning cached instance of singleton bean 'repostsController'
 INFO [main] - Mapped URL path [/reposts/addReposts.*] onto handler 'repostsController'
DEBUG [main] - Returning cached instance of singleton bean 'repostsController'
 INFO [main] - Mapped URL path [/reposts/addReposts/] onto handler 'repostsController'
DEBUG [main] - Returning cached instance of singleton bean 'repostsController'
 INFO [main] - Mapped URL path [/reposts/queryReposts] onto handler 'repostsController'
DEBUG [main] - Returning cached instance of singleton bean 'repostsController'
 INFO [main] - Mapped URL path [/reposts/queryReposts.*] onto handler 'repostsController'
DEBUG [main] - Returning cached instance of singleton bean 'repostsController'
 INFO [main] - Mapped URL path [/reposts/queryReposts/] onto handler 'repostsController'
DEBUG [main] - Returning cached instance of singleton bean 'repostsController'
 INFO [main] - Mapped URL path [/reposts/del] onto handler 'repostsController'
DEBUG [main] - Returning cached instance of singleton bean 'repostsController'
 INFO [main] - Mapped URL path [/reposts/del.*] onto handler 'repostsController'
DEBUG [main] - Returning cached instance of singleton bean 'repostsController'
 INFO [main] - Mapped URL path [/reposts/del/] onto handler 'repostsController'
DEBUG [main] - Returning cached instance of singleton bean 'repostsController'
 INFO [main] - Mapped URL path [/reposts/updReposts] onto handler 'repostsController'
DEBUG [main] - Returning cached instance of singleton bean 'repostsController'
 INFO [main] - Mapped URL path [/reposts/updReposts.*] onto handler 'repostsController'
DEBUG [main] - Returning cached instance of singleton bean 'repostsController'
 INFO [main] - Mapped URL path [/reposts/updReposts/] onto handler 'repostsController'
DEBUG [main] - Returning cached instance of singleton bean 'userController'
 INFO [main] - Mapped URL path [/user/register] onto handler 'userController'
DEBUG [main] - Returning cached instance of singleton bean 'userController'
 INFO [main] - Mapped URL path [/user/register.*] onto handler 'userController'
DEBUG [main] - Returning cached instance of singleton bean 'userController'
 INFO [main] - Mapped URL path [/user/register/] onto handler 'userController'
DEBUG [main] - Returning cached instance of singleton bean 'userController'
 INFO [main] - Mapped URL path [/user/findOne] onto handler 'userController'
DEBUG [main] - Returning cached instance of singleton bean 'userController'
 INFO [main] - Mapped URL path [/user/findOne.*] onto handler 'userController'
DEBUG [main] - Returning cached instance of singleton bean 'userController'
 INFO [main] - Mapped URL path [/user/findOne/] onto handler 'userController'
DEBUG [main] - Returning cached instance of singleton bean 'userController'
 INFO [main] - Mapped URL path [/user/Baby_diet] onto handler 'userController'
DEBUG [main] - Returning cached instance of singleton bean 'userController'
 INFO [main] - Mapped URL path [/user/Baby_diet.*] onto handler 'userController'
DEBUG [main] - Returning cached instance of singleton bean 'userController'
 INFO [main] - Mapped URL path [/user/Baby_diet/] onto handler 'userController'
DEBUG [main] - Returning cached instance of singleton bean 'userController'
 INFO [main] - Mapped URL path [/user/checkLogin0] onto handler 'userController'
DEBUG [main] - Returning cached instance of singleton bean 'userController'
 INFO [main] - Mapped URL path [/user/checkLogin0.*] onto handler 'userController'
DEBUG [main] - Returning cached instance of singleton bean 'userController'
 INFO [main] - Mapped URL path [/user/checkLogin0/] onto handler 'userController'
DEBUG [main] - Returning cached instance of singleton bean 'userController'
 INFO [main] - Mapped URL path [/user/checkLogin1] onto handler 'userController'
DEBUG [main] - Returning cached instance of singleton bean 'userController'
 INFO [main] - Mapped URL path [/user/checkLogin1.*] onto handler 'userController'
DEBUG [main] - Returning cached instance of singleton bean 'userController'
 INFO [main] - Mapped URL path [/user/checkLogin1/] onto handler 'userController'
DEBUG [main] - Returning cached instance of singleton bean 'userController'
 INFO [main] - Mapped URL path [/user/LogOut] onto handler 'userController'
DEBUG [main] - Returning cached instance of singleton bean 'userController'
 INFO [main] - Mapped URL path [/user/LogOut.*] onto handler 'userController'
DEBUG [main] - Returning cached instance of singleton bean 'userController'
 INFO [main] - Mapped URL path [/user/LogOut/] onto handler 'userController'
DEBUG [main] - Returning cached instance of singleton bean 'userController'
 INFO [main] - Mapped URL path [/user/queryUser] onto handler 'userController'
DEBUG [main] - Returning cached instance of singleton bean 'userController'
 INFO [main] - Mapped URL path [/user/queryUser.*] onto handler 'userController'
DEBUG [main] - Returning cached instance of singleton bean 'userController'
 INFO [main] - Mapped URL path [/user/queryUser/] onto handler 'userController'
DEBUG [main] - Returning cached instance of singleton bean 'userController'
 INFO [main] - Mapped URL path [/user/delUser] onto handler 'userController'
DEBUG [main] - Returning cached instance of singleton bean 'userController'
 INFO [main] - Mapped URL path [/user/delUser.*] onto handler 'userController'
DEBUG [main] - Returning cached instance of singleton bean 'userController'
 INFO [main] - Mapped URL path [/user/delUser/] onto handler 'userController'
DEBUG [main] - Returning cached instance of singleton bean 'userController'
 INFO [main] - Mapped URL path [/user/addAdmin] onto handler 'userController'
DEBUG [main] - Returning cached instance of singleton bean 'userController'
 INFO [main] - Mapped URL path [/user/addAdmin.*] onto handler 'userController'
DEBUG [main] - Returning cached instance of singleton bean 'userController'
 INFO [main] - Mapped URL path [/user/addAdmin/] onto handler 'userController'
DEBUG [main] - Returning cached instance of singleton bean 'userController'
 INFO [main] - Mapped URL path [/user/getUserByName] onto handler 'userController'
DEBUG [main] - Returning cached instance of singleton bean 'userController'
 INFO [main] - Mapped URL path [/user/getUserByName.*] onto handler 'userController'
DEBUG [main] - Returning cached instance of singleton bean 'userController'
 INFO [main] - Mapped URL path [/user/getUserByName/] onto handler 'userController'
DEBUG [main] - Returning cached instance of singleton bean 'userController'
 INFO [main] - Mapped URL path [/user/updUser] onto handler 'userController'
DEBUG [main] - Returning cached instance of singleton bean 'userController'
 INFO [main] - Mapped URL path [/user/updUser.*] onto handler 'userController'
DEBUG [main] - Returning cached instance of singleton bean 'userController'
 INFO [main] - Mapped URL path [/user/updUser/] onto handler 'userController'
DEBUG [main] - Returning cached instance of singleton bean 'userController'
 INFO [main] - Mapped URL path [/user/Fetal_development] onto handler 'userController'
DEBUG [main] - Returning cached instance of singleton bean 'userController'
 INFO [main] - Mapped URL path [/user/Fetal_development.*] onto handler 'userController'
DEBUG [main] - Returning cached instance of singleton bean 'userController'
 INFO [main] - Mapped URL path [/user/Fetal_development/] onto handler 'userController'
DEBUG [main] - Returning cached instance of singleton bean 'userController'
 INFO [main] - Mapped URL path [/user/Infant_development] onto handler 'userController'
DEBUG [main] - Returning cached instance of singleton bean 'userController'
 INFO [main] - Mapped URL path [/user/Infant_development.*] onto handler 'userController'
DEBUG [main] - Returning cached instance of singleton bean 'userController'
 INFO [main] - Mapped URL path [/user/Infant_development/] onto handler 'userController'
DEBUG [main] - Rejected bean name 'org.springframework.context.annotation.internalConfigurationAnnotationProcessor': no URL paths identified
DEBUG [main] - Rejected bean name 'org.springframework.context.annotation.internalAutowiredAnnotationProcessor': no URL paths identified
DEBUG [main] - Rejected bean name 'org.springframework.context.annotation.internalRequiredAnnotationProcessor': no URL paths identified
DEBUG [main] - Rejected bean name 'org.springframework.context.annotation.internalCommonAnnotationProcessor': no URL paths identified
DEBUG [main] - Rejected bean name 'org.springframework.context.support.PropertySourcesPlaceholderConfigurer#0': no URL paths identified
DEBUG [main] - Rejected bean name 'dataSource': no URL paths identified
DEBUG [main] - Rejected bean name 'sqlSessionFactory': no URL paths identified
DEBUG [main] - Rejected bean name 'org.mybatis.spring.mapper.MapperScannerConfigurer#0': no URL paths identified
DEBUG [main] - Rejected bean name 'transactionManager': no URL paths identified
DEBUG [main] - Rejected bean name 'org.springframework.aop.config.internalAutoProxyCreator': no URL paths identified
DEBUG [main] - Rejected bean name 'org.springframework.transaction.annotation.AnnotationTransactionAttributeSource#0': no URL paths identified
DEBUG [main] - Rejected bean name 'org.springframework.transaction.interceptor.TransactionInterceptor#0': no URL paths identified
DEBUG [main] - Rejected bean name 'org.springframework.transaction.config.internalTransactionAdvisor': no URL paths identified
DEBUG [main] - Rejected bean name 'txadvice': no URL paths identified
DEBUG [main] - Rejected bean name 'points': no URL paths identified
DEBUG [main] - Rejected bean name 'org.springframework.aop.support.DefaultBeanFactoryPointcutAdvisor#0': no URL paths identified
DEBUG [main] - Rejected bean name 'org.springframework.context.annotation.ConfigurationClassPostProcessor.importAwareProcessor': no URL paths identified
DEBUG [main] - Rejected bean name 'org.springframework.context.annotation.ConfigurationClassPostProcessor.enhancedConfigurationProcessor': no URL paths identified
DEBUG [main] - Rejected bean name 'memberDaoMapper': no URL paths identified
DEBUG [main] - Rejected bean name 'parentingDaoMapper': no URL paths identified
DEBUG [main] - Rejected bean name 'postsDaoMapper': no URL paths identified
DEBUG [main] - Rejected bean name 'repostsDaoMapper': no URL paths identified
DEBUG [main] - Rejected bean name 'userMapper': no URL paths identified
DEBUG [main] - Rejected bean name 'environment': no URL paths identified
DEBUG [main] - Rejected bean name 'systemProperties': no URL paths identified
DEBUG [main] - Rejected bean name 'systemEnvironment': no URL paths identified
DEBUG [main] - Rejected bean name 'servletContext': no URL paths identified
DEBUG [main] - Rejected bean name 'contextParameters': no URL paths identified
DEBUG [main] - Rejected bean name 'contextAttributes': no URL paths identified
DEBUG [main] - Rejected bean name 'org.springframework.context.annotation.ConfigurationClassPostProcessor.importRegistry': no URL paths identified
DEBUG [main] - Rejected bean name 'messageSource': no URL paths identified
DEBUG [main] - Rejected bean name 'applicationEventMulticaster': no URL paths identified
DEBUG [main] - Rejected bean name 'lifecycleProcessor': no URL paths identified
DEBUG [main] - Finished creating instance of bean 'org.springframework.web.servlet.mvc.annotation.DefaultAnnotationHandlerMapping'
DEBUG [main] - No HandlerMappings found in servlet '': using default
DEBUG [main] - Creating instance of bean 'org.springframework.web.servlet.mvc.HttpRequestHandlerAdapter'
DEBUG [main] - Finished creating instance of bean 'org.springframework.web.servlet.mvc.HttpRequestHandlerAdapter'
DEBUG [main] - Creating instance of bean 'org.springframework.web.servlet.mvc.SimpleControllerHandlerAdapter'
DEBUG [main] - Finished creating instance of bean 'org.springframework.web.servlet.mvc.SimpleControllerHandlerAdapter'
DEBUG [main] - Creating instance of bean 'org.springframework.web.servlet.mvc.annotation.AnnotationMethodHandlerAdapter'
DEBUG [main] - Finished creating instance of bean 'org.springframework.web.servlet.mvc.annotation.AnnotationMethodHandlerAdapter'
DEBUG [main] - No HandlerAdapters found in servlet '': using default
DEBUG [main] - Creating instance of bean 'org.springframework.web.servlet.mvc.annotation.AnnotationMethodHandlerExceptionResolver'
DEBUG [main] - Finished creating instance of bean 'org.springframework.web.servlet.mvc.annotation.AnnotationMethodHandlerExceptionResolver'
DEBUG [main] - Creating instance of bean 'org.springframework.web.servlet.mvc.annotation.ResponseStatusExceptionResolver'
DEBUG [main] - Finished creating instance of bean 'org.springframework.web.servlet.mvc.annotation.ResponseStatusExceptionResolver'
DEBUG [main] - Creating instance of bean 'org.springframework.web.servlet.mvc.support.DefaultHandlerExceptionResolver'
DEBUG [main] - Finished creating instance of bean 'org.springframework.web.servlet.mvc.support.DefaultHandlerExceptionResolver'
DEBUG [main] - No HandlerExceptionResolvers found in servlet '': using default
DEBUG [main] - Creating instance of bean 'org.springframework.web.servlet.view.DefaultRequestToViewNameTranslator'
DEBUG [main] - Finished creating instance of bean 'org.springframework.web.servlet.view.DefaultRequestToViewNameTranslator'
DEBUG [main] - Unable to locate RequestToViewNameTranslator with name 'viewNameTranslator': using default [org.springframework.web.servlet.view.DefaultRequestToViewNameTranslator@3ec11999]
DEBUG [main] - Creating instance of bean 'org.springframework.web.servlet.view.InternalResourceViewResolver'
DEBUG [main] - Finished creating instance of bean 'org.springframework.web.servlet.view.InternalResourceViewResolver'
DEBUG [main] - No ViewResolvers found in servlet '': using default
DEBUG [main] - Creating instance of bean 'org.springframework.web.servlet.support.SessionFlashMapManager'
DEBUG [main] - Finished creating instance of bean 'org.springframework.web.servlet.support.SessionFlashMapManager'
DEBUG [main] - Unable to locate FlashMapManager with name 'flashMapManager': using default [org.springframework.web.servlet.support.SessionFlashMapManager@5c1bd44c]
DEBUG [main] - Published WebApplicationContext of servlet '' as ServletContext attribute with name [org.springframework.web.servlet.FrameworkServlet.CONTEXT.]
 INFO [main] - FrameworkServlet '': initialization completed in 47 ms
DEBUG [main] - Servlet '' configured successfully
DEBUG [main] - DispatcherServlet with name '' processing POST request for [/posts/findOne]
DEBUG [main] - Mapping [/posts/findOne] to HandlerExecutionChain with handler [com.aaa.controller.PostsController@470a696f] and 1 interceptor
DEBUG [main] - Invoking init-binder method: public void com.aaa.controller.PostsController.initBinder(org.springframework.web.bind.WebDataBinder)
DEBUG [main] - Invoking request handler method: public java.lang.String com.aaa.controller.PostsController.findOne(org.springframework.ui.Model,int)
DEBUG [main] - Participating in existing transaction
DEBUG [main] - Creating a new SqlSession
DEBUG [main] - Registering transaction synchronization for SqlSession [org.apache.ibatis.session.defaults.DefaultSqlSession@18cc679e]
DEBUG [main] - JDBC Connection [jdbc:mysql://127.0.0.1:3306/childcare_system?useUnicode=true&amp;characterEncoding=utf8?useUnicode=true&characterEncoding=utf8, UserName=root@localhost, MySQL-AB JDBC Driver] will be managed by Spring
DEBUG [main] - ==>  Preparing: select * from posts where id=? 
DEBUG [main] - ==> Parameters: 1(Integer)
DEBUG [main] - <==      Total: 1
DEBUG [main] - Releasing transactional SqlSession [org.apache.ibatis.session.defaults.DefaultSqlSession@18cc679e]
DEBUG [main] - Invoking init-binder method: public void com.aaa.controller.PostsController.initBinder(org.springframework.web.bind.WebDataBinder)
DEBUG [main] - Invoking afterPropertiesSet() on bean with name 'admin/updPosts'
DEBUG [main] - Returning cached instance of singleton bean 'org.springframework.transaction.config.internalTransactionAdvisor'
DEBUG [main] - Returning cached instance of singleton bean 'org.springframework.aop.support.DefaultBeanFactoryPointcutAdvisor#0'
DEBUG [main] - Returning cached instance of singleton bean 'org.springframework.transaction.config.internalTransactionAdvisor'
DEBUG [main] - Returning cached instance of singleton bean 'org.springframework.aop.support.DefaultBeanFactoryPointcutAdvisor#0'
DEBUG [main] - Rendering view [org.springframework.web.servlet.view.JstlView: name 'admin/updPosts'; URL [admin/updPosts]] in DispatcherServlet with name ''
DEBUG [main] - Added model object 'posts' of type [com.aaa.entity.Posts] to request in view with name 'admin/updPosts'
DEBUG [main] - Added model object 'org.springframework.validation.BindingResult.posts' of type [org.springframework.validation.BeanPropertyBindingResult] to request in view with name 'admin/updPosts'
DEBUG [main] - Forwarding to resource [admin/updPosts] in InternalResourceView 'admin/updPosts'
DEBUG [main] - MockRequestDispatcher: forwarding to [admin/updPosts]
DEBUG [main] - Successfully completed request

MockHttpServletRequest:
         HTTP Method = POST
         Request URI = /posts/findOne
          Parameters = {id=[1]}
             Headers = {Content-Type=[application/x-www-form-urlencoded]}

             Handler:
                Type = com.aaa.controller.PostsController

               Async:
   Was async started = false
        Async result = null

  Resolved Exception:
                Type = null

        ModelAndView:
           View name = admin/updPosts
                View = null
           Attribute = posts
               value = Posts [id=1, name=标题1, text=正文1, time=Fri Feb 01 00:00:00 CST 2019, author=admin]
              errors = []

            FlashMap:

MockHttpServletResponse:
              Status = 200
       Error message = null
             Headers = {}
        Content type = null
                Body = 
       Forwarded URL = admin/updPosts
      Redirected URL = null
             Cookies = []

DEBUG [main] - No method-level @Rollback override: using default rollback [true] for test context [DefaultTestContext@335b5620 testClass = PostsControllerTest, testInstance = ControllerTest.PostsControllerTest@2e5c7f0b, testMethod = findOneTest@PostsControllerTest, testException = [null], mergedContextConfiguration = [WebMergedContextConfiguration@32709393 testClass = PostsControllerTest, locations = '{file:config/spring/applicationContext.xml}', classes = '{}', contextInitializerClasses = '[]', activeProfiles = '{}', resourceBasePath = 'src/main/webapp', contextLoader = 'org.springframework.test.context.web.WebDelegatingSmartContextLoader', parent = [null]]].
DEBUG [main] - Transaction synchronization deregistering SqlSession [org.apache.ibatis.session.defaults.DefaultSqlSession@18cc679e]
DEBUG [main] - Transaction synchronization closing SqlSession [org.apache.ibatis.session.defaults.DefaultSqlSession@18cc679e]
DEBUG [main] - Initiating transaction rollback
DEBUG [main] - Rolling back JDBC transaction on Connection [jdbc:mysql://127.0.0.1:3306/childcare_system?useUnicode=true&amp;characterEncoding=utf8?useUnicode=true&characterEncoding=utf8, UserName=root@localhost, MySQL-AB JDBC Driver]
DEBUG [main] - Releasing JDBC Connection [jdbc:mysql://127.0.0.1:3306/childcare_system?useUnicode=true&amp;characterEncoding=utf8?useUnicode=true&characterEncoding=utf8, UserName=root@localhost, MySQL-AB JDBC Driver] after transaction
DEBUG [main] - Returning JDBC Connection to DataSource
 INFO [main] - Rolled back transaction after test execution for test context [DefaultTestContext@335b5620 testClass = PostsControllerTest, testInstance = ControllerTest.PostsControllerTest@2e5c7f0b, testMethod = findOneTest@PostsControllerTest, testException = [null], mergedContextConfiguration = [WebMergedContextConfiguration@32709393 testClass = PostsControllerTest, locations = '{file:config/spring/applicationContext.xml}', classes = '{}', contextInitializerClasses = '[]', activeProfiles = '{}', resourceBasePath = 'src/main/webapp', contextLoader = 'org.springframework.test.context.web.WebDelegatingSmartContextLoader', parent = [null]]]
DEBUG [main] - After test method: context [DefaultTestContext@335b5620 testClass = PostsControllerTest, testInstance = ControllerTest.PostsControllerTest@2e5c7f0b, testMethod = findOneTest@PostsControllerTest, testException = [null], mergedContextConfiguration = [WebMergedContextConfiguration@32709393 testClass = PostsControllerTest, locations = '{file:config/spring/applicationContext.xml}', classes = '{}', contextInitializerClasses = '[]', activeProfiles = '{}', resourceBasePath = 'src/main/webapp', contextLoader = 'org.springframework.test.context.web.WebDelegatingSmartContextLoader', parent = [null]]], class dirties context [false], class mode [null], method dirties context [false].
DEBUG [main] - Resetting RequestContextHolder for test context [DefaultTestContext@335b5620 testClass = PostsControllerTest, testInstance = ControllerTest.PostsControllerTest@2e5c7f0b, testMethod = findOneTest@PostsControllerTest, testException = [null], mergedContextConfiguration = [WebMergedContextConfiguration@32709393 testClass = PostsControllerTest, locations = '{file:config/spring/applicationContext.xml}', classes = '{}', contextInitializerClasses = '[]', activeProfiles = '{}', resourceBasePath = 'src/main/webapp', contextLoader = 'org.springframework.test.context.web.WebDelegatingSmartContextLoader', parent = [null]]].
DEBUG [main] - Retrieved @ProfileValueSourceConfiguration [null] for test class [ControllerTest.PostsControllerTest]
DEBUG [main] - Retrieved ProfileValueSource type [class org.springframework.test.annotation.SystemProfileValueSource] for class [ControllerTest.PostsControllerTest]
DEBUG [main] - Retrieved ApplicationContext from cache with key [[WebMergedContextConfiguration@32709393 testClass = PostsControllerTest, locations = '{file:config/spring/applicationContext.xml}', classes = '{}', contextInitializerClasses = '[]', activeProfiles = '{}', resourceBasePath = 'src/main/webapp', contextLoader = 'org.springframework.test.context.web.WebDelegatingSmartContextLoader', parent = [null]]].
DEBUG [main] - Setting up MockHttpServletRequest, MockHttpServletResponse, ServletWebRequest, and RequestContextHolder for test context [DefaultTestContext@335b5620 testClass = PostsControllerTest, testInstance = ControllerTest.PostsControllerTest@551a20d6, testMethod = [null], testException = [null], mergedContextConfiguration = [WebMergedContextConfiguration@32709393 testClass = PostsControllerTest, locations = '{file:config/spring/applicationContext.xml}', classes = '{}', contextInitializerClasses = '[]', activeProfiles = '{}', resourceBasePath = 'src/main/webapp', contextLoader = 'org.springframework.test.context.web.WebDelegatingSmartContextLoader', parent = [null]]].
DEBUG [main] - Performing dependency injection for test context [[DefaultTestContext@335b5620 testClass = PostsControllerTest, testInstance = ControllerTest.PostsControllerTest@551a20d6, testMethod = [null], testException = [null], mergedContextConfiguration = [WebMergedContextConfiguration@32709393 testClass = PostsControllerTest, locations = '{file:config/spring/applicationContext.xml}', classes = '{}', contextInitializerClasses = '[]', activeProfiles = '{}', resourceBasePath = 'src/main/webapp', contextLoader = 'org.springframework.test.context.web.WebDelegatingSmartContextLoader', parent = [null]]]].
DEBUG [main] - Retrieved ApplicationContext from cache with key [[WebMergedContextConfiguration@32709393 testClass = PostsControllerTest, locations = '{file:config/spring/applicationContext.xml}', classes = '{}', contextInitializerClasses = '[]', activeProfiles = '{}', resourceBasePath = 'src/main/webapp', contextLoader = 'org.springframework.test.context.web.WebDelegatingSmartContextLoader', parent = [null]]].
DEBUG [main] - Processing injected method of bean 'ControllerTest.PostsControllerTest': AutowiredFieldElement for private org.springframework.web.context.WebApplicationContext Base.BaseControllerTest.webApplicationContext
DEBUG [main] - Processing injected method of bean 'ControllerTest.PostsControllerTest': AutowiredFieldElement for private com.aaa.mapper.PostsDaoMapper ControllerTest.PostsControllerTest.postsMapper
DEBUG [main] - Returning cached instance of singleton bean 'postsDaoMapper'
DEBUG [main] - Returning cached instance of singleton bean 'org.springframework.transaction.config.internalTransactionAdvisor'
DEBUG [main] - Returning cached instance of singleton bean 'org.springframework.aop.support.DefaultBeanFactoryPointcutAdvisor#0'
DEBUG [main] - Returning cached instance of singleton bean 'org.springframework.transaction.config.internalTransactionAdvisor'
DEBUG [main] - Returning cached instance of singleton bean 'org.springframework.aop.support.DefaultBeanFactoryPointcutAdvisor#0'
DEBUG [main] - Creating implicit proxy for bean 'ControllerTest.PostsControllerTest' with 0 common interceptors and 1 specific interceptors
DEBUG [main] - Creating CGLIB proxy: target source is SingletonTargetSource for target object [ControllerTest.PostsControllerTest@551a20d6]
DEBUG [main] - Adding transactional method 'PostsControllerTest.updPostsTest' with attribute: PROPAGATION_REQUIRED,ISOLATION_DEFAULT; ''
DEBUG [main] - Explicit transaction definition [PROPAGATION_REQUIRED,ISOLATION_DEFAULT; ''] found for test context [DefaultTestContext@335b5620 testClass = PostsControllerTest, testInstance = ControllerTest.PostsControllerTest@551a20d6, testMethod = updPostsTest@PostsControllerTest, testException = [null], mergedContextConfiguration = [WebMergedContextConfiguration@32709393 testClass = PostsControllerTest, locations = '{file:config/spring/applicationContext.xml}', classes = '{}', contextInitializerClasses = '[]', activeProfiles = '{}', resourceBasePath = 'src/main/webapp', contextLoader = 'org.springframework.test.context.web.WebDelegatingSmartContextLoader', parent = [null]]]
DEBUG [main] - Retrieved ApplicationContext from cache with key [[WebMergedContextConfiguration@32709393 testClass = PostsControllerTest, locations = '{file:config/spring/applicationContext.xml}', classes = '{}', contextInitializerClasses = '[]', activeProfiles = '{}', resourceBasePath = 'src/main/webapp', contextLoader = 'org.springframework.test.context.web.WebDelegatingSmartContextLoader', parent = [null]]].
DEBUG [main] - Returning cached instance of singleton bean 'transactionManager'
DEBUG [main] - Creating new transaction with name [updPostsTest]: PROPAGATION_REQUIRED,ISOLATION_DEFAULT; ''
DEBUG [main] - Acquired Connection [jdbc:mysql://127.0.0.1:3306/childcare_system?useUnicode=true&amp;characterEncoding=utf8?useUnicode=true&characterEncoding=utf8, UserName=root@localhost, MySQL-AB JDBC Driver] for JDBC transaction
DEBUG [main] - Switching JDBC Connection [jdbc:mysql://127.0.0.1:3306/childcare_system?useUnicode=true&amp;characterEncoding=utf8?useUnicode=true&characterEncoding=utf8, UserName=root@localhost, MySQL-AB JDBC Driver] to manual commit
DEBUG [main] - No method-level @Rollback override: using default rollback [true] for test context [DefaultTestContext@335b5620 testClass = PostsControllerTest, testInstance = ControllerTest.PostsControllerTest@551a20d6, testMethod = updPostsTest@PostsControllerTest, testException = [null], mergedContextConfiguration = [WebMergedContextConfiguration@32709393 testClass = PostsControllerTest, locations = '{file:config/spring/applicationContext.xml}', classes = '{}', contextInitializerClasses = '[]', activeProfiles = '{}', resourceBasePath = 'src/main/webapp', contextLoader = 'org.springframework.test.context.web.WebDelegatingSmartContextLoader', parent = [null]]].
 INFO [main] - Began transaction (6) for test context [DefaultTestContext@335b5620 testClass = PostsControllerTest, testInstance = ControllerTest.PostsControllerTest@551a20d6, testMethod = updPostsTest@PostsControllerTest, testException = [null], mergedContextConfiguration = [WebMergedContextConfiguration@32709393 testClass = PostsControllerTest, locations = '{file:config/spring/applicationContext.xml}', classes = '{}', contextInitializerClasses = '[]', activeProfiles = '{}', resourceBasePath = 'src/main/webapp', contextLoader = 'org.springframework.test.context.web.WebDelegatingSmartContextLoader', parent = [null]]]; transaction manager [org.springframework.jdbc.datasource.DataSourceTransactionManager@e84a8e1]; rollback [true]
DEBUG [main] - Initializing servlet ''
DEBUG [main] - Adding [servletConfigInitParams] PropertySource with lowest search precedence
DEBUG [main] - Adding [servletContextInitParams] PropertySource with lowest search precedence
DEBUG [main] - Adding [jndiProperties] PropertySource with lowest search precedence
DEBUG [main] - Adding [systemProperties] PropertySource with lowest search precedence
DEBUG [main] - Adding [systemEnvironment] PropertySource with lowest search precedence
DEBUG [main] - Initialized StandardServletEnvironment with PropertySources [servletConfigInitParams,servletContextInitParams,jndiProperties,systemProperties,systemEnvironment]
 INFO [main] - Initializing Spring FrameworkServlet ''
 INFO [main] - FrameworkServlet '': initialization started
DEBUG [main] - Unable to locate MultipartResolver with name 'multipartResolver': no multipart request handling provided
DEBUG [main] - Creating instance of bean 'org.springframework.web.servlet.i18n.AcceptHeaderLocaleResolver'
DEBUG [main] - Finished creating instance of bean 'org.springframework.web.servlet.i18n.AcceptHeaderLocaleResolver'
DEBUG [main] - Unable to locate LocaleResolver with name 'localeResolver': using default [org.springframework.web.servlet.i18n.AcceptHeaderLocaleResolver@4cc547a]
DEBUG [main] - Creating instance of bean 'org.springframework.web.servlet.theme.FixedThemeResolver'
DEBUG [main] - Finished creating instance of bean 'org.springframework.web.servlet.theme.FixedThemeResolver'
DEBUG [main] - Unable to locate ThemeResolver with name 'themeResolver': using default [org.springframework.web.servlet.theme.FixedThemeResolver@7555b920]
DEBUG [main] - Creating instance of bean 'org.springframework.web.servlet.handler.BeanNameUrlHandlerMapping'
DEBUG [main] - Looking for URL mappings in application context: org.springframework.web.context.support.GenericWebApplicationContext@4d95d2a2: startup date [Wed Mar 06 17:32:15 CST 2019]; root of context hierarchy
DEBUG [main] - Rejected bean name 'memberBizImpl': no URL paths identified
DEBUG [main] - Rejected bean name 'parentingBizImpl': no URL paths identified
DEBUG [main] - Rejected bean name 'postsBizImpl': no URL paths identified
DEBUG [main] - Rejected bean name 'repostsBizImpl': no URL paths identified
DEBUG [main] - Rejected bean name 'userBizImpl': no URL paths identified
DEBUG [main] - Rejected bean name 'memberController': no URL paths identified
DEBUG [main] - Rejected bean name 'parentingController': no URL paths identified
DEBUG [main] - Rejected bean name 'postsController': no URL paths identified
DEBUG [main] - Rejected bean name 'repostsController': no URL paths identified
DEBUG [main] - Rejected bean name 'userController': no URL paths identified
DEBUG [main] - Rejected bean name 'org.springframework.context.annotation.internalConfigurationAnnotationProcessor': no URL paths identified
DEBUG [main] - Rejected bean name 'org.springframework.context.annotation.internalAutowiredAnnotationProcessor': no URL paths identified
DEBUG [main] - Rejected bean name 'org.springframework.context.annotation.internalRequiredAnnotationProcessor': no URL paths identified
DEBUG [main] - Rejected bean name 'org.springframework.context.annotation.internalCommonAnnotationProcessor': no URL paths identified
DEBUG [main] - Rejected bean name 'org.springframework.context.support.PropertySourcesPlaceholderConfigurer#0': no URL paths identified
DEBUG [main] - Rejected bean name 'dataSource': no URL paths identified
DEBUG [main] - Rejected bean name 'sqlSessionFactory': no URL paths identified
DEBUG [main] - Rejected bean name 'org.mybatis.spring.mapper.MapperScannerConfigurer#0': no URL paths identified
DEBUG [main] - Rejected bean name 'transactionManager': no URL paths identified
DEBUG [main] - Rejected bean name 'org.springframework.aop.config.internalAutoProxyCreator': no URL paths identified
DEBUG [main] - Rejected bean name 'org.springframework.transaction.annotation.AnnotationTransactionAttributeSource#0': no URL paths identified
DEBUG [main] - Rejected bean name 'org.springframework.transaction.interceptor.TransactionInterceptor#0': no URL paths identified
DEBUG [main] - Rejected bean name 'org.springframework.transaction.config.internalTransactionAdvisor': no URL paths identified
DEBUG [main] - Rejected bean name 'txadvice': no URL paths identified
DEBUG [main] - Rejected bean name 'points': no URL paths identified
DEBUG [main] - Rejected bean name 'org.springframework.aop.support.DefaultBeanFactoryPointcutAdvisor#0': no URL paths identified
DEBUG [main] - Rejected bean name 'org.springframework.context.annotation.ConfigurationClassPostProcessor.importAwareProcessor': no URL paths identified
DEBUG [main] - Rejected bean name 'org.springframework.context.annotation.ConfigurationClassPostProcessor.enhancedConfigurationProcessor': no URL paths identified
DEBUG [main] - Rejected bean name 'memberDaoMapper': no URL paths identified
DEBUG [main] - Rejected bean name 'parentingDaoMapper': no URL paths identified
DEBUG [main] - Rejected bean name 'postsDaoMapper': no URL paths identified
DEBUG [main] - Rejected bean name 'repostsDaoMapper': no URL paths identified
DEBUG [main] - Rejected bean name 'userMapper': no URL paths identified
DEBUG [main] - Rejected bean name 'environment': no URL paths identified
DEBUG [main] - Rejected bean name 'systemProperties': no URL paths identified
DEBUG [main] - Rejected bean name 'systemEnvironment': no URL paths identified
DEBUG [main] - Rejected bean name 'servletContext': no URL paths identified
DEBUG [main] - Rejected bean name 'contextParameters': no URL paths identified
DEBUG [main] - Rejected bean name 'contextAttributes': no URL paths identified
DEBUG [main] - Rejected bean name 'org.springframework.context.annotation.ConfigurationClassPostProcessor.importRegistry': no URL paths identified
DEBUG [main] - Rejected bean name 'messageSource': no URL paths identified
DEBUG [main] - Rejected bean name 'applicationEventMulticaster': no URL paths identified
DEBUG [main] - Rejected bean name 'lifecycleProcessor': no URL paths identified
DEBUG [main] - Finished creating instance of bean 'org.springframework.web.servlet.handler.BeanNameUrlHandlerMapping'
DEBUG [main] - Creating instance of bean 'org.springframework.web.servlet.mvc.annotation.DefaultAnnotationHandlerMapping'
DEBUG [main] - Looking for URL mappings in application context: org.springframework.web.context.support.GenericWebApplicationContext@4d95d2a2: startup date [Wed Mar 06 17:32:15 CST 2019]; root of context hierarchy
DEBUG [main] - Rejected bean name 'memberBizImpl': no URL paths identified
DEBUG [main] - Rejected bean name 'parentingBizImpl': no URL paths identified
DEBUG [main] - Rejected bean name 'postsBizImpl': no URL paths identified
DEBUG [main] - Rejected bean name 'repostsBizImpl': no URL paths identified
DEBUG [main] - Rejected bean name 'userBizImpl': no URL paths identified
DEBUG [main] - Returning cached instance of singleton bean 'memberController'
 INFO [main] - Mapped URL path [/member/addMember] onto handler 'memberController'
DEBUG [main] - Returning cached instance of singleton bean 'memberController'
 INFO [main] - Mapped URL path [/member/addMember.*] onto handler 'memberController'
DEBUG [main] - Returning cached instance of singleton bean 'memberController'
 INFO [main] - Mapped URL path [/member/addMember/] onto handler 'memberController'
DEBUG [main] - Returning cached instance of singleton bean 'memberController'
 INFO [main] - Mapped URL path [/member/queryMember] onto handler 'memberController'
DEBUG [main] - Returning cached instance of singleton bean 'memberController'
 INFO [main] - Mapped URL path [/member/queryMember.*] onto handler 'memberController'
DEBUG [main] - Returning cached instance of singleton bean 'memberController'
 INFO [main] - Mapped URL path [/member/queryMember/] onto handler 'memberController'
DEBUG [main] - Returning cached instance of singleton bean 'memberController'
 INFO [main] - Mapped URL path [/member/updPass] onto handler 'memberController'
DEBUG [main] - Returning cached instance of singleton bean 'memberController'
 INFO [main] - Mapped URL path [/member/updPass.*] onto handler 'memberController'
DEBUG [main] - Returning cached instance of singleton bean 'memberController'
 INFO [main] - Mapped URL path [/member/updPass/] onto handler 'memberController'
DEBUG [main] - Returning cached instance of singleton bean 'memberController'
 INFO [main] - Mapped URL path [/member/updReject] onto handler 'memberController'
DEBUG [main] - Returning cached instance of singleton bean 'memberController'
 INFO [main] - Mapped URL path [/member/updReject.*] onto handler 'memberController'
DEBUG [main] - Returning cached instance of singleton bean 'memberController'
 INFO [main] - Mapped URL path [/member/updReject/] onto handler 'memberController'
DEBUG [main] - Returning cached instance of singleton bean 'parentingController'
 INFO [main] - Mapped URL path [/parenting/findOne] onto handler 'parentingController'
DEBUG [main] - Returning cached instance of singleton bean 'parentingController'
 INFO [main] - Mapped URL path [/parenting/findOne.*] onto handler 'parentingController'
DEBUG [main] - Returning cached instance of singleton bean 'parentingController'
 INFO [main] - Mapped URL path [/parenting/findOne/] onto handler 'parentingController'
DEBUG [main] - Returning cached instance of singleton bean 'parentingController'
 INFO [main] - Mapped URL path [/parenting/addParenting] onto handler 'parentingController'
DEBUG [main] - Returning cached instance of singleton bean 'parentingController'
 INFO [main] - Mapped URL path [/parenting/addParenting.*] onto handler 'parentingController'
DEBUG [main] - Returning cached instance of singleton bean 'parentingController'
 INFO [main] - Mapped URL path [/parenting/addParenting/] onto handler 'parentingController'
DEBUG [main] - Returning cached instance of singleton bean 'parentingController'
 INFO [main] - Mapped URL path [/parenting/del] onto handler 'parentingController'
DEBUG [main] - Returning cached instance of singleton bean 'parentingController'
 INFO [main] - Mapped URL path [/parenting/del.*] onto handler 'parentingController'
DEBUG [main] - Returning cached instance of singleton bean 'parentingController'
 INFO [main] - Mapped URL path [/parenting/del/] onto handler 'parentingController'
DEBUG [main] - Returning cached instance of singleton bean 'parentingController'
 INFO [main] - Mapped URL path [/parenting/updParenting] onto handler 'parentingController'
DEBUG [main] - Returning cached instance of singleton bean 'parentingController'
 INFO [main] - Mapped URL path [/parenting/updParenting.*] onto handler 'parentingController'
DEBUG [main] - Returning cached instance of singleton bean 'parentingController'
 INFO [main] - Mapped URL path [/parenting/updParenting/] onto handler 'parentingController'
DEBUG [main] - Returning cached instance of singleton bean 'parentingController'
 INFO [main] - Mapped URL path [/parenting/getParentingByAuthor] onto handler 'parentingController'
DEBUG [main] - Returning cached instance of singleton bean 'parentingController'
 INFO [main] - Mapped URL path [/parenting/getParentingByAuthor.*] onto handler 'parentingController'
DEBUG [main] - Returning cached instance of singleton bean 'parentingController'
 INFO [main] - Mapped URL path [/parenting/getParentingByAuthor/] onto handler 'parentingController'
DEBUG [main] - Returning cached instance of singleton bean 'postsController'
 INFO [main] - Mapped URL path [/posts/findOne] onto handler 'postsController'
DEBUG [main] - Returning cached instance of singleton bean 'postsController'
 INFO [main] - Mapped URL path [/posts/findOne.*] onto handler 'postsController'
DEBUG [main] - Returning cached instance of singleton bean 'postsController'
 INFO [main] - Mapped URL path [/posts/findOne/] onto handler 'postsController'
DEBUG [main] - Returning cached instance of singleton bean 'postsController'
 INFO [main] - Mapped URL path [/posts/getPostsById] onto handler 'postsController'
DEBUG [main] - Returning cached instance of singleton bean 'postsController'
 INFO [main] - Mapped URL path [/posts/getPostsById.*] onto handler 'postsController'
DEBUG [main] - Returning cached instance of singleton bean 'postsController'
 INFO [main] - Mapped URL path [/posts/getPostsById/] onto handler 'postsController'
DEBUG [main] - Returning cached instance of singleton bean 'postsController'
 INFO [main] - Mapped URL path [/posts/returnIndex] onto handler 'postsController'
DEBUG [main] - Returning cached instance of singleton bean 'postsController'
 INFO [main] - Mapped URL path [/posts/returnIndex.*] onto handler 'postsController'
DEBUG [main] - Returning cached instance of singleton bean 'postsController'
 INFO [main] - Mapped URL path [/posts/returnIndex/] onto handler 'postsController'
DEBUG [main] - Returning cached instance of singleton bean 'postsController'
 INFO [main] - Mapped URL path [/posts/showIndex] onto handler 'postsController'
DEBUG [main] - Returning cached instance of singleton bean 'postsController'
 INFO [main] - Mapped URL path [/posts/showIndex.*] onto handler 'postsController'
DEBUG [main] - Returning cached instance of singleton bean 'postsController'
 INFO [main] - Mapped URL path [/posts/showIndex/] onto handler 'postsController'
DEBUG [main] - Returning cached instance of singleton bean 'postsController'
 INFO [main] - Mapped URL path [/posts/showAllPost] onto handler 'postsController'
DEBUG [main] - Returning cached instance of singleton bean 'postsController'
 INFO [main] - Mapped URL path [/posts/showAllPost.*] onto handler 'postsController'
DEBUG [main] - Returning cached instance of singleton bean 'postsController'
 INFO [main] - Mapped URL path [/posts/showAllPost/] onto handler 'postsController'
DEBUG [main] - Returning cached instance of singleton bean 'postsController'
 INFO [main] - Mapped URL path [/posts/queryPosts] onto handler 'postsController'
DEBUG [main] - Returning cached instance of singleton bean 'postsController'
 INFO [main] - Mapped URL path [/posts/queryPosts.*] onto handler 'postsController'
DEBUG [main] - Returning cached instance of singleton bean 'postsController'
 INFO [main] - Mapped URL path [/posts/queryPosts/] onto handler 'postsController'
DEBUG [main] - Returning cached instance of singleton bean 'postsController'
 INFO [main] - Mapped URL path [/posts/addPosts] onto handler 'postsController'
DEBUG [main] - Returning cached instance of singleton bean 'postsController'
 INFO [main] - Mapped URL path [/posts/addPosts.*] onto handler 'postsController'
DEBUG [main] - Returning cached instance of singleton bean 'postsController'
 INFO [main] - Mapped URL path [/posts/addPosts/] onto handler 'postsController'
DEBUG [main] - Returning cached instance of singleton bean 'postsController'
 INFO [main] - Mapped URL path [/posts/del] onto handler 'postsController'
DEBUG [main] - Returning cached instance of singleton bean 'postsController'
 INFO [main] - Mapped URL path [/posts/del.*] onto handler 'postsController'
DEBUG [main] - Returning cached instance of singleton bean 'postsController'
 INFO [main] - Mapped URL path [/posts/del/] onto handler 'postsController'
DEBUG [main] - Returning cached instance of singleton bean 'postsController'
 INFO [main] - Mapped URL path [/posts/findSameCity] onto handler 'postsController'
DEBUG [main] - Returning cached instance of singleton bean 'postsController'
 INFO [main] - Mapped URL path [/posts/findSameCity.*] onto handler 'postsController'
DEBUG [main] - Returning cached instance of singleton bean 'postsController'
 INFO [main] - Mapped URL path [/posts/findSameCity/] onto handler 'postsController'
DEBUG [main] - Returning cached instance of singleton bean 'postsController'
 INFO [main] - Mapped URL path [/posts/findSameAge] onto handler 'postsController'
DEBUG [main] - Returning cached instance of singleton bean 'postsController'
 INFO [main] - Mapped URL path [/posts/findSameAge.*] onto handler 'postsController'
DEBUG [main] - Returning cached instance of singleton bean 'postsController'
 INFO [main] - Mapped URL path [/posts/findSameAge/] onto handler 'postsController'
DEBUG [main] - Returning cached instance of singleton bean 'postsController'
 INFO [main] - Mapped URL path [/posts/updPosts] onto handler 'postsController'
DEBUG [main] - Returning cached instance of singleton bean 'postsController'
 INFO [main] - Mapped URL path [/posts/updPosts.*] onto handler 'postsController'
DEBUG [main] - Returning cached instance of singleton bean 'postsController'
 INFO [main] - Mapped URL path [/posts/updPosts/] onto handler 'postsController'
DEBUG [main] - Returning cached instance of singleton bean 'postsController'
 INFO [main] - Mapped URL path [/posts/getPostsByName] onto handler 'postsController'
DEBUG [main] - Returning cached instance of singleton bean 'postsController'
 INFO [main] - Mapped URL path [/posts/getPostsByName.*] onto handler 'postsController'
DEBUG [main] - Returning cached instance of singleton bean 'postsController'
 INFO [main] - Mapped URL path [/posts/getPostsByName/] onto handler 'postsController'
DEBUG [main] - Returning cached instance of singleton bean 'postsController'
 INFO [main] - Mapped URL path [/posts/findSameCityAndAge] onto handler 'postsController'
DEBUG [main] - Returning cached instance of singleton bean 'postsController'
 INFO [main] - Mapped URL path [/posts/findSameCityAndAge.*] onto handler 'postsController'
DEBUG [main] - Returning cached instance of singleton bean 'postsController'
 INFO [main] - Mapped URL path [/posts/findSameCityAndAge/] onto handler 'postsController'
DEBUG [main] - Returning cached instance of singleton bean 'repostsController'
 INFO [main] - Mapped URL path [/reposts/findOne] onto handler 'repostsController'
DEBUG [main] - Returning cached instance of singleton bean 'repostsController'
 INFO [main] - Mapped URL path [/reposts/findOne.*] onto handler 'repostsController'
DEBUG [main] - Returning cached instance of singleton bean 'repostsController'
 INFO [main] - Mapped URL path [/reposts/findOne/] onto handler 'repostsController'
DEBUG [main] - Returning cached instance of singleton bean 'repostsController'
 INFO [main] - Mapped URL path [/reposts/addReposts] onto handler 'repostsController'
DEBUG [main] - Returning cached instance of singleton bean 'repostsController'
 INFO [main] - Mapped URL path [/reposts/addReposts.*] onto handler 'repostsController'
DEBUG [main] - Returning cached instance of singleton bean 'repostsController'
 INFO [main] - Mapped URL path [/reposts/addReposts/] onto handler 'repostsController'
DEBUG [main] - Returning cached instance of singleton bean 'repostsController'
 INFO [main] - Mapped URL path [/reposts/queryReposts] onto handler 'repostsController'
DEBUG [main] - Returning cached instance of singleton bean 'repostsController'
 INFO [main] - Mapped URL path [/reposts/queryReposts.*] onto handler 'repostsController'
DEBUG [main] - Returning cached instance of singleton bean 'repostsController'
 INFO [main] - Mapped URL path [/reposts/queryReposts/] onto handler 'repostsController'
DEBUG [main] - Returning cached instance of singleton bean 'repostsController'
 INFO [main] - Mapped URL path [/reposts/del] onto handler 'repostsController'
DEBUG [main] - Returning cached instance of singleton bean 'repostsController'
 INFO [main] - Mapped URL path [/reposts/del.*] onto handler 'repostsController'
DEBUG [main] - Returning cached instance of singleton bean 'repostsController'
 INFO [main] - Mapped URL path [/reposts/del/] onto handler 'repostsController'
DEBUG [main] - Returning cached instance of singleton bean 'repostsController'
 INFO [main] - Mapped URL path [/reposts/updReposts] onto handler 'repostsController'
DEBUG [main] - Returning cached instance of singleton bean 'repostsController'
 INFO [main] - Mapped URL path [/reposts/updReposts.*] onto handler 'repostsController'
DEBUG [main] - Returning cached instance of singleton bean 'repostsController'
 INFO [main] - Mapped URL path [/reposts/updReposts/] onto handler 'repostsController'
DEBUG [main] - Returning cached instance of singleton bean 'userController'
 INFO [main] - Mapped URL path [/user/register] onto handler 'userController'
DEBUG [main] - Returning cached instance of singleton bean 'userController'
 INFO [main] - Mapped URL path [/user/register.*] onto handler 'userController'
DEBUG [main] - Returning cached instance of singleton bean 'userController'
 INFO [main] - Mapped URL path [/user/register/] onto handler 'userController'
DEBUG [main] - Returning cached instance of singleton bean 'userController'
 INFO [main] - Mapped URL path [/user/findOne] onto handler 'userController'
DEBUG [main] - Returning cached instance of singleton bean 'userController'
 INFO [main] - Mapped URL path [/user/findOne.*] onto handler 'userController'
DEBUG [main] - Returning cached instance of singleton bean 'userController'
 INFO [main] - Mapped URL path [/user/findOne/] onto handler 'userController'
DEBUG [main] - Returning cached instance of singleton bean 'userController'
 INFO [main] - Mapped URL path [/user/Baby_diet] onto handler 'userController'
DEBUG [main] - Returning cached instance of singleton bean 'userController'
 INFO [main] - Mapped URL path [/user/Baby_diet.*] onto handler 'userController'
DEBUG [main] - Returning cached instance of singleton bean 'userController'
 INFO [main] - Mapped URL path [/user/Baby_diet/] onto handler 'userController'
DEBUG [main] - Returning cached instance of singleton bean 'userController'
 INFO [main] - Mapped URL path [/user/checkLogin0] onto handler 'userController'
DEBUG [main] - Returning cached instance of singleton bean 'userController'
 INFO [main] - Mapped URL path [/user/checkLogin0.*] onto handler 'userController'
DEBUG [main] - Returning cached instance of singleton bean 'userController'
 INFO [main] - Mapped URL path [/user/checkLogin0/] onto handler 'userController'
DEBUG [main] - Returning cached instance of singleton bean 'userController'
 INFO [main] - Mapped URL path [/user/checkLogin1] onto handler 'userController'
DEBUG [main] - Returning cached instance of singleton bean 'userController'
 INFO [main] - Mapped URL path [/user/checkLogin1.*] onto handler 'userController'
DEBUG [main] - Returning cached instance of singleton bean 'userController'
 INFO [main] - Mapped URL path [/user/checkLogin1/] onto handler 'userController'
DEBUG [main] - Returning cached instance of singleton bean 'userController'
 INFO [main] - Mapped URL path [/user/LogOut] onto handler 'userController'
DEBUG [main] - Returning cached instance of singleton bean 'userController'
 INFO [main] - Mapped URL path [/user/LogOut.*] onto handler 'userController'
DEBUG [main] - Returning cached instance of singleton bean 'userController'
 INFO [main] - Mapped URL path [/user/LogOut/] onto handler 'userController'
DEBUG [main] - Returning cached instance of singleton bean 'userController'
 INFO [main] - Mapped URL path [/user/queryUser] onto handler 'userController'
DEBUG [main] - Returning cached instance of singleton bean 'userController'
 INFO [main] - Mapped URL path [/user/queryUser.*] onto handler 'userController'
DEBUG [main] - Returning cached instance of singleton bean 'userController'
 INFO [main] - Mapped URL path [/user/queryUser/] onto handler 'userController'
DEBUG [main] - Returning cached instance of singleton bean 'userController'
 INFO [main] - Mapped URL path [/user/delUser] onto handler 'userController'
DEBUG [main] - Returning cached instance of singleton bean 'userController'
 INFO [main] - Mapped URL path [/user/delUser.*] onto handler 'userController'
DEBUG [main] - Returning cached instance of singleton bean 'userController'
 INFO [main] - Mapped URL path [/user/delUser/] onto handler 'userController'
DEBUG [main] - Returning cached instance of singleton bean 'userController'
 INFO [main] - Mapped URL path [/user/addAdmin] onto handler 'userController'
DEBUG [main] - Returning cached instance of singleton bean 'userController'
 INFO [main] - Mapped URL path [/user/addAdmin.*] onto handler 'userController'
DEBUG [main] - Returning cached instance of singleton bean 'userController'
 INFO [main] - Mapped URL path [/user/addAdmin/] onto handler 'userController'
DEBUG [main] - Returning cached instance of singleton bean 'userController'
 INFO [main] - Mapped URL path [/user/getUserByName] onto handler 'userController'
DEBUG [main] - Returning cached instance of singleton bean 'userController'
 INFO [main] - Mapped URL path [/user/getUserByName.*] onto handler 'userController'
DEBUG [main] - Returning cached instance of singleton bean 'userController'
 INFO [main] - Mapped URL path [/user/getUserByName/] onto handler 'userController'
DEBUG [main] - Returning cached instance of singleton bean 'userController'
 INFO [main] - Mapped URL path [/user/updUser] onto handler 'userController'
DEBUG [main] - Returning cached instance of singleton bean 'userController'
 INFO [main] - Mapped URL path [/user/updUser.*] onto handler 'userController'
DEBUG [main] - Returning cached instance of singleton bean 'userController'
 INFO [main] - Mapped URL path [/user/updUser/] onto handler 'userController'
DEBUG [main] - Returning cached instance of singleton bean 'userController'
 INFO [main] - Mapped URL path [/user/Fetal_development] onto handler 'userController'
DEBUG [main] - Returning cached instance of singleton bean 'userController'
 INFO [main] - Mapped URL path [/user/Fetal_development.*] onto handler 'userController'
DEBUG [main] - Returning cached instance of singleton bean 'userController'
 INFO [main] - Mapped URL path [/user/Fetal_development/] onto handler 'userController'
DEBUG [main] - Returning cached instance of singleton bean 'userController'
 INFO [main] - Mapped URL path [/user/Infant_development] onto handler 'userController'
DEBUG [main] - Returning cached instance of singleton bean 'userController'
 INFO [main] - Mapped URL path [/user/Infant_development.*] onto handler 'userController'
DEBUG [main] - Returning cached instance of singleton bean 'userController'
 INFO [main] - Mapped URL path [/user/Infant_development/] onto handler 'userController'
DEBUG [main] - Rejected bean name 'org.springframework.context.annotation.internalConfigurationAnnotationProcessor': no URL paths identified
DEBUG [main] - Rejected bean name 'org.springframework.context.annotation.internalAutowiredAnnotationProcessor': no URL paths identified
DEBUG [main] - Rejected bean name 'org.springframework.context.annotation.internalRequiredAnnotationProcessor': no URL paths identified
DEBUG [main] - Rejected bean name 'org.springframework.context.annotation.internalCommonAnnotationProcessor': no URL paths identified
DEBUG [main] - Rejected bean name 'org.springframework.context.support.PropertySourcesPlaceholderConfigurer#0': no URL paths identified
DEBUG [main] - Rejected bean name 'dataSource': no URL paths identified
DEBUG [main] - Rejected bean name 'sqlSessionFactory': no URL paths identified
DEBUG [main] - Rejected bean name 'org.mybatis.spring.mapper.MapperScannerConfigurer#0': no URL paths identified
DEBUG [main] - Rejected bean name 'transactionManager': no URL paths identified
DEBUG [main] - Rejected bean name 'org.springframework.aop.config.internalAutoProxyCreator': no URL paths identified
DEBUG [main] - Rejected bean name 'org.springframework.transaction.annotation.AnnotationTransactionAttributeSource#0': no URL paths identified
DEBUG [main] - Rejected bean name 'org.springframework.transaction.interceptor.TransactionInterceptor#0': no URL paths identified
DEBUG [main] - Rejected bean name 'org.springframework.transaction.config.internalTransactionAdvisor': no URL paths identified
DEBUG [main] - Rejected bean name 'txadvice': no URL paths identified
DEBUG [main] - Rejected bean name 'points': no URL paths identified
DEBUG [main] - Rejected bean name 'org.springframework.aop.support.DefaultBeanFactoryPointcutAdvisor#0': no URL paths identified
DEBUG [main] - Rejected bean name 'org.springframework.context.annotation.ConfigurationClassPostProcessor.importAwareProcessor': no URL paths identified
DEBUG [main] - Rejected bean name 'org.springframework.context.annotation.ConfigurationClassPostProcessor.enhancedConfigurationProcessor': no URL paths identified
DEBUG [main] - Rejected bean name 'memberDaoMapper': no URL paths identified
DEBUG [main] - Rejected bean name 'parentingDaoMapper': no URL paths identified
DEBUG [main] - Rejected bean name 'postsDaoMapper': no URL paths identified
DEBUG [main] - Rejected bean name 'repostsDaoMapper': no URL paths identified
DEBUG [main] - Rejected bean name 'userMapper': no URL paths identified
DEBUG [main] - Rejected bean name 'environment': no URL paths identified
DEBUG [main] - Rejected bean name 'systemProperties': no URL paths identified
DEBUG [main] - Rejected bean name 'systemEnvironment': no URL paths identified
DEBUG [main] - Rejected bean name 'servletContext': no URL paths identified
DEBUG [main] - Rejected bean name 'contextParameters': no URL paths identified
DEBUG [main] - Rejected bean name 'contextAttributes': no URL paths identified
DEBUG [main] - Rejected bean name 'org.springframework.context.annotation.ConfigurationClassPostProcessor.importRegistry': no URL paths identified
DEBUG [main] - Rejected bean name 'messageSource': no URL paths identified
DEBUG [main] - Rejected bean name 'applicationEventMulticaster': no URL paths identified
DEBUG [main] - Rejected bean name 'lifecycleProcessor': no URL paths identified
DEBUG [main] - Finished creating instance of bean 'org.springframework.web.servlet.mvc.annotation.DefaultAnnotationHandlerMapping'
DEBUG [main] - No HandlerMappings found in servlet '': using default
DEBUG [main] - Creating instance of bean 'org.springframework.web.servlet.mvc.HttpRequestHandlerAdapter'
DEBUG [main] - Finished creating instance of bean 'org.springframework.web.servlet.mvc.HttpRequestHandlerAdapter'
DEBUG [main] - Creating instance of bean 'org.springframework.web.servlet.mvc.SimpleControllerHandlerAdapter'
DEBUG [main] - Finished creating instance of bean 'org.springframework.web.servlet.mvc.SimpleControllerHandlerAdapter'
DEBUG [main] - Creating instance of bean 'org.springframework.web.servlet.mvc.annotation.AnnotationMethodHandlerAdapter'
DEBUG [main] - Finished creating instance of bean 'org.springframework.web.servlet.mvc.annotation.AnnotationMethodHandlerAdapter'
DEBUG [main] - No HandlerAdapters found in servlet '': using default
DEBUG [main] - Creating instance of bean 'org.springframework.web.servlet.mvc.annotation.AnnotationMethodHandlerExceptionResolver'
DEBUG [main] - Finished creating instance of bean 'org.springframework.web.servlet.mvc.annotation.AnnotationMethodHandlerExceptionResolver'
DEBUG [main] - Creating instance of bean 'org.springframework.web.servlet.mvc.annotation.ResponseStatusExceptionResolver'
DEBUG [main] - Finished creating instance of bean 'org.springframework.web.servlet.mvc.annotation.ResponseStatusExceptionResolver'
DEBUG [main] - Creating instance of bean 'org.springframework.web.servlet.mvc.support.DefaultHandlerExceptionResolver'
DEBUG [main] - Finished creating instance of bean 'org.springframework.web.servlet.mvc.support.DefaultHandlerExceptionResolver'
DEBUG [main] - No HandlerExceptionResolvers found in servlet '': using default
DEBUG [main] - Creating instance of bean 'org.springframework.web.servlet.view.DefaultRequestToViewNameTranslator'
DEBUG [main] - Finished creating instance of bean 'org.springframework.web.servlet.view.DefaultRequestToViewNameTranslator'
DEBUG [main] - Unable to locate RequestToViewNameTranslator with name 'viewNameTranslator': using default [org.springframework.web.servlet.view.DefaultRequestToViewNameTranslator@4152d38d]
DEBUG [main] - Creating instance of bean 'org.springframework.web.servlet.view.InternalResourceViewResolver'
DEBUG [main] - Finished creating instance of bean 'org.springframework.web.servlet.view.InternalResourceViewResolver'
DEBUG [main] - No ViewResolvers found in servlet '': using default
DEBUG [main] - Creating instance of bean 'org.springframework.web.servlet.support.SessionFlashMapManager'
DEBUG [main] - Finished creating instance of bean 'org.springframework.web.servlet.support.SessionFlashMapManager'
DEBUG [main] - Unable to locate FlashMapManager with name 'flashMapManager': using default [org.springframework.web.servlet.support.SessionFlashMapManager@3591009c]
DEBUG [main] - Published WebApplicationContext of servlet '' as ServletContext attribute with name [org.springframework.web.servlet.FrameworkServlet.CONTEXT.]
 INFO [main] - FrameworkServlet '': initialization completed in 10 ms
DEBUG [main] - Servlet '' configured successfully
DEBUG [main] - DispatcherServlet with name '' processing POST request for [/posts/updPosts]
DEBUG [main] - Mapping [/posts/updPosts] to HandlerExecutionChain with handler [com.aaa.controller.PostsController@470a696f] and 1 interceptor
DEBUG [main] - Invoking init-binder method: public void com.aaa.controller.PostsController.initBinder(org.springframework.web.bind.WebDataBinder)
DEBUG [main] - Invoking request handler method: public java.lang.String com.aaa.controller.PostsController.upd(com.aaa.entity.Posts)
DEBUG [main] - Participating in existing transaction
DEBUG [main] - Creating a new SqlSession
DEBUG [main] - Registering transaction synchronization for SqlSession [org.apache.ibatis.session.defaults.DefaultSqlSession@5398edd0]
DEBUG [main] - JDBC Connection [jdbc:mysql://127.0.0.1:3306/childcare_system?useUnicode=true&amp;characterEncoding=utf8?useUnicode=true&characterEncoding=utf8, UserName=root@localhost, MySQL-AB JDBC Driver] will be managed by Spring
DEBUG [main] - ==>  Preparing: update posts set name=?,text=?,time=?,author=? where id =? 
DEBUG [main] - ==> Parameters: 测试标题(String), 我是一条很长的正文(String), null, admin(String), 1(Integer)
DEBUG [main] - Releasing transactional SqlSession [org.apache.ibatis.session.defaults.DefaultSqlSession@5398edd0]
DEBUG [main] - Adding [systemProperties] PropertySource with lowest search precedence
DEBUG [main] - Adding [systemEnvironment] PropertySource with lowest search precedence
DEBUG [main] - Initialized StandardEnvironment with PropertySources [systemProperties,systemEnvironment]
 INFO [main] - Loading XML bean definitions from class path resource [org/springframework/jdbc/support/sql-error-codes.xml]
DEBUG [main] - Using JAXP provider [com.sun.org.apache.xerces.internal.jaxp.DocumentBuilderFactoryImpl]
DEBUG [main] - Found beans DTD [http://www.springframework.org/dtd/spring-beans-2.0.dtd] in classpath: spring-beans-2.0.dtd
DEBUG [main] - Loading bean definitions
DEBUG [main] - Creating shared instance of singleton bean 'DB2'
DEBUG [main] - Creating instance of bean 'DB2'
DEBUG [main] - Eagerly caching bean 'DB2' to allow for resolving potential circular references
DEBUG [main] - Finished creating instance of bean 'DB2'
DEBUG [main] - Creating shared instance of singleton bean 'Derby'
DEBUG [main] - Creating instance of bean 'Derby'
DEBUG [main] - Eagerly caching bean 'Derby' to allow for resolving potential circular references
DEBUG [main] - Finished creating instance of bean 'Derby'
DEBUG [main] - Creating shared instance of singleton bean 'H2'
DEBUG [main] - Creating instance of bean 'H2'
DEBUG [main] - Eagerly caching bean 'H2' to allow for resolving potential circular references
DEBUG [main] - Finished creating instance of bean 'H2'
DEBUG [main] - Creating shared instance of singleton bean 'HSQL'
DEBUG [main] - Creating instance of bean 'HSQL'
DEBUG [main] - Eagerly caching bean 'HSQL' to allow for resolving potential circular references
DEBUG [main] - Finished creating instance of bean 'HSQL'
DEBUG [main] - Creating shared instance of singleton bean 'Informix'
DEBUG [main] - Creating instance of bean 'Informix'
DEBUG [main] - Eagerly caching bean 'Informix' to allow for resolving potential circular references
DEBUG [main] - Finished creating instance of bean 'Informix'
DEBUG [main] - Creating shared instance of singleton bean 'MS-SQL'
DEBUG [main] - Creating instance of bean 'MS-SQL'
DEBUG [main] - Eagerly caching bean 'MS-SQL' to allow for resolving potential circular references
DEBUG [main] - Finished creating instance of bean 'MS-SQL'
DEBUG [main] - Creating shared instance of singleton bean 'MySQL'
DEBUG [main] - Creating instance of bean 'MySQL'
DEBUG [main] - Eagerly caching bean 'MySQL' to allow for resolving potential circular references
DEBUG [main] - Finished creating instance of bean 'MySQL'
DEBUG [main] - Creating shared instance of singleton bean 'Oracle'
DEBUG [main] - Creating instance of bean 'Oracle'
DEBUG [main] - Eagerly caching bean 'Oracle' to allow for resolving potential circular references
DEBUG [main] - Finished creating instance of bean 'Oracle'
DEBUG [main] - Creating shared instance of singleton bean 'PostgreSQL'
DEBUG [main] - Creating instance of bean 'PostgreSQL'
DEBUG [main] - Eagerly caching bean 'PostgreSQL' to allow for resolving potential circular references
DEBUG [main] - Finished creating instance of bean 'PostgreSQL'
DEBUG [main] - Creating shared instance of singleton bean 'Sybase'
DEBUG [main] - Creating instance of bean 'Sybase'
DEBUG [main] - Eagerly caching bean 'Sybase' to allow for resolving potential circular references
DEBUG [main] - Finished creating instance of bean 'Sybase'
 INFO [main] - SQLErrorCodes loaded: [DB2, Derby, H2, HSQL, Informix, MS-SQL, MySQL, Oracle, PostgreSQL, Sybase]
DEBUG [main] - Looking up default SQLErrorCodes for DataSource [org.apache.commons.dbcp.BasicDataSource@6b98a075]
DEBUG [main] - Database product name cached for DataSource [org.apache.commons.dbcp.BasicDataSource@6b98a075]: name is 'MySQL'
DEBUG [main] - SQL error codes for 'MySQL' found
DEBUG [main] - Unable to translate SQLException with Error code '1048', will now try the fallback translator
DEBUG [main] - Participating transaction failed - marking existing transaction as rollback-only
DEBUG [main] - Setting JDBC transaction [jdbc:mysql://127.0.0.1:3306/childcare_system?useUnicode=true&amp;characterEncoding=utf8?useUnicode=true&characterEncoding=utf8, UserName=root@localhost, MySQL-AB JDBC Driver] rollback-only
DEBUG [main] - Resolving exception from handler [com.aaa.controller.PostsController@470a696f]: org.springframework.dao.DataIntegrityViolationException: 
### Error updating database.  Cause: com.mysql.jdbc.exceptions.jdbc4.MySQLIntegrityConstraintViolationException: Column 'time' cannot be null
### The error may involve com.aaa.mapper.PostsDaoMapper.upd-Inline
### The error occurred while setting parameters
### SQL: update posts set   name=?,text=?,time=?,author=?   where id =?
### Cause: com.mysql.jdbc.exceptions.jdbc4.MySQLIntegrityConstraintViolationException: Column 'time' cannot be null
; SQL []; Column 'time' cannot be null; nested exception is com.mysql.jdbc.exceptions.jdbc4.MySQLIntegrityConstraintViolationException: Column 'time' cannot be null
DEBUG [main] - Resolving exception from handler [com.aaa.controller.PostsController@470a696f]: org.springframework.dao.DataIntegrityViolationException: 
### Error updating database.  Cause: com.mysql.jdbc.exceptions.jdbc4.MySQLIntegrityConstraintViolationException: Column 'time' cannot be null
### The error may involve com.aaa.mapper.PostsDaoMapper.upd-Inline
### The error occurred while setting parameters
### SQL: update posts set   name=?,text=?,time=?,author=?   where id =?
### Cause: com.mysql.jdbc.exceptions.jdbc4.MySQLIntegrityConstraintViolationException: Column 'time' cannot be null
; SQL []; Column 'time' cannot be null; nested exception is com.mysql.jdbc.exceptions.jdbc4.MySQLIntegrityConstraintViolationException: Column 'time' cannot be null
DEBUG [main] - Resolving exception from handler [com.aaa.controller.PostsController@470a696f]: org.springframework.dao.DataIntegrityViolationException: 
### Error updating database.  Cause: com.mysql.jdbc.exceptions.jdbc4.MySQLIntegrityConstraintViolationException: Column 'time' cannot be null
### The error may involve com.aaa.mapper.PostsDaoMapper.upd-Inline
### The error occurred while setting parameters
### SQL: update posts set   name=?,text=?,time=?,author=?   where id =?
### Cause: com.mysql.jdbc.exceptions.jdbc4.MySQLIntegrityConstraintViolationException: Column 'time' cannot be null
; SQL []; Column 'time' cannot be null; nested exception is com.mysql.jdbc.exceptions.jdbc4.MySQLIntegrityConstraintViolationException: Column 'time' cannot be null
DEBUG [main] - Could not complete request
org.springframework.dao.DataIntegrityViolationException: 
### Error updating database.  Cause: com.mysql.jdbc.exceptions.jdbc4.MySQLIntegrityConstraintViolationException: Column 'time' cannot be null
### The error may involve com.aaa.mapper.PostsDaoMapper.upd-Inline
### The error occurred while setting parameters
### SQL: update posts set   name=?,text=?,time=?,author=?   where id =?
### Cause: com.mysql.jdbc.exceptions.jdbc4.MySQLIntegrityConstraintViolationException: Column 'time' cannot be null
; SQL []; Column 'time' cannot be null; nested exception is com.mysql.jdbc.exceptions.jdbc4.MySQLIntegrityConstraintViolationException: Column 'time' cannot be null
	at org.springframework.jdbc.support.SQLExceptionSubclassTranslator.doTranslate(SQLExceptionSubclassTranslator.java:86)
	at org.springframework.jdbc.support.AbstractFallbackSQLExceptionTranslator.translate(AbstractFallbackSQLExceptionTranslator.java:73)
	at org.springframework.jdbc.support.AbstractFallbackSQLExceptionTranslator.translate(AbstractFallbackSQLExceptionTranslator.java:81)
	at org.mybatis.spring.MyBatisExceptionTranslator.translateExceptionIfPossible(MyBatisExceptionTranslator.java:73)
	at org.mybatis.spring.SqlSessionTemplate$SqlSessionInterceptor.invoke(SqlSessionTemplate.java:371)
	at com.sun.proxy.$Proxy17.update(Unknown Source)
	at org.mybatis.spring.SqlSessionTemplate.update(SqlSessionTemplate.java:254)
	at org.apache.ibatis.binding.MapperMethod.execute(MapperMethod.java:54)
	at org.apache.ibatis.binding.MapperProxy.invoke(MapperProxy.java:52)
	at com.sun.proxy.$Proxy24.upd(Unknown Source)
	at com.aaa.biz.impl.PostsBizImpl.upd(PostsBizImpl.java:39)
	at sun.reflect.NativeMethodAccessorImpl.invoke0(Native Method)
	at sun.reflect.NativeMethodAccessorImpl.invoke(NativeMethodAccessorImpl.java:62)
	at sun.reflect.DelegatingMethodAccessorImpl.invoke(DelegatingMethodAccessorImpl.java:43)
	at java.lang.reflect.Method.invoke(Method.java:498)
	at org.springframework.aop.support.AopUtils.invokeJoinpointUsingReflection(AopUtils.java:317)
	at org.springframework.aop.framework.ReflectiveMethodInvocation.invokeJoinpoint(ReflectiveMethodInvocation.java:190)
	at org.springframework.aop.framework.ReflectiveMethodInvocation.proceed(ReflectiveMethodInvocation.java:157)
	at org.springframework.transaction.interceptor.TransactionInterceptor$1.proceedWithInvocation(TransactionInterceptor.java:98)
	at org.springframework.transaction.interceptor.TransactionAspectSupport.invokeWithinTransaction(TransactionAspectSupport.java:262)
	at org.springframework.transaction.interceptor.TransactionInterceptor.invoke(TransactionInterceptor.java:95)
	at org.springframework.aop.framework.ReflectiveMethodInvocation.proceed(ReflectiveMethodInvocation.java:179)
	at org.springframework.aop.interceptor.ExposeInvocationInterceptor.invoke(ExposeInvocationInterceptor.java:92)
	at org.springframework.aop.framework.ReflectiveMethodInvocation.proceed(ReflectiveMethodInvocation.java:179)
	at org.springframework.aop.framework.JdkDynamicAopProxy.invoke(JdkDynamicAopProxy.java:207)
	at com.sun.proxy.$Proxy25.upd(Unknown Source)
	at com.aaa.controller.PostsController.upd(PostsController.java:71)
	at sun.reflect.NativeMethodAccessorImpl.invoke0(Native Method)
	at sun.reflect.NativeMethodAccessorImpl.invoke(NativeMethodAccessorImpl.java:62)
	at sun.reflect.DelegatingMethodAccessorImpl.invoke(DelegatingMethodAccessorImpl.java:43)
	at java.lang.reflect.Method.invoke(Method.java:498)
	at org.springframework.web.bind.annotation.support.HandlerMethodInvoker.invokeHandlerMethod(HandlerMethodInvoker.java:175)
	at org.springframework.web.servlet.mvc.annotation.AnnotationMethodHandlerAdapter.invokeHandlerMethod(AnnotationMethodHandlerAdapter.java:446)
	at org.springframework.web.servlet.mvc.annotation.AnnotationMethodHandlerAdapter.handle(AnnotationMethodHandlerAdapter.java:434)
	at org.springframework.web.servlet.DispatcherServlet.doDispatch(DispatcherServlet.java:945)
	at org.springframework.web.servlet.DispatcherServlet.doService(DispatcherServlet.java:876)
	at org.springframework.web.servlet.FrameworkServlet.processRequest(FrameworkServlet.java:961)
	at org.springframework.web.servlet.FrameworkServlet.doPost(FrameworkServlet.java:863)
	at javax.servlet.http.HttpServlet.service(HttpServlet.java:648)
	at org.springframework.web.servlet.FrameworkServlet.service(FrameworkServlet.java:837)
	at org.springframework.test.web.servlet.TestDispatcherServlet.service(TestDispatcherServlet.java:64)
	at javax.servlet.http.HttpServlet.service(HttpServlet.java:729)
	at org.springframework.mock.web.MockFilterChain$ServletFilterProxy.doFilter(MockFilterChain.java:170)
	at org.springframework.mock.web.MockFilterChain.doFilter(MockFilterChain.java:137)
	at org.springframework.test.web.servlet.MockMvc.perform(MockMvc.java:141)
	at ControllerTest.PostsControllerTest.updPostsTest(PostsControllerTest.java:142)
	at sun.reflect.NativeMethodAccessorImpl.invoke0(Native Method)
	at sun.reflect.NativeMethodAccessorImpl.invoke(NativeMethodAccessorImpl.java:62)
	at sun.reflect.DelegatingMethodAccessorImpl.invoke(DelegatingMethodAccessorImpl.java:43)
	at java.lang.reflect.Method.invoke(Method.java:498)
	at org.junit.runners.model.FrameworkMethod$1.runReflectiveCall(FrameworkMethod.java:44)
	at org.junit.internal.runners.model.ReflectiveCallable.run(ReflectiveCallable.java:15)
	at org.junit.runners.model.FrameworkMethod.invokeExplosively(FrameworkMethod.java:41)
	at org.junit.internal.runners.statements.InvokeMethod.evaluate(InvokeMethod.java:20)
	at org.junit.internal.runners.statements.RunBefores.evaluate(RunBefores.java:28)
	at org.springframework.test.context.junit4.statements.RunBeforeTestMethodCallbacks.evaluate(RunBeforeTestMethodCallbacks.java:74)
	at org.springframework.test.context.junit4.statements.RunAfterTestMethodCallbacks.evaluate(RunAfterTestMethodCallbacks.java:83)
	at org.springframework.test.context.junit4.statements.SpringRepeat.evaluate(SpringRepeat.java:72)
	at org.springframework.test.context.junit4.SpringJUnit4ClassRunner.runChild(SpringJUnit4ClassRunner.java:232)
	at org.springframework.test.context.junit4.SpringJUnit4ClassRunner.runChild(SpringJUnit4ClassRunner.java:89)
	at org.junit.runners.ParentRunner$3.run(ParentRunner.java:231)
	at org.junit.runners.ParentRunner$1.schedule(ParentRunner.java:60)
	at org.junit.runners.ParentRunner.runChildren(ParentRunner.java:229)
	at org.junit.runners.ParentRunner.access$000(ParentRunner.java:50)
	at org.junit.runners.ParentRunner$2.evaluate(ParentRunner.java:222)
	at org.springframework.test.context.junit4.statements.RunBeforeTestClassCallbacks.evaluate(RunBeforeTestClassCallbacks.java:61)
	at org.springframework.test.context.junit4.statements.RunAfterTestClassCallbacks.evaluate(RunAfterTestClassCallbacks.java:71)
	at org.junit.runners.ParentRunner.run(ParentRunner.java:292)
	at org.springframework.test.context.junit4.SpringJUnit4ClassRunner.run(SpringJUnit4ClassRunner.java:175)
	at junit.framework.JUnit4TestAdapter.run(JUnit4TestAdapter.java:39)
	at org.apache.tools.ant.taskdefs.optional.junit.JUnitTestRunner.run(JUnitTestRunner.java:534)
	at org.apache.tools.ant.taskdefs.optional.junit.JUnitTestRunner.launch(JUnitTestRunner.java:1196)
	at org.apache.tools.ant.taskdefs.optional.junit.JUnitTestRunner.main(JUnitTestRunner.java:1041)
Caused by: com.mysql.jdbc.exceptions.jdbc4.MySQLIntegrityConstraintViolationException: Column 'time' cannot be null
	at sun.reflect.NativeConstructorAccessorImpl.newInstance0(Native Method)
	at sun.reflect.NativeConstructorAccessorImpl.newInstance(NativeConstructorAccessorImpl.java:62)
	at sun.reflect.DelegatingConstructorAccessorImpl.newInstance(DelegatingConstructorAccessorImpl.java:45)
	at java.lang.reflect.Constructor.newInstance(Constructor.java:423)
	at com.mysql.jdbc.Util.handleNewInstance(Util.java:406)
	at com.mysql.jdbc.Util.getInstance(Util.java:381)
	at com.mysql.jdbc.SQLError.createSQLException(SQLError.java:1015)
	at com.mysql.jdbc.SQLError.createSQLException(SQLError.java:956)
	at com.mysql.jdbc.MysqlIO.checkErrorPacket(MysqlIO.java:3515)
	at com.mysql.jdbc.MysqlIO.checkErrorPacket(MysqlIO.java:3447)
	at com.mysql.jdbc.MysqlIO.sendCommand(MysqlIO.java:1951)
	at com.mysql.jdbc.MysqlIO.sqlQueryDirect(MysqlIO.java:2101)
	at com.mysql.jdbc.ConnectionImpl.execSQL(ConnectionImpl.java:2554)
	at com.mysql.jdbc.PreparedStatement.executeInternal(PreparedStatement.java:1761)
	at com.mysql.jdbc.PreparedStatement.execute(PreparedStatement.java:1021)
	at org.apache.commons.dbcp.DelegatingPreparedStatement.execute(DelegatingPreparedStatement.java:169)
	at sun.reflect.NativeMethodAccessorImpl.invoke0(Native Method)
	at sun.reflect.NativeMethodAccessorImpl.invoke(NativeMethodAccessorImpl.java:62)
	at sun.reflect.DelegatingMethodAccessorImpl.invoke(DelegatingMethodAccessorImpl.java:43)
	at java.lang.reflect.Method.invoke(Method.java:498)
	at org.apache.ibatis.logging.jdbc.PreparedStatementLogger.invoke(PreparedStatementLogger.java:62)
	at com.sun.proxy.$Proxy39.execute(Unknown Source)
	at org.apache.ibatis.executor.statement.PreparedStatementHandler.update(PreparedStatementHandler.java:44)
	at org.apache.ibatis.executor.statement.RoutingStatementHandler.update(RoutingStatementHandler.java:69)
	at org.apache.ibatis.executor.SimpleExecutor.doUpdate(SimpleExecutor.java:48)
	at org.apache.ibatis.executor.BaseExecutor.update(BaseExecutor.java:105)
	at org.apache.ibatis.executor.CachingExecutor.update(CachingExecutor.java:71)
	at sun.reflect.NativeMethodAccessorImpl.invoke0(Native Method)
	at sun.reflect.NativeMethodAccessorImpl.invoke(NativeMethodAccessorImpl.java:62)
	at sun.reflect.DelegatingMethodAccessorImpl.invoke(DelegatingMethodAccessorImpl.java:43)
	at java.lang.reflect.Method.invoke(Method.java:498)
	at org.apache.ibatis.plugin.Plugin.invoke(Plugin.java:62)
	at com.sun.proxy.$Proxy37.update(Unknown Source)
	at org.apache.ibatis.session.defaults.DefaultSqlSession.update(DefaultSqlSession.java:152)
	at sun.reflect.NativeMethodAccessorImpl.invoke0(Native Method)
	at sun.reflect.NativeMethodAccessorImpl.invoke(NativeMethodAccessorImpl.java:62)
	at sun.reflect.DelegatingMethodAccessorImpl.invoke(DelegatingMethodAccessorImpl.java:43)
	at java.lang.reflect.Method.invoke(Method.java:498)
	at org.mybatis.spring.SqlSessionTemplate$SqlSessionInterceptor.invoke(SqlSessionTemplate.java:358)
	... 68 more
DEBUG [main] - No method-level @Rollback override: using default rollback [true] for test context [DefaultTestContext@335b5620 testClass = PostsControllerTest, testInstance = ControllerTest.PostsControllerTest@551a20d6, testMethod = updPostsTest@PostsControllerTest, testException = [null], mergedContextConfiguration = [WebMergedContextConfiguration@32709393 testClass = PostsControllerTest, locations = '{file:config/spring/applicationContext.xml}', classes = '{}', contextInitializerClasses = '[]', activeProfiles = '{}', resourceBasePath = 'src/main/webapp', contextLoader = 'org.springframework.test.context.web.WebDelegatingSmartContextLoader', parent = [null]]].
DEBUG [main] - Transaction synchronization deregistering SqlSession [org.apache.ibatis.session.defaults.DefaultSqlSession@5398edd0]
DEBUG [main] - Transaction synchronization closing SqlSession [org.apache.ibatis.session.defaults.DefaultSqlSession@5398edd0]
DEBUG [main] - Initiating transaction rollback
DEBUG [main] - Rolling back JDBC transaction on Connection [jdbc:mysql://127.0.0.1:3306/childcare_system?useUnicode=true&amp;characterEncoding=utf8?useUnicode=true&characterEncoding=utf8, UserName=root@localhost, MySQL-AB JDBC Driver]
DEBUG [main] - Releasing JDBC Connection [jdbc:mysql://127.0.0.1:3306/childcare_system?useUnicode=true&amp;characterEncoding=utf8?useUnicode=true&characterEncoding=utf8, UserName=root@localhost, MySQL-AB JDBC Driver] after transaction
DEBUG [main] - Returning JDBC Connection to DataSource
 INFO [main] - Rolled back transaction after test execution for test context [DefaultTestContext@335b5620 testClass = PostsControllerTest, testInstance = ControllerTest.PostsControllerTest@551a20d6, testMethod = updPostsTest@PostsControllerTest, testException = [null], mergedContextConfiguration = [WebMergedContextConfiguration@32709393 testClass = PostsControllerTest, locations = '{file:config/spring/applicationContext.xml}', classes = '{}', contextInitializerClasses = '[]', activeProfiles = '{}', resourceBasePath = 'src/main/webapp', contextLoader = 'org.springframework.test.context.web.WebDelegatingSmartContextLoader', parent = [null]]]
DEBUG [main] - After test method: context [DefaultTestContext@335b5620 testClass = PostsControllerTest, testInstance = ControllerTest.PostsControllerTest@551a20d6, testMethod = updPostsTest@PostsControllerTest, testException = [null], mergedContextConfiguration = [WebMergedContextConfiguration@32709393 testClass = PostsControllerTest, locations = '{file:config/spring/applicationContext.xml}', classes = '{}', contextInitializerClasses = '[]', activeProfiles = '{}', resourceBasePath = 'src/main/webapp', contextLoader = 'org.springframework.test.context.web.WebDelegatingSmartContextLoader', parent = [null]]], class dirties context [false], class mode [null], method dirties context [false].
DEBUG [main] - Resetting RequestContextHolder for test context [DefaultTestContext@335b5620 testClass = PostsControllerTest, testInstance = ControllerTest.PostsControllerTest@551a20d6, testMethod = updPostsTest@PostsControllerTest, testException = [null], mergedContextConfiguration = [WebMergedContextConfiguration@32709393 testClass = PostsControllerTest, locations = '{file:config/spring/applicationContext.xml}', classes = '{}', contextInitializerClasses = '[]', activeProfiles = '{}', resourceBasePath = 'src/main/webapp', contextLoader = 'org.springframework.test.context.web.WebDelegatingSmartContextLoader', parent = [null]]].
DEBUG [main] - After test class: context [DefaultTestContext@335b5620 testClass = PostsControllerTest, testInstance = [null], testMethod = [null], testException = [null], mergedContextConfiguration = [WebMergedContextConfiguration@32709393 testClass = PostsControllerTest, locations = '{file:config/spring/applicationContext.xml}', classes = '{}', contextInitializerClasses = '[]', activeProfiles = '{}', resourceBasePath = 'src/main/webapp', contextLoader = 'org.springframework.test.context.web.WebDelegatingSmartContextLoader', parent = [null]]], dirtiesContext [false].
]]></system-out>
  <system-err><![CDATA[org.springframework.web.util.NestedServletException: Request processing failed; nested exception is org.springframework.dao.DataIntegrityViolationException: 
### Error updating database.  Cause: com.mysql.jdbc.exceptions.jdbc4.MySQLIntegrityConstraintViolationException: Column 'time' cannot be null
### The error may involve com.aaa.mapper.PostsDaoMapper.upd-Inline
### The error occurred while setting parameters
### SQL: update posts set   name=?,text=?,time=?,author=?   where id =?
### Cause: com.mysql.jdbc.exceptions.jdbc4.MySQLIntegrityConstraintViolationException: Column 'time' cannot be null
; SQL []; Column 'time' cannot be null; nested exception is com.mysql.jdbc.exceptions.jdbc4.MySQLIntegrityConstraintViolationException: Column 'time' cannot be null
	at org.springframework.web.servlet.FrameworkServlet.processRequest(FrameworkServlet.java:973)
	at org.springframework.web.servlet.FrameworkServlet.doPost(FrameworkServlet.java:863)
	at javax.servlet.http.HttpServlet.service(HttpServlet.java:648)
	at org.springframework.web.servlet.FrameworkServlet.service(FrameworkServlet.java:837)
	at org.springframework.test.web.servlet.TestDispatcherServlet.service(TestDispatcherServlet.java:64)
	at javax.servlet.http.HttpServlet.service(HttpServlet.java:729)
	at org.springframework.mock.web.MockFilterChain$ServletFilterProxy.doFilter(MockFilterChain.java:170)
	at org.springframework.mock.web.MockFilterChain.doFilter(MockFilterChain.java:137)
	at org.springframework.test.web.servlet.MockMvc.perform(MockMvc.java:141)
	at ControllerTest.PostsControllerTest.updPostsTest(PostsControllerTest.java:142)
	at sun.reflect.NativeMethodAccessorImpl.invoke0(Native Method)
	at sun.reflect.NativeMethodAccessorImpl.invoke(NativeMethodAccessorImpl.java:62)
	at sun.reflect.DelegatingMethodAccessorImpl.invoke(DelegatingMethodAccessorImpl.java:43)
	at java.lang.reflect.Method.invoke(Method.java:498)
	at org.junit.runners.model.FrameworkMethod$1.runReflectiveCall(FrameworkMethod.java:44)
	at org.junit.internal.runners.model.ReflectiveCallable.run(ReflectiveCallable.java:15)
	at org.junit.runners.model.FrameworkMethod.invokeExplosively(FrameworkMethod.java:41)
	at org.junit.internal.runners.statements.InvokeMethod.evaluate(InvokeMethod.java:20)
	at org.junit.internal.runners.statements.RunBefores.evaluate(RunBefores.java:28)
	at org.springframework.test.context.junit4.statements.RunBeforeTestMethodCallbacks.evaluate(RunBeforeTestMethodCallbacks.java:74)
	at org.springframework.test.context.junit4.statements.RunAfterTestMethodCallbacks.evaluate(RunAfterTestMethodCallbacks.java:83)
	at org.springframework.test.context.junit4.statements.SpringRepeat.evaluate(SpringRepeat.java:72)
	at org.springframework.test.context.junit4.SpringJUnit4ClassRunner.runChild(SpringJUnit4ClassRunner.java:232)
	at org.springframework.test.context.junit4.SpringJUnit4ClassRunner.runChild(SpringJUnit4ClassRunner.java:89)
	at org.junit.runners.ParentRunner$3.run(ParentRunner.java:231)
	at org.junit.runners.ParentRunner$1.schedule(ParentRunner.java:60)
	at org.junit.runners.ParentRunner.runChildren(ParentRunner.java:229)
	at org.junit.runners.ParentRunner.access$000(ParentRunner.java:50)
	at org.junit.runners.ParentRunner$2.evaluate(ParentRunner.java:222)
	at org.springframework.test.context.junit4.statements.RunBeforeTestClassCallbacks.evaluate(RunBeforeTestClassCallbacks.java:61)
	at org.springframework.test.context.junit4.statements.RunAfterTestClassCallbacks.evaluate(RunAfterTestClassCallbacks.java:71)
	at org.junit.runners.ParentRunner.run(ParentRunner.java:292)
	at org.springframework.test.context.junit4.SpringJUnit4ClassRunner.run(SpringJUnit4ClassRunner.java:175)
	at junit.framework.JUnit4TestAdapter.run(JUnit4TestAdapter.java:39)
	at org.apache.tools.ant.taskdefs.optional.junit.JUnitTestRunner.run(JUnitTestRunner.java:534)
	at org.apache.tools.ant.taskdefs.optional.junit.JUnitTestRunner.launch(JUnitTestRunner.java:1196)
	at org.apache.tools.ant.taskdefs.optional.junit.JUnitTestRunner.main(JUnitTestRunner.java:1041)
Caused by: org.springframework.dao.DataIntegrityViolationException: 
### Error updating database.  Cause: com.mysql.jdbc.exceptions.jdbc4.MySQLIntegrityConstraintViolationException: Column 'time' cannot be null
### The error may involve com.aaa.mapper.PostsDaoMapper.upd-Inline
### The error occurred while setting parameters
### SQL: update posts set   name=?,text=?,time=?,author=?   where id =?
### Cause: com.mysql.jdbc.exceptions.jdbc4.MySQLIntegrityConstraintViolationException: Column 'time' cannot be null
; SQL []; Column 'time' cannot be null; nested exception is com.mysql.jdbc.exceptions.jdbc4.MySQLIntegrityConstraintViolationException: Column 'time' cannot be null
	at org.springframework.jdbc.support.SQLExceptionSubclassTranslator.doTranslate(SQLExceptionSubclassTranslator.java:86)
	at org.springframework.jdbc.support.AbstractFallbackSQLExceptionTranslator.translate(AbstractFallbackSQLExceptionTranslator.java:73)
	at org.springframework.jdbc.support.AbstractFallbackSQLExceptionTranslator.translate(AbstractFallbackSQLExceptionTranslator.java:81)
	at org.mybatis.spring.MyBatisExceptionTranslator.translateExceptionIfPossible(MyBatisExceptionTranslator.java:73)
	at org.mybatis.spring.SqlSessionTemplate$SqlSessionInterceptor.invoke(SqlSessionTemplate.java:371)
	at com.sun.proxy.$Proxy17.update(Unknown Source)
	at org.mybatis.spring.SqlSessionTemplate.update(SqlSessionTemplate.java:254)
	at org.apache.ibatis.binding.MapperMethod.execute(MapperMethod.java:54)
	at org.apache.ibatis.binding.MapperProxy.invoke(MapperProxy.java:52)
	at com.sun.proxy.$Proxy24.upd(Unknown Source)
	at com.aaa.biz.impl.PostsBizImpl.upd(PostsBizImpl.java:39)
	at sun.reflect.NativeMethodAccessorImpl.invoke0(Native Method)
	at sun.reflect.NativeMethodAccessorImpl.invoke(NativeMethodAccessorImpl.java:62)
	at sun.reflect.DelegatingMethodAccessorImpl.invoke(DelegatingMethodAccessorImpl.java:43)
	at java.lang.reflect.Method.invoke(Method.java:498)
	at org.springframework.aop.support.AopUtils.invokeJoinpointUsingReflection(AopUtils.java:317)
	at org.springframework.aop.framework.ReflectiveMethodInvocation.invokeJoinpoint(ReflectiveMethodInvocation.java:190)
	at org.springframework.aop.framework.ReflectiveMethodInvocation.proceed(ReflectiveMethodInvocation.java:157)
	at org.springframework.transaction.interceptor.TransactionInterceptor$1.proceedWithInvocation(TransactionInterceptor.java:98)
	at org.springframework.transaction.interceptor.TransactionAspectSupport.invokeWithinTransaction(TransactionAspectSupport.java:262)
	at org.springframework.transaction.interceptor.TransactionInterceptor.invoke(TransactionInterceptor.java:95)
	at org.springframework.aop.framework.ReflectiveMethodInvocation.proceed(ReflectiveMethodInvocation.java:179)
	at org.springframework.aop.interceptor.ExposeInvocationInterceptor.invoke(ExposeInvocationInterceptor.java:92)
	at org.springframework.aop.framework.ReflectiveMethodInvocation.proceed(ReflectiveMethodInvocation.java:179)
	at org.springframework.aop.framework.JdkDynamicAopProxy.invoke(JdkDynamicAopProxy.java:207)
	at com.sun.proxy.$Proxy25.upd(Unknown Source)
	at com.aaa.controller.PostsController.upd(PostsController.java:71)
	at sun.reflect.NativeMethodAccessorImpl.invoke0(Native Method)
	at sun.reflect.NativeMethodAccessorImpl.invoke(NativeMethodAccessorImpl.java:62)
	at sun.reflect.DelegatingMethodAccessorImpl.invoke(DelegatingMethodAccessorImpl.java:43)
	at java.lang.reflect.Method.invoke(Method.java:498)
	at org.springframework.web.bind.annotation.support.HandlerMethodInvoker.invokeHandlerMethod(HandlerMethodInvoker.java:175)
	at org.springframework.web.servlet.mvc.annotation.AnnotationMethodHandlerAdapter.invokeHandlerMethod(AnnotationMethodHandlerAdapter.java:446)
	at org.springframework.web.servlet.mvc.annotation.AnnotationMethodHandlerAdapter.handle(AnnotationMethodHandlerAdapter.java:434)
	at org.springframework.web.servlet.DispatcherServlet.doDispatch(DispatcherServlet.java:945)
	at org.springframework.web.servlet.DispatcherServlet.doService(DispatcherServlet.java:876)
	at org.springframework.web.servlet.FrameworkServlet.processRequest(FrameworkServlet.java:961)
	... 36 more
Caused by: com.mysql.jdbc.exceptions.jdbc4.MySQLIntegrityConstraintViolationException: Column 'time' cannot be null
	at sun.reflect.NativeConstructorAccessorImpl.newInstance0(Native Method)
	at sun.reflect.NativeConstructorAccessorImpl.newInstance(NativeConstructorAccessorImpl.java:62)
	at sun.reflect.DelegatingConstructorAccessorImpl.newInstance(DelegatingConstructorAccessorImpl.java:45)
	at java.lang.reflect.Constructor.newInstance(Constructor.java:423)
	at com.mysql.jdbc.Util.handleNewInstance(Util.java:406)
	at com.mysql.jdbc.Util.getInstance(Util.java:381)
	at com.mysql.jdbc.SQLError.createSQLException(SQLError.java:1015)
	at com.mysql.jdbc.SQLError.createSQLException(SQLError.java:956)
	at com.mysql.jdbc.MysqlIO.checkErrorPacket(MysqlIO.java:3515)
	at com.mysql.jdbc.MysqlIO.checkErrorPacket(MysqlIO.java:3447)
	at com.mysql.jdbc.MysqlIO.sendCommand(MysqlIO.java:1951)
	at com.mysql.jdbc.MysqlIO.sqlQueryDirect(MysqlIO.java:2101)
	at com.mysql.jdbc.ConnectionImpl.execSQL(ConnectionImpl.java:2554)
	at com.mysql.jdbc.PreparedStatement.executeInternal(PreparedStatement.java:1761)
	at com.mysql.jdbc.PreparedStatement.execute(PreparedStatement.java:1021)
	at org.apache.commons.dbcp.DelegatingPreparedStatement.execute(DelegatingPreparedStatement.java:169)
	at sun.reflect.NativeMethodAccessorImpl.invoke0(Native Method)
	at sun.reflect.NativeMethodAccessorImpl.invoke(NativeMethodAccessorImpl.java:62)
	at sun.reflect.DelegatingMethodAccessorImpl.invoke(DelegatingMethodAccessorImpl.java:43)
	at java.lang.reflect.Method.invoke(Method.java:498)
	at org.apache.ibatis.logging.jdbc.PreparedStatementLogger.invoke(PreparedStatementLogger.java:62)
	at com.sun.proxy.$Proxy39.execute(Unknown Source)
	at org.apache.ibatis.executor.statement.PreparedStatementHandler.update(PreparedStatementHandler.java:44)
	at org.apache.ibatis.executor.statement.RoutingStatementHandler.update(RoutingStatementHandler.java:69)
	at org.apache.ibatis.executor.SimpleExecutor.doUpdate(SimpleExecutor.java:48)
	at org.apache.ibatis.executor.BaseExecutor.update(BaseExecutor.java:105)
	at org.apache.ibatis.executor.CachingExecutor.update(CachingExecutor.java:71)
	at sun.reflect.NativeMethodAccessorImpl.invoke0(Native Method)
	at sun.reflect.NativeMethodAccessorImpl.invoke(NativeMethodAccessorImpl.java:62)
	at sun.reflect.DelegatingMethodAccessorImpl.invoke(DelegatingMethodAccessorImpl.java:43)
	at java.lang.reflect.Method.invoke(Method.java:498)
	at org.apache.ibatis.plugin.Plugin.invoke(Plugin.java:62)
	at com.sun.proxy.$Proxy37.update(Unknown Source)
	at org.apache.ibatis.session.defaults.DefaultSqlSession.update(DefaultSqlSession.java:152)
	at sun.reflect.NativeMethodAccessorImpl.invoke0(Native Method)
	at sun.reflect.NativeMethodAccessorImpl.invoke(NativeMethodAccessorImpl.java:62)
	at sun.reflect.DelegatingMethodAccessorImpl.invoke(DelegatingMethodAccessorImpl.java:43)
	at java.lang.reflect.Method.invoke(Method.java:498)
	at org.mybatis.spring.SqlSessionTemplate$SqlSessionInterceptor.invoke(SqlSessionTemplate.java:358)
	... 68 more
]]></system-err>
</testsuite>
